#
# A fatal error has been detected by the Java Runtime Environment:
#
#  EXCEPTION_ACCESS_VIOLATION (0xc0000005) at pc=0x00007ffdab40ff88, pid=14016, tid=24432
#
# JRE version: Java(TM) SE Runtime Environment (17.0.6+9) (build 17.0.6+9-LTS-190)
# Java VM: Java HotSpot(TM) 64-Bit Server VM (17.0.6+9-LTS-190, mixed mode, sharing, tiered, compressed oops, compressed class ptrs, g1 gc, windows-amd64)
# Problematic frame:
# C  [igxelpicd64.dll+0x4ff88]
#
# No core dump will be written. Minidumps are not enabled by default on client versions of Windows
#
# If you would like to submit a bug report, please visit:
#   https://bugreport.java.com/bugreport/crash.jsp
#

---------------  S U M M A R Y ------------

Command Line: -agentlib:jdwp=transport=dt_socket,server=n,suspend=y,address=localhost:63197 -XX:+ShowCodeDetailsInExceptionMessages ie.tudublin.Main

Host: 11th Gen Intel(R) Core(TM) i5-1135G7 @ 2.40GHz, 8 cores, 7G,  Windows 10 , 64 bit Build 19041 (10.0.19041.2788)
Time: Mon May  1 17:57:16 2023 GMT Daylight Time elapsed time: 7.559140 seconds (0d 0h 0m 7s)

---------------  T H R E A D  ---------------

Current thread (0x000001e869e99c90):  VMThread "VM Thread" [stack: 0x000000665f500000,0x000000665f600000] [id=24432]

Stack: [0x000000665f500000,0x000000665f600000],  sp=0x000000665f5fe1c0,  free space=1016k
Native frames: (J=compiled Java code, j=interpreted, Vv=VM code, C=native code)
C  [igxelpicd64.dll+0x4ff88]


siginfo: EXCEPTION_ACCESS_VIOLATION (0xc0000005), writing address 0x0000000000035414


Register to memory mapping:

RIP=0x00007ffdab40ff88 igxelpicd64.dll
RAX=0x000001e86b6e90b0 points into unknown readable memory: 0x0000000000000000 | 00 00 00 00 00 00 00 00
RBX=0x00000000000000a0 is an unknown value
RCX=0x0000000000000020 is an unknown value
RDX=0x0 is NULL
RSP=0x000000665f5fe1c0 points into unknown readable memory: 0x00000000000000a0 | a0 00 00 00 00 00 00 00
RBP=0x000001e86c907590 points into unknown readable memory: 0x000001e86cb8a000 | 00 a0 b8 6c e8 01 00 00
RSI=0x000000665f5fe450 points into unknown readable memory: 0x001050027a000004 | 04 00 00 7a 02 50 10 00
RDI=0x000001e86cfc97c0 points into unknown readable memory: 0x000001e86b76fe40 | 40 fe 76 6b e8 01 00 00
R8 =0x000001e8701d0000 points into unknown readable memory: 0x1989000018b00101 | 01 01 b0 18 00 00 89 19
R9 =0x00007ffdab3c0000 igxelpicd64.dll
R10=0x000000007a000000 is an unknown value
R11=0x000001e86d009c00 points into unknown readable memory: 0x0000000000000000 | 00 00 00 00 00 00 00 00
R12=0x0000000000018f63 is an unknown value
R13=0x0000000000000008 is an unknown value
R14=0x0000000000000c48 is an unknown value
R15=0x000001e86b8fe760 points into unknown readable memory: 0x000001e86b742010 | 10 20 74 6b e8 01 00 00


Registers:
RAX=0x000001e86b6e90b0, RBX=0x00000000000000a0, RCX=0x0000000000000020, RDX=0x0000000000000000
RSP=0x000000665f5fe1c0, RBP=0x000001e86c907590, RSI=0x000000665f5fe450, RDI=0x000001e86cfc97c0
R8 =0x000001e8701d0000, R9 =0x00007ffdab3c0000, R10=0x000000007a000000, R11=0x000001e86d009c00
R12=0x0000000000018f63, R13=0x0000000000000008, R14=0x0000000000000c48, R15=0x000001e86b8fe760
RIP=0x00007ffdab40ff88, EFLAGS=0x0000000000010282

Top of Stack: (sp=0x000000665f5fe1c0)
0x000000665f5fe1c0:   00000000000000a0 f6b3012dbfb300fb
0x000000665f5fe1d0:   61b5028a9fb40223 f0b7005c94b5010d
0x000000665f5fe1e0:   67b8013834b80202 9eb900f31ab9013b
0x000000665f5fe1f0:   00000c4825ba0100 6ebc008b00018f63
0x000000665f5fe200:   000001e8701d0000 0000000000000000
0x000000665f5fe210:   4000000000000000 05bf01457ebe00ac
0x000000665f5fe220:   2bc000ce8ebf00c0 07c200ad46c00084
0x000000665f5fe230:   13c2025b0cc20280 61c2026a5ac200b2
0x000000665f5fe240:   6dc300a33ec3010b b6c300f399c30081
0x000000665f5fe250:   35c50150b6c40254 bec601ea61c500c9
0x000000665f5fe260:   46c800d75dc70142 38c9012d26c9004e
0x000000665f5fe270:   53c9009738c9014f 49cc00b723ca00f1
0x000000665f5fe280:   afce008cbdcd0056 74cf016967cf0266
0x000000665f5fe290:   17d00035d9cf00aa 9ad100f48dd00056
0x000000665f5fe2a0:   a9d200a7d2d1007b a8d3006182d3012b
0x000000665f5fe2b0:   f6d6008de8d30148 43d80288c3d700de 

Instructions: (pc=0x00007ffdab40ff88)
0x00007ffdab40fe88:   48 8b 48 08 48 8b 41 08 48 8b 88 70 14 00 00 48
0x00007ffdab40fe98:   8b 01 4c 8d 0d 03 29 f0 00 ba 01 00 00 00 44 8d
0x00007ffdab40fea8:   42 0f 48 8b 40 68 ff 15 44 57 a9 00 4a 8d 1c fd
0x00007ffdab40feb8:   00 00 00 00 65 48 8b 04 25 58 00 00 00 48 8b 04
0x00007ffdab40fec8:   18 41 8b 0c 06 39 0d b9 1a f0 00 0f 8f ad 0b 00
0x00007ffdab40fed8:   00 81 66 04 ff ff ff fe 8b 05 aa 1a f0 00 83 e0
0x00007ffdab40fee8:   01 c1 e0 18 09 46 04 48 8b 8f 90 4f 03 00 48 83
0x00007ffdab40fef8:   c1 10 48 8b d6 e8 1a 56 04 00 44 8b f0 89 44 24
0x00007ffdab40ff08:   34 44 8b 6e 08 41 83 e5 fc 41 83 c5 08 4c 8b bf
0x00007ffdab40ff18:   d0 4b 03 00 48 8b 87 90 4f 03 00 4c 8b 40 18 4c
0x00007ffdab40ff28:   89 44 24 40 48 8b af a0 4b 03 00 4d 85 ff 0f 84
0x00007ffdab40ff38:   07 02 00 00 41 80 bf 00 06 00 00 00 74 50 65 48
0x00007ffdab40ff48:   8b 04 25 58 00 00 00 b9 14 00 00 00 48 8b 04 18
0x00007ffdab40ff58:   80 3c 01 00 75 0a e8 05 24 77 00 4c 8b 44 24 40
0x00007ffdab40ff68:   65 48 8b 04 25 58 00 00 00 b9 20 00 00 00 48 8b
0x00007ffdab40ff78:   04 18 48 8b 14 01 41 80 bf 01 06 00 00 00 74 07
0x00007ffdab40ff88:   c6 82 14 54 03 00 01 c6 82 15 54 03 00 01 4d 85
0x00007ffdab40ff98:   c0 0f 84 a4 01 00 00 48 8b d5 49 8b cf e8 e6 54
0x00007ffdab40ffa8:   25 00 4c 8b e0 48 8b 0d 4c af df 00 83 b9 44 0a
0x00007ffdab40ffb8:   00 00 01 75 22 48 8d 8d 00 02 00 00 c7 44 24 20
0x00007ffdab40ffc8:   01 00 00 00 41 b1 01 4d 8b c7 48 8b d5 e8 e6 aa
0x00007ffdab40ffd8:   2a 00 e9 4a 01 00 00 8b 8d c8 01 00 00 4d 8d b7
0x00007ffdab40ffe8:   08 01 00 00 83 f9 10 73 0a 48 8d 0c c9 49 8d 04
0x00007ffdab40fff8:   ce eb 5a 8d 51 f0 8b c2 c1 e8 04 83 f8 03 73 1d
0x00007ffdab410008:   0f ae e8 83 e2 0f 4d 8b 84 c6 80 04 00 00 4d 85
0x00007ffdab410018:   c0 74 23 48 8d 0c d2 49 8d 04 c8 eb 30 49 8b 86
0x00007ffdab410028:   98 04 00 00 48 85 c0 74 0d 39 08 74 61 48 8b 40
0x00007ffdab410038:   50 48 85 c0 75 f3 41 80 be a0 04 00 00 00 74 18
0x00007ffdab410048:   8b c1 83 e0 0f 48 8d 04 c0 49 8d 04 c6 48 85 c0
0x00007ffdab410058:   74 06 80 78 30 00 75 1a c6 44 24 20 01 41 b1 01
0x00007ffdab410068:   4d 8b c7 48 8b d5 48 8b 8d 38 01 00 00 e8 46 56
0x00007ffdab410078:   25 00 8b 9d c8 01 00 00 48 8b ad 40 01 00 00 83 


Stack slot to memory mapping:
stack at sp + 0 slots: 0x00000000000000a0 is an unknown value
stack at sp + 1 slots: 0xf6b3012dbfb300fb is an unknown value
stack at sp + 2 slots: 0x61b5028a9fb40223 is an unknown value
stack at sp + 3 slots: 0xf0b7005c94b5010d is an unknown value
stack at sp + 4 slots: 0x67b8013834b80202 is an unknown value
stack at sp + 5 slots: 0x9eb900f31ab9013b is an unknown value
stack at sp + 6 slots: 0x00000c4825ba0100 is an unknown value
stack at sp + 7 slots: 0x6ebc008b00018f63 is an unknown value

VM_Operation (0x00000066615feae0): Exit, mode: safepoint, requested by thread 0x000001e86b769570


---------------  P R O C E S S  ---------------

Threads class SMR info:
_java_thread_list=0x000001e86b2ec3c0, length=21, elements={
0x000001e869e9d760, 0x000001e869e9e310, 0x000001e869eb4940, 0x000001e869eb7400,
0x000001e869eb9dc0, 0x000001e869eba770, 0x000001e869ebb500, 0x000001e869ebbfa0,
0x000001e869ecf730, 0x000001e86aa31710, 0x000001e86aa3b7f0, 0x000001e86aa3eef0,
0x000001e86aa43df0, 0x000001e86aa4a130, 0x000001e86acf34f0, 0x000001e86cf4c770,
0x000001e86b769570, 0x000001e86b768dc0, 0x000001e86b7675b0, 0x000001e86b767f50,
0x000001e86d4dfd80
}

Java Threads: ( => current thread )
  0x000001e869e9d760 JavaThread "Reference Handler" daemon [_thread_blocked, id=17600, stack(0x000000665f600000,0x000000665f700000)]
  0x000001e869e9e310 JavaThread "Finalizer" daemon [_thread_blocked, id=16768, stack(0x000000665f700000,0x000000665f800000)]
  0x000001e869eb4940 JavaThread "Signal Dispatcher" daemon [_thread_blocked, id=6868, stack(0x000000665f800000,0x000000665f900000)]
  0x000001e869eb7400 JavaThread "Attach Listener" daemon [_thread_blocked, id=5300, stack(0x000000665f900000,0x000000665fa00000)]
  0x000001e869eb9dc0 JavaThread "Service Thread" daemon [_thread_blocked, id=23900, stack(0x000000665fa00000,0x000000665fb00000)]
  0x000001e869eba770 JavaThread "Monitor Deflation Thread" daemon [_thread_blocked, id=3824, stack(0x000000665fb00000,0x000000665fc00000)]
  0x000001e869ebb500 JavaThread "C2 CompilerThread0" daemon [_thread_blocked, id=24996, stack(0x000000665fc00000,0x000000665fd00000)]
  0x000001e869ebbfa0 JavaThread "C1 CompilerThread0" daemon [_thread_blocked, id=9444, stack(0x000000665fd00000,0x000000665fe00000)]
  0x000001e869ecf730 JavaThread "Sweeper thread" daemon [_thread_blocked, id=13096, stack(0x000000665fe00000,0x000000665ff00000)]
  0x000001e86aa31710 JavaThread "JDWP Transport Listener: dt_socket" daemon [_thread_blocked, id=6844, stack(0x000000665ff00000,0x0000006660000000)]
  0x000001e86aa3b7f0 JavaThread "JDWP Event Helper Thread" daemon [_thread_blocked, id=10568, stack(0x0000006660000000,0x0000006660100000)]
  0x000001e86aa3eef0 JavaThread "JDWP Command Reader" daemon [_thread_blocked, id=13116, stack(0x0000006660100000,0x0000006660200000)]
  0x000001e86aa43df0 JavaThread "Notification Thread" daemon [_thread_blocked, id=22232, stack(0x0000006660200000,0x0000006660300000)]
  0x000001e86aa4a130 JavaThread "Common-Cleaner" daemon [_thread_blocked, id=18180, stack(0x0000006660400000,0x0000006660500000)]
  0x000001e86acf34f0 JavaThread "Java2D Disposer" daemon [_thread_blocked, id=16724, stack(0x0000006660500000,0x0000006660600000)]
  0x000001e86cf4c770 JavaThread "HighResTimerThread" daemon [_thread_blocked, id=19428, stack(0x0000006660600000,0x0000006660700000)]
  0x000001e86b769570 JavaThread "main-FPSAWTAnimator#00-Timer0" [_thread_blocked, id=25524, stack(0x0000006661500000,0x0000006661600000)]
  0x000001e86b768dc0 JavaThread "DestroyJavaVM" [_thread_blocked, id=22124, stack(0x000000665ef00000,0x000000665f000000)]
  0x000001e86b7675b0 JavaThread "Java Sound Event Dispatcher" daemon [_thread_blocked, id=17508, stack(0x0000006661900000,0x0000006661a00000)]
  0x000001e86b767f50 JavaThread "Thread-4" [_thread_blocked, id=8720, stack(0x0000006661d00000,0x0000006661e00000)]
  0x000001e86d4dfd80 JavaThread "AWT-Shutdown" [_thread_blocked, id=11880, stack(0x0000006660800000,0x0000006660900000)]

Other Threads:
=>0x000001e869e99c90 VMThread "VM Thread" [stack: 0x000000665f500000,0x000000665f600000] [id=24432]
  0x000001e84bec8230 GCTaskThread "GC Thread#0" [stack: 0x000000665f000000,0x000000665f100000] [id=10424]
  0x000001e86c9fcad0 GCTaskThread "GC Thread#1" [stack: 0x0000006660e00000,0x0000006660f00000] [id=18072]
  0x000001e86c9fcd80 GCTaskThread "GC Thread#2" [stack: 0x0000006660f00000,0x0000006661000000] [id=13404]
  0x000001e86c9fd030 GCTaskThread "GC Thread#3" [stack: 0x0000006661000000,0x0000006661100000] [id=21852]
  0x000001e86c9fd2e0 GCTaskThread "GC Thread#4" [stack: 0x0000006661100000,0x0000006661200000] [id=14300]
  0x000001e86c9fd590 GCTaskThread "GC Thread#5" [stack: 0x0000006661200000,0x0000006661300000] [id=9092]
  0x000001e86ca34530 GCTaskThread "GC Thread#6" [stack: 0x0000006661300000,0x0000006661400000] [id=8512]
  0x000001e86ca347e0 GCTaskThread "GC Thread#7" [stack: 0x0000006661400000,0x0000006661500000] [id=22436]
  0x000001e84bed8b30 ConcurrentGCThread "G1 Main Marker" terminated
  0x000001e84bed9540 ConcurrentGCThread "G1 Conc#0" [stack: 0x000000665f200000,0x000000665f300000] [id=15052]
  0x000001e84bf4ded0 ConcurrentGCThread "G1 Refine#0" terminated
  0x000001e84bf4e8f0 ConcurrentGCThread "G1 Service" terminated

Threads with active compile tasks:
C2 CompilerThread0  
[error occurred during error reporting (printing all threads), id 0xc0000005, EXCEPTION_ACCESS_VIOLATION (0xc0000005) at pc=0x00007ffdacb60153]

VM state: at safepoint (shutting down)

VM Mutex/Monitor currently owned by a thread:  ([mutex/lock_event])
[0x000001e84be68f60] Threads_lock - owner thread: 0x000001e869e99c90
[0x000001e84be685d0] Heap_lock - owner thread: 0x000001e86b769570

Heap address: 0x0000000083200000, size: 1998 MB, Compressed Oops mode: 32-bit

CDS archive(s) mapped at: [0x0000000800000000-0x0000000800bd0000-0x0000000800bd0000), size 12386304, SharedBaseAddress: 0x0000000800000000, ArchiveRelocationMode: 0.
Compressed class space mapped at: 0x0000000800c00000-0x0000000840c00000, reserved size: 1073741824
Narrow klass base: 0x0000000800000000, Narrow klass shift: 0, Narrow klass range: 0x100000000

GC Precious Log:
 CPUs: 8 total, 8 available
 Memory: 7991M
 Large Page Support: Disabled
 NUMA Support: Disabled
 Compressed Oops: Enabled (32-bit)
 Heap Region Size: 1M
 Heap Min Capacity: 8M
 Heap Initial Capacity: 126M
 Heap Max Capacity: 1998M
 Pre-touch: Disabled
 Parallel Workers: 8
 Concurrent Workers: 2
 Concurrent Refinement Workers: 8
 Periodic GC: Disabled

Heap:
 garbage-first heap   total 129024K, used 46770K [0x0000000083200000, 0x0000000100000000)
  region size 1024K, 27 young (27648K), 3 survivors (3072K)
 Metaspace       used 14108K, committed 14272K, reserved 1064960K
  class space    used 1077K, committed 1152K, reserved 1048576K

Heap Regions: E=young(eden), S=young(survivor), O=old, HS=humongous(starts), HC=humongous(continues), CS=collection set, F=free, OA=open archive, CA=closed archive, TAMS=top-at-mark-start (previous, next)
|   0|0x0000000083200000, 0x0000000083300000, 0x0000000083300000|100%|HS|  |TAMS 0x0000000083200000, 0x0000000083200000| Complete 
|   1|0x0000000083300000, 0x0000000083400000, 0x0000000083400000|100%|HC|  |TAMS 0x0000000083300000, 0x0000000083300000| Complete 
|   2|0x0000000083400000, 0x0000000083500000, 0x0000000083500000|100%|HC|  |TAMS 0x0000000083400000, 0x0000000083400000| Complete 
|   3|0x0000000083500000, 0x0000000083600000, 0x0000000083600000|100%|HC|  |TAMS 0x0000000083500000, 0x0000000083500000| Complete 
|   4|0x0000000083600000, 0x0000000083700000, 0x0000000083700000|100%|HS|  |TAMS 0x0000000083600000, 0x0000000083600000| Complete 
|   5|0x0000000083700000, 0x0000000083800000, 0x0000000083800000|100%|HC|  |TAMS 0x0000000083700000, 0x0000000083700000| Complete 
|   6|0x0000000083800000, 0x0000000083900000, 0x0000000083900000|100%|HC|  |TAMS 0x0000000083800000, 0x0000000083800000| Complete 
|   7|0x0000000083900000, 0x0000000083a00000, 0x0000000083a00000|100%|HC|  |TAMS 0x0000000083900000, 0x0000000083900000| Complete 
|   8|0x0000000083a00000, 0x0000000083b00000, 0x0000000083b00000|100%|HS|  |TAMS 0x0000000083a00000, 0x0000000083a00000| Complete 
|   9|0x0000000083b00000, 0x0000000083c00000, 0x0000000083c00000|100%|HS|  |TAMS 0x0000000083b00000, 0x0000000083b00000| Complete 
|  10|0x0000000083c00000, 0x0000000083d00000, 0x0000000083d00000|100%|HC|  |TAMS 0x0000000083c00000, 0x0000000083c00000| Complete 
|  11|0x0000000083d00000, 0x0000000083e00000, 0x0000000083e00000|100%|HS|  |TAMS 0x0000000083d00000, 0x0000000083d00000| Complete 
|  12|0x0000000083e00000, 0x0000000083f00000, 0x0000000083f00000|100%|HC|  |TAMS 0x0000000083e00000, 0x0000000083e00000| Complete 
|  13|0x0000000083f00000, 0x0000000084000000, 0x0000000084000000|100%|HC|  |TAMS 0x0000000083f00000, 0x0000000083f00000| Complete 
|  14|0x0000000084000000, 0x0000000084100000, 0x0000000084100000|100%|HS|  |TAMS 0x0000000084000000, 0x0000000084000000| Complete 
|  15|0x0000000084100000, 0x0000000084200000, 0x0000000084200000|100%|HC|  |TAMS 0x0000000084100000, 0x0000000084100000| Complete 
|  16|0x0000000084200000, 0x0000000084300000, 0x0000000084300000|100%|HC|  |TAMS 0x0000000084200000, 0x0000000084200000| Complete 
|  17|0x0000000084300000, 0x0000000084400000, 0x0000000084400000|100%|HC|  |TAMS 0x0000000084300000, 0x0000000084300000| Complete 
|  18|0x0000000084400000, 0x0000000084500000, 0x0000000084500000|100%|HS|  |TAMS 0x0000000084400000, 0x0000000084400000| Complete 
|  19|0x0000000084500000, 0x0000000084600000, 0x0000000084600000|100%|HC|  |TAMS 0x0000000084500000, 0x0000000084500000| Complete 
|  20|0x0000000084600000, 0x0000000084600000, 0x0000000084700000|  0%| F|  |TAMS 0x0000000084600000, 0x0000000084600000| Untracked 
|  21|0x0000000084700000, 0x0000000084700000, 0x0000000084800000|  0%| F|  |TAMS 0x0000000084700000, 0x0000000084700000| Untracked 
|  22|0x0000000084800000, 0x0000000084800000, 0x0000000084900000|  0%| F|  |TAMS 0x0000000084800000, 0x0000000084800000| Untracked 
|  23|0x0000000084900000, 0x0000000084900000, 0x0000000084a00000|  0%| F|  |TAMS 0x0000000084900000, 0x0000000084900000| Untracked 
|  24|0x0000000084a00000, 0x0000000084a00000, 0x0000000084b00000|  0%| F|  |TAMS 0x0000000084a00000, 0x0000000084a00000| Untracked 
|  25|0x0000000084b00000, 0x0000000084b00000, 0x0000000084c00000|  0%| F|  |TAMS 0x0000000084b00000, 0x0000000084b00000| Untracked 
|  26|0x0000000084c00000, 0x0000000084c00000, 0x0000000084d00000|  0%| F|  |TAMS 0x0000000084c00000, 0x0000000084c00000| Untracked 
|  27|0x0000000084d00000, 0x0000000084d00000, 0x0000000084e00000|  0%| F|  |TAMS 0x0000000084d00000, 0x0000000084d00000| Untracked 
|  28|0x0000000084e00000, 0x0000000084e00000, 0x0000000084f00000|  0%| F|  |TAMS 0x0000000084e00000, 0x0000000084e00000| Untracked 
|  29|0x0000000084f00000, 0x0000000084f00000, 0x0000000085000000|  0%| F|  |TAMS 0x0000000084f00000, 0x0000000084f00000| Untracked 
|  30|0x0000000085000000, 0x0000000085000000, 0x0000000085100000|  0%| F|  |TAMS 0x0000000085000000, 0x0000000085000000| Untracked 
|  31|0x0000000085100000, 0x0000000085100000, 0x0000000085200000|  0%| F|  |TAMS 0x0000000085100000, 0x0000000085100000| Untracked 
|  32|0x0000000085200000, 0x0000000085200000, 0x0000000085300000|  0%| F|  |TAMS 0x0000000085200000, 0x0000000085200000| Untracked 
|  33|0x0000000085300000, 0x0000000085300000, 0x0000000085400000|  0%| F|  |TAMS 0x0000000085300000, 0x0000000085300000| Untracked 
|  34|0x0000000085400000, 0x0000000085400000, 0x0000000085500000|  0%| F|  |TAMS 0x0000000085400000, 0x0000000085400000| Untracked 
|  35|0x0000000085500000, 0x0000000085500000, 0x0000000085600000|  0%| F|  |TAMS 0x0000000085500000, 0x0000000085500000| Untracked 
|  36|0x0000000085600000, 0x0000000085600000, 0x0000000085700000|  0%| F|  |TAMS 0x0000000085600000, 0x0000000085600000| Untracked 
|  37|0x0000000085700000, 0x0000000085700000, 0x0000000085800000|  0%| F|  |TAMS 0x0000000085700000, 0x0000000085700000| Untracked 
|  38|0x0000000085800000, 0x0000000085800000, 0x0000000085900000|  0%| F|  |TAMS 0x0000000085800000, 0x0000000085800000| Untracked 
|  39|0x0000000085900000, 0x0000000085900000, 0x0000000085a00000|  0%| F|  |TAMS 0x0000000085900000, 0x0000000085900000| Untracked 
|  40|0x0000000085a00000, 0x0000000085a00000, 0x0000000085b00000|  0%| F|  |TAMS 0x0000000085a00000, 0x0000000085a00000| Untracked 
|  41|0x0000000085b00000, 0x0000000085b00000, 0x0000000085c00000|  0%| F|  |TAMS 0x0000000085b00000, 0x0000000085b00000| Untracked 
|  42|0x0000000085c00000, 0x0000000085c00000, 0x0000000085d00000|  0%| F|  |TAMS 0x0000000085c00000, 0x0000000085c00000| Untracked 
|  43|0x0000000085d00000, 0x0000000085d00000, 0x0000000085e00000|  0%| F|  |TAMS 0x0000000085d00000, 0x0000000085d00000| Untracked 
|  44|0x0000000085e00000, 0x0000000085e00000, 0x0000000085f00000|  0%| F|  |TAMS 0x0000000085e00000, 0x0000000085e00000| Untracked 
|  45|0x0000000085f00000, 0x0000000085f00000, 0x0000000086000000|  0%| F|  |TAMS 0x0000000085f00000, 0x0000000085f00000| Untracked 
|  46|0x0000000086000000, 0x0000000086000000, 0x0000000086100000|  0%| F|  |TAMS 0x0000000086000000, 0x0000000086000000| Untracked 
|  47|0x0000000086100000, 0x0000000086100000, 0x0000000086200000|  0%| F|  |TAMS 0x0000000086100000, 0x0000000086100000| Untracked 
|  48|0x0000000086200000, 0x0000000086200000, 0x0000000086300000|  0%| F|  |TAMS 0x0000000086200000, 0x0000000086200000| Untracked 
|  49|0x0000000086300000, 0x0000000086300000, 0x0000000086400000|  0%| F|  |TAMS 0x0000000086300000, 0x0000000086300000| Untracked 
|  50|0x0000000086400000, 0x0000000086400000, 0x0000000086500000|  0%| F|  |TAMS 0x0000000086400000, 0x0000000086400000| Untracked 
|  51|0x0000000086500000, 0x0000000086500000, 0x0000000086600000|  0%| F|  |TAMS 0x0000000086500000, 0x0000000086500000| Untracked 
|  52|0x0000000086600000, 0x0000000086600000, 0x0000000086700000|  0%| F|  |TAMS 0x0000000086600000, 0x0000000086600000| Untracked 
|  53|0x0000000086700000, 0x0000000086700000, 0x0000000086800000|  0%| F|  |TAMS 0x0000000086700000, 0x0000000086700000| Untracked 
|  54|0x0000000086800000, 0x0000000086800000, 0x0000000086900000|  0%| F|  |TAMS 0x0000000086800000, 0x0000000086800000| Untracked 
|  55|0x0000000086900000, 0x0000000086900000, 0x0000000086a00000|  0%| F|  |TAMS 0x0000000086900000, 0x0000000086900000| Untracked 
|  56|0x0000000086a00000, 0x0000000086a00000, 0x0000000086b00000|  0%| F|  |TAMS 0x0000000086a00000, 0x0000000086a00000| Untracked 
|  57|0x0000000086b00000, 0x0000000086b00000, 0x0000000086c00000|  0%| F|  |TAMS 0x0000000086b00000, 0x0000000086b00000| Untracked 
|  58|0x0000000086c00000, 0x0000000086c00000, 0x0000000086d00000|  0%| F|  |TAMS 0x0000000086c00000, 0x0000000086c00000| Untracked 
|  59|0x0000000086d00000, 0x0000000086d00000, 0x0000000086e00000|  0%| F|  |TAMS 0x0000000086d00000, 0x0000000086d00000| Untracked 
|  60|0x0000000086e00000, 0x0000000086e00000, 0x0000000086f00000|  0%| F|  |TAMS 0x0000000086e00000, 0x0000000086e00000| Untracked 
|  61|0x0000000086f00000, 0x0000000086f00000, 0x0000000087000000|  0%| F|  |TAMS 0x0000000086f00000, 0x0000000086f00000| Untracked 
|  62|0x0000000087000000, 0x0000000087000000, 0x0000000087100000|  0%| F|  |TAMS 0x0000000087000000, 0x0000000087000000| Untracked 
|  63|0x0000000087100000, 0x0000000087100000, 0x0000000087200000|  0%| F|  |TAMS 0x0000000087100000, 0x0000000087100000| Untracked 
|  64|0x0000000087200000, 0x0000000087200000, 0x0000000087300000|  0%| F|  |TAMS 0x0000000087200000, 0x0000000087200000| Untracked 
|  65|0x0000000087300000, 0x0000000087300000, 0x0000000087400000|  0%| F|  |TAMS 0x0000000087300000, 0x0000000087300000| Untracked 
|  66|0x0000000087400000, 0x0000000087400000, 0x0000000087500000|  0%| F|  |TAMS 0x0000000087400000, 0x0000000087400000| Untracked 
|  67|0x0000000087500000, 0x0000000087500000, 0x0000000087600000|  0%| F|  |TAMS 0x0000000087500000, 0x0000000087500000| Untracked 
|  68|0x0000000087600000, 0x0000000087600000, 0x0000000087700000|  0%| F|  |TAMS 0x0000000087600000, 0x0000000087600000| Untracked 
|  69|0x0000000087700000, 0x0000000087700000, 0x0000000087800000|  0%| F|  |TAMS 0x0000000087700000, 0x0000000087700000| Untracked 
|  70|0x0000000087800000, 0x0000000087800000, 0x0000000087900000|  0%| F|  |TAMS 0x0000000087800000, 0x0000000087800000| Untracked 
|  71|0x0000000087900000, 0x0000000087900000, 0x0000000087a00000|  0%| F|  |TAMS 0x0000000087900000, 0x0000000087900000| Untracked 
|  72|0x0000000087a00000, 0x0000000087a00000, 0x0000000087b00000|  0%| F|  |TAMS 0x0000000087a00000, 0x0000000087a00000| Untracked 
|  73|0x0000000087b00000, 0x0000000087b00000, 0x0000000087c00000|  0%| F|  |TAMS 0x0000000087b00000, 0x0000000087b00000| Untracked 
|  74|0x0000000087c00000, 0x0000000087c00000, 0x0000000087d00000|  0%| F|  |TAMS 0x0000000087c00000, 0x0000000087c00000| Untracked 
|  75|0x0000000087d00000, 0x0000000087d00000, 0x0000000087e00000|  0%| F|  |TAMS 0x0000000087d00000, 0x0000000087d00000| Untracked 
|  76|0x0000000087e00000, 0x0000000087e00000, 0x0000000087f00000|  0%| F|  |TAMS 0x0000000087e00000, 0x0000000087e00000| Untracked 
|  77|0x0000000087f00000, 0x0000000087f00000, 0x0000000088000000|  0%| F|  |TAMS 0x0000000087f00000, 0x0000000087f00000| Untracked 
|  78|0x0000000088000000, 0x0000000088000000, 0x0000000088100000|  0%| F|  |TAMS 0x0000000088000000, 0x0000000088000000| Untracked 
|  79|0x0000000088100000, 0x0000000088100000, 0x0000000088200000|  0%| F|  |TAMS 0x0000000088100000, 0x0000000088100000| Untracked 
|  80|0x0000000088200000, 0x0000000088200000, 0x0000000088300000|  0%| F|  |TAMS 0x0000000088200000, 0x0000000088200000| Untracked 
|  81|0x0000000088300000, 0x0000000088300000, 0x0000000088400000|  0%| F|  |TAMS 0x0000000088300000, 0x0000000088300000| Untracked 
|  82|0x0000000088400000, 0x0000000088400000, 0x0000000088500000|  0%| F|  |TAMS 0x0000000088400000, 0x0000000088400000| Untracked 
|  83|0x0000000088500000, 0x0000000088500000, 0x0000000088600000|  0%| F|  |TAMS 0x0000000088500000, 0x0000000088500000| Untracked 
|  84|0x0000000088600000, 0x0000000088600000, 0x0000000088700000|  0%| F|  |TAMS 0x0000000088600000, 0x0000000088600000| Untracked 
|  85|0x0000000088700000, 0x0000000088700000, 0x0000000088800000|  0%| F|  |TAMS 0x0000000088700000, 0x0000000088700000| Untracked 
|  86|0x0000000088800000, 0x0000000088800000, 0x0000000088900000|  0%| F|  |TAMS 0x0000000088800000, 0x0000000088800000| Untracked 
|  87|0x0000000088900000, 0x0000000088900000, 0x0000000088a00000|  0%| F|  |TAMS 0x0000000088900000, 0x0000000088900000| Untracked 
|  88|0x0000000088a00000, 0x0000000088a00000, 0x0000000088b00000|  0%| F|  |TAMS 0x0000000088a00000, 0x0000000088a00000| Untracked 
|  89|0x0000000088b00000, 0x0000000088b00000, 0x0000000088c00000|  0%| F|  |TAMS 0x0000000088b00000, 0x0000000088b00000| Untracked 
|  90|0x0000000088c00000, 0x0000000088c00000, 0x0000000088d00000|  0%| F|  |TAMS 0x0000000088c00000, 0x0000000088c00000| Untracked 
|  91|0x0000000088d00000, 0x0000000088d00000, 0x0000000088e00000|  0%| F|  |TAMS 0x0000000088d00000, 0x0000000088d00000| Untracked 
|  92|0x0000000088e00000, 0x0000000088e00000, 0x0000000088f00000|  0%| F|  |TAMS 0x0000000088e00000, 0x0000000088e00000| Untracked 
|  93|0x0000000088f00000, 0x0000000088f00000, 0x0000000089000000|  0%| F|  |TAMS 0x0000000088f00000, 0x0000000088f00000| Untracked 
|  94|0x0000000089000000, 0x0000000089000000, 0x0000000089100000|  0%| F|  |TAMS 0x0000000089000000, 0x0000000089000000| Untracked 
|  95|0x0000000089100000, 0x0000000089100000, 0x0000000089200000|  0%| F|  |TAMS 0x0000000089100000, 0x0000000089100000| Untracked 
|  96|0x0000000089200000, 0x0000000089200000, 0x0000000089300000|  0%| F|  |TAMS 0x0000000089200000, 0x0000000089200000| Untracked 
|  97|0x0000000089300000, 0x0000000089300000, 0x0000000089400000|  0%| F|  |TAMS 0x0000000089300000, 0x0000000089300000| Untracked 
|  98|0x0000000089400000, 0x0000000089400000, 0x0000000089500000|  0%| F|  |TAMS 0x0000000089400000, 0x0000000089400000| Untracked 
|  99|0x0000000089500000, 0x00000000895dcd60, 0x0000000089600000| 86%| E|  |TAMS 0x0000000089500000, 0x0000000089500000| Complete 
| 100|0x0000000089600000, 0x00000000896aca90, 0x0000000089700000| 67%| S|CS|TAMS 0x0000000089600000, 0x0000000089600000| Complete 
| 101|0x0000000089700000, 0x0000000089800000, 0x0000000089800000|100%| S|CS|TAMS 0x0000000089700000, 0x0000000089700000| Complete 
| 102|0x0000000089800000, 0x0000000089900000, 0x0000000089900000|100%| S|CS|TAMS 0x0000000089800000, 0x0000000089800000| Complete 
| 103|0x0000000089900000, 0x0000000089a00000, 0x0000000089a00000|100%| E|CS|TAMS 0x0000000089900000, 0x0000000089900000| Complete 
| 104|0x0000000089a00000, 0x0000000089b00000, 0x0000000089b00000|100%| E|CS|TAMS 0x0000000089a00000, 0x0000000089a00000| Complete 
| 105|0x0000000089b00000, 0x0000000089c00000, 0x0000000089c00000|100%| E|CS|TAMS 0x0000000089b00000, 0x0000000089b00000| Complete 
| 106|0x0000000089c00000, 0x0000000089d00000, 0x0000000089d00000|100%| E|CS|TAMS 0x0000000089c00000, 0x0000000089c00000| Complete 
| 107|0x0000000089d00000, 0x0000000089e00000, 0x0000000089e00000|100%| E|CS|TAMS 0x0000000089d00000, 0x0000000089d00000| Complete 
| 108|0x0000000089e00000, 0x0000000089f00000, 0x0000000089f00000|100%| E|CS|TAMS 0x0000000089e00000, 0x0000000089e00000| Complete 
| 109|0x0000000089f00000, 0x000000008a000000, 0x000000008a000000|100%| E|CS|TAMS 0x0000000089f00000, 0x0000000089f00000| Complete 
| 110|0x000000008a000000, 0x000000008a100000, 0x000000008a100000|100%| E|CS|TAMS 0x000000008a000000, 0x000000008a000000| Complete 
| 111|0x000000008a100000, 0x000000008a200000, 0x000000008a200000|100%| E|CS|TAMS 0x000000008a100000, 0x000000008a100000| Complete 
| 112|0x000000008a200000, 0x000000008a300000, 0x000000008a300000|100%| E|CS|TAMS 0x000000008a200000, 0x000000008a200000| Complete 
| 113|0x000000008a300000, 0x000000008a400000, 0x000000008a400000|100%| E|CS|TAMS 0x000000008a300000, 0x000000008a300000| Complete 
| 114|0x000000008a400000, 0x000000008a500000, 0x000000008a500000|100%| E|CS|TAMS 0x000000008a400000, 0x000000008a400000| Complete 
| 115|0x000000008a500000, 0x000000008a600000, 0x000000008a600000|100%| E|CS|TAMS 0x000000008a500000, 0x000000008a500000| Complete 
| 116|0x000000008a600000, 0x000000008a700000, 0x000000008a700000|100%| E|CS|TAMS 0x000000008a600000, 0x000000008a600000| Complete 
| 117|0x000000008a700000, 0x000000008a800000, 0x000000008a800000|100%| E|CS|TAMS 0x000000008a700000, 0x000000008a700000| Complete 
| 118|0x000000008a800000, 0x000000008a900000, 0x000000008a900000|100%| E|CS|TAMS 0x000000008a800000, 0x000000008a800000| Complete 
| 119|0x000000008a900000, 0x000000008aa00000, 0x000000008aa00000|100%| E|CS|TAMS 0x000000008a900000, 0x000000008a900000| Complete 
| 120|0x000000008aa00000, 0x000000008ab00000, 0x000000008ab00000|100%| E|CS|TAMS 0x000000008aa00000, 0x000000008aa00000| Complete 
| 121|0x000000008ab00000, 0x000000008ac00000, 0x000000008ac00000|100%| E|CS|TAMS 0x000000008ab00000, 0x000000008ab00000| Complete 
| 122|0x000000008ac00000, 0x000000008ad00000, 0x000000008ad00000|100%| E|CS|TAMS 0x000000008ac00000, 0x000000008ac00000| Complete 
| 123|0x000000008ad00000, 0x000000008ae00000, 0x000000008ae00000|100%| E|CS|TAMS 0x000000008ad00000, 0x000000008ad00000| Complete 
| 124|0x000000008ae00000, 0x000000008af00000, 0x000000008af00000|100%| E|CS|TAMS 0x000000008ae00000, 0x000000008ae00000| Complete 
| 125|0x000000008af00000, 0x000000008b000000, 0x000000008b000000|100%| E|CS|TAMS 0x000000008af00000, 0x000000008af00000| Complete 

Card table byte_map: [0x000001e862e30000,0x000001e863220000] _byte_map_base: 0x000001e862a17000

Marking Bits (Prev, Next): (CMBitMap*) 0x000001e84bec8840, (CMBitMap*) 0x000001e84bec8880
 Prev Bits: [0x000001e863610000, 0x000001e865548000)
 Next Bits: [0x000001e865550000, 0x000001e867488000)

Polling page: 0x000001e84b650000

Metaspace:

Usage:
  Non-class:     12.73 MB used.
      Class:      1.05 MB used.
       Both:     13.78 MB used.

Virtual space:
  Non-class space:       16.00 MB reserved,      12.81 MB ( 80%) committed,  2 nodes.
      Class space:        1.00 GB reserved,       1.12 MB ( <1%) committed,  1 nodes.
             Both:        1.02 GB reserved,      13.94 MB (  1%) committed. 

Chunk freelists:
   Non-Class:  3.14 MB
       Class:  2.82 MB
        Both:  5.96 MB

MaxMetaspaceSize: unlimited
CompressedClassSpaceSize: 1.00 GB
Initial GC threshold: 21.00 MB
Current GC threshold: 21.00 MB
CDS: on
MetaspaceReclaimPolicy: balanced
 - commit_granule_bytes: 65536.
 - commit_granule_words: 8192.
 - virtual_space_node_default_size: 1048576.
 - enlarge_chunks_in_place: 1.
 - new_chunks_are_fully_committed: 0.
 - uncommit_free_chunks: 1.
 - use_allocation_guard: 0.
 - handle_deallocations: 1.


Internal statistics:

num_allocs_failed_limit: 0.
num_arena_births: 142.
num_arena_deaths: 0.
num_vsnodes_births: 3.
num_vsnodes_deaths: 0.
num_space_committed: 219.
num_space_uncommitted: 0.
num_chunks_returned_to_freelist: 0.
num_chunks_taken_from_freelist: 452.
num_chunk_merges: 0.
num_chunk_splits: 348.
num_chunks_enlarged: 271.
num_purges: 0.
num_inconsistent_stats: 0.

CodeHeap 'non-profiled nmethods': size=120000Kb used=786Kb max_used=786Kb free=119213Kb
 bounds [0x000001e85b1d0000, 0x000001e85b440000, 0x000001e862700000]
CodeHeap 'profiled nmethods': size=120000Kb used=3371Kb max_used=3371Kb free=116628Kb
 bounds [0x000001e853700000, 0x000001e853a50000, 0x000001e85ac30000]
CodeHeap 'non-nmethods': size=5760Kb used=1618Kb max_used=1654Kb free=4141Kb
 bounds [0x000001e85ac30000, 0x000001e85aea0000, 0x000001e85b1d0000]
 total_blobs=2583 nmethods=1638 adapters=858
 compilation: enabled
              stopped_count=0, restarted_count=0
 full_count=0

Compilation events (20 events):
Event: 7.015 Thread 0x000001e869ebbfa0 nmethod 1628 0x000001e853a46710 code [0x000001e853a468c0, 0x000001e853a46b38]
Event: 7.034 Thread 0x000001e869ebbfa0 1629       3       processing.opengl.PShader::init (75 bytes)
Event: 7.036 Thread 0x000001e869ebbfa0 nmethod 1629 0x000001e853a46c10 code [0x000001e853a46e80, 0x000001e853a47a88]
Event: 7.070 Thread 0x000001e869ebb500 1630       4       processing.opengl.PGraphicsOpenGL$Tessellator::tessellateTriangleFan (115 bytes)
Event: 7.071 Thread 0x000001e869ebbfa0 1631       3       processing.core.PApplet::fill (24 bytes)
Event: 7.071 Thread 0x000001e869ebbfa0 nmethod 1631 0x000001e853a47e90 code [0x000001e853a48080, 0x000001e853a486b8]
Event: 7.110 Thread 0x000001e869ebbfa0 1632       1       processing.opengl.PGraphicsOpenGL::strokeWeight (6 bytes)
Event: 7.111 Thread 0x000001e869ebbfa0 nmethod 1632 0x000001e85b292f90 code [0x000001e85b293120, 0x000001e85b2931f8]
Event: 7.111 Thread 0x000001e869ebbfa0 1633       3       processing.core.PApplet::cos (7 bytes)
Event: 7.112 Thread 0x000001e869ebbfa0 nmethod 1633 0x000001e853a48890 code [0x000001e853a48a20, 0x000001e853a48b38]
Event: 7.112 Thread 0x000001e869ebbfa0 1634       3       processing.core.PApplet::sin (7 bytes)
Event: 7.112 Thread 0x000001e869ebbfa0 nmethod 1634 0x000001e853a48c10 code [0x000001e853a48da0, 0x000001e853a48eb8]
Event: 7.128 Thread 0x000001e869ebb500 nmethod 1630 0x000001e85b293290 code [0x000001e85b2934c0, 0x000001e85b293ee8]
Event: 7.138 Thread 0x000001e869ebbfa0 1635       3       processing.opengl.PJOGL::useProgram (11 bytes)
Event: 7.139 Thread 0x000001e869ebbfa0 nmethod 1635 0x000001e853a48f90 code [0x000001e853a49140, 0x000001e853a49328]
Event: 7.139 Thread 0x000001e869ebbfa0 1636       3       jogamp.opengl.gl4.GL4bcImpl::glUseProgram (44 bytes)
Event: 7.141 Thread 0x000001e869ebbfa0 nmethod 1636 0x000001e853a49410 code [0x000001e853a496a0, 0x000001e853a4a268]
Event: 7.308 Thread 0x000001e869ebbfa0 1638       3       java.util.WeakHashMap::matchesKey (33 bytes)
Event: 7.309 Thread 0x000001e869ebbfa0 nmethod 1638 0x000001e853a4a690 code [0x000001e853a4a860, 0x000001e853a4ad98]
Event: 7.445 Thread 0x000001e869ebb500 1639       4       java.util.jar.JarFile::getEntry (35 bytes)

GC Heap History (2 events):
Event: 2.200 GC heap before
{Heap before GC invocations=0 (full 0):
 garbage-first heap   total 129024K, used 25600K [0x0000000083200000, 0x0000000100000000)
  region size 1024K, 23 young (23552K), 0 survivors (0K)
 Metaspace       used 11237K, committed 11392K, reserved 1064960K
  class space    used 812K, committed 896K, reserved 1048576K
}
Event: 2.218 GC heap after
{Heap after GC invocations=1 (full 0):
 garbage-first heap   total 129024K, used 2738K [0x0000000083200000, 0x0000000100000000)
  region size 1024K, 3 young (3072K), 3 survivors (3072K)
 Metaspace       used 11237K, committed 11392K, reserved 1064960K
  class space    used 812K, committed 896K, reserved 1048576K
}

Deoptimization events (20 events):
Event: 5.766 Thread 0x000001e86b767f50 DEOPT PACKING pc=0x000001e8539ac67a sp=0x0000006661dfef70
Event: 5.766 Thread 0x000001e86b767f50 DEOPT UNPACKING pc=0x000001e85ac866e3 sp=0x0000006661dfe430 mode 0
Event: 5.834 Thread 0x000001e86b767f50 DEOPT PACKING pc=0x000001e853a006c7 sp=0x0000006661dfeae0
Event: 5.834 Thread 0x000001e86b767f50 DEOPT UNPACKING pc=0x000001e85ac866e3 sp=0x0000006661dfdfa8 mode 0
Event: 5.921 Thread 0x000001e86b767f50 DEOPT PACKING pc=0x000001e853a006c7 sp=0x0000006661dfeae0
Event: 5.922 Thread 0x000001e86b767f50 DEOPT UNPACKING pc=0x000001e85ac866e3 sp=0x0000006661dfdfa8 mode 0
Event: 6.000 Thread 0x000001e86b767f50 DEOPT PACKING pc=0x000001e853a006c7 sp=0x0000006661dfeae0
Event: 6.000 Thread 0x000001e86b767f50 DEOPT UNPACKING pc=0x000001e85ac866e3 sp=0x0000006661dfdfa8 mode 0
Event: 6.808 Thread 0x000001e86b767f50 Uncommon trap: trap_request=0xffffff45 fr.pc=0x000001e85b280b7c relative=0x00000000000000fc
Event: 6.809 Thread 0x000001e86b767f50 Uncommon trap: reason=unstable_if action=reinterpret pc=0x000001e85b280b7c method=javazoom.jl.decoder.BitReserve.hgetbits(I)I @ 22 c2
Event: 6.809 Thread 0x000001e86b767f50 DEOPT PACKING pc=0x000001e85b280b7c sp=0x0000006661dfe810
Event: 6.809 Thread 0x000001e86b767f50 DEOPT UNPACKING pc=0x000001e85ac85ba3 sp=0x0000006661dfe798 mode 2
Event: 7.330 Thread 0x000001e86b767a80 Uncommon trap: trap_request=0xffffff45 fr.pc=0x000001e85b2590e0 relative=0x0000000000000060
Event: 7.330 Thread 0x000001e86b767a80 Uncommon trap: reason=unstable_if action=reinterpret pc=0x000001e85b2590e0 method=java.util.HashMap.keySet()Ljava/util/Set; @ 6 c2
Event: 7.330 Thread 0x000001e86b767a80 DEOPT PACKING pc=0x000001e85b2590e0 sp=0x00000066621ff1d0
Event: 7.330 Thread 0x000001e86b767a80 DEOPT UNPACKING pc=0x000001e85ac85ba3 sp=0x00000066621ff168 mode 2
Event: 7.331 Thread 0x000001e86b67f3b0 Uncommon trap: trap_request=0xffffff45 fr.pc=0x000001e85b257d68 relative=0x00000000000001e8
Event: 7.331 Thread 0x000001e86b67f3b0 Uncommon trap: reason=unstable_if action=reinterpret pc=0x000001e85b257d68 method=java.util.HashMap$HashIterator.<init>(Ljava/util/HashMap;)V @ 38 c2
Event: 7.331 Thread 0x000001e86b67f3b0 DEOPT PACKING pc=0x000001e85b257d68 sp=0x0000006660aff360
Event: 7.331 Thread 0x000001e86b67f3b0 DEOPT UNPACKING pc=0x000001e85ac85ba3 sp=0x0000006660aff318 mode 2

Classes unloaded (0 events):
No events

Classes redefined (0 events):
No events

Internal exceptions (17 events):
Event: 0.634 Thread 0x000001e84be6f530 Exception <a 'java/lang/ClassNotFoundException'{0x000000008ad849d8}: sun/awt/resources/spi/awtProvider> (0x000000008ad849d8) 
thrown [s\open\src\hotspot\share\classfile\systemDictionary.cpp, line 256]
Event: 0.662 Thread 0x000001e84be6f530 Exception <a 'java/io/FileNotFoundException'{0x000000008adda8d0}> (0x000000008adda8d0) 
thrown [s\open\src\hotspot\share\prims\jni.cpp, line 516]
Event: 0.669 Thread 0x000001e84be6f530 Exception <a 'java/io/FileNotFoundException'{0x000000008ac07d08}> (0x000000008ac07d08) 
thrown [s\open\src\hotspot\share\prims\jni.cpp, line 516]
Event: 0.719 Thread 0x000001e84be6f530 Exception <a 'java/lang/NoSuchMethodError'{0x000000008ac97170}: 'java.lang.Object java.lang.invoke.DirectMethodHandle$Holder.invokeStaticInit(java.lang.Object)'> (0x000000008ac97170) 
thrown [s\open\src\hotspot\share\interpreter\linkResolver.cpp, line 759]
Event: 0.992 Thread 0x000001e84be6f530 Exception <a 'java/lang/NoSuchMethodError'{0x000000008a8ce388}: 'java.lang.Object java.lang.invoke.DirectMethodHandle$Holder.invokeStaticInit(java.lang.Object, int, int, int, int)'> (0x000000008a8ce388) 
thrown [s\open\src\hotspot\share\interpreter\linkResolver.cpp, line 759]
Event: 1.040 Thread 0x000001e84be6f530 Exception <a 'java/lang/NoSuchMethodError'{0x000000008a786f18}: 'java.lang.Object java.lang.invoke.DirectMethodHandle$Holder.invokeStaticInit(java.lang.Object, java.lang.Object, int, int, int, int)'> (0x000000008a786f18) 
thrown [s\open\src\hotspot\share\interpreter\linkResolver.cpp, line 759]
Event: 1.065 Thread 0x000001e84be6f530 Exception <a 'java/lang/NoSuchMethodError'{0x000000008a792ae8}: 'void java.lang.invoke.DirectMethodHandle$Holder.invokeStatic(java.lang.Object, long)'> (0x000000008a792ae8) 
thrown [s\open\src\hotspot\share\interpreter\linkResolver.cpp, line 759]
Event: 1.066 Thread 0x000001e84be6f530 Exception <a 'java/lang/NoSuchMethodError'{0x000000008a7980c8}: 'java.lang.Object java.lang.invoke.DirectMethodHandle$Holder.newInvokeSpecial(java.lang.Object, long)'> (0x000000008a7980c8) 
thrown [s\open\src\hotspot\share\interpreter\linkResolver.cpp, line 759]
Event: 1.070 Thread 0x000001e84be6f530 Exception <a 'java/lang/NoSuchMethodError'{0x000000008a79f320}: 'java.lang.Object java.lang.invoke.DirectMethodHandle$Holder.invokeStatic(java.lang.Object, java.lang.Object, long, java.lang.Object)'> (0x000000008a79f320) 
thrown [s\open\src\hotspot\share\interpreter\linkResolver.cpp, line 759]
Event: 1.072 Thread 0x000001e84be6f530 Exception <a 'java/lang/NoSuchMethodError'{0x000000008a7a2db8}: 'java.lang.Object java.lang.invoke.DirectMethodHandle$Holder.invokeStaticInit(java.lang.Object, java.lang.Object, long, java.lang.Object)'> (0x000000008a7a2db8) 
thrown [s\open\src\hotspot\share\interpreter\linkResolver.cpp, line 759]
Event: 1.073 Thread 0x000001e84be6f530 Exception <a 'java/lang/NoSuchMethodError'{0x000000008a7a9378}: 'java.lang.Object java.lang.invoke.DirectMethodHandle$Holder.newInvokeSpecial(java.lang.Object, java.lang.Object, long)'> (0x000000008a7a9378) 
thrown [s\open\src\hotspot\share\interpreter\linkResolver.cpp, line 759]
Event: 1.073 Thread 0x000001e84be6f530 Exception <a 'java/lang/NoSuchMethodError'{0x000000008a7acee8}: 'java.lang.Object java.lang.invoke.Invokers$Holder.linkToTargetMethod(java.lang.Object, long, java.lang.Object)'> (0x000000008a7acee8) 
thrown [s\open\src\hotspot\share\interpreter\linkResolver.cpp, line 759]
Event: 1.317 Thread 0x000001e84be6f530 Exception <a 'java/lang/NoSuchMethodError'{0x000000008a6b3020}: 'java.lang.Object java.lang.invoke.DirectMethodHandle$Holder.invokeInterface(java.lang.Object, java.lang.Object)'> (0x000000008a6b3020) 
thrown [s\open\src\hotspot\share\interpreter\linkResolver.cpp, line 759]
Event: 1.318 Thread 0x000001e84be6f530 Exception <a 'java/lang/IncompatibleClassChangeError'{0x000000008a6b6818}: Found class java.lang.Object, but interface was expected> (0x000000008a6b6818) 
thrown [s\open\src\hotspot\share\interpreter\linkResolver.cpp, line 826]
Event: 3.255 Thread 0x000001e86b769570 Exception <a 'java/lang/NoSuchMethodError'{0x000000008a2964e0}: 'java.lang.Object java.lang.invoke.DirectMethodHandle$Holder.invokeStatic(java.lang.Object, float)'> (0x000000008a2964e0) 
thrown [s\open\src\hotspot\share\interpreter\linkResolver.cpp, line 759]
Event: 3.288 Thread 0x000001e86b769570 Exception <a 'java/lang/NoSuchMethodError'{0x000000008a2e1ca0}: 'int java.lang.invoke.DirectMethodHandle$Holder.invokeSpecial(java.lang.Object, java.lang.Object, java.lang.Object)'> (0x000000008a2e1ca0) 
thrown [s\open\src\hotspot\share\interpreter\linkResolver.cpp, line 759]
Event: 7.306 Thread 0x000001e86ac34d20 Exception <a 'java/lang/InterruptedException'{0x00000000899ef948}> (0x00000000899ef948) 
thrown [s\open\src\hotspot\share\runtime\objectMonitor.cpp, line 1661]

VM Operations (20 events):
Event: 1.249 Executing VM operation: Cleanup done
Event: 1.263 Executing VM operation: HandshakeAllThreads
Event: 1.263 Executing VM operation: HandshakeAllThreads done
Event: 2.199 Executing VM operation: G1CollectForAllocation
Event: 2.218 Executing VM operation: G1CollectForAllocation done
Event: 2.218 Executing VM operation: Cleanup
Event: 2.218 Executing VM operation: Cleanup done
Event: 3.205 Executing VM operation: HandshakeAllThreads
Event: 3.205 Executing VM operation: HandshakeAllThreads done
Event: 3.285 Executing VM operation: HandshakeAllThreads
Event: 3.286 Executing VM operation: HandshakeAllThreads done
Event: 3.286 Executing VM operation: Cleanup
Event: 3.286 Executing VM operation: Cleanup done
Event: 3.697 Executing VM operation: HandshakeAllThreads
Event: 3.697 Executing VM operation: HandshakeAllThreads done
Event: 4.698 Executing VM operation: Cleanup
Event: 4.698 Executing VM operation: Cleanup done
Event: 5.698 Executing VM operation: Cleanup
Event: 5.699 Executing VM operation: Cleanup done
Event: 7.456 Executing VM operation: Exit

Events (20 events):
Event: 4.261 loading class java/util/regex/Pattern$Pos done
Event: 4.279 Thread 0x000001e86d195d00 Thread added: 0x000001e86d195d00
Event: 4.284 loading class java/util/regex/Pattern$SliceS
Event: 4.284 loading class java/util/regex/Pattern$SliceS done
Event: 4.310 Thread 0x000001e86d1614b0 Thread added: 0x000001e86d1614b0
Event: 5.756 Thread 0x000001e86d1614b0 Thread exited: 0x000001e86d1614b0
Event: 5.758 Thread 0x000001e86d195d00 Thread exited: 0x000001e86d195d00
Event: 7.306 Thread 0x000001e86b768420 Thread added: 0x000001e86b768420
Event: 7.306 Thread 0x000001e86ac34d20 Thread exited: 0x000001e86ac34d20
Event: 7.306 Thread 0x000001e86b767a80 Thread added: 0x000001e86b767a80
Event: 7.306 Thread 0x000001e86d4e0720 Thread added: 0x000001e86d4e0720
Event: 7.307 Thread 0x000001e86d4dfd80 Thread added: 0x000001e86d4dfd80
Event: 7.308 loading class java/nio/channels/ClosedChannelException
Event: 7.308 loading class java/nio/channels/ClosedChannelException done
Event: 7.308 Thread 0x000001e86d4e0720 Thread exited: 0x000001e86d4e0720
Event: 7.309 Thread 0x000001e86b3e7cf0 Thread exited: 0x000001e86b3e7cf0
Event: 7.337 Thread 0x000001e86b1a9010 Thread exited: 0x000001e86b1a9010
Event: 7.414 Thread 0x000001e86b768420 Thread exited: 0x000001e86b768420
Event: 7.442 Thread 0x000001e86b67f3b0 Thread exited: 0x000001e86b67f3b0
Event: 7.456 Thread 0x000001e86b767a80 Thread exited: 0x000001e86b767a80


Dynamic libraries:
0x00007ff7df6c0000 - 0x00007ff7df6d0000 	C:\Program Files\Java\jdk-17\bin\java.exe
0x00007ffe011b0000 - 0x00007ffe013a8000 	C:\Windows\SYSTEM32\ntdll.dll
0x00007ffdff2f0000 - 0x00007ffdff3af000 	C:\Windows\System32\KERNEL32.DLL
0x00007ffdfe8c0000 - 0x00007ffdfeb9a000 	C:\Windows\System32\KERNELBASE.dll
0x00007ffdfeba0000 - 0x00007ffdfeca0000 	C:\Windows\System32\ucrtbase.dll
0x00007ffdec1c0000 - 0x00007ffdec1d8000 	C:\Program Files\Java\jdk-17\bin\jli.dll
0x00007ffdec1e0000 - 0x00007ffdec1fb000 	C:\Program Files\Java\jdk-17\bin\VCRUNTIME140.dll
0x00007ffe00eb0000 - 0x00007ffe00f5e000 	C:\Windows\System32\ADVAPI32.dll
0x00007ffe00d50000 - 0x00007ffe00dee000 	C:\Windows\System32\msvcrt.dll
0x00007ffdffac0000 - 0x00007ffdffb5c000 	C:\Windows\System32\sechost.dll
0x00007ffdff4d0000 - 0x00007ffdff5f6000 	C:\Windows\System32\RPCRT4.dll
0x00007ffe00450000 - 0x00007ffe005ed000 	C:\Windows\System32\USER32.dll
0x00007ffdff070000 - 0x00007ffdff092000 	C:\Windows\System32\win32u.dll
0x00007ffe01140000 - 0x00007ffe0116b000 	C:\Windows\System32\GDI32.dll
0x00007ffdfed10000 - 0x00007ffdfee20000 	C:\Windows\System32\gdi32full.dll
0x00007ffdeb5f0000 - 0x00007ffdeb88a000 	C:\Windows\WinSxS\amd64_microsoft.windows.common-controls_6595b64144ccf1df_6.0.19041.1110_none_60b5254171f9507e\COMCTL32.dll
0x00007ffdfefd0000 - 0x00007ffdff06d000 	C:\Windows\System32\msvcp_win.dll
0x00007ffdf5920000 - 0x00007ffdf592a000 	C:\Windows\SYSTEM32\VERSION.dll
0x00007ffdffa80000 - 0x00007ffdffab0000 	C:\Windows\System32\IMM32.DLL
0x00007ffdf2110000 - 0x00007ffdf211c000 	C:\Program Files\Java\jdk-17\bin\vcruntime140_1.dll
0x00007ffdd3c70000 - 0x00007ffdd3cfe000 	C:\Program Files\Java\jdk-17\bin\msvcp140.dll
0x00007ffdac3d0000 - 0x00007ffdacfa7000 	C:\Program Files\Java\jdk-17\bin\server\jvm.dll
0x00007ffdff3b0000 - 0x00007ffdff3b8000 	C:\Windows\System32\PSAPI.DLL
0x00007ffdf1390000 - 0x00007ffdf1399000 	C:\Windows\SYSTEM32\WSOCK32.dll
0x00007ffdeaea0000 - 0x00007ffdeaec7000 	C:\Windows\SYSTEM32\WINMM.dll
0x00007ffdffa10000 - 0x00007ffdffa7b000 	C:\Windows\System32\WS2_32.dll
0x00007ffdfd0d0000 - 0x00007ffdfd0e2000 	C:\Windows\SYSTEM32\kernel.appcore.dll
0x00007ffdf0b00000 - 0x00007ffdf0b0a000 	C:\Program Files\Java\jdk-17\bin\jimage.dll
0x00007ffdfc430000 - 0x00007ffdfc614000 	C:\Windows\SYSTEM32\DBGHELP.DLL
0x00007ffde3ff0000 - 0x00007ffde4024000 	C:\Windows\SYSTEM32\dbgcore.DLL
0x00007ffdff0d0000 - 0x00007ffdff152000 	C:\Windows\System32\bcryptPrimitives.dll
0x00007ffdd9670000 - 0x00007ffdd96ab000 	C:\Program Files\Java\jdk-17\bin\jdwp.dll
0x00007ffdd9640000 - 0x00007ffdd9665000 	C:\Program Files\Java\jdk-17\bin\java.dll
0x00007ffdd3310000 - 0x00007ffdd33e7000 	C:\Program Files\Java\jdk-17\bin\jsvml.dll
0x00007ffe005f0000 - 0x00007ffe00d34000 	C:\Windows\System32\SHELL32.dll
0x00007ffdfc920000 - 0x00007ffdfd0b3000 	C:\Windows\SYSTEM32\windows.storage.dll
0x00007ffdffc80000 - 0x00007ffdfffd4000 	C:\Windows\System32\combase.dll
0x00007ffdfe320000 - 0x00007ffdfe34e000 	C:\Windows\SYSTEM32\Wldp.dll
0x00007ffe01090000 - 0x00007ffe0113d000 	C:\Windows\System32\SHCORE.dll
0x00007ffdff600000 - 0x00007ffdff655000 	C:\Windows\System32\shlwapi.dll
0x00007ffdfe800000 - 0x00007ffdfe81f000 	C:\Windows\SYSTEM32\profapi.dll
0x00007ffdec0e0000 - 0x00007ffdec0ec000 	C:\Program Files\Java\jdk-17\bin\dt_socket.dll
0x00007ffdfdd20000 - 0x00007ffdfdd5c000 	C:\Windows\SYSTEM32\IPHLPAPI.DLL
0x00007ffdfe080000 - 0x00007ffdfe0ea000 	C:\Windows\system32\mswsock.dll
0x00007ffdfdd60000 - 0x00007ffdfde2b000 	C:\Windows\SYSTEM32\DNSAPI.dll
0x00007ffe00d40000 - 0x00007ffe00d48000 	C:\Windows\System32\NSI.dll
0x00007ffdf6430000 - 0x00007ffdf643a000 	C:\Windows\System32\rasadhlp.dll
0x00007ffdf2540000 - 0x00007ffdf25c0000 	C:\Windows\System32\fwpuclnt.dll
0x00007ffdff0a0000 - 0x00007ffdff0c7000 	C:\Windows\System32\bcrypt.dll
0x00007ffde8e80000 - 0x00007ffde8e99000 	C:\Program Files\Java\jdk-17\bin\net.dll
0x00007ffdf8670000 - 0x00007ffdf877a000 	C:\Windows\SYSTEM32\WINHTTP.dll
0x00007ffde3e80000 - 0x00007ffde3e96000 	C:\Program Files\Java\jdk-17\bin\nio.dll
0x00007ffde3bc0000 - 0x00007ffde3bd8000 	C:\Program Files\Java\jdk-17\bin\zip.dll
0x00007ffdcebf0000 - 0x00007ffdced81000 	C:\Program Files\Java\jdk-17\bin\awt.dll
0x00007ffdff660000 - 0x00007ffdff72d000 	C:\Windows\System32\OLEAUT32.dll
0x00007ffdfbda0000 - 0x00007ffdfbe30000 	C:\Windows\SYSTEM32\apphelp.dll
0x00007ffdfbea0000 - 0x00007ffdfbf3e000 	C:\Windows\system32\uxtheme.dll
0x00007ffdffb60000 - 0x00007ffdffc74000 	C:\Windows\System32\MSCTF.dll
0x00007ffdff730000 - 0x00007ffdff85a000 	C:\Windows\System32\ole32.dll
0x00007ffdfbfa0000 - 0x00007ffdfbfcf000 	C:\Windows\system32\DWMAPI.DLL
0x00007ffde3c60000 - 0x00007ffde3d85000 	C:\Windows\system32\opengl32.dll
0x00007ffdf01d0000 - 0x00007ffdf01fc000 	C:\Windows\SYSTEM32\GLU32.dll
0x00007ffdfe270000 - 0x00007ffdfe288000 	C:\Windows\SYSTEM32\CRYPTSP.dll
0x00007ffdfd910000 - 0x00007ffdfd944000 	C:\Windows\system32\rsaenh.dll
0x00007ffdfe780000 - 0x00007ffdfe7ae000 	C:\Windows\SYSTEM32\USERENV.dll
0x00007ffdfe290000 - 0x00007ffdfe29c000 	C:\Windows\SYSTEM32\CRYPTBASE.dll
0x00007ffdf42b0000 - 0x00007ffdf42c7000 	C:\Windows\SYSTEM32\dhcpcsvc6.DLL
0x00007ffdf4290000 - 0x00007ffdf42ad000 	C:\Windows\SYSTEM32\dhcpcsvc.DLL
0x000000006e8c0000 - 0x000000006e8cd000 	C:\Users\bakht\AppData\Local\Temp\jogamp_0000\file_cache\jln7863379161212545552\jln18019420357368227628\natives\windows-amd64\gluegen_rt.dll
0x00007ffdebb00000 - 0x00007ffdebb07000 	C:\Program Files\Java\jdk-17\bin\jawt.dll
0x000000006a440000 - 0x000000006a44d000 	C:\Users\bakht\AppData\Local\Temp\jogamp_0000\file_cache\jln7863379161212545552\jln18019420357368227628\natives\windows-amd64\nativewindow_awt.dll
0x000000006c100000 - 0x000000006c110000 	C:\Users\bakht\AppData\Local\Temp\jogamp_0000\file_cache\jln7863379161212545552\jln18019420357368227628\natives\windows-amd64\nativewindow_win32.dll
0x0000000070d80000 - 0x0000000070d93000 	C:\Users\bakht\AppData\Local\Temp\jogamp_0000\file_cache\jln7863379161212545552\jln18019420357368227628\natives\windows-amd64\newt_head.dll
0x00007ffdf8b40000 - 0x00007ffdf8bee000 	C:\Windows\SYSTEM32\mscms.dll
0x00007ffdf9410000 - 0x00007ffdf9421000 	C:\Windows\SYSTEM32\ColorAdapterClient.dll
0x00007ffdd5580000 - 0x00007ffdd55c3000 	C:\Windows\SYSTEM32\icm32.dll
0x00007ffdfffe0000 - 0x00007ffe00448000 	C:\Windows\System32\setupapi.dll
0x00007ffdfef80000 - 0x00007ffdfefce000 	C:\Windows\System32\cfgmgr32.dll
0x00007ffdfe670000 - 0x00007ffdfe69c000 	C:\Windows\SYSTEM32\DEVOBJ.dll
0x00007ffdfeca0000 - 0x00007ffdfed07000 	C:\Windows\System32\WINTRUST.dll
0x00007ffdfee20000 - 0x00007ffdfef76000 	C:\Windows\System32\CRYPT32.dll
0x00007ffdfe4b0000 - 0x00007ffdfe4c2000 	C:\Windows\SYSTEM32\MSASN1.dll
0x0000000064500000 - 0x0000000064585000 	C:\Users\bakht\AppData\Local\Temp\jogamp_0000\file_cache\jln7863379161212545552\jln18019420357368227628\natives\windows-amd64\jogl_desktop.dll
0x0000000064340000 - 0x0000000064391000 	C:\Users\bakht\AppData\Local\Temp\jogamp_0000\file_cache\jln7863379161212545552\jln18019420357368227628\natives\windows-amd64\jogl_mobile.dll
0x00007ffe00fe0000 - 0x00007ffe01089000 	C:\Windows\System32\clbcatq.dll
0x00007ffdf5d20000 - 0x00007ffdf5e24000 	C:\Windows\System32\AppXDeploymentClient.dll
0x00007ffdab3c0000 - 0x00007ffdac3ca000 	C:\Windows\System32\DriverStore\FileRepository\iigd_dch.inf_amd64_cb43c2398bc88530\igxelpicd64.dll
0x00007ffdfd260000 - 0x00007ffdfd353000 	C:\Windows\system32\dxgi.dll
0x00007ffdb6b10000 - 0x00007ffdb6de0000 	C:\Windows\System32\DriverStore\FileRepository\iigd_dch.inf_amd64_cb43c2398bc88530\igdml64.dll
0x00007ffdf2d70000 - 0x00007ffdf3159000 	C:\Windows\System32\DriverStore\FileRepository\iigd_dch.inf_amd64_cb43c2398bc88530\igdgmm64.dll
0x00007ffdec320000 - 0x00007ffdef92f000 	C:\Windows\System32\DriverStore\FileRepository\iigd_dch.inf_amd64_cb43c2398bc88530\igc64.dll
0x00007ffdfde90000 - 0x00007ffdfdedb000 	C:\Windows\SYSTEM32\powrprof.dll
0x00007ffdfdd00000 - 0x00007ffdfdd12000 	C:\Windows\SYSTEM32\UMPDC.dll
0x00007ffdf1db0000 - 0x00007ffdf1ea9000 	C:\Windows\SYSTEM32\textinputframework.dll
0x00007ffdfbad0000 - 0x00007ffdfbbc2000 	C:\Windows\System32\CoreMessaging.dll
0x00007ffdfb770000 - 0x00007ffdfbace000 	C:\Windows\System32\CoreUIComponents.dll
0x00007ffdfda50000 - 0x00007ffdfda83000 	C:\Windows\SYSTEM32\ntmarta.dll
0x00007ffdfaf90000 - 0x00007ffdfb0e4000 	C:\Windows\SYSTEM32\wintypes.dll
0x00007ffdebc70000 - 0x00007ffdebcd6000 	C:\Windows\system32\Oleacc.dll
0x00007ffdeb890000 - 0x00007ffdeb8a0000 	C:\Program Files\Java\jdk-17\bin\verify.dll
0x00007ffdd3c50000 - 0x00007ffdd3c62000 	C:\Program Files\Java\jdk-17\bin\jsound.dll
0x00007ffdd30d0000 - 0x00007ffdd316c000 	C:\Windows\SYSTEM32\DSOUND.dll
0x00007ffde85c0000 - 0x00007ffde85e6000 	C:\Windows\SYSTEM32\winmmbase.dll
0x00007ffdf8120000 - 0x00007ffdf81a5000 	C:\Windows\System32\MMDevApi.dll
0x00007ffdd7120000 - 0x00007ffdd7166000 	C:\Windows\SYSTEM32\wdmaud.drv
0x00007ffdf99f0000 - 0x00007ffdf99fa000 	C:\Windows\SYSTEM32\AVRT.dll
0x00007ffdf5f50000 - 0x00007ffdf5f59000 	C:\Windows\SYSTEM32\ksuser.dll
0x00007ffdf81b0000 - 0x00007ffdf8332000 	C:\Windows\SYSTEM32\AUDIOSES.DLL
0x00007ffdf65e0000 - 0x00007ffdf65ed000 	C:\Windows\SYSTEM32\msacm32.drv
0x00007ffdd7100000 - 0x00007ffdd711e000 	C:\Windows\SYSTEM32\MSACM32.dll
0x00007ffdf3de0000 - 0x00007ffdf3deb000 	C:\Windows\SYSTEM32\midimap.dll
0x00007ffdf1eb0000 - 0x00007ffdf1ff1000 	C:\Windows\System32\Windows.UI.dll
0x00007ffdf1c50000 - 0x00007ffdf1da2000 	C:\Windows\System32\InputHost.dll
0x00007ffdf9490000 - 0x00007ffdf9531000 	C:\Windows\System32\WindowManagementAPI.dll
0x00007ffdfa020000 - 0x00007ffdfa116000 	C:\Windows\System32\PROPSYS.dll
0x00007ffdf8c60000 - 0x00007ffdf8e60000 	C:\Windows\SYSTEM32\twinapi.appcore.dll
0x00007ffdfbf80000 - 0x00007ffdfbf94000 	C:\Windows\SYSTEM32\resourcepolicyclient.dll

dbghelp: loaded successfully - version: 4.0.5 - missing functions: none
symbol engine: initialized successfully - sym options: 0x614 - pdb path: .;C:\Program Files\Java\jdk-17\bin;C:\Windows\SYSTEM32;C:\Windows\WinSxS\amd64_microsoft.windows.common-controls_6595b64144ccf1df_6.0.19041.1110_none_60b5254171f9507e;C:\Program Files\Java\jdk-17\bin\server;C:\Users\bakht\AppData\Local\Temp\jogamp_0000\file_cache\jln7863379161212545552\jln18019420357368227628\natives\windows-amd64;C:\Windows\System32\DriverStore\FileRepository\iigd_dch.inf_amd64_cb43c2398bc88530

VM Arguments:
jvm_args: -agentlib:jdwp=transport=dt_socket,server=n,suspend=y,address=localhost:63197 -XX:+ShowCodeDetailsInExceptionMessages 
java_command: ie.tudublin.Main
java_class_path (initial): C:\Users\bakht\MV-C21716601\MusicVisuals-master\java\bin;C:\Users\bakht\MV-C21716601\MusicVisuals-master\java\lib\core.jar;C:\Users\bakht\MV-C21716601\MusicVisuals-master\java\lib\jl1.0.1.jar;C:\Users\bakht\MV-C21716601\MusicVisuals-master\java\lib\jsminim.jar;C:\Users\bakht\MV-C21716601\MusicVisuals-master\java\lib\minim.jar;C:\Users\bakht\MV-C21716601\MusicVisuals-master\java\lib\mp3spi1.9.5.jar;C:\Users\bakht\MV-C21716601\MusicVisuals-master\java\lib\sqlite-jdbc-3.23.1.jar;C:\Users\bakht\MV-C21716601\MusicVisuals-master\java\lib\tritonus_aos.jar;C:\Users\bakht\MV-C21716601\MusicVisuals-master\java\lib\tritonus_share.jar;C:\Users\bakht\MV-C21716601\MusicVisuals-master\java\lib\jogl-all.jar;C:\Users\bakht\MV-C21716601\MusicVisuals-master\java\lib\gluegen-rt.jar;C:\Users\bakht\MV-C21716601\MusicVisuals-master\java\lib\gluegen-rt-natives-windows-amd64.jar;C:\Users\bakht\MV-C21716601\MusicVisuals-master\java\lib\gluegen-rt-natives-windows-i586.jar;C:\Users\bakht\MV-C21716601\MusicVisuals-master\java\lib\jogl-all-natives-windows-amd64.jar;C:\Users\bakht\MV-C21716601\MusicVisuals-master\java\lib\jogl-all-natives-windows-i586.jar;C:\Users\bakht\MV-C21716601\MusicVisuals-master\java\lib\gluegen-rt-natives-macosx-universal.jar;C:\Users\bakht\MV-C21716601\MusicVisuals-master\java\lib\jogl-all-natives-macosx-universal.jar
Launcher Type: SUN_STANDARD

[Global flags]
     intx CICompilerCount                          = 4                                         {product} {ergonomic}
     uint ConcGCThreads                            = 2                                         {product} {ergonomic}
     uint G1ConcRefinementThreads                  = 8                                         {product} {ergonomic}
   size_t G1HeapRegionSize                         = 1048576                                   {product} {ergonomic}
    uintx GCDrainStackTargetSize                   = 64                                        {product} {ergonomic}
   size_t InitialHeapSize                          = 132120576                                 {product} {ergonomic}
   size_t MarkStackSize                            = 4194304                                   {product} {ergonomic}
   size_t MaxHeapSize                              = 2095054848                                {product} {ergonomic}
   size_t MaxNewSize                               = 1256194048                                {product} {ergonomic}
   size_t MinHeapDeltaBytes                        = 1048576                                   {product} {ergonomic}
   size_t MinHeapSize                              = 8388608                                   {product} {ergonomic}
    uintx NonNMethodCodeHeapSize                   = 5839372                                {pd product} {ergonomic}
    uintx NonProfiledCodeHeapSize                  = 122909434                              {pd product} {ergonomic}
    uintx ProfiledCodeHeapSize                     = 122909434                              {pd product} {ergonomic}
    uintx ReservedCodeCacheSize                    = 251658240                              {pd product} {ergonomic}
     bool SegmentedCodeCache                       = true                                      {product} {ergonomic}
     bool ShowCodeDetailsInExceptionMessages       = true                                   {manageable} {command line}
   size_t SoftMaxHeapSize                          = 2095054848                             {manageable} {ergonomic}
     bool UseCompressedClassPointers               = true                           {product lp64_product} {ergonomic}
     bool UseCompressedOops                        = true                           {product lp64_product} {ergonomic}
     bool UseG1GC                                  = true                                      {product} {ergonomic}
     bool UseLargePagesIndividualAllocation        = false                                  {pd product} {ergonomic}

Logging:
Log output configuration:
 #0: stdout all=off uptime,level,tags
 #1: stderr all=off uptime,level,tags

Environment Variables:
PATH=C:\Program Files\Common Files\Oracle\Java\javapath;C:\Program Files (x86)\Common Files\Oracle\Java\javapath;C:\Windows\system32;C:\Windows;C:\Windows\System32\Wbem;C:\Windows\System32\WindowsPowerShell\v1.0\;C:\Windows\System32\OpenSSH\;C:\msys64\mingw64\bin;C:\Program Files\PuTTY\;C:\Program Files\Git\cmd;C:\Users\bakht\AppData\Local\Microsoft\WindowsApps;;C:\Users\bakht\AppData\Local\Programs\Microsoft VS Code\bin
USERNAME=bakht
LANG=en_US.UTF-8
OS=Windows_NT
PROCESSOR_IDENTIFIER=Intel64 Family 6 Model 140 Stepping 1, GenuineIntel



---------------  S Y S T E M  ---------------

OS:
 Windows 10 , 64 bit Build 19041 (10.0.19041.2788)
OS uptime: 5 days 7:07 hours
Hyper-V role detected

CPU: total 8 (initial active 8) (4 cores per cpu, 2 threads per core) family 6 model 140 stepping 1 microcode 0x78, cx8, cmov, fxsr, ht, mmx, 3dnowpref, sse, sse2, sse3, ssse3, sse4.1, sse4.2, popcnt, lzcnt, tsc, tscinvbit, avx, avx2, aes, erms, clmul, bmi1, bmi2, adx, avx512f, avx512dq, avx512cd, avx512bw, avx512vl, sha, fma, vzeroupper, avx512_vpopcntdq, avx512_vpclmulqdq, avx512_vaes, avx512_vnni, clflush, clflushopt, clwb, avx512_vbmi2, avx512_vbmi, hv

Memory: 4k page, system-wide physical 7991M (781M free)
TotalPageFile size 11235M (AvailPageFile size 1456M)
current process WorkingSet (physical memory assigned to process): 281M, peak: 289M
current process commit charge ("private bytes"): 353M, peak: 370M

vm_info: Java HotSpot(TM) 64-Bit Server VM (17.0.6+9-LTS-190) for windows-amd64 JRE (17.0.6+9-LTS-190), built on Dec  6 2022 15:53:54 by "mach5one" with MS VC++ 17.1 (VS2022)

END.
