#
# A fatal error has been detected by the Java Runtime Environment:
#
#  EXCEPTION_ACCESS_VIOLATION (0xc0000005) at pc=0x00007ffd672de9a7, pid=15088, tid=512
#
# JRE version: Java(TM) SE Runtime Environment (17.0.6+9) (build 17.0.6+9-LTS-190)
# Java VM: Java HotSpot(TM) 64-Bit Server VM (17.0.6+9-LTS-190, mixed mode, sharing, tiered, compressed oops, compressed class ptrs, g1 gc, windows-amd64)
# Problematic frame:
# C  [igxelpicd64.dll+0x28e9a7]
#
# No core dump will be written. Minidumps are not enabled by default on client versions of Windows
#
# If you would like to submit a bug report, please visit:
#   https://bugreport.java.com/bugreport/crash.jsp
#

---------------  S U M M A R Y ------------

Command Line: -agentlib:jdwp=transport=dt_socket,server=n,suspend=y,address=localhost:63783 -XX:+ShowCodeDetailsInExceptionMessages ie.tudublin.Main

Host: 11th Gen Intel(R) Core(TM) i5-1135G7 @ 2.40GHz, 8 cores, 7G,  Windows 10 , 64 bit Build 19041 (10.0.19041.2788)
Time: Tue Apr 25 18:28:32 2023 GMT Daylight Time elapsed time: 17.423275 seconds (0d 0h 0m 17s)

---------------  T H R E A D  ---------------

Current thread (0x000002715cacf9a0):  VMThread "VM Thread" [stack: 0x000000f2aae00000,0x000000f2aaf00000] [id=512]

Stack: [0x000000f2aae00000,0x000000f2aaf00000],  sp=0x000000f2aaefe840,  free space=1018k
Native frames: (J=compiled Java code, j=interpreted, Vv=VM code, C=native code)
C  [igxelpicd64.dll+0x28e9a7]


siginfo: EXCEPTION_ACCESS_VIOLATION (0xc0000005), writing address 0x0000000000035414


Register to memory mapping:

RIP=0x00007ffd672de9a7 igxelpicd64.dll
RAX=0x000002715e2ef580 points into unknown readable memory: 0x0000000000000000 | 00 00 00 00 00 00 00 00
RBX=0x000002715f59cdc0 points into unknown readable memory: 0x000002715e330440 | 40 04 33 5e 71 02 00 00
RCX=0x0 is NULL
RDX=0x0000000000000020 is an unknown value
RSP=0x000000f2aaefe840 points into unknown readable memory: 0x000002715f59cdc0 | c0 cd 59 5f 71 02 00 00
RBP=0x0 is NULL
RSI=0x000002716006ef90 points into unknown readable memory: 0x000002715e2b9de0 | e0 9d 2b 5e 71 02 00 00
RDI=0x0000000000000014 is an unknown value
R8 =0x0000000000000010 is an unknown value
R9 =0x00007ffd67050000 igxelpicd64.dll
R10=0x000000007a000000 is an unknown value
R11=0x000000f2aaefe8e8 points into unknown readable memory: 0x00007ffd672e3f03 | 03 3f 2e 67 fd 7f 00 00
R12=0x0000027162f30000 points into unknown readable memory: 0x1996000018b00101 | 01 01 b0 18 00 00 96 19
R13=0x0000000000000005 is an unknown value
R14=0x000002715f5f0290 points into unknown readable memory: 0x000002715faf3d00 | 00 3d af 5f 71 02 00 00
R15=0x000002715f5d1900 points into unknown readable memory: 0x0000000000000000 | 00 00 00 00 00 00 00 00


Registers:
RAX=0x000002715e2ef580, RBX=0x000002715f59cdc0, RCX=0x0000000000000000, RDX=0x0000000000000020
RSP=0x000000f2aaefe840, RBP=0x0000000000000000, RSI=0x000002716006ef90, RDI=0x0000000000000014
R8 =0x0000000000000010, R9 =0x00007ffd67050000, R10=0x000000007a000000, R11=0x000000f2aaefe8e8
R12=0x0000027162f30000, R13=0x0000000000000005, R14=0x000002715f5f0290, R15=0x000002715f5d1900
RIP=0x00007ffd672de9a7, EFLAGS=0x0000000000010286

Top of Stack: (sp=0x000000f2aaefe840)
0x000000f2aaefe840:   000002715f59cdc0 000002715f59cdc0
0x000000f2aaefe850:   0000000000000001 000002715f59cdc0
0x000000f2aaefe860:   000000f2aaefe9f0 00007ffd672de144
0x000000f2aaefe870:   000000a400000271 0000000000000804
0x000000f2aaefe880:   000002715f5d2500 000002715f5d1b40
0x000000f2aaefe890:   0000080479190002 0002000000000000
0x000000f2aaefe8a0:   000015d7aece10f8 0000000000000000
0x000000f2aaefe8b0:   000002715f5d1950 000002715f5dd430
0x000000f2aaefe8c0:   0000000000000005 000002715f5d2500
0x000000f2aaefe8d0:   000002715f59cdc0 0000000000000001
0x000000f2aaefe8e0:   000000f2aaefe9f0 00007ffd672e3f03
0x000000f2aaefe8f0:   0000000000000000 000000f2aaefe9f0
0x000000f2aaefe900:   0000000000000000 000002715f59cdc0
0x000000f2aaefe910:   000002713c8a8820 00007ffd2d08d9fc
0x000000f2aaefe920:   000002713c8a8820 0000000002000002
0x000000f2aaefe930:   0000000000000801 00000271d20805df 

Instructions: (pc=0x00007ffd672de9a7)
0x00007ffd672de8a7:   f8 45 84 ff 74 4d 48 8d 8b 78 53 03 00 48 8d 54
0x00007ffd672de8b7:   24 50 e8 be 68 e0 ff 48 8b 8b b8 4b 03 00 89 44
0x00007ffd672de8c7:   24 30 f7 81 b0 00 00 00 00 00 20 00 74 2d 45 33
0x00007ffd672de8d7:   c0 ba 08 70 00 00 48 8b cb e8 9b 3b 7c 00 ba f0
0x00007ffd672de8e7:   80 01 00 41 b8 00 00 04 00 48 8b cb e8 88 3b 7c
0x00007ffd672de8f7:   00 eb 08 8b 44 24 34 89 44 24 30 8d 47 04 48 8d
0x00007ffd672de907:   8b 80 4d 03 00 89 44 24 34 48 89 4c 24 48 40 38
0x00007ffd672de917:   ab e8 4d 03 00 74 0d 48 8b 83 10 4e 03 00 48 8b
0x00007ffd672de927:   70 20 eb 07 48 8b b3 a0 4d 03 00 8b 44 24 54 4c
0x00007ffd672de937:   8b b3 a0 4b 03 00 89 44 24 38 48 8b 83 90 4f 03
0x00007ffd672de947:   00 b9 14 00 00 00 ba 20 00 00 00 4c 8b 60 18 48
0x00007ffd672de957:   85 f6 0f 84 f4 01 00 00 40 38 ae 00 06 00 00 74
0x00007ffd672de967:   46 8b 3d 4a bf cb 00 65 48 8b 04 25 58 00 00 00
0x00007ffd672de977:   48 8b 04 f8 40 38 2c 01 75 0a e8 e2 39 53 00 ba
0x00007ffd672de987:   20 00 00 00 40 38 ae 01 06 00 00 74 1a 65 48 8b
0x00007ffd672de997:   04 25 58 00 00 00 8b ca 48 8b 04 f8 48 8b 0c 08
0x00007ffd672de9a7:   c6 81 14 54 03 00 01 4d 85 e4 0f 84 9c 01 00 00
0x00007ffd672de9b7:   49 8b d6 48 8b ce e8 ce 6a 01 00 48 8b 0d 37 c5
0x00007ffd672de9c7:   bb 00 4c 8b e8 83 b9 44 0a 00 00 01 75 1e 49 8d
0x00007ffd672de9d7:   8e 00 02 00 00 89 6c 24 20 41 b1 01 4c 8b c6 49
0x00007ffd672de9e7:   8b d6 e8 d2 c0 06 00 e9 49 01 00 00 41 8b 8e c8
0x00007ffd672de9f7:   01 00 00 48 8d be 08 01 00 00 83 f9 10 73 0a 48
0x00007ffd672dea07:   8d 0c c9 48 8d 04 cf eb 57 8d 41 f0 c1 e8 04 83
0x00007ffd672dea17:   f8 03 73 20 0f ae e8 4c 8b 84 c7 80 04 00 00 4d
0x00007ffd672dea27:   85 c0 74 26 8d 41 f0 83 e0 0f 48 8d 04 c0 49 8d
0x00007ffd672dea37:   04 c0 eb 2c 48 8b 87 98 04 00 00 eb 08 39 08 74
0x00007ffd672dea47:   68 48 8b 40 50 48 85 c0 75 f3 40 38 af a0 04 00
0x00007ffd672dea57:   00 74 18 8b c1 83 e0 0f 48 8d 04 c0 48 8d 04 c7
0x00007ffd672dea67:   48 85 c0 74 06 40 38 68 30 75 1a 49 8b 8e 38 01
0x00007ffd672dea77:   00 00 41 b1 01 4c 8b c6 c6 44 24 20 01 49 8b d6
0x00007ffd672dea87:   e8 34 6c 01 00 41 8b ae c8 01 00 00 4d 8b b6 40
0x00007ffd672dea97:   01 00 00 83 fd 10 73 17 48 8d 0c ed 00 00 00 00 


Stack slot to memory mapping:
stack at sp + 0 slots: 0x000002715f59cdc0 points into unknown readable memory: 0x000002715e330440 | 40 04 33 5e 71 02 00 00
stack at sp + 1 slots: 0x000002715f59cdc0 points into unknown readable memory: 0x000002715e330440 | 40 04 33 5e 71 02 00 00
stack at sp + 2 slots: 0x0000000000000001 is an unknown value
stack at sp + 3 slots: 0x000002715f59cdc0 points into unknown readable memory: 0x000002715e330440 | 40 04 33 5e 71 02 00 00
stack at sp + 4 slots: 0x000000f2aaefe9f0 points into unknown readable memory: 0x000002715f812410 | 10 24 81 5f 71 02 00 00
stack at sp + 5 slots: 0x00007ffd672de144 igxelpicd64.dll
stack at sp + 6 slots: 0x000000a400000271 is an unknown value
stack at sp + 7 slots: 0x0000000000000804 is an unknown value

VM_Operation (0x000000f2acefea80): Exit, mode: safepoint, requested by thread 0x000002715f4d93e0


---------------  P R O C E S S  ---------------

Threads class SMR info:
_java_thread_list=0x000002715f494230, length=21, elements={
0x000002715cad3430, 0x000002715cad4ff0, 0x000002715cae9190, 0x000002715cae9d40,
0x000002715caee710, 0x000002715caef0c0, 0x000002715caf0e60, 0x000002715caf2730,
0x000002715caf6a30, 0x000002715d5f5200, 0x000002715d5f8ac0, 0x000002715d5fd6e0,
0x000002715d6002c0, 0x000002715d605020, 0x000002715d8fe230, 0x000002715e415ff0,
0x000002715f4d93e0, 0x000002713eadfa70, 0x000002715f929460, 0x000002715f9260a0,
0x000002715fe20ff0
}

Java Threads: ( => current thread )
  0x000002715cad3430 JavaThread "Reference Handler" daemon [_thread_blocked, id=11036, stack(0x000000f2aaf00000,0x000000f2ab000000)]
  0x000002715cad4ff0 JavaThread "Finalizer" daemon [_thread_blocked, id=7604, stack(0x000000f2ab000000,0x000000f2ab100000)]
  0x000002715cae9190 JavaThread "Signal Dispatcher" daemon [_thread_blocked, id=16060, stack(0x000000f2ab100000,0x000000f2ab200000)]
  0x000002715cae9d40 JavaThread "Attach Listener" daemon [_thread_blocked, id=2952, stack(0x000000f2ab200000,0x000000f2ab300000)]
  0x000002715caee710 JavaThread "Service Thread" daemon [_thread_blocked, id=15824, stack(0x000000f2ab300000,0x000000f2ab400000)]
  0x000002715caef0c0 JavaThread "Monitor Deflation Thread" daemon [_thread_blocked, id=16808, stack(0x000000f2ab400000,0x000000f2ab500000)]
  0x000002715caf0e60 JavaThread "C2 CompilerThread0" daemon [_thread_blocked, id=14160, stack(0x000000f2ab500000,0x000000f2ab600000)]
  0x000002715caf2730 JavaThread "C1 CompilerThread0" daemon [_thread_blocked, id=12004, stack(0x000000f2ab600000,0x000000f2ab700000)]
  0x000002715caf6a30 JavaThread "Sweeper thread" daemon [_thread_blocked, id=12868, stack(0x000000f2ab700000,0x000000f2ab800000)]
  0x000002715d5f5200 JavaThread "JDWP Transport Listener: dt_socket" daemon [_thread_blocked, id=5332, stack(0x000000f2ab800000,0x000000f2ab900000)]
  0x000002715d5f8ac0 JavaThread "JDWP Event Helper Thread" daemon [_thread_blocked, id=9436, stack(0x000000f2ab900000,0x000000f2aba00000)]
  0x000002715d5fd6e0 JavaThread "JDWP Command Reader" daemon [_thread_blocked, id=9012, stack(0x000000f2aba00000,0x000000f2abb00000)]
  0x000002715d6002c0 JavaThread "Notification Thread" daemon [_thread_blocked, id=10268, stack(0x000000f2abb00000,0x000000f2abc00000)]
  0x000002715d605020 JavaThread "Common-Cleaner" daemon [_thread_blocked, id=16436, stack(0x000000f2abd00000,0x000000f2abe00000)]
  0x000002715d8fe230 JavaThread "Java2D Disposer" daemon [_thread_blocked, id=6968, stack(0x000000f2abe00000,0x000000f2abf00000)]
  0x000002715e415ff0 JavaThread "HighResTimerThread" daemon [_thread_blocked, id=7000, stack(0x000000f2abf00000,0x000000f2ac000000)]
  0x000002715f4d93e0 JavaThread "main-FPSAWTAnimator#00-Timer0" [_thread_blocked, id=3276, stack(0x000000f2ace00000,0x000000f2acf00000)]
  0x000002713eadfa70 JavaThread "DestroyJavaVM" [_thread_blocked, id=76, stack(0x000000f2aa800000,0x000000f2aa900000)]
  0x000002715f929460 JavaThread "Java Sound Event Dispatcher" daemon [_thread_blocked, id=16560, stack(0x000000f2ad200000,0x000000f2ad300000)]
  0x000002715f9260a0 JavaThread "Thread-4" [_thread_blocked, id=14412, stack(0x000000f2ad600000,0x000000f2ad700000)]
  0x000002715fe20ff0 JavaThread "AWT-Shutdown" [_thread_blocked, id=14208, stack(0x000000f2adc00000,0x000000f2add00000)]

Other Threads:
=>0x000002715cacf9a0 VMThread "VM Thread" [stack: 0x000000f2aae00000,0x000000f2aaf00000] [id=512]
  0x000002713eb36830 GCTaskThread "GC Thread#0" [stack: 0x000000f2aa900000,0x000000f2aaa00000] [id=6016]
  0x000002715f628200 GCTaskThread "GC Thread#1" [stack: 0x000000f2ac700000,0x000000f2ac800000] [id=16692]
  0x000002715f6284b0 GCTaskThread "GC Thread#2" [stack: 0x000000f2ac800000,0x000000f2ac900000] [id=17480]
  0x000002715f628760 GCTaskThread "GC Thread#3" [stack: 0x000000f2ac900000,0x000000f2aca00000] [id=14504]
  0x000002715f628a10 GCTaskThread "GC Thread#4" [stack: 0x000000f2aca00000,0x000000f2acb00000] [id=14592]
  0x000002715f628cc0 GCTaskThread "GC Thread#5" [stack: 0x000000f2acb00000,0x000000f2acc00000] [id=7556]
  0x000002715f65eb70 GCTaskThread "GC Thread#6" [stack: 0x000000f2acc00000,0x000000f2acd00000] [id=18172]
  0x000002715f65ee20 GCTaskThread "GC Thread#7" [stack: 0x000000f2acd00000,0x000000f2ace00000] [id=7128]
  0x000002713eb49960 ConcurrentGCThread "G1 Main Marker" terminated
  0x000002713eb4a370 ConcurrentGCThread "G1 Conc#0" [stack: 0x000000f2aab00000,0x000000f2aac00000] [id=14972]
  0x000002715c9900a0 ConcurrentGCThread "G1 Refine#0" terminated
  0x000002715c990ac0 ConcurrentGCThread "G1 Service" terminated

Threads with active compile tasks:

VM state: at safepoint (shutting down)

VM Mutex/Monitor currently owned by a thread:  ([mutex/lock_event])
[0x000002713ead8f80] Threads_lock - owner thread: 0x000002715cacf9a0
[0x000002713ead95b0] Heap_lock - owner thread: 0x000002715f4d93e0

Heap address: 0x0000000083200000, size: 1998 MB, Compressed Oops mode: 32-bit

CDS archive(s) mapped at: [0x0000000800000000-0x0000000800bd0000-0x0000000800bd0000), size 12386304, SharedBaseAddress: 0x0000000800000000, ArchiveRelocationMode: 0.
Compressed class space mapped at: 0x0000000800c00000-0x0000000840c00000, reserved size: 1073741824
Narrow klass base: 0x0000000800000000, Narrow klass shift: 0, Narrow klass range: 0x100000000

GC Precious Log:
 CPUs: 8 total, 8 available
 Memory: 7991M
 Large Page Support: Disabled
 NUMA Support: Disabled
 Compressed Oops: Enabled (32-bit)
 Heap Region Size: 1M
 Heap Min Capacity: 8M
 Heap Initial Capacity: 126M
 Heap Max Capacity: 1998M
 Pre-touch: Disabled
 Parallel Workers: 8
 Concurrent Workers: 2
 Concurrent Refinement Workers: 8
 Periodic GC: Disabled

Heap:
 garbage-first heap   total 129024K, used 53930K [0x0000000083200000, 0x0000000100000000)
  region size 1024K, 33 young (33792K), 3 survivors (3072K)
 Metaspace       used 14388K, committed 14528K, reserved 1064960K
  class space    used 1074K, committed 1152K, reserved 1048576K

Heap Regions: E=young(eden), S=young(survivor), O=old, HS=humongous(starts), HC=humongous(continues), CS=collection set, F=free, OA=open archive, CA=closed archive, TAMS=top-at-mark-start (previous, next)
|   0|0x0000000083200000, 0x0000000083300000, 0x0000000083300000|100%|HS|  |TAMS 0x0000000083200000, 0x0000000083200000| Complete 
|   1|0x0000000083300000, 0x0000000083400000, 0x0000000083400000|100%|HC|  |TAMS 0x0000000083300000, 0x0000000083300000| Complete 
|   2|0x0000000083400000, 0x0000000083500000, 0x0000000083500000|100%|HC|  |TAMS 0x0000000083400000, 0x0000000083400000| Complete 
|   3|0x0000000083500000, 0x0000000083600000, 0x0000000083600000|100%|HC|  |TAMS 0x0000000083500000, 0x0000000083500000| Complete 
|   4|0x0000000083600000, 0x0000000083700000, 0x0000000083700000|100%|HS|  |TAMS 0x0000000083600000, 0x0000000083600000| Complete 
|   5|0x0000000083700000, 0x0000000083800000, 0x0000000083800000|100%|HC|  |TAMS 0x0000000083700000, 0x0000000083700000| Complete 
|   6|0x0000000083800000, 0x0000000083900000, 0x0000000083900000|100%|HC|  |TAMS 0x0000000083800000, 0x0000000083800000| Complete 
|   7|0x0000000083900000, 0x0000000083a00000, 0x0000000083a00000|100%|HC|  |TAMS 0x0000000083900000, 0x0000000083900000| Complete 
|   8|0x0000000083a00000, 0x0000000083b00000, 0x0000000083b00000|100%|HS|  |TAMS 0x0000000083a00000, 0x0000000083a00000| Complete 
|   9|0x0000000083b00000, 0x0000000083c00000, 0x0000000083c00000|100%|HS|  |TAMS 0x0000000083b00000, 0x0000000083b00000| Complete 
|  10|0x0000000083c00000, 0x0000000083d00000, 0x0000000083d00000|100%|HC|  |TAMS 0x0000000083c00000, 0x0000000083c00000| Complete 
|  11|0x0000000083d00000, 0x0000000083e00000, 0x0000000083e00000|100%|HS|  |TAMS 0x0000000083d00000, 0x0000000083d00000| Complete 
|  12|0x0000000083e00000, 0x0000000083f00000, 0x0000000083f00000|100%|HC|  |TAMS 0x0000000083e00000, 0x0000000083e00000| Complete 
|  13|0x0000000083f00000, 0x0000000084000000, 0x0000000084000000|100%|HC|  |TAMS 0x0000000083f00000, 0x0000000083f00000| Complete 
|  14|0x0000000084000000, 0x0000000084100000, 0x0000000084100000|100%|HS|  |TAMS 0x0000000084000000, 0x0000000084000000| Complete 
|  15|0x0000000084100000, 0x0000000084200000, 0x0000000084200000|100%|HC|  |TAMS 0x0000000084100000, 0x0000000084100000| Complete 
|  16|0x0000000084200000, 0x0000000084300000, 0x0000000084300000|100%|HC|  |TAMS 0x0000000084200000, 0x0000000084200000| Complete 
|  17|0x0000000084300000, 0x0000000084400000, 0x0000000084400000|100%|HC|  |TAMS 0x0000000084300000, 0x0000000084300000| Complete 
|  18|0x0000000084400000, 0x0000000084500000, 0x0000000084500000|100%|HS|  |TAMS 0x0000000084400000, 0x0000000084400000| Complete 
|  19|0x0000000084500000, 0x0000000084600000, 0x0000000084600000|100%|HC|  |TAMS 0x0000000084500000, 0x0000000084500000| Complete 
|  20|0x0000000084600000, 0x0000000084700000, 0x0000000084700000|100%|HS|  |TAMS 0x0000000084600000, 0x0000000084600000| Complete 
|  21|0x0000000084700000, 0x0000000084800000, 0x0000000084800000|100%|HS|  |TAMS 0x0000000084700000, 0x0000000084700000| Complete 
|  22|0x0000000084800000, 0x0000000084800000, 0x0000000084900000|  0%| F|  |TAMS 0x0000000084800000, 0x0000000084800000| Untracked 
|  23|0x0000000084900000, 0x0000000084900000, 0x0000000084a00000|  0%| F|  |TAMS 0x0000000084900000, 0x0000000084900000| Untracked 
|  24|0x0000000084a00000, 0x0000000084a00000, 0x0000000084b00000|  0%| F|  |TAMS 0x0000000084a00000, 0x0000000084a00000| Untracked 
|  25|0x0000000084b00000, 0x0000000084b00000, 0x0000000084c00000|  0%| F|  |TAMS 0x0000000084b00000, 0x0000000084b00000| Untracked 
|  26|0x0000000084c00000, 0x0000000084c00000, 0x0000000084d00000|  0%| F|  |TAMS 0x0000000084c00000, 0x0000000084c00000| Untracked 
|  27|0x0000000084d00000, 0x0000000084d00000, 0x0000000084e00000|  0%| F|  |TAMS 0x0000000084d00000, 0x0000000084d00000| Untracked 
|  28|0x0000000084e00000, 0x0000000084e00000, 0x0000000084f00000|  0%| F|  |TAMS 0x0000000084e00000, 0x0000000084e00000| Untracked 
|  29|0x0000000084f00000, 0x0000000084f00000, 0x0000000085000000|  0%| F|  |TAMS 0x0000000084f00000, 0x0000000084f00000| Untracked 
|  30|0x0000000085000000, 0x0000000085000000, 0x0000000085100000|  0%| F|  |TAMS 0x0000000085000000, 0x0000000085000000| Untracked 
|  31|0x0000000085100000, 0x0000000085100000, 0x0000000085200000|  0%| F|  |TAMS 0x0000000085100000, 0x0000000085100000| Untracked 
|  32|0x0000000085200000, 0x0000000085200000, 0x0000000085300000|  0%| F|  |TAMS 0x0000000085200000, 0x0000000085200000| Untracked 
|  33|0x0000000085300000, 0x0000000085300000, 0x0000000085400000|  0%| F|  |TAMS 0x0000000085300000, 0x0000000085300000| Untracked 
|  34|0x0000000085400000, 0x0000000085400000, 0x0000000085500000|  0%| F|  |TAMS 0x0000000085400000, 0x0000000085400000| Untracked 
|  35|0x0000000085500000, 0x0000000085500000, 0x0000000085600000|  0%| F|  |TAMS 0x0000000085500000, 0x0000000085500000| Untracked 
|  36|0x0000000085600000, 0x0000000085600000, 0x0000000085700000|  0%| F|  |TAMS 0x0000000085600000, 0x0000000085600000| Untracked 
|  37|0x0000000085700000, 0x0000000085700000, 0x0000000085800000|  0%| F|  |TAMS 0x0000000085700000, 0x0000000085700000| Untracked 
|  38|0x0000000085800000, 0x0000000085800000, 0x0000000085900000|  0%| F|  |TAMS 0x0000000085800000, 0x0000000085800000| Untracked 
|  39|0x0000000085900000, 0x0000000085900000, 0x0000000085a00000|  0%| F|  |TAMS 0x0000000085900000, 0x0000000085900000| Untracked 
|  40|0x0000000085a00000, 0x0000000085a00000, 0x0000000085b00000|  0%| F|  |TAMS 0x0000000085a00000, 0x0000000085a00000| Untracked 
|  41|0x0000000085b00000, 0x0000000085b00000, 0x0000000085c00000|  0%| F|  |TAMS 0x0000000085b00000, 0x0000000085b00000| Untracked 
|  42|0x0000000085c00000, 0x0000000085c00000, 0x0000000085d00000|  0%| F|  |TAMS 0x0000000085c00000, 0x0000000085c00000| Untracked 
|  43|0x0000000085d00000, 0x0000000085d00000, 0x0000000085e00000|  0%| F|  |TAMS 0x0000000085d00000, 0x0000000085d00000| Untracked 
|  44|0x0000000085e00000, 0x0000000085e00000, 0x0000000085f00000|  0%| F|  |TAMS 0x0000000085e00000, 0x0000000085e00000| Untracked 
|  45|0x0000000085f00000, 0x0000000085f00000, 0x0000000086000000|  0%| F|  |TAMS 0x0000000085f00000, 0x0000000085f00000| Untracked 
|  46|0x0000000086000000, 0x0000000086000000, 0x0000000086100000|  0%| F|  |TAMS 0x0000000086000000, 0x0000000086000000| Untracked 
|  47|0x0000000086100000, 0x0000000086100000, 0x0000000086200000|  0%| F|  |TAMS 0x0000000086100000, 0x0000000086100000| Untracked 
|  48|0x0000000086200000, 0x0000000086200000, 0x0000000086300000|  0%| F|  |TAMS 0x0000000086200000, 0x0000000086200000| Untracked 
|  49|0x0000000086300000, 0x0000000086300000, 0x0000000086400000|  0%| F|  |TAMS 0x0000000086300000, 0x0000000086300000| Untracked 
|  50|0x0000000086400000, 0x0000000086400000, 0x0000000086500000|  0%| F|  |TAMS 0x0000000086400000, 0x0000000086400000| Untracked 
|  51|0x0000000086500000, 0x0000000086500000, 0x0000000086600000|  0%| F|  |TAMS 0x0000000086500000, 0x0000000086500000| Untracked 
|  52|0x0000000086600000, 0x0000000086600000, 0x0000000086700000|  0%| F|  |TAMS 0x0000000086600000, 0x0000000086600000| Untracked 
|  53|0x0000000086700000, 0x0000000086700000, 0x0000000086800000|  0%| F|  |TAMS 0x0000000086700000, 0x0000000086700000| Untracked 
|  54|0x0000000086800000, 0x0000000086800000, 0x0000000086900000|  0%| F|  |TAMS 0x0000000086800000, 0x0000000086800000| Untracked 
|  55|0x0000000086900000, 0x0000000086900000, 0x0000000086a00000|  0%| F|  |TAMS 0x0000000086900000, 0x0000000086900000| Untracked 
|  56|0x0000000086a00000, 0x0000000086a00000, 0x0000000086b00000|  0%| F|  |TAMS 0x0000000086a00000, 0x0000000086a00000| Untracked 
|  57|0x0000000086b00000, 0x0000000086b00000, 0x0000000086c00000|  0%| F|  |TAMS 0x0000000086b00000, 0x0000000086b00000| Untracked 
|  58|0x0000000086c00000, 0x0000000086c00000, 0x0000000086d00000|  0%| F|  |TAMS 0x0000000086c00000, 0x0000000086c00000| Untracked 
|  59|0x0000000086d00000, 0x0000000086d00000, 0x0000000086e00000|  0%| F|  |TAMS 0x0000000086d00000, 0x0000000086d00000| Untracked 
|  60|0x0000000086e00000, 0x0000000086e00000, 0x0000000086f00000|  0%| F|  |TAMS 0x0000000086e00000, 0x0000000086e00000| Untracked 
|  61|0x0000000086f00000, 0x0000000086f00000, 0x0000000087000000|  0%| F|  |TAMS 0x0000000086f00000, 0x0000000086f00000| Untracked 
|  62|0x0000000087000000, 0x0000000087000000, 0x0000000087100000|  0%| F|  |TAMS 0x0000000087000000, 0x0000000087000000| Untracked 
|  63|0x0000000087100000, 0x0000000087100000, 0x0000000087200000|  0%| F|  |TAMS 0x0000000087100000, 0x0000000087100000| Untracked 
|  64|0x0000000087200000, 0x0000000087200000, 0x0000000087300000|  0%| F|  |TAMS 0x0000000087200000, 0x0000000087200000| Untracked 
|  65|0x0000000087300000, 0x0000000087300000, 0x0000000087400000|  0%| F|  |TAMS 0x0000000087300000, 0x0000000087300000| Untracked 
|  66|0x0000000087400000, 0x0000000087400000, 0x0000000087500000|  0%| F|  |TAMS 0x0000000087400000, 0x0000000087400000| Untracked 
|  67|0x0000000087500000, 0x0000000087500000, 0x0000000087600000|  0%| F|  |TAMS 0x0000000087500000, 0x0000000087500000| Untracked 
|  68|0x0000000087600000, 0x0000000087600000, 0x0000000087700000|  0%| F|  |TAMS 0x0000000087600000, 0x0000000087600000| Untracked 
|  69|0x0000000087700000, 0x0000000087700000, 0x0000000087800000|  0%| F|  |TAMS 0x0000000087700000, 0x0000000087700000| Untracked 
|  70|0x0000000087800000, 0x0000000087800000, 0x0000000087900000|  0%| F|  |TAMS 0x0000000087800000, 0x0000000087800000| Untracked 
|  71|0x0000000087900000, 0x0000000087900000, 0x0000000087a00000|  0%| F|  |TAMS 0x0000000087900000, 0x0000000087900000| Untracked 
|  72|0x0000000087a00000, 0x0000000087a00000, 0x0000000087b00000|  0%| F|  |TAMS 0x0000000087a00000, 0x0000000087a00000| Untracked 
|  73|0x0000000087b00000, 0x0000000087b00000, 0x0000000087c00000|  0%| F|  |TAMS 0x0000000087b00000, 0x0000000087b00000| Untracked 
|  74|0x0000000087c00000, 0x0000000087c00000, 0x0000000087d00000|  0%| F|  |TAMS 0x0000000087c00000, 0x0000000087c00000| Untracked 
|  75|0x0000000087d00000, 0x0000000087d00000, 0x0000000087e00000|  0%| F|  |TAMS 0x0000000087d00000, 0x0000000087d00000| Untracked 
|  76|0x0000000087e00000, 0x0000000087e00000, 0x0000000087f00000|  0%| F|  |TAMS 0x0000000087e00000, 0x0000000087e00000| Untracked 
|  77|0x0000000087f00000, 0x0000000087f00000, 0x0000000088000000|  0%| F|  |TAMS 0x0000000087f00000, 0x0000000087f00000| Untracked 
|  78|0x0000000088000000, 0x0000000088000000, 0x0000000088100000|  0%| F|  |TAMS 0x0000000088000000, 0x0000000088000000| Untracked 
|  79|0x0000000088100000, 0x0000000088100000, 0x0000000088200000|  0%| F|  |TAMS 0x0000000088100000, 0x0000000088100000| Untracked 
|  80|0x0000000088200000, 0x0000000088200000, 0x0000000088300000|  0%| F|  |TAMS 0x0000000088200000, 0x0000000088200000| Untracked 
|  81|0x0000000088300000, 0x0000000088300000, 0x0000000088400000|  0%| F|  |TAMS 0x0000000088300000, 0x0000000088300000| Untracked 
|  82|0x0000000088400000, 0x0000000088400000, 0x0000000088500000|  0%| F|  |TAMS 0x0000000088400000, 0x0000000088400000| Untracked 
|  83|0x0000000088500000, 0x0000000088500000, 0x0000000088600000|  0%| F|  |TAMS 0x0000000088500000, 0x0000000088500000| Untracked 
|  84|0x0000000088600000, 0x0000000088600000, 0x0000000088700000|  0%| F|  |TAMS 0x0000000088600000, 0x0000000088600000| Untracked 
|  85|0x0000000088700000, 0x0000000088700000, 0x0000000088800000|  0%| F|  |TAMS 0x0000000088700000, 0x0000000088700000| Untracked 
|  86|0x0000000088800000, 0x0000000088800000, 0x0000000088900000|  0%| F|  |TAMS 0x0000000088800000, 0x0000000088800000| Untracked 
|  87|0x0000000088900000, 0x0000000088900000, 0x0000000088a00000|  0%| F|  |TAMS 0x0000000088900000, 0x0000000088900000| Untracked 
|  88|0x0000000088a00000, 0x0000000088a00000, 0x0000000088b00000|  0%| F|  |TAMS 0x0000000088a00000, 0x0000000088a00000| Untracked 
|  89|0x0000000088b00000, 0x0000000088b00000, 0x0000000088c00000|  0%| F|  |TAMS 0x0000000088b00000, 0x0000000088b00000| Untracked 
|  90|0x0000000088c00000, 0x0000000088c00000, 0x0000000088d00000|  0%| F|  |TAMS 0x0000000088c00000, 0x0000000088c00000| Untracked 
|  91|0x0000000088d00000, 0x0000000088d00000, 0x0000000088e00000|  0%| F|  |TAMS 0x0000000088d00000, 0x0000000088d00000| Untracked 
|  92|0x0000000088e00000, 0x0000000088e00000, 0x0000000088f00000|  0%| F|  |TAMS 0x0000000088e00000, 0x0000000088e00000| Untracked 
|  93|0x0000000088f00000, 0x0000000088f62dc0, 0x0000000089000000| 38%| E|  |TAMS 0x0000000088f00000, 0x0000000088f00000| Complete 
|  94|0x0000000089000000, 0x0000000089100000, 0x0000000089100000|100%| E|CS|TAMS 0x0000000089000000, 0x0000000089000000| Complete 
|  95|0x0000000089100000, 0x0000000089200000, 0x0000000089200000|100%| E|CS|TAMS 0x0000000089100000, 0x0000000089100000| Complete 
|  96|0x0000000089200000, 0x0000000089300000, 0x0000000089300000|100%| E|CS|TAMS 0x0000000089200000, 0x0000000089200000| Complete 
|  97|0x0000000089300000, 0x0000000089400000, 0x0000000089400000|100%| E|CS|TAMS 0x0000000089300000, 0x0000000089300000| Complete 
|  98|0x0000000089400000, 0x0000000089500000, 0x0000000089500000|100%| E|CS|TAMS 0x0000000089400000, 0x0000000089400000| Complete 
|  99|0x0000000089500000, 0x0000000089600000, 0x0000000089600000|100%| E|CS|TAMS 0x0000000089500000, 0x0000000089500000| Complete 
| 100|0x0000000089600000, 0x00000000896aaa80, 0x0000000089700000| 66%| S|CS|TAMS 0x0000000089600000, 0x0000000089600000| Complete 
| 101|0x0000000089700000, 0x0000000089800000, 0x0000000089800000|100%| S|CS|TAMS 0x0000000089700000, 0x0000000089700000| Complete 
| 102|0x0000000089800000, 0x0000000089900000, 0x0000000089900000|100%| S|CS|TAMS 0x0000000089800000, 0x0000000089800000| Complete 
| 103|0x0000000089900000, 0x0000000089a00000, 0x0000000089a00000|100%| E|CS|TAMS 0x0000000089900000, 0x0000000089900000| Complete 
| 104|0x0000000089a00000, 0x0000000089b00000, 0x0000000089b00000|100%| E|CS|TAMS 0x0000000089a00000, 0x0000000089a00000| Complete 
| 105|0x0000000089b00000, 0x0000000089c00000, 0x0000000089c00000|100%| E|CS|TAMS 0x0000000089b00000, 0x0000000089b00000| Complete 
| 106|0x0000000089c00000, 0x0000000089d00000, 0x0000000089d00000|100%| E|CS|TAMS 0x0000000089c00000, 0x0000000089c00000| Complete 
| 107|0x0000000089d00000, 0x0000000089e00000, 0x0000000089e00000|100%| E|CS|TAMS 0x0000000089d00000, 0x0000000089d00000| Complete 
| 108|0x0000000089e00000, 0x0000000089f00000, 0x0000000089f00000|100%| E|  |TAMS 0x0000000089e00000, 0x0000000089e00000| Complete 
| 109|0x0000000089f00000, 0x000000008a000000, 0x000000008a000000|100%| E|CS|TAMS 0x0000000089f00000, 0x0000000089f00000| Complete 
| 110|0x000000008a000000, 0x000000008a100000, 0x000000008a100000|100%| E|CS|TAMS 0x000000008a000000, 0x000000008a000000| Complete 
| 111|0x000000008a100000, 0x000000008a200000, 0x000000008a200000|100%| E|CS|TAMS 0x000000008a100000, 0x000000008a100000| Complete 
| 112|0x000000008a200000, 0x000000008a300000, 0x000000008a300000|100%| E|CS|TAMS 0x000000008a200000, 0x000000008a200000| Complete 
| 113|0x000000008a300000, 0x000000008a400000, 0x000000008a400000|100%| E|CS|TAMS 0x000000008a300000, 0x000000008a300000| Complete 
| 114|0x000000008a400000, 0x000000008a500000, 0x000000008a500000|100%| E|CS|TAMS 0x000000008a400000, 0x000000008a400000| Complete 
| 115|0x000000008a500000, 0x000000008a600000, 0x000000008a600000|100%| E|CS|TAMS 0x000000008a500000, 0x000000008a500000| Complete 
| 116|0x000000008a600000, 0x000000008a700000, 0x000000008a700000|100%| E|CS|TAMS 0x000000008a600000, 0x000000008a600000| Complete 
| 117|0x000000008a700000, 0x000000008a800000, 0x000000008a800000|100%| E|CS|TAMS 0x000000008a700000, 0x000000008a700000| Complete 
| 118|0x000000008a800000, 0x000000008a900000, 0x000000008a900000|100%| E|CS|TAMS 0x000000008a800000, 0x000000008a800000| Complete 
| 119|0x000000008a900000, 0x000000008aa00000, 0x000000008aa00000|100%| E|CS|TAMS 0x000000008a900000, 0x000000008a900000| Complete 
| 120|0x000000008aa00000, 0x000000008ab00000, 0x000000008ab00000|100%| E|CS|TAMS 0x000000008aa00000, 0x000000008aa00000| Complete 
| 121|0x000000008ab00000, 0x000000008ac00000, 0x000000008ac00000|100%| E|CS|TAMS 0x000000008ab00000, 0x000000008ab00000| Complete 
| 122|0x000000008ac00000, 0x000000008ad00000, 0x000000008ad00000|100%| E|CS|TAMS 0x000000008ac00000, 0x000000008ac00000| Complete 
| 123|0x000000008ad00000, 0x000000008ae00000, 0x000000008ae00000|100%| E|CS|TAMS 0x000000008ad00000, 0x000000008ad00000| Complete 
| 124|0x000000008ae00000, 0x000000008af00000, 0x000000008af00000|100%| E|CS|TAMS 0x000000008ae00000, 0x000000008ae00000| Complete 
| 125|0x000000008af00000, 0x000000008b000000, 0x000000008b000000|100%| E|CS|TAMS 0x000000008af00000, 0x000000008af00000| Complete 

Card table byte_map: [0x0000027155a90000,0x0000027155e80000] _byte_map_base: 0x0000027155677000

Marking Bits (Prev, Next): (CMBitMap*) 0x000002713eb38e60, (CMBitMap*) 0x000002713eb38ea0
 Prev Bits: [0x0000027156270000, 0x00000271581a8000)
 Next Bits: [0x00000271581b0000, 0x000002715a0e8000)

Polling page: 0x000002713e2c0000

Metaspace:

Usage:
  Non-class:     13.00 MB used.
      Class:      1.05 MB used.
       Both:     14.05 MB used.

Virtual space:
  Non-class space:       16.00 MB reserved,      13.06 MB ( 82%) committed,  2 nodes.
      Class space:        1.00 GB reserved,       1.12 MB ( <1%) committed,  1 nodes.
             Both:        1.02 GB reserved,      14.19 MB (  1%) committed. 

Chunk freelists:
   Non-Class:  2.88 MB
       Class:  2.82 MB
        Both:  5.70 MB

MaxMetaspaceSize: unlimited
CompressedClassSpaceSize: 1.00 GB
Initial GC threshold: 21.00 MB
Current GC threshold: 21.00 MB
CDS: on
MetaspaceReclaimPolicy: balanced
 - commit_granule_bytes: 65536.
 - commit_granule_words: 8192.
 - virtual_space_node_default_size: 1048576.
 - enlarge_chunks_in_place: 1.
 - new_chunks_are_fully_committed: 0.
 - uncommit_free_chunks: 1.
 - use_allocation_guard: 0.
 - handle_deallocations: 1.


Internal statistics:

num_allocs_failed_limit: 0.
num_arena_births: 142.
num_arena_deaths: 0.
num_vsnodes_births: 3.
num_vsnodes_deaths: 0.
num_space_committed: 223.
num_space_uncommitted: 0.
num_chunks_returned_to_freelist: 0.
num_chunks_taken_from_freelist: 457.
num_chunk_merges: 0.
num_chunk_splits: 354.
num_chunks_enlarged: 283.
num_purges: 0.
num_inconsistent_stats: 0.

CodeHeap 'non-profiled nmethods': size=120000Kb used=1014Kb max_used=1014Kb free=118986Kb
 bounds [0x000002714de40000, 0x000002714e0b0000, 0x0000027155370000]
CodeHeap 'profiled nmethods': size=120000Kb used=4283Kb max_used=4283Kb free=115716Kb
 bounds [0x0000027146370000, 0x00000271467a0000, 0x000002714d8a0000]
CodeHeap 'non-nmethods': size=5760Kb used=1619Kb max_used=1646Kb free=4140Kb
 bounds [0x000002714d8a0000, 0x000002714db10000, 0x000002714de40000]
 total_blobs=2930 nmethods=1985 adapters=858
 compilation: enabled
              stopped_count=0, restarted_count=0
 full_count=0

Compilation events (20 events):
Event: 15.834 Thread 0x000002715caf2730 1976       3       jogamp.newt.WindowImpl::surfaceUpdated (11 bytes)
Event: 15.835 Thread 0x000002715caf2730 nmethod 1976 0x000002714679ce10 code [0x000002714679cfc0, 0x000002714679d128]
Event: 15.835 Thread 0x000002715caf2730 1977   !   3       jogamp.nativewindow.SurfaceUpdatedHelper::surfaceUpdated (76 bytes)
Event: 15.835 Thread 0x000002715caf2730 nmethod 1977 0x000002714679d210 code [0x000002714679d420, 0x000002714679de18]
Event: 16.402 Thread 0x000002715caf2730 1978       1       jogamp.newt.WindowImpl::getSurfaceWidth (5 bytes)
Event: 16.402 Thread 0x000002715caf2730 nmethod 1978 0x000002714df37a10 code [0x000002714df37ba0, 0x000002714df37c78]
Event: 16.402 Thread 0x000002715caf2730 1979       1       jogamp.newt.WindowImpl::getSurfaceHeight (5 bytes)
Event: 16.402 Thread 0x000002715caf2730 nmethod 1979 0x000002714df37d10 code [0x000002714df37ea0, 0x000002714df37f78]
Event: 16.645 Thread 0x000002715caf2730 1980       3       java.util.concurrent.locks.ReentrantLock$Sync::isHeldExclusively (16 bytes)
Event: 16.646 Thread 0x000002715caf2730 nmethod 1980 0x000002714679e310 code [0x000002714679e4a0, 0x000002714679e638]
Event: 16.657 Thread 0x000002715caf2730 1981       3       java.util.concurrent.locks.AbstractQueuedSynchronizer$ConditionObject::signal (34 bytes)
Event: 16.658 Thread 0x000002715caf2730 nmethod 1981 0x000002714679e710 code [0x000002714679e8e0, 0x000002714679ec48]
Event: 16.792 Thread 0x000002715caf0e60 1982       4       processing.core.PApplet::pushMatrix (22 bytes)
Event: 16.807 Thread 0x000002715caf0e60 nmethod 1982 0x000002714df38010 code [0x000002714df381c0, 0x000002714df388f8]
Event: 16.807 Thread 0x000002715caf0e60 1983       4       processing.core.PApplet::popMatrix (22 bytes)
Event: 16.829 Thread 0x000002715caf0e60 nmethod 1983 0x000002714df38d10 code [0x000002714df38ee0, 0x000002714df398a8]
Event: 17.196 Thread 0x000002715caf0e60 1984       4       java.util.jar.JarFile::getEntry (35 bytes)
Event: 17.267 Thread 0x000002715caf0e60 nmethod 1984 0x000002714df39e10 code [0x000002714df3a040, 0x000002714df3b5a0]
Event: 17.278 Thread 0x000002715caf0e60 1985   !   4       jdk.internal.loader.URLClassPath$JarLoader::getResource (65 bytes)
Event: 17.308 Thread 0x000002715caf0e60 nmethod 1985 0x000002714df3c390 code [0x000002714df3c5e0, 0x000002714df3d050]

GC Heap History (2 events):
Event: 1.751 GC heap before
{Heap before GC invocations=0 (full 0):
 garbage-first heap   total 129024K, used 25600K [0x0000000083200000, 0x0000000100000000)
  region size 1024K, 23 young (23552K), 0 survivors (0K)
 Metaspace       used 11231K, committed 11392K, reserved 1064960K
  class space    used 812K, committed 896K, reserved 1048576K
}
Event: 1.761 GC heap after
{Heap after GC invocations=1 (full 0):
 garbage-first heap   total 129024K, used 2730K [0x0000000083200000, 0x0000000100000000)
  region size 1024K, 3 young (3072K), 3 survivors (3072K)
 Metaspace       used 11231K, committed 11392K, reserved 1064960K
  class space    used 812K, committed 896K, reserved 1048576K
}

Deoptimization events (20 events):
Event: 17.139 Thread 0x000002715f4d93e0 DEOPT PACKING pc=0x0000027146718159 sp=0x000000f2acefeb90
Event: 17.139 Thread 0x000002715f4d93e0 DEOPT UNPACKING pc=0x000002714d8f66e3 sp=0x000000f2acefe080 mode 1
Event: 17.139 Thread 0x000002715f4d93e0 DEOPT PACKING pc=0x00000271466d1c74 sp=0x000000f2acefec20
Event: 17.139 Thread 0x000002715f4d93e0 DEOPT UNPACKING pc=0x000002714d8f66e3 sp=0x000000f2acefe0c8 mode 1
Event: 17.157 Thread 0x000002715f4d93e0 DEOPT PACKING pc=0x0000027146718159 sp=0x000000f2acefeb90
Event: 17.157 Thread 0x000002715f4d93e0 DEOPT UNPACKING pc=0x000002714d8f66e3 sp=0x000000f2acefe080 mode 1
Event: 17.157 Thread 0x000002715f4d93e0 DEOPT PACKING pc=0x00000271466d1c74 sp=0x000000f2acefec20
Event: 17.157 Thread 0x000002715f4d93e0 DEOPT UNPACKING pc=0x000002714d8f66e3 sp=0x000000f2acefe0c8 mode 1
Event: 17.172 Thread 0x000002715f4d93e0 DEOPT PACKING pc=0x0000027146718159 sp=0x000000f2acefeb90
Event: 17.172 Thread 0x000002715f4d93e0 DEOPT UNPACKING pc=0x000002714d8f66e3 sp=0x000000f2acefe080 mode 1
Event: 17.172 Thread 0x000002715f4d93e0 DEOPT PACKING pc=0x00000271466d1c74 sp=0x000000f2acefec20
Event: 17.172 Thread 0x000002715f4d93e0 DEOPT UNPACKING pc=0x000002714d8f66e3 sp=0x000000f2acefe0c8 mode 1
Event: 17.193 Thread 0x000002715f4d93e0 DEOPT PACKING pc=0x0000027146718159 sp=0x000000f2acefeb90
Event: 17.193 Thread 0x000002715f4d93e0 DEOPT UNPACKING pc=0x000002714d8f66e3 sp=0x000000f2acefe080 mode 1
Event: 17.193 Thread 0x000002715f4d93e0 DEOPT PACKING pc=0x00000271466d1c74 sp=0x000000f2acefec20
Event: 17.193 Thread 0x000002715f4d93e0 DEOPT UNPACKING pc=0x000002714d8f66e3 sp=0x000000f2acefe0c8 mode 1
Event: 17.220 Thread 0x000002715e46fe20 Uncommon trap: trap_request=0xffffff45 fr.pc=0x000002714dec2ce8 relative=0x00000000000001e8
Event: 17.220 Thread 0x000002715e46fe20 Uncommon trap: reason=unstable_if action=reinterpret pc=0x000002714dec2ce8 method=java.util.HashMap$HashIterator.<init>(Ljava/util/HashMap;)V @ 38 c2
Event: 17.220 Thread 0x000002715e46fe20 DEOPT PACKING pc=0x000002714dec2ce8 sp=0x000000f2ac3ff150
Event: 17.220 Thread 0x000002715e46fe20 DEOPT UNPACKING pc=0x000002714d8f5ba3 sp=0x000000f2ac3ff108 mode 2

Classes unloaded (0 events):
No events

Classes redefined (0 events):
No events

Internal exceptions (17 events):
Event: 0.450 Thread 0x000002713eadfa70 Exception <a 'java/lang/ClassNotFoundException'{0x000000008ad709f0}: sun/awt/resources/spi/awtProvider> (0x000000008ad709f0) 
thrown [s\open\src\hotspot\share\classfile\systemDictionary.cpp, line 256]
Event: 0.478 Thread 0x000002713eadfa70 Exception <a 'java/io/FileNotFoundException'{0x000000008adc68c8}> (0x000000008adc68c8) 
thrown [s\open\src\hotspot\share\prims\jni.cpp, line 516]
Event: 0.486 Thread 0x000002713eadfa70 Exception <a 'java/io/FileNotFoundException'{0x000000008adf3858}> (0x000000008adf3858) 
thrown [s\open\src\hotspot\share\prims\jni.cpp, line 516]
Event: 0.530 Thread 0x000002713eadfa70 Exception <a 'java/lang/NoSuchMethodError'{0x000000008ac83180}: 'java.lang.Object java.lang.invoke.DirectMethodHandle$Holder.invokeStaticInit(java.lang.Object)'> (0x000000008ac83180) 
thrown [s\open\src\hotspot\share\interpreter\linkResolver.cpp, line 759]
Event: 0.672 Thread 0x000002713eadfa70 Exception <a 'java/lang/NoSuchMethodError'{0x000000008a72e5d0}: 'java.lang.Object java.lang.invoke.DirectMethodHandle$Holder.invokeStaticInit(java.lang.Object, int, int, int, int)'> (0x000000008a72e5d0) 
thrown [s\open\src\hotspot\share\interpreter\linkResolver.cpp, line 759]
Event: 0.718 Thread 0x000002713eadfa70 Exception <a 'java/lang/NoSuchMethodError'{0x000000008a7d3d30}: 'java.lang.Object java.lang.invoke.DirectMethodHandle$Holder.invokeStaticInit(java.lang.Object, java.lang.Object, int, int, int, int)'> (0x000000008a7d3d30) 
thrown [s\open\src\hotspot\share\interpreter\linkResolver.cpp, line 759]
Event: 0.745 Thread 0x000002713eadfa70 Exception <a 'java/lang/NoSuchMethodError'{0x000000008a7df9b0}: 'void java.lang.invoke.DirectMethodHandle$Holder.invokeStatic(java.lang.Object, long)'> (0x000000008a7df9b0) 
thrown [s\open\src\hotspot\share\interpreter\linkResolver.cpp, line 759]
Event: 0.746 Thread 0x000002713eadfa70 Exception <a 'java/lang/NoSuchMethodError'{0x000000008a7e4f90}: 'java.lang.Object java.lang.invoke.DirectMethodHandle$Holder.newInvokeSpecial(java.lang.Object, long)'> (0x000000008a7e4f90) 
thrown [s\open\src\hotspot\share\interpreter\linkResolver.cpp, line 759]
Event: 0.749 Thread 0x000002713eadfa70 Exception <a 'java/lang/NoSuchMethodError'{0x000000008a7ec1e8}: 'java.lang.Object java.lang.invoke.DirectMethodHandle$Holder.invokeStatic(java.lang.Object, java.lang.Object, long, java.lang.Object)'> (0x000000008a7ec1e8) 
thrown [s\open\src\hotspot\share\interpreter\linkResolver.cpp, line 759]
Event: 0.749 Thread 0x000002713eadfa70 Exception <a 'java/lang/NoSuchMethodError'{0x000000008a7eff00}: 'java.lang.Object java.lang.invoke.DirectMethodHandle$Holder.invokeStaticInit(java.lang.Object, java.lang.Object, long, java.lang.Object)'> (0x000000008a7eff00) 
thrown [s\open\src\hotspot\share\interpreter\linkResolver.cpp, line 759]
Event: 0.750 Thread 0x000002713eadfa70 Exception <a 'java/lang/NoSuchMethodError'{0x000000008a7f64c0}: 'java.lang.Object java.lang.invoke.DirectMethodHandle$Holder.newInvokeSpecial(java.lang.Object, java.lang.Object, long)'> (0x000000008a7f64c0) 
thrown [s\open\src\hotspot\share\interpreter\linkResolver.cpp, line 759]
Event: 0.751 Thread 0x000002713eadfa70 Exception <a 'java/lang/NoSuchMethodError'{0x000000008a7fa030}: 'java.lang.Object java.lang.invoke.Invokers$Holder.linkToTargetMethod(java.lang.Object, long, java.lang.Object)'> (0x000000008a7fa030) 
thrown [s\open\src\hotspot\share\interpreter\linkResolver.cpp, line 759]
Event: 1.000 Thread 0x000002713eadfa70 Exception <a 'java/lang/NoSuchMethodError'{0x000000008a562870}: 'java.lang.Object java.lang.invoke.DirectMethodHandle$Holder.invokeInterface(java.lang.Object, java.lang.Object)'> (0x000000008a562870) 
thrown [s\open\src\hotspot\share\interpreter\linkResolver.cpp, line 759]
Event: 1.001 Thread 0x000002713eadfa70 Exception <a 'java/lang/IncompatibleClassChangeError'{0x000000008a566068}: Found class java.lang.Object, but interface was expected> (0x000000008a566068) 
thrown [s\open\src\hotspot\share\interpreter\linkResolver.cpp, line 826]
Event: 2.577 Thread 0x000002715f4d93e0 Exception <a 'java/lang/NoSuchMethodError'{0x000000008a114220}: 'java.lang.Object java.lang.invoke.DirectMethodHandle$Holder.invokeStatic(java.lang.Object, float)'> (0x000000008a114220) 
thrown [s\open\src\hotspot\share\interpreter\linkResolver.cpp, line 759]
Event: 2.596 Thread 0x000002715f4d93e0 Exception <a 'java/lang/NoSuchMethodError'{0x000000008a15f9c8}: 'int java.lang.invoke.DirectMethodHandle$Holder.invokeSpecial(java.lang.Object, java.lang.Object, java.lang.Object)'> (0x000000008a15f9c8) 
thrown [s\open\src\hotspot\share\interpreter\linkResolver.cpp, line 759]
Event: 17.195 Thread 0x000002715fbaa140 Exception <a 'java/lang/InterruptedException'{0x00000000890a6dc8}> (0x00000000890a6dc8) 
thrown [s\open\src\hotspot\share\runtime\objectMonitor.cpp, line 1661]

VM Operations (20 events):
Event: 5.503 Executing VM operation: Cleanup done
Event: 6.503 Executing VM operation: Cleanup
Event: 6.504 Executing VM operation: Cleanup done
Event: 7.504 Executing VM operation: Cleanup
Event: 7.504 Executing VM operation: Cleanup done
Event: 8.504 Executing VM operation: Cleanup
Event: 8.504 Executing VM operation: Cleanup done
Event: 9.505 Executing VM operation: Cleanup
Event: 9.506 Executing VM operation: Cleanup done
Event: 11.507 Executing VM operation: Cleanup
Event: 11.507 Executing VM operation: Cleanup done
Event: 12.507 Executing VM operation: Cleanup
Event: 12.508 Executing VM operation: Cleanup done
Event: 13.508 Executing VM operation: Cleanup
Event: 13.508 Executing VM operation: Cleanup done
Event: 14.509 Executing VM operation: Cleanup
Event: 14.509 Executing VM operation: Cleanup done
Event: 16.509 Executing VM operation: Cleanup
Event: 16.509 Executing VM operation: Cleanup done
Event: 17.316 Executing VM operation: Exit

Events (20 events):
Event: 4.037 loading class java/util/regex/Pattern$Pos done
Event: 4.044 Thread 0x000002715fe0c080 Thread added: 0x000002715fe0c080
Event: 4.058 loading class java/util/regex/Pattern$SliceS
Event: 4.058 loading class java/util/regex/Pattern$SliceS done
Event: 4.792 Thread 0x000002716cd0caa0 Thread added: 0x000002716cd0caa0
Event: 5.361 Thread 0x000002716cd0caa0 Thread exited: 0x000002716cd0caa0
Event: 5.657 Thread 0x000002715fe0c080 Thread exited: 0x000002715fe0c080
Event: 17.195 Thread 0x000002715fe21e60 Thread added: 0x000002715fe21e60
Event: 17.195 Thread 0x000002715fe22800 Thread added: 0x000002715fe22800
Event: 17.195 Thread 0x000002715fbaa140 Thread exited: 0x000002715fbaa140
Event: 17.195 Thread 0x000002715fe22cd0 Thread added: 0x000002715fe22cd0
Event: 17.196 Thread 0x000002715fe20ff0 Thread added: 0x000002715fe20ff0
Event: 17.197 loading class java/nio/channels/ClosedChannelException
Event: 17.197 loading class java/nio/channels/ClosedChannelException done
Event: 17.197 Thread 0x000002715fe22cd0 Thread exited: 0x000002715fe22cd0
Event: 17.197 Thread 0x000002715e046870 Thread exited: 0x000002715e046870
Event: 17.204 Thread 0x000002715d8dfd50 Thread exited: 0x000002715d8dfd50
Event: 17.274 Thread 0x000002715e46fe20 Thread exited: 0x000002715e46fe20
Event: 17.297 Thread 0x000002715fe21e60 Thread exited: 0x000002715fe21e60
Event: 17.315 Thread 0x000002715fe22800 Thread exited: 0x000002715fe22800


Dynamic libraries:
0x00007ff7fe860000 - 0x00007ff7fe870000 	C:\Program Files\Java\jdk-17\bin\java.exe
0x00007ffdd87d0000 - 0x00007ffdd89c8000 	C:\Windows\SYSTEM32\ntdll.dll
0x00007ffdd6830000 - 0x00007ffdd68ef000 	C:\Windows\System32\KERNEL32.DLL
0x00007ffdd5ee0000 - 0x00007ffdd61ba000 	C:\Windows\System32\KERNELBASE.dll
0x00007ffdd63c0000 - 0x00007ffdd64c0000 	C:\Windows\System32\ucrtbase.dll
0x00007ffdc1d30000 - 0x00007ffdc1d4b000 	C:\Program Files\Java\jdk-17\bin\VCRUNTIME140.dll
0x00007ffdb5ac0000 - 0x00007ffdb5ad8000 	C:\Program Files\Java\jdk-17\bin\jli.dll
0x00007ffdd6ff0000 - 0x00007ffdd709e000 	C:\Windows\System32\ADVAPI32.dll
0x00007ffdd8070000 - 0x00007ffdd810e000 	C:\Windows\System32\msvcrt.dll
0x00007ffdd6a00000 - 0x00007ffdd6a9c000 	C:\Windows\System32\sechost.dll
0x00007ffdd74f0000 - 0x00007ffdd7616000 	C:\Windows\System32\RPCRT4.dll
0x00007ffdd72c0000 - 0x00007ffdd745d000 	C:\Windows\System32\USER32.dll
0x00007ffdd6800000 - 0x00007ffdd6822000 	C:\Windows\System32\win32u.dll
0x00007ffdc8f30000 - 0x00007ffdc91ca000 	C:\Windows\WinSxS\amd64_microsoft.windows.common-controls_6595b64144ccf1df_6.0.19041.1110_none_60b5254171f9507e\COMCTL32.dll
0x00007ffdd74c0000 - 0x00007ffdd74eb000 	C:\Windows\System32\GDI32.dll
0x00007ffdd6550000 - 0x00007ffdd6660000 	C:\Windows\System32\gdi32full.dll
0x00007ffdd66b0000 - 0x00007ffdd674d000 	C:\Windows\System32\msvcp_win.dll
0x00007ffdca3f0000 - 0x00007ffdca3fa000 	C:\Windows\SYSTEM32\VERSION.dll
0x00007ffdd7e00000 - 0x00007ffdd7e30000 	C:\Windows\System32\IMM32.DLL
0x00007ffdd1540000 - 0x00007ffdd154c000 	C:\Program Files\Java\jdk-17\bin\vcruntime140_1.dll
0x00007ffda66d0000 - 0x00007ffda675e000 	C:\Program Files\Java\jdk-17\bin\msvcp140.dll
0x00007ffd72ac0000 - 0x00007ffd73697000 	C:\Program Files\Java\jdk-17\bin\server\jvm.dll
0x00007ffdd7170000 - 0x00007ffdd7178000 	C:\Windows\System32\PSAPI.DLL
0x00007ffdbcb60000 - 0x00007ffdbcb69000 	C:\Windows\SYSTEM32\WSOCK32.dll
0x00007ffdc91d0000 - 0x00007ffdc91f7000 	C:\Windows\SYSTEM32\WINMM.dll
0x00007ffdd8000000 - 0x00007ffdd806b000 	C:\Windows\System32\WS2_32.dll
0x00007ffdd3d40000 - 0x00007ffdd3d52000 	C:\Windows\SYSTEM32\kernel.appcore.dll
0x00007ffdcf820000 - 0x00007ffdcf82a000 	C:\Program Files\Java\jdk-17\bin\jimage.dll
0x00007ffdd3530000 - 0x00007ffdd3714000 	C:\Windows\SYSTEM32\DBGHELP.DLL
0x00007ffdc2e50000 - 0x00007ffdc2e84000 	C:\Windows\SYSTEM32\dbgcore.DLL
0x00007ffdd64c0000 - 0x00007ffdd6542000 	C:\Windows\System32\bcryptPrimitives.dll
0x00007ffdb0680000 - 0x00007ffdb06bb000 	C:\Program Files\Java\jdk-17\bin\jdwp.dll
0x00007ffdb3200000 - 0x00007ffdb3225000 	C:\Program Files\Java\jdk-17\bin\java.dll
0x00007ffda65f0000 - 0x00007ffda66c7000 	C:\Program Files\Java\jdk-17\bin\jsvml.dll
0x00007ffdd76b0000 - 0x00007ffdd7df4000 	C:\Windows\System32\SHELL32.dll
0x00007ffdd3f60000 - 0x00007ffdd46f3000 	C:\Windows\SYSTEM32\windows.storage.dll
0x00007ffdd6aa0000 - 0x00007ffdd6df4000 	C:\Windows\System32\combase.dll
0x00007ffdd5940000 - 0x00007ffdd596e000 	C:\Windows\SYSTEM32\Wldp.dll
0x00007ffdd7f50000 - 0x00007ffdd7ffd000 	C:\Windows\System32\SHCORE.dll
0x00007ffdd69a0000 - 0x00007ffdd69f5000 	C:\Windows\System32\shlwapi.dll
0x00007ffdd5e20000 - 0x00007ffdd5e3f000 	C:\Windows\SYSTEM32\profapi.dll
0x00007ffdcf7c0000 - 0x00007ffdcf7cc000 	C:\Program Files\Java\jdk-17\bin\dt_socket.dll
0x00007ffdd5340000 - 0x00007ffdd537c000 	C:\Windows\SYSTEM32\IPHLPAPI.DLL
0x00007ffdd56a0000 - 0x00007ffdd570a000 	C:\Windows\system32\mswsock.dll
0x00007ffdd5390000 - 0x00007ffdd545b000 	C:\Windows\SYSTEM32\DNSAPI.dll
0x00007ffdd6ee0000 - 0x00007ffdd6ee8000 	C:\Windows\System32\NSI.dll
0x00007ffdccbe0000 - 0x00007ffdccbea000 	C:\Windows\System32\rasadhlp.dll
0x00007ffdc6710000 - 0x00007ffdc6790000 	C:\Windows\System32\fwpuclnt.dll
0x00007ffdd6390000 - 0x00007ffdd63b7000 	C:\Windows\System32\bcrypt.dll
0x00007ffdb1ea0000 - 0x00007ffdb1eb9000 	C:\Program Files\Java\jdk-17\bin\net.dll
0x00007ffdcff90000 - 0x00007ffdd009a000 	C:\Windows\SYSTEM32\WINHTTP.dll
0x00007ffdae030000 - 0x00007ffdae046000 	C:\Program Files\Java\jdk-17\bin\nio.dll
0x00007ffdae010000 - 0x00007ffdae028000 	C:\Program Files\Java\jdk-17\bin\zip.dll
0x00007ffd83b60000 - 0x00007ffd83cf1000 	C:\Program Files\Java\jdk-17\bin\awt.dll
0x00007ffdd70a0000 - 0x00007ffdd716d000 	C:\Windows\System32\OLEAUT32.dll
0x00007ffdd32e0000 - 0x00007ffdd3370000 	C:\Windows\SYSTEM32\apphelp.dll
0x00007ffdd3750000 - 0x00007ffdd37ee000 	C:\Windows\system32\uxtheme.dll
0x00007ffdd7e30000 - 0x00007ffdd7f44000 	C:\Windows\System32\MSCTF.dll
0x00007ffdd7190000 - 0x00007ffdd72ba000 	C:\Windows\System32\ole32.dll
0x00007ffdd3970000 - 0x00007ffdd399f000 	C:\Windows\system32\DWMAPI.DLL
0x00007ffdbb160000 - 0x00007ffdbb285000 	C:\Windows\system32\opengl32.dll
0x00007ffdbb130000 - 0x00007ffdbb15c000 	C:\Windows\SYSTEM32\GLU32.dll
0x00007ffdd5890000 - 0x00007ffdd58a8000 	C:\Windows\SYSTEM32\CRYPTSP.dll
0x00007ffdd4f50000 - 0x00007ffdd4f84000 	C:\Windows\system32\rsaenh.dll
0x00007ffdd5de0000 - 0x00007ffdd5e0e000 	C:\Windows\SYSTEM32\USERENV.dll
0x00007ffdd58b0000 - 0x00007ffdd58bc000 	C:\Windows\SYSTEM32\CRYPTBASE.dll
0x00007ffdcd010000 - 0x00007ffdcd027000 	C:\Windows\SYSTEM32\dhcpcsvc6.DLL
0x00007ffdccff0000 - 0x00007ffdcd00d000 	C:\Windows\SYSTEM32\dhcpcsvc.DLL
0x000000006e8c0000 - 0x000000006e8cd000 	C:\Users\bakht\AppData\Local\Temp\jogamp_0000\file_cache\jln11268091680581405179\jln10094299955480184130\natives\windows-amd64\gluegen_rt.dll
0x00007ffdc0e80000 - 0x00007ffdc0e87000 	C:\Program Files\Java\jdk-17\bin\jawt.dll
0x000000006a440000 - 0x000000006a44d000 	C:\Users\bakht\AppData\Local\Temp\jogamp_0000\file_cache\jln11268091680581405179\jln10094299955480184130\natives\windows-amd64\nativewindow_awt.dll
0x000000006c100000 - 0x000000006c110000 	C:\Users\bakht\AppData\Local\Temp\jogamp_0000\file_cache\jln11268091680581405179\jln10094299955480184130\natives\windows-amd64\nativewindow_win32.dll
0x0000000070d80000 - 0x0000000070d93000 	C:\Users\bakht\AppData\Local\Temp\jogamp_0000\file_cache\jln11268091680581405179\jln10094299955480184130\natives\windows-amd64\newt_head.dll
0x00007ffdd00a0000 - 0x00007ffdd014e000 	C:\Windows\SYSTEM32\mscms.dll
0x00007ffdd0fa0000 - 0x00007ffdd0fb1000 	C:\Windows\SYSTEM32\ColorAdapterClient.dll
0x00007ffdad130000 - 0x00007ffdad173000 	C:\Windows\SYSTEM32\icm32.dll
0x00007ffdd8170000 - 0x00007ffdd85d8000 	C:\Windows\System32\setupapi.dll
0x00007ffdd6660000 - 0x00007ffdd66ae000 	C:\Windows\System32\cfgmgr32.dll
0x00007ffdd5c90000 - 0x00007ffdd5cbc000 	C:\Windows\SYSTEM32\DEVOBJ.dll
0x00007ffdd61c0000 - 0x00007ffdd6227000 	C:\Windows\System32\WINTRUST.dll
0x00007ffdd6230000 - 0x00007ffdd6386000 	C:\Windows\System32\CRYPT32.dll
0x00007ffdd5ad0000 - 0x00007ffdd5ae2000 	C:\Windows\SYSTEM32\MSASN1.dll
0x0000000064500000 - 0x0000000064585000 	C:\Users\bakht\AppData\Local\Temp\jogamp_0000\file_cache\jln11268091680581405179\jln10094299955480184130\natives\windows-amd64\jogl_desktop.dll
0x0000000064340000 - 0x0000000064391000 	C:\Users\bakht\AppData\Local\Temp\jogamp_0000\file_cache\jln11268091680581405179\jln10094299955480184130\natives\windows-amd64\jogl_mobile.dll
0x00007ffdd68f0000 - 0x00007ffdd6999000 	C:\Windows\System32\clbcatq.dll
0x00007ffdccc60000 - 0x00007ffdccd64000 	C:\Windows\System32\AppXDeploymentClient.dll
0x00007ffd67050000 - 0x00007ffd6805a000 	C:\Windows\System32\DriverStore\FileRepository\iigd_dch.inf_amd64_cb43c2398bc88530\igxelpicd64.dll
0x00007ffdd4770000 - 0x00007ffdd4863000 	C:\Windows\system32\dxgi.dll
0x00007ffd77690000 - 0x00007ffd77960000 	C:\Windows\System32\DriverStore\FileRepository\iigd_dch.inf_amd64_cb43c2398bc88530\igdml64.dll
0x00007ffdc9ab0000 - 0x00007ffdc9e99000 	C:\Windows\System32\DriverStore\FileRepository\iigd_dch.inf_amd64_cb43c2398bc88530\igdgmm64.dll
0x00007ffdc2f10000 - 0x00007ffdc651f000 	C:\Windows\System32\DriverStore\FileRepository\iigd_dch.inf_amd64_cb43c2398bc88530\igc64.dll
0x00007ffdd5460000 - 0x00007ffdd54ab000 	C:\Windows\SYSTEM32\powrprof.dll
0x00007ffdd5320000 - 0x00007ffdd5332000 	C:\Windows\SYSTEM32\UMPDC.dll
0x00007ffdb2e80000 - 0x00007ffdb2f79000 	C:\Windows\SYSTEM32\textinputframework.dll
0x00007ffdd29d0000 - 0x00007ffdd2d2e000 	C:\Windows\System32\CoreUIComponents.dll
0x00007ffdd30b0000 - 0x00007ffdd31a2000 	C:\Windows\System32\CoreMessaging.dll
0x00007ffdd5090000 - 0x00007ffdd50c3000 	C:\Windows\SYSTEM32\ntmarta.dll
0x00007ffdd1910000 - 0x00007ffdd1a64000 	C:\Windows\SYSTEM32\wintypes.dll
0x00007ffda12d0000 - 0x00007ffda1336000 	C:\Windows\system32\Oleacc.dll
0x00007ffdb5ab0000 - 0x00007ffdb5ac0000 	C:\Program Files\Java\jdk-17\bin\verify.dll
0x00007ffdadff0000 - 0x00007ffdae002000 	C:\Program Files\Java\jdk-17\bin\jsound.dll
0x00007ffda6550000 - 0x00007ffda65ec000 	C:\Windows\SYSTEM32\DSOUND.dll
0x00007ffdbcac0000 - 0x00007ffdbcae6000 	C:\Windows\SYSTEM32\winmmbase.dll
0x00007ffdce170000 - 0x00007ffdce1f5000 	C:\Windows\System32\MMDevApi.dll
0x00007ffda68c0000 - 0x00007ffda6906000 	C:\Windows\SYSTEM32\wdmaud.drv
0x00007ffdcfdd0000 - 0x00007ffdcfdd9000 	C:\Windows\SYSTEM32\ksuser.dll
0x00007ffdd1000000 - 0x00007ffdd100a000 	C:\Windows\SYSTEM32\AVRT.dll
0x00007ffdce210000 - 0x00007ffdce392000 	C:\Windows\SYSTEM32\AUDIOSES.DLL
0x00007ffdb8010000 - 0x00007ffdb801d000 	C:\Windows\SYSTEM32\msacm32.drv
0x00007ffdadc80000 - 0x00007ffdadc9e000 	C:\Windows\SYSTEM32\MSACM32.dll
0x00007ffdb7990000 - 0x00007ffdb799b000 	C:\Windows\SYSTEM32\midimap.dll
0x00007ffdb27e0000 - 0x00007ffdb2921000 	C:\Windows\System32\Windows.UI.dll
0x00007ffdd05c0000 - 0x00007ffdd0661000 	C:\Windows\System32\WindowManagementAPI.dll
0x00007ffdb2680000 - 0x00007ffdb27d2000 	C:\Windows\System32\InputHost.dll
0x00007ffdd03c0000 - 0x00007ffdd05c0000 	C:\Windows\SYSTEM32\twinapi.appcore.dll
0x00007ffdd1640000 - 0x00007ffdd1736000 	C:\Windows\System32\PROPSYS.dll
0x00007ffdd3950000 - 0x00007ffdd3964000 	C:\Windows\SYSTEM32\resourcepolicyclient.dll

dbghelp: loaded successfully - version: 4.0.5 - missing functions: none
symbol engine: initialized successfully - sym options: 0x614 - pdb path: .;C:\Program Files\Java\jdk-17\bin;C:\Windows\SYSTEM32;C:\Windows\WinSxS\amd64_microsoft.windows.common-controls_6595b64144ccf1df_6.0.19041.1110_none_60b5254171f9507e;C:\Program Files\Java\jdk-17\bin\server;C:\Users\bakht\AppData\Local\Temp\jogamp_0000\file_cache\jln11268091680581405179\jln10094299955480184130\natives\windows-amd64;C:\Windows\System32\DriverStore\FileRepository\iigd_dch.inf_amd64_cb43c2398bc88530

VM Arguments:
jvm_args: -agentlib:jdwp=transport=dt_socket,server=n,suspend=y,address=localhost:63783 -XX:+ShowCodeDetailsInExceptionMessages 
java_command: ie.tudublin.Main
java_class_path (initial): C:\Users\bakht\MV-C21716601\MusicVisuals-master\java\bin;C:\Users\bakht\MV-C21716601\MusicVisuals-master\java\lib\core.jar;C:\Users\bakht\MV-C21716601\MusicVisuals-master\java\lib\jl1.0.1.jar;C:\Users\bakht\MV-C21716601\MusicVisuals-master\java\lib\jsminim.jar;C:\Users\bakht\MV-C21716601\MusicVisuals-master\java\lib\minim.jar;C:\Users\bakht\MV-C21716601\MusicVisuals-master\java\lib\mp3spi1.9.5.jar;C:\Users\bakht\MV-C21716601\MusicVisuals-master\java\lib\sqlite-jdbc-3.23.1.jar;C:\Users\bakht\MV-C21716601\MusicVisuals-master\java\lib\tritonus_aos.jar;C:\Users\bakht\MV-C21716601\MusicVisuals-master\java\lib\tritonus_share.jar;C:\Users\bakht\MV-C21716601\MusicVisuals-master\java\lib\jogl-all.jar;C:\Users\bakht\MV-C21716601\MusicVisuals-master\java\lib\gluegen-rt.jar;C:\Users\bakht\MV-C21716601\MusicVisuals-master\java\lib\gluegen-rt-natives-windows-amd64.jar;C:\Users\bakht\MV-C21716601\MusicVisuals-master\java\lib\gluegen-rt-natives-windows-i586.jar;C:\Users\bakht\MV-C21716601\MusicVisuals-master\java\lib\jogl-all-natives-windows-amd64.jar;C:\Users\bakht\MV-C21716601\MusicVisuals-master\java\lib\jogl-all-natives-windows-i586.jar;C:\Users\bakht\MV-C21716601\MusicVisuals-master\java\lib\gluegen-rt-natives-macosx-universal.jar;C:\Users\bakht\MV-C21716601\MusicVisuals-master\java\lib\jogl-all-natives-macosx-universal.jar
Launcher Type: SUN_STANDARD

[Global flags]
     intx CICompilerCount                          = 4                                         {product} {ergonomic}
     uint ConcGCThreads                            = 2                                         {product} {ergonomic}
     uint G1ConcRefinementThreads                  = 8                                         {product} {ergonomic}
   size_t G1HeapRegionSize                         = 1048576                                   {product} {ergonomic}
    uintx GCDrainStackTargetSize                   = 64                                        {product} {ergonomic}
   size_t InitialHeapSize                          = 132120576                                 {product} {ergonomic}
   size_t MarkStackSize                            = 4194304                                   {product} {ergonomic}
   size_t MaxHeapSize                              = 2095054848                                {product} {ergonomic}
   size_t MaxNewSize                               = 1256194048                                {product} {ergonomic}
   size_t MinHeapDeltaBytes                        = 1048576                                   {product} {ergonomic}
   size_t MinHeapSize                              = 8388608                                   {product} {ergonomic}
    uintx NonNMethodCodeHeapSize                   = 5839372                                {pd product} {ergonomic}
    uintx NonProfiledCodeHeapSize                  = 122909434                              {pd product} {ergonomic}
    uintx ProfiledCodeHeapSize                     = 122909434                              {pd product} {ergonomic}
    uintx ReservedCodeCacheSize                    = 251658240                              {pd product} {ergonomic}
     bool SegmentedCodeCache                       = true                                      {product} {ergonomic}
     bool ShowCodeDetailsInExceptionMessages       = true                                   {manageable} {command line}
   size_t SoftMaxHeapSize                          = 2095054848                             {manageable} {ergonomic}
     bool UseCompressedClassPointers               = true                           {product lp64_product} {ergonomic}
     bool UseCompressedOops                        = true                           {product lp64_product} {ergonomic}
     bool UseG1GC                                  = true                                      {product} {ergonomic}
     bool UseLargePagesIndividualAllocation        = false                                  {pd product} {ergonomic}

Logging:
Log output configuration:
 #0: stdout all=off uptime,level,tags
 #1: stderr all=off uptime,level,tags

Environment Variables:
PATH=C:\Program Files\Common Files\Oracle\Java\javapath;C:\Program Files (x86)\Common Files\Oracle\Java\javapath;C:\Windows\system32;C:\Windows;C:\Windows\System32\Wbem;C:\Windows\System32\WindowsPowerShell\v1.0\;C:\Windows\System32\OpenSSH\;C:\msys64\mingw64\bin;C:\Program Files\PuTTY\;C:\Program Files\Git\cmd;C:\Users\bakht\AppData\Local\Microsoft\WindowsApps;;C:\Users\bakht\AppData\Local\Programs\Microsoft VS Code\bin;C:\Program Files\Microsoft Office\root\Client
USERNAME=bakht
LANG=en_US.UTF-8
OS=Windows_NT
PROCESSOR_IDENTIFIER=Intel64 Family 6 Model 140 Stepping 1, GenuineIntel



---------------  S Y S T E M  ---------------

OS:
 Windows 10 , 64 bit Build 19041 (10.0.19041.2788)
OS uptime: 0 days 23:20 hours
Hyper-V role detected

CPU: total 8 (initial active 8) (4 cores per cpu, 2 threads per core) family 6 model 140 stepping 1 microcode 0x78, cx8, cmov, fxsr, ht, mmx, 3dnowpref, sse, sse2, sse3, ssse3, sse4.1, sse4.2, popcnt, lzcnt, tsc, tscinvbit, avx, avx2, aes, erms, clmul, bmi1, bmi2, adx, avx512f, avx512dq, avx512cd, avx512bw, avx512vl, sha, fma, vzeroupper, avx512_vpopcntdq, avx512_vpclmulqdq, avx512_vaes, avx512_vnni, clflush, clflushopt, clwb, avx512_vbmi2, avx512_vbmi, hv

Memory: 4k page, system-wide physical 7991M (842M free)
TotalPageFile size 12652M (AvailPageFile size 2224M)
current process WorkingSet (physical memory assigned to process): 287M, peak: 292M
current process commit charge ("private bytes"): 352M, peak: 373M

vm_info: Java HotSpot(TM) 64-Bit Server VM (17.0.6+9-LTS-190) for windows-amd64 JRE (17.0.6+9-LTS-190), built on Dec  6 2022 15:53:54 by "mach5one" with MS VC++ 17.1 (VS2022)

END.
