#
# A fatal error has been detected by the Java Runtime Environment:
#
#  EXCEPTION_ACCESS_VIOLATION (0xc0000005) at pc=0x00007ffdafca1a34, pid=12428, tid=2716
#
# JRE version: Java(TM) SE Runtime Environment (17.0.6+9) (build 17.0.6+9-LTS-190)
# Java VM: Java HotSpot(TM) 64-Bit Server VM (17.0.6+9-LTS-190, mixed mode, sharing, tiered, compressed oops, compressed class ptrs, g1 gc, windows-amd64)
# Problematic frame:
# C  [igxelpicd64.dll+0x2c1a34]
#
# No core dump will be written. Minidumps are not enabled by default on client versions of Windows
#
# If you would like to submit a bug report, please visit:
#   https://bugreport.java.com/bugreport/crash.jsp
#

---------------  S U M M A R Y ------------

Command Line: -agentlib:jdwp=transport=dt_socket,server=n,suspend=y,address=localhost:54748 -XX:+ShowCodeDetailsInExceptionMessages ie.tudublin.Main

Host: 11th Gen Intel(R) Core(TM) i5-1135G7 @ 2.40GHz, 8 cores, 7G,  Windows 10 , 64 bit Build 19041 (10.0.19041.2788)
Time: Sun Apr 30 22:10:36 2023 GMT Daylight Time elapsed time: 7.870251 seconds (0d 0h 0m 7s)

---------------  T H R E A D  ---------------

Current thread (0x00000255ccfd2060):  VMThread "VM Thread" [stack: 0x000000a969900000,0x000000a969a00000] [id=2716]

Stack: [0x000000a969900000,0x000000a969a00000],  sp=0x000000a9699fe080,  free space=1016k
Native frames: (J=compiled Java code, j=interpreted, Vv=VM code, C=native code)
C  [igxelpicd64.dll+0x2c1a34]


siginfo: EXCEPTION_ACCESS_VIOLATION (0xc0000005), reading address 0x0000000000035728


Register to memory mapping:

RIP=0x00007ffdafca1a34 igxelpicd64.dll
RAX=0x00000255dd286858 points into unknown readable memory: 0x0000000000000a08 | 08 0a 00 00 00 00 00 00
RBX=0x00000255dd2866c0 points into unknown readable memory: 0x00000255ceafa080 | 80 a0 af ce 55 02 00 00
RCX=0x0 is NULL
RDX=0x0000000000000002 is an unknown value
RSP=0x000000a9699fe080 points into unknown readable memory: 0x00000255ceae2d70 | 70 2d ae ce 55 02 00 00
RBP=0x000000a9699fe180 points into unknown readable memory: 0x0000000003cfa7bc | bc a7 cf 03 00 00 00 00
RSI=0x0 is NULL
RDI=0x00000255cfa65a20 points into unknown readable memory: 0x00000255cfafea00 | 00 ea af cf 55 02 00 00
R8 =0x0000000000000014 is an unknown value
R9 =0x0000000000000016 is an unknown value
R10=0x0 is NULL
R11=0x0000000000000246 is an unknown value
R12=0x00000255dd2866c0 points into unknown readable memory: 0x00000255ceafa080 | 80 a0 af ce 55 02 00 00
R13=0x00000255dd27f0a0 points into unknown readable memory: 0x00000255ceafa080 | 80 a0 af ce 55 02 00 00
R14=0x00000255dd286c90 points into unknown readable memory: 0x00000255dd27f0a0 | a0 f0 27 dd 55 02 00 00
R15=0x0 is NULL


Registers:
RAX=0x00000255dd286858, RBX=0x00000255dd2866c0, RCX=0x0000000000000000, RDX=0x0000000000000002
RSP=0x000000a9699fe080, RBP=0x000000a9699fe180, RSI=0x0000000000000000, RDI=0x00000255cfa65a20
R8 =0x0000000000000014, R9 =0x0000000000000016, R10=0x0000000000000000, R11=0x0000000000000246
R12=0x00000255dd2866c0, R13=0x00000255dd27f0a0, R14=0x00000255dd286c90, R15=0x0000000000000000
RIP=0x00007ffdafca1a34, EFLAGS=0x0000000000010202

Top of Stack: (sp=0x000000a9699fe080)
0x000000a9699fe080:   00000255ceae2d70 0000000000000000
0x000000a9699fe090:   0000000000000000 0000000000000000
0x000000a9699fe0a0:   0000001600000000 0000000000000000
0x000000a9699fe0b0:   00000255af0387e0 00007ffdb12ef480
0x000000a9699fe0c0:   00000255ce83d490 00000255ceae2d70
0x000000a9699fe0d0:   0000000000000240 00000255acf20000
0x000000a9699fe0e0:   000000a9699fe199 0000000000000000
0x000000a9699fe0f0:   0000000000000000 0000000000000194
0x000000a9699fe100:   0000000000000240 00007ffdfebaf05b
0x000000a9699fe110:   0000000000000008 0000000000000000
0x000000a9699fe120:   0000000000000008 00000255aeff2010
0x000000a9699fe130:   0000000000000008 00007ffdb0d47963
0x000000a9699fe140:   0000000000000000 000000a900000000
0x000000a9699fe150:   0000000000000008 00007ffe011d47b1
0x000000a9699fe160:   0000000003cfa7b2 0000000000000000
0x000000a9699fe170:   000000000000000a 00000000000008ed 

Instructions: (pc=0x00007ffdafca1a34)
0x00007ffdafca1934:   00 00 48 8b 05 c3 95 b8 00 44 8b 88 68 0b 00 00
0x00007ffdafca1944:   44 89 4c 24 24 c6 44 24 20 00 48 c7 87 78 02 00
0x00007ffdafca1954:   00 00 00 00 00 c7 87 80 02 00 00 00 00 00 00 48
0x00007ffdafca1964:   c7 87 98 02 00 00 00 00 00 00 48 c7 87 88 02 00
0x00007ffdafca1974:   00 00 00 00 00 4d 85 ff 75 43 8b 35 34 8f c8 00
0x00007ffdafca1984:   65 48 8b 04 25 58 00 00 00 b9 14 00 00 00 48 8b
0x00007ffdafca1994:   04 f0 44 38 3c 01 0f 84 9e e4 6e 00 65 48 8b 04
0x00007ffdafca19a4:   25 58 00 00 00 41 bf 20 00 00 00 48 8b 04 f0 4d
0x00007ffdafca19b4:   8b 3c 07 4c 89 7c 24 28 0f b6 74 24 21 4c 3b 3d
0x00007ffdafca19c4:   48 b4 c8 00 0f 84 ae 0e 00 00 4d 85 ed 0f 84 a5
0x00007ffdafca19d4:   0b 00 00 66 0f 1f 84 00 00 00 00 00 49 8b dd 4d
0x00007ffdafca19e4:   8b e5 4d 8d b5 d0 05 00 00 4d 8b 2e 40 84 f6 0f
0x00007ffdafca19f4:   85 57 0e 00 00 8b 97 c8 01 00 00 48 8b 05 fa 94
0x00007ffdafca1a04:   b8 00 83 b8 80 03 00 00 02 75 32 83 fa 10 0f 83
0x00007ffdafca1a14:   e0 00 00 00 48 8d 04 d5 21 00 00 00 48 03 c2 48
0x00007ffdafca1a24:   8d 04 c3 48 85 c0 0f 84 46 01 00 00 48 8b 48 08
0x00007ffdafca1a34:   49 3b 8f 28 57 03 00 0f 87 09 08 00 00 48 83 bb
0x00007ffdafca1a44:   48 06 00 00 00 0f 85 37 e4 6e 00 44 8b 8f c8 01
0x00007ffdafca1a54:   00 00 48 8b 87 e0 01 00 00 48 8b 10 8b 8f c8 01
0x00007ffdafca1a64:   00 00 48 8d b3 08 01 00 00 83 f9 10 0f 83 c0 00
0x00007ffdafca1a74:   00 00 48 8d 0c c9 48 8d 04 ce 48 85 c0 0f 84 f6
0x00007ffdafca1a84:   00 00 00 48 39 50 08 0f 86 ec 00 00 00 48 8b 87
0x00007ffdafca1a94:   78 02 00 00 49 89 06 48 89 9f 78 02 00 00 ff 87
0x00007ffdafca1aa4:   80 02 00 00 48 8b 43 08 48 8b 88 18 01 00 00 48
0x00007ffdafca1ab4:   81 e1 00 00 ff ff 48 81 c1 00 00 01 00 48 01 8f
0x00007ffdafca1ac4:   88 02 00 00 48 8b 43 08 48 8b 88 18 01 00 00 48
0x00007ffdafca1ad4:   01 8f 98 02 00 00 44 0f b6 4c 24 20 4d 85 ed 0f
0x00007ffdafca1ae4:   84 85 0a 00 00 0f b6 74 24 21 44 8b 4c 24 24 e9
0x00007ffdafca1af4:   e8 fe ff ff 8d 4a f0 8b c1 c1 e8 04 83 f8 03 0f
0x00007ffdafca1b04:   82 9b 06 00 00 48 8b 83 a0 05 00 00 48 85 c0 0f
0x00007ffdafca1b14:   84 a2 06 00 00 0f 1f 80 00 00 00 00 39 10 0f 84
0x00007ffdafca1b24:   af 0b 00 00 48 8b 40 50 48 85 c0 75 ef e9 85 06 


Stack slot to memory mapping:
stack at sp + 0 slots: 0x00000255ceae2d70 points into unknown readable memory: 0xffffffffffffffff | ff ff ff ff ff ff ff ff
stack at sp + 1 slots: 0x0 is NULL
stack at sp + 2 slots: 0x0 is NULL
stack at sp + 3 slots: 0x0 is NULL
stack at sp + 4 slots: 0x0000001600000000 is an unknown value
stack at sp + 5 slots: 0x0 is NULL
stack at sp + 6 slots: 0x00000255af0387e0 points into unknown readable memory: 0x00007ffdb1374d90 | 90 4d 37 b1 fd 7f 00 00
stack at sp + 7 slots: 0x00007ffdb12ef480 jvm.dll

VM_Operation (0x000000a96b9fe8d0): Exit, mode: safepoint, requested by thread 0x00000255cecde870


---------------  P R O C E S S  ---------------

Threads class SMR info:
_java_thread_list=0x00000255cec07340, length=21, elements={
0x00000255ccfd6a10, 0x00000255ccfd74d0, 0x00000255ccfe9e70, 0x00000255ccfec840,
0x00000255ccfef110, 0x00000255ccfef9d0, 0x00000255cd0013d0, 0x00000255cd001d80,
0x00000255cd002680, 0x00000255cdcee6e0, 0x00000255cdcf25a0, 0x00000255cdcf2ea0,
0x00000255cdcfade0, 0x00000255cdcffc70, 0x00000255cdfcbac0, 0x00000255cff37fd0,
0x00000255cecde870, 0x00000255aefdffa0, 0x00000255d01cc050, 0x00000255d01e9980,
0x00000255d01ec000
}

Java Threads: ( => current thread )
  0x00000255ccfd6a10 JavaThread "Reference Handler" daemon [_thread_blocked, id=23120, stack(0x000000a969a00000,0x000000a969b00000)]
  0x00000255ccfd74d0 JavaThread "Finalizer" daemon [_thread_blocked, id=24176, stack(0x000000a969b00000,0x000000a969c00000)]
  0x00000255ccfe9e70 JavaThread "Signal Dispatcher" daemon [_thread_blocked, id=24840, stack(0x000000a969c00000,0x000000a969d00000)]
  0x00000255ccfec840 JavaThread "Attach Listener" daemon [_thread_blocked, id=3244, stack(0x000000a969d00000,0x000000a969e00000)]
  0x00000255ccfef110 JavaThread "Service Thread" daemon [_thread_blocked, id=19344, stack(0x000000a969e00000,0x000000a969f00000)]
  0x00000255ccfef9d0 JavaThread "Monitor Deflation Thread" daemon [_thread_blocked, id=11636, stack(0x000000a969f00000,0x000000a96a000000)]
  0x00000255cd0013d0 JavaThread "C2 CompilerThread0" daemon [_thread_blocked, id=21204, stack(0x000000a96a000000,0x000000a96a100000)]
  0x00000255cd001d80 JavaThread "C1 CompilerThread0" daemon [_thread_blocked, id=19012, stack(0x000000a96a100000,0x000000a96a200000)]
  0x00000255cd002680 JavaThread "Sweeper thread" daemon [_thread_blocked, id=10708, stack(0x000000a96a200000,0x000000a96a300000)]
  0x00000255cdcee6e0 JavaThread "JDWP Transport Listener: dt_socket" daemon [_thread_blocked, id=22272, stack(0x000000a96a300000,0x000000a96a400000)]
  0x00000255cdcf25a0 JavaThread "JDWP Event Helper Thread" daemon [_thread_blocked, id=20820, stack(0x000000a96a400000,0x000000a96a500000)]
  0x00000255cdcf2ea0 JavaThread "JDWP Command Reader" daemon [_thread_blocked, id=8776, stack(0x000000a96a500000,0x000000a96a600000)]
  0x00000255cdcfade0 JavaThread "Notification Thread" daemon [_thread_blocked, id=16128, stack(0x000000a96a600000,0x000000a96a700000)]
  0x00000255cdcffc70 JavaThread "Common-Cleaner" daemon [_thread_blocked, id=4140, stack(0x000000a96a800000,0x000000a96a900000)]
  0x00000255cdfcbac0 JavaThread "Java2D Disposer" daemon [_thread_blocked, id=10200, stack(0x000000a96a900000,0x000000a96aa00000)]
  0x00000255cff37fd0 JavaThread "HighResTimerThread" daemon [_thread_blocked, id=7892, stack(0x000000a96aa00000,0x000000a96ab00000)]
  0x00000255cecde870 JavaThread "main-FPSAWTAnimator#00-Timer0" [_thread_blocked, id=12592, stack(0x000000a96b900000,0x000000a96ba00000)]
  0x00000255aefdffa0 JavaThread "DestroyJavaVM" [_thread_blocked, id=8540, stack(0x000000a969300000,0x000000a969400000)]
  0x00000255d01cc050 JavaThread "Java Sound Event Dispatcher" daemon [_thread_blocked, id=24868, stack(0x000000a96bd00000,0x000000a96be00000)]
  0x00000255d01e9980 JavaThread "Thread-4" [_thread_blocked, id=22776, stack(0x000000a96c100000,0x000000a96c200000)]
  0x00000255d01ec000 JavaThread "AWT-Shutdown" [_thread_blocked, id=2052, stack(0x000000a96c700000,0x000000a96c800000)]

Other Threads:
=>0x00000255ccfd2060 VMThread "VM Thread" [stack: 0x000000a969900000,0x000000a969a00000] [id=2716]
  0x00000255af038c20 GCTaskThread "GC Thread#0" [stack: 0x000000a969400000,0x000000a969500000] [id=3024]
  0x00000255cfb34650 GCTaskThread "GC Thread#1" [stack: 0x000000a96b200000,0x000000a96b300000] [id=12096]
  0x00000255cfb34900 GCTaskThread "GC Thread#2" [stack: 0x000000a96b300000,0x000000a96b400000] [id=10532]
  0x00000255cfb34bb0 GCTaskThread "GC Thread#3" [stack: 0x000000a96b400000,0x000000a96b500000] [id=3828]
  0x00000255cfb34e60 GCTaskThread "GC Thread#4" [stack: 0x000000a96b500000,0x000000a96b600000] [id=20768]
  0x00000255cfb35110 GCTaskThread "GC Thread#5" [stack: 0x000000a96b600000,0x000000a96b700000] [id=16924]
  0x00000255cfb530b0 GCTaskThread "GC Thread#6" [stack: 0x000000a96b700000,0x000000a96b800000] [id=10000]
  0x00000255cfb5b370 GCTaskThread "GC Thread#7" [stack: 0x000000a96b800000,0x000000a96b900000] [id=11864]
  0x00000255af04a440 ConcurrentGCThread "G1 Main Marker" terminated
  0x00000255af04ad60 ConcurrentGCThread "G1 Conc#0" [stack: 0x000000a969600000,0x000000a969700000] [id=24584]
  0x00000255cce900a0 ConcurrentGCThread "G1 Refine#0" terminated
  0x00000255cce909d0 ConcurrentGCThread "G1 Service" terminated

Threads with active compile tasks:
C2 CompilerThread0  
[error occurred during error reporting (printing all threads), id 0xc0000005, EXCEPTION_ACCESS_VIOLATION (0xc0000005) at pc=0x00007ffdb1180153]

VM state: at safepoint (shutting down)

VM Mutex/Monitor currently owned by a thread:  ([mutex/lock_event])
[0x00000255aefda700] Threads_lock - owner thread: 0x00000255ccfd2060
[0x00000255aefdb1b0] Heap_lock - owner thread: 0x00000255cecde870

Heap address: 0x0000000083200000, size: 1998 MB, Compressed Oops mode: 32-bit

CDS archive(s) mapped at: [0x0000000800000000-0x0000000800bd0000-0x0000000800bd0000), size 12386304, SharedBaseAddress: 0x0000000800000000, ArchiveRelocationMode: 0.
Compressed class space mapped at: 0x0000000800c00000-0x0000000840c00000, reserved size: 1073741824
Narrow klass base: 0x0000000800000000, Narrow klass shift: 0, Narrow klass range: 0x100000000

GC Precious Log:
 CPUs: 8 total, 8 available
 Memory: 7991M
 Large Page Support: Disabled
 NUMA Support: Disabled
 Compressed Oops: Enabled (32-bit)
 Heap Region Size: 1M
 Heap Min Capacity: 8M
 Heap Initial Capacity: 126M
 Heap Max Capacity: 1998M
 Pre-touch: Disabled
 Parallel Workers: 8
 Concurrent Workers: 2
 Concurrent Refinement Workers: 8
 Periodic GC: Disabled

Heap:
 garbage-first heap   total 129024K, used 41364K [0x0000000083200000, 0x0000000100000000)
  region size 1024K, 24 young (24576K), 4 survivors (4096K)
 Metaspace       used 14234K, committed 14400K, reserved 1064960K
  class space    used 1078K, committed 1152K, reserved 1048576K

Heap Regions: E=young(eden), S=young(survivor), O=old, HS=humongous(starts), HC=humongous(continues), CS=collection set, F=free, OA=open archive, CA=closed archive, TAMS=top-at-mark-start (previous, next)
|   0|0x0000000083200000, 0x0000000083300000, 0x0000000083300000|100%|HS|  |TAMS 0x0000000083200000, 0x0000000083200000| Complete 
|   1|0x0000000083300000, 0x0000000083400000, 0x0000000083400000|100%|HC|  |TAMS 0x0000000083300000, 0x0000000083300000| Complete 
|   2|0x0000000083400000, 0x0000000083500000, 0x0000000083500000|100%|HC|  |TAMS 0x0000000083400000, 0x0000000083400000| Complete 
|   3|0x0000000083500000, 0x0000000083600000, 0x0000000083600000|100%|HC|  |TAMS 0x0000000083500000, 0x0000000083500000| Complete 
|   4|0x0000000083600000, 0x0000000083600000, 0x0000000083700000|  0%| F|  |TAMS 0x0000000083600000, 0x0000000083600000| Untracked 
|   5|0x0000000083700000, 0x0000000083700000, 0x0000000083800000|  0%| F|  |TAMS 0x0000000083700000, 0x0000000083700000| Untracked 
|   6|0x0000000083800000, 0x0000000083800000, 0x0000000083900000|  0%| F|  |TAMS 0x0000000083800000, 0x0000000083800000| Untracked 
|   7|0x0000000083900000, 0x0000000083900000, 0x0000000083a00000|  0%| F|  |TAMS 0x0000000083900000, 0x0000000083900000| Untracked 
|   8|0x0000000083a00000, 0x0000000083a00000, 0x0000000083b00000|  0%| F|  |TAMS 0x0000000083a00000, 0x0000000083a00000| Untracked 
|   9|0x0000000083b00000, 0x0000000083b00000, 0x0000000083c00000|  0%| F|  |TAMS 0x0000000083b00000, 0x0000000083b00000| Untracked 
|  10|0x0000000083c00000, 0x0000000083c00000, 0x0000000083d00000|  0%| F|  |TAMS 0x0000000083c00000, 0x0000000083c00000| Untracked 
|  11|0x0000000083d00000, 0x0000000083d00000, 0x0000000083e00000|  0%| F|  |TAMS 0x0000000083d00000, 0x0000000083d00000| Untracked 
|  12|0x0000000083e00000, 0x0000000083e00000, 0x0000000083f00000|  0%| F|  |TAMS 0x0000000083e00000, 0x0000000083e00000| Untracked 
|  13|0x0000000083f00000, 0x0000000083f00000, 0x0000000084000000|  0%| F|  |TAMS 0x0000000083f00000, 0x0000000083f00000| Untracked 
|  14|0x0000000084000000, 0x0000000084100000, 0x0000000084100000|100%|HS|  |TAMS 0x0000000084000000, 0x0000000084000000| Complete 
|  15|0x0000000084100000, 0x0000000084200000, 0x0000000084200000|100%|HC|  |TAMS 0x0000000084100000, 0x0000000084100000| Complete 
|  16|0x0000000084200000, 0x0000000084300000, 0x0000000084300000|100%|HC|  |TAMS 0x0000000084200000, 0x0000000084200000| Complete 
|  17|0x0000000084300000, 0x0000000084400000, 0x0000000084400000|100%|HC|  |TAMS 0x0000000084300000, 0x0000000084300000| Complete 
|  18|0x0000000084400000, 0x0000000084500000, 0x0000000084500000|100%|HS|  |TAMS 0x0000000084400000, 0x0000000084400000| Complete 
|  19|0x0000000084500000, 0x0000000084600000, 0x0000000084600000|100%|HC|  |TAMS 0x0000000084500000, 0x0000000084500000| Complete 
|  20|0x0000000084600000, 0x0000000084700000, 0x0000000084700000|100%|HS|  |TAMS 0x0000000084600000, 0x0000000084600000| Complete 
|  21|0x0000000084700000, 0x0000000084700000, 0x0000000084800000|  0%| F|  |TAMS 0x0000000084700000, 0x0000000084700000| Untracked 
|  22|0x0000000084800000, 0x0000000084800000, 0x0000000084900000|  0%| F|  |TAMS 0x0000000084800000, 0x0000000084800000| Untracked 
|  23|0x0000000084900000, 0x0000000084a00000, 0x0000000084a00000|100%|HS|  |TAMS 0x0000000084900000, 0x0000000084900000| Complete 
|  24|0x0000000084a00000, 0x0000000084b00000, 0x0000000084b00000|100%|HC|  |TAMS 0x0000000084a00000, 0x0000000084a00000| Complete 
|  25|0x0000000084b00000, 0x0000000084c00000, 0x0000000084c00000|100%|HS|  |TAMS 0x0000000084b00000, 0x0000000084b00000| Complete 
|  26|0x0000000084c00000, 0x0000000084d00000, 0x0000000084d00000|100%|HC|  |TAMS 0x0000000084c00000, 0x0000000084c00000| Complete 
|  27|0x0000000084d00000, 0x0000000084e00000, 0x0000000084e00000|100%| O|  |TAMS 0x0000000084d00000, 0x0000000084d00000| Untracked 
|  28|0x0000000084e00000, 0x0000000084f00000, 0x0000000084f00000|100%| O|  |TAMS 0x0000000084e00000, 0x0000000084e00000| Untracked 
|  29|0x0000000084f00000, 0x0000000084f88800, 0x0000000085000000| 53%| O|  |TAMS 0x0000000084f00000, 0x0000000084f00000| Untracked 
|  30|0x0000000085000000, 0x0000000085000000, 0x0000000085100000|  0%| F|  |TAMS 0x0000000085000000, 0x0000000085000000| Untracked 
|  31|0x0000000085100000, 0x0000000085100000, 0x0000000085200000|  0%| F|  |TAMS 0x0000000085100000, 0x0000000085100000| Untracked 
|  32|0x0000000085200000, 0x0000000085200000, 0x0000000085300000|  0%| F|  |TAMS 0x0000000085200000, 0x0000000085200000| Untracked 
|  33|0x0000000085300000, 0x0000000085300000, 0x0000000085400000|  0%| F|  |TAMS 0x0000000085300000, 0x0000000085300000| Untracked 
|  34|0x0000000085400000, 0x0000000085400000, 0x0000000085500000|  0%| F|  |TAMS 0x0000000085400000, 0x0000000085400000| Untracked 
|  35|0x0000000085500000, 0x0000000085500000, 0x0000000085600000|  0%| F|  |TAMS 0x0000000085500000, 0x0000000085500000| Untracked 
|  36|0x0000000085600000, 0x0000000085600000, 0x0000000085700000|  0%| F|  |TAMS 0x0000000085600000, 0x0000000085600000| Untracked 
|  37|0x0000000085700000, 0x0000000085700000, 0x0000000085800000|  0%| F|  |TAMS 0x0000000085700000, 0x0000000085700000| Untracked 
|  38|0x0000000085800000, 0x0000000085800000, 0x0000000085900000|  0%| F|  |TAMS 0x0000000085800000, 0x0000000085800000| Untracked 
|  39|0x0000000085900000, 0x0000000085900000, 0x0000000085a00000|  0%| F|  |TAMS 0x0000000085900000, 0x0000000085900000| Untracked 
|  40|0x0000000085a00000, 0x0000000085a00000, 0x0000000085b00000|  0%| F|  |TAMS 0x0000000085a00000, 0x0000000085a00000| Untracked 
|  41|0x0000000085b00000, 0x0000000085b00000, 0x0000000085c00000|  0%| F|  |TAMS 0x0000000085b00000, 0x0000000085b00000| Untracked 
|  42|0x0000000085c00000, 0x0000000085c00000, 0x0000000085d00000|  0%| F|  |TAMS 0x0000000085c00000, 0x0000000085c00000| Untracked 
|  43|0x0000000085d00000, 0x0000000085d00000, 0x0000000085e00000|  0%| F|  |TAMS 0x0000000085d00000, 0x0000000085d00000| Untracked 
|  44|0x0000000085e00000, 0x0000000085e00000, 0x0000000085f00000|  0%| F|  |TAMS 0x0000000085e00000, 0x0000000085e00000| Untracked 
|  45|0x0000000085f00000, 0x0000000085f00000, 0x0000000086000000|  0%| F|  |TAMS 0x0000000085f00000, 0x0000000085f00000| Untracked 
|  46|0x0000000086000000, 0x0000000086000000, 0x0000000086100000|  0%| F|  |TAMS 0x0000000086000000, 0x0000000086000000| Untracked 
|  47|0x0000000086100000, 0x0000000086100000, 0x0000000086200000|  0%| F|  |TAMS 0x0000000086100000, 0x0000000086100000| Untracked 
|  48|0x0000000086200000, 0x0000000086200000, 0x0000000086300000|  0%| F|  |TAMS 0x0000000086200000, 0x0000000086200000| Untracked 
|  49|0x0000000086300000, 0x0000000086300000, 0x0000000086400000|  0%| F|  |TAMS 0x0000000086300000, 0x0000000086300000| Untracked 
|  50|0x0000000086400000, 0x0000000086400000, 0x0000000086500000|  0%| F|  |TAMS 0x0000000086400000, 0x0000000086400000| Untracked 
|  51|0x0000000086500000, 0x0000000086500000, 0x0000000086600000|  0%| F|  |TAMS 0x0000000086500000, 0x0000000086500000| Untracked 
|  52|0x0000000086600000, 0x0000000086600000, 0x0000000086700000|  0%| F|  |TAMS 0x0000000086600000, 0x0000000086600000| Untracked 
|  53|0x0000000086700000, 0x0000000086700000, 0x0000000086800000|  0%| F|  |TAMS 0x0000000086700000, 0x0000000086700000| Untracked 
|  54|0x0000000086800000, 0x0000000086800000, 0x0000000086900000|  0%| F|  |TAMS 0x0000000086800000, 0x0000000086800000| Untracked 
|  55|0x0000000086900000, 0x0000000086900000, 0x0000000086a00000|  0%| F|  |TAMS 0x0000000086900000, 0x0000000086900000| Untracked 
|  56|0x0000000086a00000, 0x0000000086a00000, 0x0000000086b00000|  0%| F|  |TAMS 0x0000000086a00000, 0x0000000086a00000| Untracked 
|  57|0x0000000086b00000, 0x0000000086b00000, 0x0000000086c00000|  0%| F|  |TAMS 0x0000000086b00000, 0x0000000086b00000| Untracked 
|  58|0x0000000086c00000, 0x0000000086c00000, 0x0000000086d00000|  0%| F|  |TAMS 0x0000000086c00000, 0x0000000086c00000| Untracked 
|  59|0x0000000086d00000, 0x0000000086d00000, 0x0000000086e00000|  0%| F|  |TAMS 0x0000000086d00000, 0x0000000086d00000| Untracked 
|  60|0x0000000086e00000, 0x0000000086e00000, 0x0000000086f00000|  0%| F|  |TAMS 0x0000000086e00000, 0x0000000086e00000| Untracked 
|  61|0x0000000086f00000, 0x0000000086f00000, 0x0000000087000000|  0%| F|  |TAMS 0x0000000086f00000, 0x0000000086f00000| Untracked 
|  62|0x0000000087000000, 0x0000000087000000, 0x0000000087100000|  0%| F|  |TAMS 0x0000000087000000, 0x0000000087000000| Untracked 
|  63|0x0000000087100000, 0x0000000087100000, 0x0000000087200000|  0%| F|  |TAMS 0x0000000087100000, 0x0000000087100000| Untracked 
|  64|0x0000000087200000, 0x0000000087200000, 0x0000000087300000|  0%| F|  |TAMS 0x0000000087200000, 0x0000000087200000| Untracked 
|  65|0x0000000087300000, 0x0000000087300000, 0x0000000087400000|  0%| F|  |TAMS 0x0000000087300000, 0x0000000087300000| Untracked 
|  66|0x0000000087400000, 0x0000000087400000, 0x0000000087500000|  0%| F|  |TAMS 0x0000000087400000, 0x0000000087400000| Untracked 
|  67|0x0000000087500000, 0x0000000087500000, 0x0000000087600000|  0%| F|  |TAMS 0x0000000087500000, 0x0000000087500000| Untracked 
|  68|0x0000000087600000, 0x0000000087600000, 0x0000000087700000|  0%| F|  |TAMS 0x0000000087600000, 0x0000000087600000| Untracked 
|  69|0x0000000087700000, 0x0000000087700000, 0x0000000087800000|  0%| F|  |TAMS 0x0000000087700000, 0x0000000087700000| Untracked 
|  70|0x0000000087800000, 0x0000000087800000, 0x0000000087900000|  0%| F|  |TAMS 0x0000000087800000, 0x0000000087800000| Untracked 
|  71|0x0000000087900000, 0x0000000087900000, 0x0000000087a00000|  0%| F|  |TAMS 0x0000000087900000, 0x0000000087900000| Untracked 
|  72|0x0000000087a00000, 0x0000000087a00000, 0x0000000087b00000|  0%| F|  |TAMS 0x0000000087a00000, 0x0000000087a00000| Untracked 
|  73|0x0000000087b00000, 0x0000000087b00000, 0x0000000087c00000|  0%| F|  |TAMS 0x0000000087b00000, 0x0000000087b00000| Untracked 
|  74|0x0000000087c00000, 0x0000000087c00000, 0x0000000087d00000|  0%| F|  |TAMS 0x0000000087c00000, 0x0000000087c00000| Untracked 
|  75|0x0000000087d00000, 0x0000000087d00000, 0x0000000087e00000|  0%| F|  |TAMS 0x0000000087d00000, 0x0000000087d00000| Untracked 
|  76|0x0000000087e00000, 0x0000000087e00000, 0x0000000087f00000|  0%| F|  |TAMS 0x0000000087e00000, 0x0000000087e00000| Untracked 
|  77|0x0000000087f00000, 0x0000000087f00000, 0x0000000088000000|  0%| F|  |TAMS 0x0000000087f00000, 0x0000000087f00000| Untracked 
|  78|0x0000000088000000, 0x0000000088000000, 0x0000000088100000|  0%| F|  |TAMS 0x0000000088000000, 0x0000000088000000| Untracked 
|  79|0x0000000088100000, 0x0000000088100000, 0x0000000088200000|  0%| F|  |TAMS 0x0000000088100000, 0x0000000088100000| Untracked 
|  80|0x0000000088200000, 0x0000000088200000, 0x0000000088300000|  0%| F|  |TAMS 0x0000000088200000, 0x0000000088200000| Untracked 
|  81|0x0000000088300000, 0x0000000088300000, 0x0000000088400000|  0%| F|  |TAMS 0x0000000088300000, 0x0000000088300000| Untracked 
|  82|0x0000000088400000, 0x0000000088400000, 0x0000000088500000|  0%| F|  |TAMS 0x0000000088400000, 0x0000000088400000| Untracked 
|  83|0x0000000088500000, 0x0000000088500000, 0x0000000088600000|  0%| F|  |TAMS 0x0000000088500000, 0x0000000088500000| Untracked 
|  84|0x0000000088600000, 0x0000000088600000, 0x0000000088700000|  0%| F|  |TAMS 0x0000000088600000, 0x0000000088600000| Untracked 
|  85|0x0000000088700000, 0x00000000887dcbd0, 0x0000000088800000| 86%| S|CS|TAMS 0x0000000088700000, 0x0000000088700000| Complete 
|  86|0x0000000088800000, 0x0000000088900000, 0x0000000088900000|100%| S|CS|TAMS 0x0000000088800000, 0x0000000088800000| Complete 
|  87|0x0000000088900000, 0x0000000088a00000, 0x0000000088a00000|100%| S|CS|TAMS 0x0000000088900000, 0x0000000088900000| Complete 
|  88|0x0000000088a00000, 0x0000000088b00000, 0x0000000088b00000|100%| S|CS|TAMS 0x0000000088a00000, 0x0000000088a00000| Complete 
|  89|0x0000000088b00000, 0x0000000088b00000, 0x0000000088c00000|  0%| F|  |TAMS 0x0000000088b00000, 0x0000000088b00000| Untracked 
|  90|0x0000000088c00000, 0x0000000088c00000, 0x0000000088d00000|  0%| F|  |TAMS 0x0000000088c00000, 0x0000000088c00000| Untracked 
|  91|0x0000000088d00000, 0x0000000088d00000, 0x0000000088e00000|  0%| F|  |TAMS 0x0000000088d00000, 0x0000000088d00000| Untracked 
|  92|0x0000000088e00000, 0x0000000088e00000, 0x0000000088f00000|  0%| F|  |TAMS 0x0000000088e00000, 0x0000000088e00000| Untracked 
|  93|0x0000000088f00000, 0x0000000088f00000, 0x0000000089000000|  0%| F|  |TAMS 0x0000000088f00000, 0x0000000088f00000| Untracked 
|  94|0x0000000089000000, 0x0000000089000000, 0x0000000089100000|  0%| F|  |TAMS 0x0000000089000000, 0x0000000089000000| Untracked 
|  95|0x0000000089100000, 0x0000000089100000, 0x0000000089200000|  0%| F|  |TAMS 0x0000000089100000, 0x0000000089100000| Untracked 
|  96|0x0000000089200000, 0x0000000089200000, 0x0000000089300000|  0%| F|  |TAMS 0x0000000089200000, 0x0000000089200000| Untracked 
|  97|0x0000000089300000, 0x0000000089300000, 0x0000000089400000|  0%| F|  |TAMS 0x0000000089300000, 0x0000000089300000| Untracked 
|  98|0x0000000089400000, 0x0000000089400000, 0x0000000089500000|  0%| F|  |TAMS 0x0000000089400000, 0x0000000089400000| Untracked 
|  99|0x0000000089500000, 0x0000000089500000, 0x0000000089600000|  0%| F|  |TAMS 0x0000000089500000, 0x0000000089500000| Untracked 
| 100|0x0000000089600000, 0x0000000089600000, 0x0000000089700000|  0%| F|  |TAMS 0x0000000089600000, 0x0000000089600000| Untracked 
| 101|0x0000000089700000, 0x0000000089700000, 0x0000000089800000|  0%| F|  |TAMS 0x0000000089700000, 0x0000000089700000| Untracked 
| 102|0x0000000089800000, 0x0000000089800000, 0x0000000089900000|  0%| F|  |TAMS 0x0000000089800000, 0x0000000089800000| Untracked 
| 103|0x0000000089900000, 0x0000000089900000, 0x0000000089a00000|  0%| F|  |TAMS 0x0000000089900000, 0x0000000089900000| Untracked 
| 104|0x0000000089a00000, 0x0000000089a00000, 0x0000000089b00000|  0%| F|  |TAMS 0x0000000089a00000, 0x0000000089a00000| Untracked 
| 105|0x0000000089b00000, 0x0000000089b00000, 0x0000000089c00000|  0%| F|  |TAMS 0x0000000089b00000, 0x0000000089b00000| Untracked 
| 106|0x0000000089c00000, 0x0000000089cf9af0, 0x0000000089d00000| 97%| E|  |TAMS 0x0000000089c00000, 0x0000000089c00000| Complete 
| 107|0x0000000089d00000, 0x0000000089e00000, 0x0000000089e00000|100%| E|CS|TAMS 0x0000000089d00000, 0x0000000089d00000| Complete 
| 108|0x0000000089e00000, 0x0000000089f00000, 0x0000000089f00000|100%| E|CS|TAMS 0x0000000089e00000, 0x0000000089e00000| Complete 
| 109|0x0000000089f00000, 0x000000008a000000, 0x000000008a000000|100%| E|CS|TAMS 0x0000000089f00000, 0x0000000089f00000| Complete 
| 110|0x000000008a000000, 0x000000008a100000, 0x000000008a100000|100%| E|CS|TAMS 0x000000008a000000, 0x000000008a000000| Complete 
| 111|0x000000008a100000, 0x000000008a200000, 0x000000008a200000|100%| E|CS|TAMS 0x000000008a100000, 0x000000008a100000| Complete 
| 112|0x000000008a200000, 0x000000008a300000, 0x000000008a300000|100%| E|CS|TAMS 0x000000008a200000, 0x000000008a200000| Complete 
| 113|0x000000008a300000, 0x000000008a400000, 0x000000008a400000|100%| E|CS|TAMS 0x000000008a300000, 0x000000008a300000| Complete 
| 114|0x000000008a400000, 0x000000008a500000, 0x000000008a500000|100%| E|CS|TAMS 0x000000008a400000, 0x000000008a400000| Complete 
| 115|0x000000008a500000, 0x000000008a600000, 0x000000008a600000|100%| E|CS|TAMS 0x000000008a500000, 0x000000008a500000| Complete 
| 116|0x000000008a600000, 0x000000008a700000, 0x000000008a700000|100%| E|CS|TAMS 0x000000008a600000, 0x000000008a600000| Complete 
| 117|0x000000008a700000, 0x000000008a800000, 0x000000008a800000|100%| E|CS|TAMS 0x000000008a700000, 0x000000008a700000| Complete 
| 118|0x000000008a800000, 0x000000008a900000, 0x000000008a900000|100%| E|CS|TAMS 0x000000008a800000, 0x000000008a800000| Complete 
| 119|0x000000008a900000, 0x000000008aa00000, 0x000000008aa00000|100%| E|CS|TAMS 0x000000008a900000, 0x000000008a900000| Complete 
| 120|0x000000008aa00000, 0x000000008ab00000, 0x000000008ab00000|100%| E|CS|TAMS 0x000000008aa00000, 0x000000008aa00000| Complete 
| 121|0x000000008ab00000, 0x000000008ac00000, 0x000000008ac00000|100%| E|CS|TAMS 0x000000008ab00000, 0x000000008ab00000| Complete 
| 122|0x000000008ac00000, 0x000000008ad00000, 0x000000008ad00000|100%| E|CS|TAMS 0x000000008ac00000, 0x000000008ac00000| Complete 
| 123|0x000000008ad00000, 0x000000008ae00000, 0x000000008ae00000|100%| E|CS|TAMS 0x000000008ad00000, 0x000000008ad00000| Complete 
| 124|0x000000008ae00000, 0x000000008af00000, 0x000000008af00000|100%| E|CS|TAMS 0x000000008ae00000, 0x000000008ae00000| Complete 
| 125|0x000000008af00000, 0x000000008b000000, 0x000000008b000000|100%| E|CS|TAMS 0x000000008af00000, 0x000000008af00000| Complete 

Card table byte_map: [0x00000255c5f90000,0x00000255c6380000] _byte_map_base: 0x00000255c5b77000

Marking Bits (Prev, Next): (CMBitMap*) 0x00000255af03a150, (CMBitMap*) 0x00000255af03a190
 Prev Bits: [0x00000255c6770000, 0x00000255c86a8000)
 Next Bits: [0x00000255c86b0000, 0x00000255ca5e8000)

Polling page: 0x00000255acee0000

Metaspace:

Usage:
  Non-class:     12.85 MB used.
      Class:      1.05 MB used.
       Both:     13.90 MB used.

Virtual space:
  Non-class space:       16.00 MB reserved,      12.94 MB ( 81%) committed,  2 nodes.
      Class space:        1.00 GB reserved,       1.12 MB ( <1%) committed,  1 nodes.
             Both:        1.02 GB reserved,      14.06 MB (  1%) committed. 

Chunk freelists:
   Non-Class:  3.03 MB
       Class:  2.82 MB
        Both:  5.85 MB

MaxMetaspaceSize: unlimited
CompressedClassSpaceSize: 1.00 GB
Initial GC threshold: 21.00 MB
Current GC threshold: 21.00 MB
CDS: on
MetaspaceReclaimPolicy: balanced
 - commit_granule_bytes: 65536.
 - commit_granule_words: 8192.
 - virtual_space_node_default_size: 1048576.
 - enlarge_chunks_in_place: 1.
 - new_chunks_are_fully_committed: 0.
 - uncommit_free_chunks: 1.
 - use_allocation_guard: 0.
 - handle_deallocations: 1.


Internal statistics:

num_allocs_failed_limit: 0.
num_arena_births: 142.
num_arena_deaths: 0.
num_vsnodes_births: 3.
num_vsnodes_deaths: 0.
num_space_committed: 221.
num_space_uncommitted: 0.
num_chunks_returned_to_freelist: 0.
num_chunks_taken_from_freelist: 456.
num_chunk_merges: 0.
num_chunk_splits: 352.
num_chunks_enlarged: 275.
num_purges: 0.
num_inconsistent_stats: 0.

CodeHeap 'non-profiled nmethods': size=120000Kb used=1084Kb max_used=1084Kb free=118916Kb
 bounds [0x00000255be340000, 0x00000255be5b0000, 0x00000255c5870000]
CodeHeap 'profiled nmethods': size=120000Kb used=3837Kb max_used=3837Kb free=116162Kb
 bounds [0x00000255b6870000, 0x00000255b6c30000, 0x00000255bdda0000]
CodeHeap 'non-nmethods': size=5760Kb used=1617Kb max_used=1647Kb free=4142Kb
 bounds [0x00000255bdda0000, 0x00000255be010000, 0x00000255be340000]
 total_blobs=2818 nmethods=1873 adapters=858
 compilation: enabled
              stopped_count=0, restarted_count=0
 full_count=0

Compilation events (20 events):
Event: 7.535 Thread 0x00000255cd001d80 nmethod 1864 0x00000255b6c23590 code [0x00000255b6c23820, 0x00000255b6c24408]
Event: 7.535 Thread 0x00000255cd001d80 1866       3       processing.opengl.PShader::unbind (36 bytes)
Event: 7.535 Thread 0x00000255cd001d80 nmethod 1866 0x00000255b6c24890 code [0x00000255b6c24a60, 0x00000255b6c24ea8]
Event: 7.535 Thread 0x00000255cd001d80 1867       3       processing.opengl.PShader::unbindTyped (301 bytes)
Event: 7.537 Thread 0x00000255cd001d80 nmethod 1867 0x00000255b6c25010 code [0x00000255b6c253e0, 0x00000255b6c27558]
Event: 7.537 Thread 0x00000255cd001d80 1868       3       processing.opengl.PShader::unbindTextures (136 bytes)
Event: 7.539 Thread 0x00000255cd001d80 nmethod 1868 0x00000255b6c27f90 code [0x00000255b6c282a0, 0x00000255b6c298e8]
Event: 7.539 Thread 0x00000255cd001d80 1861       3       processing.opengl.PGraphicsOpenGL::diff (19 bytes)
Event: 7.540 Thread 0x00000255cd001d80 nmethod 1861 0x00000255b6c2a010 code [0x00000255b6c2a1e0, 0x00000255b6c2a458]
Event: 7.540 Thread 0x00000255cd001d80 1862       3       processing.opengl.PGraphicsOpenGL$TessGeometry::updateLineVerticesBuffer (10 bytes)
Event: 7.541 Thread 0x00000255cd001d80 nmethod 1862 0x00000255b6c2a510 code [0x00000255b6c2a6c0, 0x00000255b6c2a828]
Event: 7.547 Thread 0x00000255cd001d80 1869       3       processing.opengl.PShader::setCommonUniforms (269 bytes)
Event: 7.549 Thread 0x00000255cd001d80 nmethod 1869 0x00000255b6c2a910 code [0x00000255b6c2ac20, 0x00000255b6c2c0e8]
Event: 7.619 Thread 0x00000255cd001d80 1870  s    3       java.lang.Throwable::fillInStackTrace (29 bytes)
Event: 7.620 Thread 0x00000255cd001d80 nmethod 1870 0x00000255b6c2c990 code [0x00000255b6c2cb40, 0x00000255b6c2ce28]
Event: 7.621 Thread 0x00000255cd001d80 1872       3       processing.opengl.PGraphicsOpenGL$InGeometry::addEllipse (316 bytes)
Event: 7.623 Thread 0x00000255cd001d80 nmethod 1872 0x00000255b6c2cf10 code [0x00000255b6c2d280, 0x00000255b6c2e778]
Event: 7.722 Thread 0x00000255cd001d80 1873       3       javazoom.jl.decoder.Equalizer::getBandFactors (36 bytes)
Event: 7.723 Thread 0x00000255cd001d80 nmethod 1873 0x00000255b6c2f110 code [0x00000255b6c2f2c0, 0x00000255b6c2f5c8]
Event: 7.768 Thread 0x00000255cd0013d0 1874       4       java.util.jar.JarFile::getEntry (35 bytes)

GC Heap History (4 events):
Event: 2.512 GC heap before
{Heap before GC invocations=0 (full 0):
 garbage-first heap   total 129024K, used 25600K [0x0000000083200000, 0x0000000100000000)
  region size 1024K, 23 young (23552K), 0 survivors (0K)
 Metaspace       used 11260K, committed 11456K, reserved 1064960K
  class space    used 812K, committed 896K, reserved 1048576K
}
Event: 2.525 GC heap after
{Heap after GC invocations=1 (full 0):
 garbage-first heap   total 129024K, used 2738K [0x0000000083200000, 0x0000000100000000)
  region size 1024K, 3 young (3072K), 3 survivors (3072K)
 Metaspace       used 11260K, committed 11456K, reserved 1064960K
  class space    used 812K, committed 896K, reserved 1048576K
}
Event: 6.385 GC heap before
{Heap before GC invocations=1 (full 0):
 garbage-first heap   total 129024K, used 64178K [0x0000000083200000, 0x0000000100000000)
  region size 1024K, 37 young (37888K), 3 survivors (3072K)
 Metaspace       used 14029K, committed 14208K, reserved 1064960K
  class space    used 1073K, committed 1152K, reserved 1048576K
}
Event: 6.394 GC heap after
{Heap after GC invocations=2 (full 0):
 garbage-first heap   total 129024K, used 21908K [0x0000000083200000, 0x0000000100000000)
  region size 1024K, 4 young (4096K), 4 survivors (4096K)
 Metaspace       used 14029K, committed 14208K, reserved 1064960K
  class space    used 1073K, committed 1152K, reserved 1048576K
}

Deoptimization events (20 events):
Event: 6.654 Thread 0x00000255cecde870 DEOPT PACKING pc=0x00000255b6b9a33a sp=0x000000a96b9fe830
Event: 6.654 Thread 0x00000255cecde870 DEOPT UNPACKING pc=0x00000255bddf66e3 sp=0x000000a96b9fdd60 mode 0
Event: 6.669 Thread 0x00000255cecde870 DEOPT PACKING pc=0x00000255b6b9a33a sp=0x000000a96b9fe830
Event: 6.669 Thread 0x00000255cecde870 DEOPT UNPACKING pc=0x00000255bddf66e3 sp=0x000000a96b9fdd60 mode 0
Event: 6.679 Thread 0x00000255cecde870 DEOPT PACKING pc=0x00000255b6b9a33a sp=0x000000a96b9fe830
Event: 6.679 Thread 0x00000255cecde870 DEOPT UNPACKING pc=0x00000255bddf66e3 sp=0x000000a96b9fdd60 mode 0
Event: 6.686 Thread 0x00000255cecde870 DEOPT PACKING pc=0x00000255b6b9a33a sp=0x000000a96b9fe830
Event: 6.686 Thread 0x00000255cecde870 DEOPT UNPACKING pc=0x00000255bddf66e3 sp=0x000000a96b9fdd60 mode 0
Event: 7.078 Thread 0x00000255d01e9980 Uncommon trap: trap_request=0xffffff45 fr.pc=0x00000255be3d6cf8 relative=0x00000000000000f8
Event: 7.078 Thread 0x00000255d01e9980 Uncommon trap: reason=unstable_if action=reinterpret pc=0x00000255be3d6cf8 method=javazoom.jl.decoder.BitReserve.hgetbits(I)I @ 22 c2
Event: 7.078 Thread 0x00000255d01e9980 DEOPT PACKING pc=0x00000255be3d6cf8 sp=0x000000a96c1feef0
Event: 7.078 Thread 0x00000255d01e9980 DEOPT UNPACKING pc=0x00000255bddf5ba3 sp=0x000000a96c1fee78 mode 2
Event: 7.690 Thread 0x00000255d01ece70 Uncommon trap: trap_request=0xffffff45 fr.pc=0x00000255be401360 relative=0x0000000000000060
Event: 7.690 Thread 0x00000255d01ece70 Uncommon trap: reason=unstable_if action=reinterpret pc=0x00000255be401360 method=java.util.HashMap.keySet()Ljava/util/Set; @ 6 c2
Event: 7.690 Thread 0x00000255d01ece70 DEOPT PACKING pc=0x00000255be401360 sp=0x000000a96c5ff180
Event: 7.690 Thread 0x00000255d01ece70 DEOPT UNPACKING pc=0x00000255bddf5ba3 sp=0x000000a96c5ff118 mode 2
Event: 7.691 Thread 0x00000255cec48170 Uncommon trap: trap_request=0xffffff45 fr.pc=0x00000255be3f3c68 relative=0x00000000000001e8
Event: 7.691 Thread 0x00000255cec48170 Uncommon trap: reason=unstable_if action=reinterpret pc=0x00000255be3f3c68 method=java.util.HashMap$HashIterator.<init>(Ljava/util/HashMap;)V @ 38 c2
Event: 7.691 Thread 0x00000255cec48170 DEOPT PACKING pc=0x00000255be3f3c68 sp=0x000000a96aefeec0
Event: 7.691 Thread 0x00000255cec48170 DEOPT UNPACKING pc=0x00000255bddf5ba3 sp=0x000000a96aefee68 mode 2

Classes unloaded (0 events):
No events

Classes redefined (0 events):
No events

Internal exceptions (17 events):
Event: 0.590 Thread 0x00000255aefdffa0 Exception <a 'java/lang/ClassNotFoundException'{0x000000008ad84a70}: sun/awt/resources/spi/awtProvider> (0x000000008ad84a70) 
thrown [s\open\src\hotspot\share\classfile\systemDictionary.cpp, line 256]
Event: 0.651 Thread 0x00000255aefdffa0 Exception <a 'java/io/FileNotFoundException'{0x000000008adda948}> (0x000000008adda948) 
thrown [s\open\src\hotspot\share\prims\jni.cpp, line 516]
Event: 0.677 Thread 0x00000255aefdffa0 Exception <a 'java/io/FileNotFoundException'{0x000000008ac07d50}> (0x000000008ac07d50) 
thrown [s\open\src\hotspot\share\prims\jni.cpp, line 516]
Event: 0.795 Thread 0x00000255aefdffa0 Exception <a 'java/lang/NoSuchMethodError'{0x000000008ac97270}: 'java.lang.Object java.lang.invoke.DirectMethodHandle$Holder.invokeStaticInit(java.lang.Object)'> (0x000000008ac97270) 
thrown [s\open\src\hotspot\share\interpreter\linkResolver.cpp, line 759]
Event: 1.149 Thread 0x00000255aefdffa0 Exception <a 'java/lang/NoSuchMethodError'{0x000000008a8ce388}: 'java.lang.Object java.lang.invoke.DirectMethodHandle$Holder.invokeStaticInit(java.lang.Object, int, int, int, int)'> (0x000000008a8ce388) 
thrown [s\open\src\hotspot\share\interpreter\linkResolver.cpp, line 759]
Event: 1.293 Thread 0x00000255aefdffa0 Exception <a 'java/lang/NoSuchMethodError'{0x000000008a784ba8}: 'java.lang.Object java.lang.invoke.DirectMethodHandle$Holder.invokeStaticInit(java.lang.Object, java.lang.Object, int, int, int, int)'> (0x000000008a784ba8) 
thrown [s\open\src\hotspot\share\interpreter\linkResolver.cpp, line 759]
Event: 1.343 Thread 0x00000255aefdffa0 Exception <a 'java/lang/NoSuchMethodError'{0x000000008a790778}: 'void java.lang.invoke.DirectMethodHandle$Holder.invokeStatic(java.lang.Object, long)'> (0x000000008a790778) 
thrown [s\open\src\hotspot\share\interpreter\linkResolver.cpp, line 759]
Event: 1.344 Thread 0x00000255aefdffa0 Exception <a 'java/lang/NoSuchMethodError'{0x000000008a795d58}: 'java.lang.Object java.lang.invoke.DirectMethodHandle$Holder.newInvokeSpecial(java.lang.Object, long)'> (0x000000008a795d58) 
thrown [s\open\src\hotspot\share\interpreter\linkResolver.cpp, line 759]
Event: 1.348 Thread 0x00000255aefdffa0 Exception <a 'java/lang/NoSuchMethodError'{0x000000008a79cfb0}: 'java.lang.Object java.lang.invoke.DirectMethodHandle$Holder.invokeStatic(java.lang.Object, java.lang.Object, long, java.lang.Object)'> (0x000000008a79cfb0) 
thrown [s\open\src\hotspot\share\interpreter\linkResolver.cpp, line 759]
Event: 1.349 Thread 0x00000255aefdffa0 Exception <a 'java/lang/NoSuchMethodError'{0x000000008a7a0a48}: 'java.lang.Object java.lang.invoke.DirectMethodHandle$Holder.invokeStaticInit(java.lang.Object, java.lang.Object, long, java.lang.Object)'> (0x000000008a7a0a48) 
thrown [s\open\src\hotspot\share\interpreter\linkResolver.cpp, line 759]
Event: 1.350 Thread 0x00000255aefdffa0 Exception <a 'java/lang/NoSuchMethodError'{0x000000008a7a7008}: 'java.lang.Object java.lang.invoke.DirectMethodHandle$Holder.newInvokeSpecial(java.lang.Object, java.lang.Object, long)'> (0x000000008a7a7008) 
thrown [s\open\src\hotspot\share\interpreter\linkResolver.cpp, line 759]
Event: 1.351 Thread 0x00000255aefdffa0 Exception <a 'java/lang/NoSuchMethodError'{0x000000008a7aab78}: 'java.lang.Object java.lang.invoke.Invokers$Holder.linkToTargetMethod(java.lang.Object, long, java.lang.Object)'> (0x000000008a7aab78) 
thrown [s\open\src\hotspot\share\interpreter\linkResolver.cpp, line 759]
Event: 1.622 Thread 0x00000255aefdffa0 Exception <a 'java/lang/NoSuchMethodError'{0x000000008a6b1b58}: 'java.lang.Object java.lang.invoke.DirectMethodHandle$Holder.invokeInterface(java.lang.Object, java.lang.Object)'> (0x000000008a6b1b58) 
thrown [s\open\src\hotspot\share\interpreter\linkResolver.cpp, line 759]
Event: 1.623 Thread 0x00000255aefdffa0 Exception <a 'java/lang/IncompatibleClassChangeError'{0x000000008a6b5350}: Found class java.lang.Object, but interface was expected> (0x000000008a6b5350) 
thrown [s\open\src\hotspot\share\interpreter\linkResolver.cpp, line 826]
Event: 3.513 Thread 0x00000255cecde870 Exception <a 'java/lang/NoSuchMethodError'{0x000000008a297420}: 'java.lang.Object java.lang.invoke.DirectMethodHandle$Holder.invokeStatic(java.lang.Object, float)'> (0x000000008a297420) 
thrown [s\open\src\hotspot\share\interpreter\linkResolver.cpp, line 759]
Event: 3.534 Thread 0x00000255cecde870 Exception <a 'java/lang/NoSuchMethodError'{0x000000008a2e2e50}: 'int java.lang.invoke.DirectMethodHandle$Holder.invokeSpecial(java.lang.Object, java.lang.Object, java.lang.Object)'> (0x000000008a2e2e50) 
thrown [s\open\src\hotspot\share\interpreter\linkResolver.cpp, line 759]
Event: 7.667 Thread 0x00000255ceb6c660 Exception <a 'java/lang/InterruptedException'{0x0000000089d94bc0}> (0x0000000089d94bc0) 
thrown [s\open\src\hotspot\share\runtime\objectMonitor.cpp, line 1661]

VM Operations (20 events):
Event: 2.525 Executing VM operation: G1CollectForAllocation done
Event: 2.525 Executing VM operation: Cleanup
Event: 2.525 Executing VM operation: Cleanup done
Event: 3.483 Executing VM operation: HandshakeAllThreads
Event: 3.483 Executing VM operation: HandshakeAllThreads done
Event: 3.532 Executing VM operation: HandshakeAllThreads
Event: 3.532 Executing VM operation: HandshakeAllThreads done
Event: 3.532 Executing VM operation: Cleanup
Event: 3.532 Executing VM operation: Cleanup done
Event: 3.966 Executing VM operation: HandshakeAllThreads
Event: 3.966 Executing VM operation: HandshakeAllThreads done
Event: 4.966 Executing VM operation: Cleanup
Event: 4.966 Executing VM operation: Cleanup done
Event: 6.385 Executing VM operation: G1CollectForAllocation
Event: 6.394 Executing VM operation: G1CollectForAllocation done
Event: 6.395 Executing VM operation: Cleanup
Event: 6.395 Executing VM operation: Cleanup done
Event: 7.395 Executing VM operation: Cleanup
Event: 7.396 Executing VM operation: Cleanup done
Event: 7.791 Executing VM operation: Exit

Events (20 events):
Event: 5.512 loading class java/util/regex/Pattern$SliceS done
Event: 5.917 Thread 0x00000255d027a4c0 Thread exited: 0x00000255d027a4c0
Event: 5.917 Thread 0x00000255d050b9d0 Thread exited: 0x00000255d050b9d0
Event: 5.967 Thread 0x00000255d050b7f0 Thread added: 0x00000255d050b7f0
Event: 6.381 Thread 0x00000255d0222f50 Thread added: 0x00000255d0222f50
Event: 6.713 Thread 0x00000255d0222f50 Thread exited: 0x00000255d0222f50
Event: 6.713 Thread 0x00000255d050b7f0 Thread exited: 0x00000255d050b7f0
Event: 7.666 Thread 0x00000255d01eacc0 Thread added: 0x00000255d01eacc0
Event: 7.666 Thread 0x00000255d01ece70 Thread added: 0x00000255d01ece70
Event: 7.666 Thread 0x00000255d01ea7f0 Thread added: 0x00000255d01ea7f0
Event: 7.667 Thread 0x00000255ceb6c660 Thread exited: 0x00000255ceb6c660
Event: 7.667 Thread 0x00000255d01ec000 Thread added: 0x00000255d01ec000
Event: 7.668 loading class java/nio/channels/ClosedChannelException
Event: 7.668 loading class java/nio/channels/ClosedChannelException done
Event: 7.668 Thread 0x00000255cea98e20 Thread exited: 0x00000255cea98e20
Event: 7.668 Thread 0x00000255d01ea7f0 Thread exited: 0x00000255d01ea7f0
Event: 7.684 Thread 0x00000255cdfd5700 Thread exited: 0x00000255cdfd5700
Event: 7.766 Thread 0x00000255cec48170 Thread exited: 0x00000255cec48170
Event: 7.772 Thread 0x00000255d01eacc0 Thread exited: 0x00000255d01eacc0
Event: 7.789 Thread 0x00000255d01ece70 Thread exited: 0x00000255d01ece70


Dynamic libraries:
0x00007ff7825d0000 - 0x00007ff7825e0000 	C:\Program Files\Java\jdk-17\bin\java.exe
0x00007ffe011b0000 - 0x00007ffe013a8000 	C:\Windows\SYSTEM32\ntdll.dll
0x00007ffdff2f0000 - 0x00007ffdff3af000 	C:\Windows\System32\KERNEL32.DLL
0x00007ffdfe8c0000 - 0x00007ffdfeb9a000 	C:\Windows\System32\KERNELBASE.dll
0x00007ffdfeba0000 - 0x00007ffdfeca0000 	C:\Windows\System32\ucrtbase.dll
0x00007ffdf0ee0000 - 0x00007ffdf0efb000 	C:\Program Files\Java\jdk-17\bin\VCRUNTIME140.dll
0x00007ffdf04a0000 - 0x00007ffdf04b8000 	C:\Program Files\Java\jdk-17\bin\jli.dll
0x00007ffe00eb0000 - 0x00007ffe00f5e000 	C:\Windows\System32\ADVAPI32.dll
0x00007ffe00d50000 - 0x00007ffe00dee000 	C:\Windows\System32\msvcrt.dll
0x00007ffdffac0000 - 0x00007ffdffb5c000 	C:\Windows\System32\sechost.dll
0x00007ffdff4d0000 - 0x00007ffdff5f6000 	C:\Windows\System32\RPCRT4.dll
0x00007ffe00450000 - 0x00007ffe005ed000 	C:\Windows\System32\USER32.dll
0x00007ffdff070000 - 0x00007ffdff092000 	C:\Windows\System32\win32u.dll
0x00007ffe01140000 - 0x00007ffe0116b000 	C:\Windows\System32\GDI32.dll
0x00007ffdfed10000 - 0x00007ffdfee20000 	C:\Windows\System32\gdi32full.dll
0x00007ffdfefd0000 - 0x00007ffdff06d000 	C:\Windows\System32\msvcp_win.dll
0x00007ffdeb5f0000 - 0x00007ffdeb88a000 	C:\Windows\WinSxS\amd64_microsoft.windows.common-controls_6595b64144ccf1df_6.0.19041.1110_none_60b5254171f9507e\COMCTL32.dll
0x00007ffdf5920000 - 0x00007ffdf592a000 	C:\Windows\SYSTEM32\VERSION.dll
0x00007ffdffa80000 - 0x00007ffdffab0000 	C:\Windows\System32\IMM32.DLL
0x00007ffdf9f40000 - 0x00007ffdf9f4c000 	C:\Program Files\Java\jdk-17\bin\vcruntime140_1.dll
0x00007ffdcf870000 - 0x00007ffdcf8fe000 	C:\Program Files\Java\jdk-17\bin\msvcp140.dll
0x00007ffdb09f0000 - 0x00007ffdb15c7000 	C:\Program Files\Java\jdk-17\bin\server\jvm.dll
0x00007ffdff3b0000 - 0x00007ffdff3b8000 	C:\Windows\System32\PSAPI.DLL
0x00007ffdcb380000 - 0x00007ffdcb389000 	C:\Windows\SYSTEM32\WSOCK32.dll
0x00007ffdffa10000 - 0x00007ffdffa7b000 	C:\Windows\System32\WS2_32.dll
0x00007ffdeaea0000 - 0x00007ffdeaec7000 	C:\Windows\SYSTEM32\WINMM.dll
0x00007ffdfd0d0000 - 0x00007ffdfd0e2000 	C:\Windows\SYSTEM32\kernel.appcore.dll
0x00007ffdf8360000 - 0x00007ffdf836a000 	C:\Program Files\Java\jdk-17\bin\jimage.dll
0x00007ffdfc430000 - 0x00007ffdfc614000 	C:\Windows\SYSTEM32\DBGHELP.DLL
0x00007ffde3ff0000 - 0x00007ffde4024000 	C:\Windows\SYSTEM32\dbgcore.DLL
0x00007ffdff0d0000 - 0x00007ffdff152000 	C:\Windows\System32\bcryptPrimitives.dll
0x00007ffde9730000 - 0x00007ffde976b000 	C:\Program Files\Java\jdk-17\bin\jdwp.dll
0x00007ffde9170000 - 0x00007ffde9195000 	C:\Program Files\Java\jdk-17\bin\java.dll
0x00007ffdce9c0000 - 0x00007ffdcea97000 	C:\Program Files\Java\jdk-17\bin\jsvml.dll
0x00007ffe005f0000 - 0x00007ffe00d34000 	C:\Windows\System32\SHELL32.dll
0x00007ffdfc920000 - 0x00007ffdfd0b3000 	C:\Windows\SYSTEM32\windows.storage.dll
0x00007ffdffc80000 - 0x00007ffdfffd4000 	C:\Windows\System32\combase.dll
0x00007ffdfe320000 - 0x00007ffdfe34e000 	C:\Windows\SYSTEM32\Wldp.dll
0x00007ffe01090000 - 0x00007ffe0113d000 	C:\Windows\System32\SHCORE.dll
0x00007ffdff600000 - 0x00007ffdff655000 	C:\Windows\System32\shlwapi.dll
0x00007ffdfe800000 - 0x00007ffdfe81f000 	C:\Windows\SYSTEM32\profapi.dll
0x00007ffdf7390000 - 0x00007ffdf739c000 	C:\Program Files\Java\jdk-17\bin\dt_socket.dll
0x00007ffdfdd20000 - 0x00007ffdfdd5c000 	C:\Windows\SYSTEM32\IPHLPAPI.DLL
0x00007ffdfe080000 - 0x00007ffdfe0ea000 	C:\Windows\system32\mswsock.dll
0x00007ffdfdd60000 - 0x00007ffdfde2b000 	C:\Windows\SYSTEM32\DNSAPI.dll
0x00007ffe00d40000 - 0x00007ffe00d48000 	C:\Windows\System32\NSI.dll
0x00007ffdf6430000 - 0x00007ffdf643a000 	C:\Windows\System32\rasadhlp.dll
0x00007ffdf2540000 - 0x00007ffdf25c0000 	C:\Windows\System32\fwpuclnt.dll
0x00007ffdff0a0000 - 0x00007ffdff0c7000 	C:\Windows\System32\bcrypt.dll
0x00007ffde9870000 - 0x00007ffde9889000 	C:\Program Files\Java\jdk-17\bin\net.dll
0x00007ffdf8670000 - 0x00007ffdf877a000 	C:\Windows\SYSTEM32\WINHTTP.dll
0x00007ffde9590000 - 0x00007ffde95a6000 	C:\Program Files\Java\jdk-17\bin\nio.dll
0x00007ffde8fd0000 - 0x00007ffde8fe8000 	C:\Program Files\Java\jdk-17\bin\zip.dll
0x00007ffdcc460000 - 0x00007ffdcc5f1000 	C:\Program Files\Java\jdk-17\bin\awt.dll
0x00007ffdff660000 - 0x00007ffdff72d000 	C:\Windows\System32\OLEAUT32.dll
0x00007ffdfbda0000 - 0x00007ffdfbe30000 	C:\Windows\SYSTEM32\apphelp.dll
0x00007ffdfbea0000 - 0x00007ffdfbf3e000 	C:\Windows\system32\uxtheme.dll
0x00007ffdffb60000 - 0x00007ffdffc74000 	C:\Windows\System32\MSCTF.dll
0x00007ffdff730000 - 0x00007ffdff85a000 	C:\Windows\System32\ole32.dll
0x00007ffdfbfa0000 - 0x00007ffdfbfcf000 	C:\Windows\system32\DWMAPI.DLL
0x00007ffde9d00000 - 0x00007ffde9e25000 	C:\Windows\system32\opengl32.dll
0x00007ffdf1c20000 - 0x00007ffdf1c4c000 	C:\Windows\SYSTEM32\GLU32.dll
0x00007ffdfe270000 - 0x00007ffdfe288000 	C:\Windows\SYSTEM32\CRYPTSP.dll
0x00007ffdfd910000 - 0x00007ffdfd944000 	C:\Windows\system32\rsaenh.dll
0x00007ffdfe780000 - 0x00007ffdfe7ae000 	C:\Windows\SYSTEM32\USERENV.dll
0x00007ffdfe290000 - 0x00007ffdfe29c000 	C:\Windows\SYSTEM32\CRYPTBASE.dll
0x00007ffdf42b0000 - 0x00007ffdf42c7000 	C:\Windows\SYSTEM32\dhcpcsvc6.DLL
0x00007ffdf4290000 - 0x00007ffdf42ad000 	C:\Windows\SYSTEM32\dhcpcsvc.DLL
0x000000006e8c0000 - 0x000000006e8cd000 	C:\Users\bakht\AppData\Local\Temp\jogamp_0000\file_cache\jln4186068584546203947\jln12659411255094716347\natives\windows-amd64\gluegen_rt.dll
0x00007ffdf1c00000 - 0x00007ffdf1c07000 	C:\Program Files\Java\jdk-17\bin\jawt.dll
0x000000006a440000 - 0x000000006a44d000 	C:\Users\bakht\AppData\Local\Temp\jogamp_0000\file_cache\jln4186068584546203947\jln12659411255094716347\natives\windows-amd64\nativewindow_awt.dll
0x000000006c100000 - 0x000000006c110000 	C:\Users\bakht\AppData\Local\Temp\jogamp_0000\file_cache\jln4186068584546203947\jln12659411255094716347\natives\windows-amd64\nativewindow_win32.dll
0x0000000070d80000 - 0x0000000070d93000 	C:\Users\bakht\AppData\Local\Temp\jogamp_0000\file_cache\jln4186068584546203947\jln12659411255094716347\natives\windows-amd64\newt_head.dll
0x00007ffdf8b40000 - 0x00007ffdf8bee000 	C:\Windows\SYSTEM32\mscms.dll
0x00007ffdf9410000 - 0x00007ffdf9421000 	C:\Windows\SYSTEM32\ColorAdapterClient.dll
0x00007ffde59e0000 - 0x00007ffde5a23000 	C:\Windows\SYSTEM32\icm32.dll
0x00007ffdfffe0000 - 0x00007ffe00448000 	C:\Windows\System32\setupapi.dll
0x00007ffdfef80000 - 0x00007ffdfefce000 	C:\Windows\System32\cfgmgr32.dll
0x00007ffdfe670000 - 0x00007ffdfe69c000 	C:\Windows\SYSTEM32\DEVOBJ.dll
0x00007ffdfeca0000 - 0x00007ffdfed07000 	C:\Windows\System32\WINTRUST.dll
0x00007ffdfee20000 - 0x00007ffdfef76000 	C:\Windows\System32\CRYPT32.dll
0x00007ffdfe4b0000 - 0x00007ffdfe4c2000 	C:\Windows\SYSTEM32\MSASN1.dll
0x0000000064500000 - 0x0000000064585000 	C:\Users\bakht\AppData\Local\Temp\jogamp_0000\file_cache\jln4186068584546203947\jln12659411255094716347\natives\windows-amd64\jogl_desktop.dll
0x0000000064340000 - 0x0000000064391000 	C:\Users\bakht\AppData\Local\Temp\jogamp_0000\file_cache\jln4186068584546203947\jln12659411255094716347\natives\windows-amd64\jogl_mobile.dll
0x00007ffe00fe0000 - 0x00007ffe01089000 	C:\Windows\System32\clbcatq.dll
0x00007ffdf5d20000 - 0x00007ffdf5e24000 	C:\Windows\System32\AppXDeploymentClient.dll
0x00007ffdaf9e0000 - 0x00007ffdb09ea000 	C:\Windows\System32\DriverStore\FileRepository\iigd_dch.inf_amd64_cb43c2398bc88530\igxelpicd64.dll
0x00007ffdfd260000 - 0x00007ffdfd353000 	C:\Windows\system32\dxgi.dll
0x00007ffdc1730000 - 0x00007ffdc1a00000 	C:\Windows\System32\DriverStore\FileRepository\iigd_dch.inf_amd64_cb43c2398bc88530\igdml64.dll
0x00007ffdf2d70000 - 0x00007ffdf3159000 	C:\Windows\System32\DriverStore\FileRepository\iigd_dch.inf_amd64_cb43c2398bc88530\igdgmm64.dll
0x00007ffdec320000 - 0x00007ffdef92f000 	C:\Windows\System32\DriverStore\FileRepository\iigd_dch.inf_amd64_cb43c2398bc88530\igc64.dll
0x00007ffdfde90000 - 0x00007ffdfdedb000 	C:\Windows\SYSTEM32\powrprof.dll
0x00007ffdfdd00000 - 0x00007ffdfdd12000 	C:\Windows\SYSTEM32\UMPDC.dll
0x00007ffdf1db0000 - 0x00007ffdf1ea9000 	C:\Windows\SYSTEM32\textinputframework.dll
0x00007ffdfbad0000 - 0x00007ffdfbbc2000 	C:\Windows\System32\CoreMessaging.dll
0x00007ffdfb770000 - 0x00007ffdfbace000 	C:\Windows\System32\CoreUIComponents.dll
0x00007ffdfda50000 - 0x00007ffdfda83000 	C:\Windows\SYSTEM32\ntmarta.dll
0x00007ffdfaf90000 - 0x00007ffdfb0e4000 	C:\Windows\SYSTEM32\wintypes.dll
0x00007ffde3b00000 - 0x00007ffde3b66000 	C:\Windows\system32\Oleacc.dll
0x00007ffdf1b50000 - 0x00007ffdf1b60000 	C:\Program Files\Java\jdk-17\bin\verify.dll
0x00007ffde59c0000 - 0x00007ffde59d2000 	C:\Program Files\Java\jdk-17\bin\jsound.dll
0x00007ffdcb930000 - 0x00007ffdcb9cc000 	C:\Windows\SYSTEM32\DSOUND.dll
0x00007ffde85c0000 - 0x00007ffde85e6000 	C:\Windows\SYSTEM32\winmmbase.dll
0x00007ffdf8120000 - 0x00007ffdf81a5000 	C:\Windows\System32\MMDevApi.dll
0x00007ffdcf220000 - 0x00007ffdcf266000 	C:\Windows\SYSTEM32\wdmaud.drv
0x00007ffdf5f50000 - 0x00007ffdf5f59000 	C:\Windows\SYSTEM32\ksuser.dll
0x00007ffdf99f0000 - 0x00007ffdf99fa000 	C:\Windows\SYSTEM32\AVRT.dll
0x00007ffdf81b0000 - 0x00007ffdf8332000 	C:\Windows\SYSTEM32\AUDIOSES.DLL
0x00007ffdefb60000 - 0x00007ffdefb6d000 	C:\Windows\SYSTEM32\msacm32.drv
0x00007ffde1200000 - 0x00007ffde121e000 	C:\Windows\SYSTEM32\MSACM32.dll
0x00007ffde9c90000 - 0x00007ffde9c9b000 	C:\Windows\SYSTEM32\midimap.dll
0x00007ffdf1eb0000 - 0x00007ffdf1ff1000 	C:\Windows\System32\Windows.UI.dll
0x00007ffdf1c50000 - 0x00007ffdf1da2000 	C:\Windows\System32\InputHost.dll
0x00007ffdf9490000 - 0x00007ffdf9531000 	C:\Windows\System32\WindowManagementAPI.dll
0x00007ffdfa020000 - 0x00007ffdfa116000 	C:\Windows\System32\PROPSYS.dll
0x00007ffdf8c60000 - 0x00007ffdf8e60000 	C:\Windows\SYSTEM32\twinapi.appcore.dll
0x00007ffdfbf80000 - 0x00007ffdfbf94000 	C:\Windows\SYSTEM32\resourcepolicyclient.dll

dbghelp: loaded successfully - version: 4.0.5 - missing functions: none
symbol engine: initialized successfully - sym options: 0x614 - pdb path: .;C:\Program Files\Java\jdk-17\bin;C:\Windows\SYSTEM32;C:\Windows\WinSxS\amd64_microsoft.windows.common-controls_6595b64144ccf1df_6.0.19041.1110_none_60b5254171f9507e;C:\Program Files\Java\jdk-17\bin\server;C:\Users\bakht\AppData\Local\Temp\jogamp_0000\file_cache\jln4186068584546203947\jln12659411255094716347\natives\windows-amd64;C:\Windows\System32\DriverStore\FileRepository\iigd_dch.inf_amd64_cb43c2398bc88530

VM Arguments:
jvm_args: -agentlib:jdwp=transport=dt_socket,server=n,suspend=y,address=localhost:54748 -XX:+ShowCodeDetailsInExceptionMessages 
java_command: ie.tudublin.Main
java_class_path (initial): C:\Users\bakht\MV-C21716601\MusicVisuals-master\java\bin;C:\Users\bakht\MV-C21716601\MusicVisuals-master\java\lib\core.jar;C:\Users\bakht\MV-C21716601\MusicVisuals-master\java\lib\jl1.0.1.jar;C:\Users\bakht\MV-C21716601\MusicVisuals-master\java\lib\jsminim.jar;C:\Users\bakht\MV-C21716601\MusicVisuals-master\java\lib\minim.jar;C:\Users\bakht\MV-C21716601\MusicVisuals-master\java\lib\mp3spi1.9.5.jar;C:\Users\bakht\MV-C21716601\MusicVisuals-master\java\lib\sqlite-jdbc-3.23.1.jar;C:\Users\bakht\MV-C21716601\MusicVisuals-master\java\lib\tritonus_aos.jar;C:\Users\bakht\MV-C21716601\MusicVisuals-master\java\lib\tritonus_share.jar;C:\Users\bakht\MV-C21716601\MusicVisuals-master\java\lib\jogl-all.jar;C:\Users\bakht\MV-C21716601\MusicVisuals-master\java\lib\gluegen-rt.jar;C:\Users\bakht\MV-C21716601\MusicVisuals-master\java\lib\gluegen-rt-natives-windows-amd64.jar;C:\Users\bakht\MV-C21716601\MusicVisuals-master\java\lib\gluegen-rt-natives-windows-i586.jar;C:\Users\bakht\MV-C21716601\MusicVisuals-master\java\lib\jogl-all-natives-windows-amd64.jar;C:\Users\bakht\MV-C21716601\MusicVisuals-master\java\lib\jogl-all-natives-windows-i586.jar;C:\Users\bakht\MV-C21716601\MusicVisuals-master\java\lib\gluegen-rt-natives-macosx-universal.jar;C:\Users\bakht\MV-C21716601\MusicVisuals-master\java\lib\jogl-all-natives-macosx-universal.jar
Launcher Type: SUN_STANDARD

[Global flags]
     intx CICompilerCount                          = 4                                         {product} {ergonomic}
     uint ConcGCThreads                            = 2                                         {product} {ergonomic}
     uint G1ConcRefinementThreads                  = 8                                         {product} {ergonomic}
   size_t G1HeapRegionSize                         = 1048576                                   {product} {ergonomic}
    uintx GCDrainStackTargetSize                   = 64                                        {product} {ergonomic}
   size_t InitialHeapSize                          = 132120576                                 {product} {ergonomic}
   size_t MarkStackSize                            = 4194304                                   {product} {ergonomic}
   size_t MaxHeapSize                              = 2095054848                                {product} {ergonomic}
   size_t MaxNewSize                               = 1256194048                                {product} {ergonomic}
   size_t MinHeapDeltaBytes                        = 1048576                                   {product} {ergonomic}
   size_t MinHeapSize                              = 8388608                                   {product} {ergonomic}
    uintx NonNMethodCodeHeapSize                   = 5839372                                {pd product} {ergonomic}
    uintx NonProfiledCodeHeapSize                  = 122909434                              {pd product} {ergonomic}
    uintx ProfiledCodeHeapSize                     = 122909434                              {pd product} {ergonomic}
    uintx ReservedCodeCacheSize                    = 251658240                              {pd product} {ergonomic}
     bool SegmentedCodeCache                       = true                                      {product} {ergonomic}
     bool ShowCodeDetailsInExceptionMessages       = true                                   {manageable} {command line}
   size_t SoftMaxHeapSize                          = 2095054848                             {manageable} {ergonomic}
     bool UseCompressedClassPointers               = true                           {product lp64_product} {ergonomic}
     bool UseCompressedOops                        = true                           {product lp64_product} {ergonomic}
     bool UseG1GC                                  = true                                      {product} {ergonomic}
     bool UseLargePagesIndividualAllocation        = false                                  {pd product} {ergonomic}

Logging:
Log output configuration:
 #0: stdout all=off uptime,level,tags
 #1: stderr all=off uptime,level,tags

Environment Variables:
PATH=C:\Program Files\Common Files\Oracle\Java\javapath;C:\Program Files (x86)\Common Files\Oracle\Java\javapath;C:\Windows\system32;C:\Windows;C:\Windows\System32\Wbem;C:\Windows\System32\WindowsPowerShell\v1.0\;C:\Windows\System32\OpenSSH\;C:\msys64\mingw64\bin;C:\Program Files\PuTTY\;C:\Program Files\Git\cmd;C:\Users\bakht\AppData\Local\Microsoft\WindowsApps;;C:\Users\bakht\AppData\Local\Programs\Microsoft VS Code\bin
USERNAME=bakht
LANG=en_US.UTF-8
OS=Windows_NT
PROCESSOR_IDENTIFIER=Intel64 Family 6 Model 140 Stepping 1, GenuineIntel



---------------  S Y S T E M  ---------------

OS:
 Windows 10 , 64 bit Build 19041 (10.0.19041.2788)
OS uptime: 4 days 11:21 hours
Hyper-V role detected

CPU: total 8 (initial active 8) (4 cores per cpu, 2 threads per core) family 6 model 140 stepping 1 microcode 0x78, cx8, cmov, fxsr, ht, mmx, 3dnowpref, sse, sse2, sse3, ssse3, sse4.1, sse4.2, popcnt, lzcnt, tsc, tscinvbit, avx, avx2, aes, erms, clmul, bmi1, bmi2, adx, avx512f, avx512dq, avx512cd, avx512bw, avx512vl, sha, fma, vzeroupper, avx512_vpopcntdq, avx512_vpclmulqdq, avx512_vaes, avx512_vnni, clflush, clflushopt, clwb, avx512_vbmi2, avx512_vbmi, hv

Memory: 4k page, system-wide physical 7991M (836M free)
TotalPageFile size 11235M (AvailPageFile size 2368M)
current process WorkingSet (physical memory assigned to process): 326M, peak: 330M
current process commit charge ("private bytes"): 372M, peak: 379M

vm_info: Java HotSpot(TM) 64-Bit Server VM (17.0.6+9-LTS-190) for windows-amd64 JRE (17.0.6+9-LTS-190), built on Dec  6 2022 15:53:54 by "mach5one" with MS VC++ 17.1 (VS2022)

END.
