#
# A fatal error has been detected by the Java Runtime Environment:
#
#  EXCEPTION_ACCESS_VIOLATION (0xc0000005) at pc=0x00007ffdab40ff8f, pid=19340, tid=15080
#
# JRE version: Java(TM) SE Runtime Environment (17.0.6+9) (build 17.0.6+9-LTS-190)
# Java VM: Java HotSpot(TM) 64-Bit Server VM (17.0.6+9-LTS-190, mixed mode, sharing, tiered, compressed oops, compressed class ptrs, g1 gc, windows-amd64)
# Problematic frame:
# C  [igxelpicd64.dll+0x4ff8f]
#
# No core dump will be written. Minidumps are not enabled by default on client versions of Windows
#
# If you would like to submit a bug report, please visit:
#   https://bugreport.java.com/bugreport/crash.jsp
#

---------------  S U M M A R Y ------------

Command Line: -agentlib:jdwp=transport=dt_socket,server=n,suspend=y,address=localhost:63209 -XX:+ShowCodeDetailsInExceptionMessages ie.tudublin.Main

Host: 11th Gen Intel(R) Core(TM) i5-1135G7 @ 2.40GHz, 8 cores, 7G,  Windows 10 , 64 bit Build 19041 (10.0.19041.2788)
Time: Mon May  1 17:58:08 2023 GMT Daylight Time elapsed time: 29.516277 seconds (0d 0h 0m 29s)

---------------  T H R E A D  ---------------

Current thread (0x000001aeeeda6990):  VMThread "VM Thread" [stack: 0x0000009de7100000,0x0000009de7200000] [id=15080]

Stack: [0x0000009de7100000,0x0000009de7200000],  sp=0x0000009de71fe5c0,  free space=1017k
Native frames: (J=compiled Java code, j=interpreted, Vv=VM code, C=native code)
C  [igxelpicd64.dll+0x4ff8f]


siginfo: EXCEPTION_ACCESS_VIOLATION (0xc0000005), writing address 0x0000000000035415


Register to memory mapping:

RIP=0x00007ffdab40ff8f igxelpicd64.dll
RAX=0x000001aef00e5be0 points into unknown readable memory: 0x0000000000000000 | 00 00 00 00 00 00 00 00
RBX=0x00000000000000a0 is an unknown value
RCX=0x0000000000000020 is an unknown value
RDX=0x0 is NULL
RSP=0x0000009de71fe5c0 points into unknown readable memory: 0x00000000000000a0 | a0 00 00 00 00 00 00 00
RBP=0x000001aef17bd010 points into unknown readable memory: 0x000001aef18d4000 | 00 40 8d f1 ae 01 00 00
RSI=0x0000009de71fe850 points into unknown readable memory: 0x001050027a000004 | 04 00 00 7a 02 50 10 00
RDI=0x000001aef1e9e5c0 points into unknown readable memory: 0x000001aef0713600 | 00 36 71 f0 ae 01 00 00
R8 =0x000001aef5040000 points into unknown readable memory: 0x1989000018b00101 | 01 01 b0 18 00 00 89 19
R9 =0x00007ffdab3c0000 igxelpicd64.dll
R10=0x000000007a000000 is an unknown value
R11=0x000001aef1edea00 points into unknown readable memory: 0x0000000000000000 | 00 00 00 00 00 00 00 00
R12=0x00000000000e9021 is an unknown value
R13=0x0000000000000008 is an unknown value
R14=0x000000000000047c is an unknown value
R15=0x000001aef17b2220 points into unknown readable memory: 0x000001aef0705690 | 90 56 70 f0 ae 01 00 00


Registers:
RAX=0x000001aef00e5be0, RBX=0x00000000000000a0, RCX=0x0000000000000020, RDX=0x0000000000000000
RSP=0x0000009de71fe5c0, RBP=0x000001aef17bd010, RSI=0x0000009de71fe850, RDI=0x000001aef1e9e5c0
R8 =0x000001aef5040000, R9 =0x00007ffdab3c0000, R10=0x000000007a000000, R11=0x000001aef1edea00
R12=0x00000000000e9021, R13=0x0000000000000008, R14=0x000000000000047c, R15=0x000001aef17b2220
RIP=0x00007ffdab40ff8f, EFLAGS=0x0000000000010246

Top of Stack: (sp=0x0000009de71fe5c0)
0x0000009de71fe5c0:   00000000000000a0 f6b3012dbfb300fb
0x0000009de71fe5d0:   61b5028a9fb40223 f0b7005c94b5010d
0x0000009de71fe5e0:   67b8013834b80202 9eb900f31ab9013b
0x0000009de71fe5f0:   0000047c25ba0100 6ebc008b000e9021
0x0000009de71fe600:   000001aef5040000 0000000000000000
0x0000009de71fe610:   4000000000000000 05bf01457ebe00ac
0x0000009de71fe620:   2bc000ce8ebf00c0 07c200ad46c00084
0x0000009de71fe630:   13c2025b0cc20280 61c2026a5ac200b2
0x0000009de71fe640:   6dc300a33ec3010b b6c300f399c30081
0x0000009de71fe650:   35c50150b6c40254 bec601ea61c500c9
0x0000009de71fe660:   46c800d75dc70142 38c9012d26c9004e
0x0000009de71fe670:   53c9009738c9014f 49cc00b723ca00f1
0x0000009de71fe680:   afce008cbdcd0056 74cf016967cf0266
0x0000009de71fe690:   17d00035d9cf00aa 9ad100f48dd00056
0x0000009de71fe6a0:   a9d200a7d2d1007b a8d3006182d3012b
0x0000009de71fe6b0:   f6d6008de8d30148 43d80288c3d700de 

Instructions: (pc=0x00007ffdab40ff8f)
0x00007ffdab40fe8f:   08 48 8b 88 70 14 00 00 48 8b 01 4c 8d 0d 03 29
0x00007ffdab40fe9f:   f0 00 ba 01 00 00 00 44 8d 42 0f 48 8b 40 68 ff
0x00007ffdab40feaf:   15 44 57 a9 00 4a 8d 1c fd 00 00 00 00 65 48 8b
0x00007ffdab40febf:   04 25 58 00 00 00 48 8b 04 18 41 8b 0c 06 39 0d
0x00007ffdab40fecf:   b9 1a f0 00 0f 8f ad 0b 00 00 81 66 04 ff ff ff
0x00007ffdab40fedf:   fe 8b 05 aa 1a f0 00 83 e0 01 c1 e0 18 09 46 04
0x00007ffdab40feef:   48 8b 8f 90 4f 03 00 48 83 c1 10 48 8b d6 e8 1a
0x00007ffdab40feff:   56 04 00 44 8b f0 89 44 24 34 44 8b 6e 08 41 83
0x00007ffdab40ff0f:   e5 fc 41 83 c5 08 4c 8b bf d0 4b 03 00 48 8b 87
0x00007ffdab40ff1f:   90 4f 03 00 4c 8b 40 18 4c 89 44 24 40 48 8b af
0x00007ffdab40ff2f:   a0 4b 03 00 4d 85 ff 0f 84 07 02 00 00 41 80 bf
0x00007ffdab40ff3f:   00 06 00 00 00 74 50 65 48 8b 04 25 58 00 00 00
0x00007ffdab40ff4f:   b9 14 00 00 00 48 8b 04 18 80 3c 01 00 75 0a e8
0x00007ffdab40ff5f:   05 24 77 00 4c 8b 44 24 40 65 48 8b 04 25 58 00
0x00007ffdab40ff6f:   00 00 b9 20 00 00 00 48 8b 04 18 48 8b 14 01 41
0x00007ffdab40ff7f:   80 bf 01 06 00 00 00 74 07 c6 82 14 54 03 00 01
0x00007ffdab40ff8f:   c6 82 15 54 03 00 01 4d 85 c0 0f 84 a4 01 00 00
0x00007ffdab40ff9f:   48 8b d5 49 8b cf e8 e6 54 25 00 4c 8b e0 48 8b
0x00007ffdab40ffaf:   0d 4c af df 00 83 b9 44 0a 00 00 01 75 22 48 8d
0x00007ffdab40ffbf:   8d 00 02 00 00 c7 44 24 20 01 00 00 00 41 b1 01
0x00007ffdab40ffcf:   4d 8b c7 48 8b d5 e8 e6 aa 2a 00 e9 4a 01 00 00
0x00007ffdab40ffdf:   8b 8d c8 01 00 00 4d 8d b7 08 01 00 00 83 f9 10
0x00007ffdab40ffef:   73 0a 48 8d 0c c9 49 8d 04 ce eb 5a 8d 51 f0 8b
0x00007ffdab40ffff:   c2 c1 e8 04 83 f8 03 73 1d 0f ae e8 83 e2 0f 4d
0x00007ffdab41000f:   8b 84 c6 80 04 00 00 4d 85 c0 74 23 48 8d 0c d2
0x00007ffdab41001f:   49 8d 04 c8 eb 30 49 8b 86 98 04 00 00 48 85 c0
0x00007ffdab41002f:   74 0d 39 08 74 61 48 8b 40 50 48 85 c0 75 f3 41
0x00007ffdab41003f:   80 be a0 04 00 00 00 74 18 8b c1 83 e0 0f 48 8d
0x00007ffdab41004f:   04 c0 49 8d 04 c6 48 85 c0 74 06 80 78 30 00 75
0x00007ffdab41005f:   1a c6 44 24 20 01 41 b1 01 4d 8b c7 48 8b d5 48
0x00007ffdab41006f:   8b 8d 38 01 00 00 e8 46 56 25 00 8b 9d c8 01 00
0x00007ffdab41007f:   00 48 8b ad 40 01 00 00 83 fb 10 73 10 48 8d 0c 


Stack slot to memory mapping:
stack at sp + 0 slots: 0x00000000000000a0 is an unknown value
stack at sp + 1 slots: 0xf6b3012dbfb300fb is an unknown value
stack at sp + 2 slots: 0x61b5028a9fb40223 is an unknown value
stack at sp + 3 slots: 0xf0b7005c94b5010d is an unknown value
stack at sp + 4 slots: 0x67b8013834b80202 is an unknown value
stack at sp + 5 slots: 0x9eb900f31ab9013b is an unknown value
stack at sp + 6 slots: 0x0000047c25ba0100 is an unknown value
stack at sp + 7 slots: 0x6ebc008b000e9021 is an unknown value

VM_Operation (0x0000009de91fed20): Exit, mode: safepoint, requested by thread 0x000001aef17ed930


---------------  P R O C E S S  ---------------

Threads class SMR info:
_java_thread_list=0x000001aef2149a70, length=20, elements={
0x000001aeeedabc00, 0x000001aeeedac940, 0x000001aeeedc1c20, 0x000001aeeedc44f0,
0x000001aeeedc4db0, 0x000001aeeedcd9b0, 0x000001aeeedce360, 0x000001aeeedcec60,
0x000001aeef934590, 0x000001aeef938660, 0x000001aeef93bc90, 0x000001aeef940470,
0x000001aeef941d10, 0x000001aef0099080, 0x000001aef1bf57e0, 0x000001aef17ed930,
0x000001aed0d7fe20, 0x000001aef1fdd520, 0x000001aef1fda9d0, 0x000001aeff287870
}

Java Threads: ( => current thread )
  0x000001aeeedabc00 JavaThread "Reference Handler" daemon [_thread_blocked, id=5832, stack(0x0000009de7200000,0x0000009de7300000)]
  0x000001aeeedac940 JavaThread "Finalizer" daemon [_thread_blocked, id=19844, stack(0x0000009de7300000,0x0000009de7400000)]
  0x000001aeeedc1c20 JavaThread "Attach Listener" daemon [_thread_blocked, id=13672, stack(0x0000009de7500000,0x0000009de7600000)]
  0x000001aeeedc44f0 JavaThread "Service Thread" daemon [_thread_blocked, id=24848, stack(0x0000009de7600000,0x0000009de7700000)]
  0x000001aeeedc4db0 JavaThread "Monitor Deflation Thread" daemon [_thread_blocked, id=20012, stack(0x0000009de7700000,0x0000009de7800000)]
  0x000001aeeedcd9b0 JavaThread "C2 CompilerThread0" daemon [_thread_blocked, id=24072, stack(0x0000009de7800000,0x0000009de7900000)]
  0x000001aeeedce360 JavaThread "C1 CompilerThread0" daemon [_thread_blocked, id=11920, stack(0x0000009de7900000,0x0000009de7a00000)]
  0x000001aeeedcec60 JavaThread "Sweeper thread" daemon [_thread_blocked, id=17200, stack(0x0000009de7a00000,0x0000009de7b00000)]
  0x000001aeef934590 JavaThread "JDWP Transport Listener: dt_socket" daemon [_thread_blocked, id=17452, stack(0x0000009de7b00000,0x0000009de7c00000)]
  0x000001aeef938660 JavaThread "JDWP Event Helper Thread" daemon [_thread_blocked, id=12472, stack(0x0000009de7c00000,0x0000009de7d00000)]
  0x000001aeef93bc90 JavaThread "JDWP Command Reader" daemon [_thread_blocked, id=16232, stack(0x0000009de7d00000,0x0000009de7e00000)]
  0x000001aeef940470 JavaThread "Notification Thread" daemon [_thread_blocked, id=9332, stack(0x0000009de7e00000,0x0000009de7f00000)]
  0x000001aeef941d10 JavaThread "Common-Cleaner" daemon [_thread_blocked, id=14640, stack(0x0000009de8000000,0x0000009de8100000)]
  0x000001aef0099080 JavaThread "Java2D Disposer" daemon [_thread_blocked, id=17472, stack(0x0000009de8100000,0x0000009de8200000)]
  0x000001aef1bf57e0 JavaThread "HighResTimerThread" daemon [_thread_blocked, id=17564, stack(0x0000009de8200000,0x0000009de8300000)]
  0x000001aef17ed930 JavaThread "main-FPSAWTAnimator#00-Timer0" [_thread_blocked, id=25584, stack(0x0000009de9100000,0x0000009de9200000)]
  0x000001aed0d7fe20 JavaThread "DestroyJavaVM" [_thread_blocked, id=2192, stack(0x0000009de6b00000,0x0000009de6c00000)]
  0x000001aef1fdd520 JavaThread "Java Sound Event Dispatcher" daemon [_thread_blocked, id=25332, stack(0x0000009de9500000,0x0000009de9600000)]
  0x000001aef1fda9d0 JavaThread "Thread-4" [_thread_blocked, id=17860, stack(0x0000009de9900000,0x0000009de9a00000)]
  0x000001aeff287870 JavaThread "AWT-Shutdown" [_thread_blocked, id=17928, stack(0x0000009de8400000,0x0000009de8500000)]

Other Threads:
=>0x000001aeeeda6990 VMThread "VM Thread" [stack: 0x0000009de7100000,0x0000009de7200000] [id=15080]
  0x000001aed0dd7bf0 GCTaskThread "GC Thread#0" [stack: 0x0000009de6c00000,0x0000009de6d00000] [id=17180]
  0x000001aeef99bee0 GCTaskThread "GC Thread#1" [stack: 0x0000009de8a00000,0x0000009de8b00000] [id=21856]
  0x000001aeef99c190 GCTaskThread "GC Thread#2" [stack: 0x0000009de8b00000,0x0000009de8c00000] [id=16332]
  0x000001aeef99cc50 GCTaskThread "GC Thread#3" [stack: 0x0000009de8c00000,0x0000009de8d00000] [id=22168]
  0x000001aeef99c440 GCTaskThread "GC Thread#4" [stack: 0x0000009de8d00000,0x0000009de8e00000] [id=25392]
  0x000001aeef99cf00 GCTaskThread "GC Thread#5" [stack: 0x0000009de8e00000,0x0000009de8f00000] [id=5004]
  0x000001aef19f99f0 GCTaskThread "GC Thread#6" [stack: 0x0000009de8f00000,0x0000009de9000000] [id=20028]
  0x000001aef19fa4b0 GCTaskThread "GC Thread#7" [stack: 0x0000009de9000000,0x0000009de9100000] [id=12820]
  0x000001aed0deac30 ConcurrentGCThread "G1 Main Marker" terminated
  0x000001aed0dec500 ConcurrentGCThread "G1 Conc#0" [stack: 0x0000009de6e00000,0x0000009de6f00000] [id=5660]
  0x000001aeeec630e0 ConcurrentGCThread "G1 Refine#0" terminated
  0x000001aeeec63a10 ConcurrentGCThread "G1 Service" terminated

Threads with active compile tasks:

VM state: at safepoint (shutting down)

VM Mutex/Monitor currently owned by a thread:  ([mutex/lock_event])
[0x000001aed0d78b90] Threads_lock - owner thread: 0x000001aeeeda6990
[0x000001aed0d78830] Heap_lock - owner thread: 0x000001aef17ed930

Heap address: 0x0000000083200000, size: 1998 MB, Compressed Oops mode: 32-bit

CDS archive(s) mapped at: [0x0000000800000000-0x0000000800bd0000-0x0000000800bd0000), size 12386304, SharedBaseAddress: 0x0000000800000000, ArchiveRelocationMode: 0.
Compressed class space mapped at: 0x0000000800c00000-0x0000000840c00000, reserved size: 1073741824
Narrow klass base: 0x0000000800000000, Narrow klass shift: 0, Narrow klass range: 0x100000000

GC Precious Log:
 CPUs: 8 total, 8 available
 Memory: 7991M
 Large Page Support: Disabled
 NUMA Support: Disabled
 Compressed Oops: Enabled (32-bit)
 Heap Region Size: 1M
 Heap Min Capacity: 8M
 Heap Initial Capacity: 126M
 Heap Max Capacity: 1998M
 Pre-touch: Disabled
 Parallel Workers: 8
 Concurrent Workers: 2
 Concurrent Refinement Workers: 8
 Periodic GC: Disabled

Heap:
 garbage-first heap   total 129024K, used 29293K [0x0000000083200000, 0x0000000100000000)
  region size 1024K, 13 young (13312K), 5 survivors (5120K)
 Metaspace       used 14532K, committed 14720K, reserved 1064960K
  class space    used 1077K, committed 1152K, reserved 1048576K

Heap Regions: E=young(eden), S=young(survivor), O=old, HS=humongous(starts), HC=humongous(continues), CS=collection set, F=free, OA=open archive, CA=closed archive, TAMS=top-at-mark-start (previous, next)
|   0|0x0000000083200000, 0x0000000083300000, 0x0000000083300000|100%|HS|  |TAMS 0x0000000083200000, 0x0000000083200000| Complete 
|   1|0x0000000083300000, 0x0000000083400000, 0x0000000083400000|100%|HC|  |TAMS 0x0000000083300000, 0x0000000083300000| Complete 
|   2|0x0000000083400000, 0x0000000083500000, 0x0000000083500000|100%|HC|  |TAMS 0x0000000083400000, 0x0000000083400000| Complete 
|   3|0x0000000083500000, 0x0000000083600000, 0x0000000083600000|100%|HC|  |TAMS 0x0000000083500000, 0x0000000083500000| Complete 
|   4|0x0000000083600000, 0x0000000083600000, 0x0000000083700000|  0%| F|  |TAMS 0x0000000083600000, 0x0000000083600000| Untracked 
|   5|0x0000000083700000, 0x0000000083700000, 0x0000000083800000|  0%| F|  |TAMS 0x0000000083700000, 0x0000000083700000| Untracked 
|   6|0x0000000083800000, 0x0000000083800000, 0x0000000083900000|  0%| F|  |TAMS 0x0000000083800000, 0x0000000083800000| Untracked 
|   7|0x0000000083900000, 0x0000000083900000, 0x0000000083a00000|  0%| F|  |TAMS 0x0000000083900000, 0x0000000083900000| Untracked 
|   8|0x0000000083a00000, 0x0000000083a00000, 0x0000000083b00000|  0%| F|  |TAMS 0x0000000083a00000, 0x0000000083a00000| Untracked 
|   9|0x0000000083b00000, 0x0000000083b00000, 0x0000000083c00000|  0%| F|  |TAMS 0x0000000083b00000, 0x0000000083b00000| Untracked 
|  10|0x0000000083c00000, 0x0000000083c00000, 0x0000000083d00000|  0%| F|  |TAMS 0x0000000083c00000, 0x0000000083c00000| Untracked 
|  11|0x0000000083d00000, 0x0000000083d00000, 0x0000000083e00000|  0%| F|  |TAMS 0x0000000083d00000, 0x0000000083d00000| Untracked 
|  12|0x0000000083e00000, 0x0000000083e00000, 0x0000000083f00000|  0%| F|  |TAMS 0x0000000083e00000, 0x0000000083e00000| Untracked 
|  13|0x0000000083f00000, 0x0000000083f00000, 0x0000000084000000|  0%| F|  |TAMS 0x0000000083f00000, 0x0000000083f00000| Untracked 
|  14|0x0000000084000000, 0x0000000084100000, 0x0000000084100000|100%|HS|  |TAMS 0x0000000084000000, 0x0000000084000000| Complete 
|  15|0x0000000084100000, 0x0000000084200000, 0x0000000084200000|100%|HC|  |TAMS 0x0000000084100000, 0x0000000084100000| Complete 
|  16|0x0000000084200000, 0x0000000084300000, 0x0000000084300000|100%|HC|  |TAMS 0x0000000084200000, 0x0000000084200000| Complete 
|  17|0x0000000084300000, 0x0000000084400000, 0x0000000084400000|100%|HC|  |TAMS 0x0000000084300000, 0x0000000084300000| Complete 
|  18|0x0000000084400000, 0x0000000084500000, 0x0000000084500000|100%|HS|  |TAMS 0x0000000084400000, 0x0000000084400000| Complete 
|  19|0x0000000084500000, 0x0000000084600000, 0x0000000084600000|100%|HC|  |TAMS 0x0000000084500000, 0x0000000084500000| Complete 
|  20|0x0000000084600000, 0x0000000084700000, 0x0000000084700000|100%|HS|  |TAMS 0x0000000084600000, 0x0000000084600000| Complete 
|  21|0x0000000084700000, 0x0000000084700000, 0x0000000084800000|  0%| F|  |TAMS 0x0000000084700000, 0x0000000084700000| Untracked 
|  22|0x0000000084800000, 0x0000000084800000, 0x0000000084900000|  0%| F|  |TAMS 0x0000000084800000, 0x0000000084800000| Untracked 
|  23|0x0000000084900000, 0x0000000084a00000, 0x0000000084a00000|100%|HS|  |TAMS 0x0000000084900000, 0x0000000084900000| Complete 
|  24|0x0000000084a00000, 0x0000000084b00000, 0x0000000084b00000|100%|HC|  |TAMS 0x0000000084a00000, 0x0000000084a00000| Complete 
|  25|0x0000000084b00000, 0x0000000084c00000, 0x0000000084c00000|100%|HS|  |TAMS 0x0000000084b00000, 0x0000000084b00000| Complete 
|  26|0x0000000084c00000, 0x0000000084d00000, 0x0000000084d00000|100%|HC|  |TAMS 0x0000000084c00000, 0x0000000084c00000| Complete 
|  27|0x0000000084d00000, 0x0000000084e00000, 0x0000000084e00000|100%| O|  |TAMS 0x0000000084d00000, 0x0000000084d00000| Untracked 
|  28|0x0000000084e00000, 0x0000000084f00000, 0x0000000084f00000|100%| O|  |TAMS 0x0000000084e00000, 0x0000000084e00000| Untracked 
|  29|0x0000000084f00000, 0x0000000084f87600, 0x0000000085000000| 52%| O|  |TAMS 0x0000000084f00000, 0x0000000084f00000| Untracked 
|  30|0x0000000085000000, 0x0000000085000000, 0x0000000085100000|  0%| F|  |TAMS 0x0000000085000000, 0x0000000085000000| Untracked 
|  31|0x0000000085100000, 0x0000000085100000, 0x0000000085200000|  0%| F|  |TAMS 0x0000000085100000, 0x0000000085100000| Untracked 
|  32|0x0000000085200000, 0x0000000085200000, 0x0000000085300000|  0%| F|  |TAMS 0x0000000085200000, 0x0000000085200000| Untracked 
|  33|0x0000000085300000, 0x0000000085300000, 0x0000000085400000|  0%| F|  |TAMS 0x0000000085300000, 0x0000000085300000| Untracked 
|  34|0x0000000085400000, 0x0000000085400000, 0x0000000085500000|  0%| F|  |TAMS 0x0000000085400000, 0x0000000085400000| Untracked 
|  35|0x0000000085500000, 0x0000000085500000, 0x0000000085600000|  0%| F|  |TAMS 0x0000000085500000, 0x0000000085500000| Untracked 
|  36|0x0000000085600000, 0x0000000085600000, 0x0000000085700000|  0%| F|  |TAMS 0x0000000085600000, 0x0000000085600000| Untracked 
|  37|0x0000000085700000, 0x0000000085700000, 0x0000000085800000|  0%| F|  |TAMS 0x0000000085700000, 0x0000000085700000| Untracked 
|  38|0x0000000085800000, 0x0000000085800000, 0x0000000085900000|  0%| F|  |TAMS 0x0000000085800000, 0x0000000085800000| Untracked 
|  39|0x0000000085900000, 0x0000000085900000, 0x0000000085a00000|  0%| F|  |TAMS 0x0000000085900000, 0x0000000085900000| Untracked 
|  40|0x0000000085a00000, 0x0000000085a00000, 0x0000000085b00000|  0%| F|  |TAMS 0x0000000085a00000, 0x0000000085a00000| Untracked 
|  41|0x0000000085b00000, 0x0000000085b00000, 0x0000000085c00000|  0%| F|  |TAMS 0x0000000085b00000, 0x0000000085b00000| Untracked 
|  42|0x0000000085c00000, 0x0000000085c00000, 0x0000000085d00000|  0%| F|  |TAMS 0x0000000085c00000, 0x0000000085c00000| Untracked 
|  43|0x0000000085d00000, 0x0000000085d00000, 0x0000000085e00000|  0%| F|  |TAMS 0x0000000085d00000, 0x0000000085d00000| Untracked 
|  44|0x0000000085e00000, 0x0000000085e00000, 0x0000000085f00000|  0%| F|  |TAMS 0x0000000085e00000, 0x0000000085e00000| Untracked 
|  45|0x0000000085f00000, 0x0000000085f00000, 0x0000000086000000|  0%| F|  |TAMS 0x0000000085f00000, 0x0000000085f00000| Untracked 
|  46|0x0000000086000000, 0x0000000086014020, 0x0000000086100000|  7%| S|CS|TAMS 0x0000000086000000, 0x0000000086000000| Complete 
|  47|0x0000000086100000, 0x0000000086200000, 0x0000000086200000|100%| S|CS|TAMS 0x0000000086100000, 0x0000000086100000| Complete 
|  48|0x0000000086200000, 0x0000000086300000, 0x0000000086300000|100%| S|CS|TAMS 0x0000000086200000, 0x0000000086200000| Complete 
|  49|0x0000000086300000, 0x0000000086400000, 0x0000000086400000|100%| S|CS|TAMS 0x0000000086300000, 0x0000000086300000| Complete 
|  50|0x0000000086400000, 0x0000000086500000, 0x0000000086500000|100%| S|CS|TAMS 0x0000000086400000, 0x0000000086400000| Complete 
|  51|0x0000000086500000, 0x0000000086500000, 0x0000000086600000|  0%| F|  |TAMS 0x0000000086500000, 0x0000000086500000| Untracked 
|  52|0x0000000086600000, 0x0000000086600000, 0x0000000086700000|  0%| F|  |TAMS 0x0000000086600000, 0x0000000086600000| Untracked 
|  53|0x0000000086700000, 0x0000000086700000, 0x0000000086800000|  0%| F|  |TAMS 0x0000000086700000, 0x0000000086700000| Untracked 
|  54|0x0000000086800000, 0x0000000086800000, 0x0000000086900000|  0%| F|  |TAMS 0x0000000086800000, 0x0000000086800000| Untracked 
|  55|0x0000000086900000, 0x0000000086900000, 0x0000000086a00000|  0%| F|  |TAMS 0x0000000086900000, 0x0000000086900000| Untracked 
|  56|0x0000000086a00000, 0x0000000086a00000, 0x0000000086b00000|  0%| F|  |TAMS 0x0000000086a00000, 0x0000000086a00000| Untracked 
|  57|0x0000000086b00000, 0x0000000086b00000, 0x0000000086c00000|  0%| F|  |TAMS 0x0000000086b00000, 0x0000000086b00000| Untracked 
|  58|0x0000000086c00000, 0x0000000086c00000, 0x0000000086d00000|  0%| F|  |TAMS 0x0000000086c00000, 0x0000000086c00000| Untracked 
|  59|0x0000000086d00000, 0x0000000086d00000, 0x0000000086e00000|  0%| F|  |TAMS 0x0000000086d00000, 0x0000000086d00000| Untracked 
|  60|0x0000000086e00000, 0x0000000086e00000, 0x0000000086f00000|  0%| F|  |TAMS 0x0000000086e00000, 0x0000000086e00000| Untracked 
|  61|0x0000000086f00000, 0x0000000086f00000, 0x0000000087000000|  0%| F|  |TAMS 0x0000000086f00000, 0x0000000086f00000| Untracked 
|  62|0x0000000087000000, 0x0000000087000000, 0x0000000087100000|  0%| F|  |TAMS 0x0000000087000000, 0x0000000087000000| Untracked 
|  63|0x0000000087100000, 0x0000000087100000, 0x0000000087200000|  0%| F|  |TAMS 0x0000000087100000, 0x0000000087100000| Untracked 
|  64|0x0000000087200000, 0x0000000087200000, 0x0000000087300000|  0%| F|  |TAMS 0x0000000087200000, 0x0000000087200000| Untracked 
|  65|0x0000000087300000, 0x0000000087300000, 0x0000000087400000|  0%| F|  |TAMS 0x0000000087300000, 0x0000000087300000| Untracked 
|  66|0x0000000087400000, 0x0000000087400000, 0x0000000087500000|  0%| F|  |TAMS 0x0000000087400000, 0x0000000087400000| Untracked 
|  67|0x0000000087500000, 0x0000000087500000, 0x0000000087600000|  0%| F|  |TAMS 0x0000000087500000, 0x0000000087500000| Untracked 
|  68|0x0000000087600000, 0x0000000087600000, 0x0000000087700000|  0%| F|  |TAMS 0x0000000087600000, 0x0000000087600000| Untracked 
|  69|0x0000000087700000, 0x0000000087700000, 0x0000000087800000|  0%| F|  |TAMS 0x0000000087700000, 0x0000000087700000| Untracked 
|  70|0x0000000087800000, 0x0000000087800000, 0x0000000087900000|  0%| F|  |TAMS 0x0000000087800000, 0x0000000087800000| Untracked 
|  71|0x0000000087900000, 0x0000000087900000, 0x0000000087a00000|  0%| F|  |TAMS 0x0000000087900000, 0x0000000087900000| Untracked 
|  72|0x0000000087a00000, 0x0000000087a00000, 0x0000000087b00000|  0%| F|  |TAMS 0x0000000087a00000, 0x0000000087a00000| Untracked 
|  73|0x0000000087b00000, 0x0000000087b00000, 0x0000000087c00000|  0%| F|  |TAMS 0x0000000087b00000, 0x0000000087b00000| Untracked 
|  74|0x0000000087c00000, 0x0000000087c00000, 0x0000000087d00000|  0%| F|  |TAMS 0x0000000087c00000, 0x0000000087c00000| Untracked 
|  75|0x0000000087d00000, 0x0000000087d00000, 0x0000000087e00000|  0%| F|  |TAMS 0x0000000087d00000, 0x0000000087d00000| Untracked 
|  76|0x0000000087e00000, 0x0000000087e00000, 0x0000000087f00000|  0%| F|  |TAMS 0x0000000087e00000, 0x0000000087e00000| Untracked 
|  77|0x0000000087f00000, 0x0000000087f00000, 0x0000000088000000|  0%| F|  |TAMS 0x0000000087f00000, 0x0000000087f00000| Untracked 
|  78|0x0000000088000000, 0x0000000088000000, 0x0000000088100000|  0%| F|  |TAMS 0x0000000088000000, 0x0000000088000000| Untracked 
|  79|0x0000000088100000, 0x0000000088100000, 0x0000000088200000|  0%| F|  |TAMS 0x0000000088100000, 0x0000000088100000| Untracked 
|  80|0x0000000088200000, 0x0000000088200000, 0x0000000088300000|  0%| F|  |TAMS 0x0000000088200000, 0x0000000088200000| Untracked 
|  81|0x0000000088300000, 0x0000000088300000, 0x0000000088400000|  0%| F|  |TAMS 0x0000000088300000, 0x0000000088300000| Untracked 
|  82|0x0000000088400000, 0x0000000088400000, 0x0000000088500000|  0%| F|  |TAMS 0x0000000088400000, 0x0000000088400000| Untracked 
|  83|0x0000000088500000, 0x0000000088500000, 0x0000000088600000|  0%| F|  |TAMS 0x0000000088500000, 0x0000000088500000| Untracked 
|  84|0x0000000088600000, 0x0000000088600000, 0x0000000088700000|  0%| F|  |TAMS 0x0000000088600000, 0x0000000088600000| Untracked 
|  85|0x0000000088700000, 0x0000000088700000, 0x0000000088800000|  0%| F|  |TAMS 0x0000000088700000, 0x0000000088700000| Untracked 
|  86|0x0000000088800000, 0x0000000088800000, 0x0000000088900000|  0%| F|  |TAMS 0x0000000088800000, 0x0000000088800000| Untracked 
|  87|0x0000000088900000, 0x0000000088900000, 0x0000000088a00000|  0%| F|  |TAMS 0x0000000088900000, 0x0000000088900000| Untracked 
|  88|0x0000000088a00000, 0x0000000088a00000, 0x0000000088b00000|  0%| F|  |TAMS 0x0000000088a00000, 0x0000000088a00000| Untracked 
|  89|0x0000000088b00000, 0x0000000088b00000, 0x0000000088c00000|  0%| F|  |TAMS 0x0000000088b00000, 0x0000000088b00000| Untracked 
|  90|0x0000000088c00000, 0x0000000088c00000, 0x0000000088d00000|  0%| F|  |TAMS 0x0000000088c00000, 0x0000000088c00000| Untracked 
|  91|0x0000000088d00000, 0x0000000088d00000, 0x0000000088e00000|  0%| F|  |TAMS 0x0000000088d00000, 0x0000000088d00000| Untracked 
|  92|0x0000000088e00000, 0x0000000088e00000, 0x0000000088f00000|  0%| F|  |TAMS 0x0000000088e00000, 0x0000000088e00000| Untracked 
|  93|0x0000000088f00000, 0x0000000088f00000, 0x0000000089000000|  0%| F|  |TAMS 0x0000000088f00000, 0x0000000088f00000| Untracked 
|  94|0x0000000089000000, 0x0000000089000000, 0x0000000089100000|  0%| F|  |TAMS 0x0000000089000000, 0x0000000089000000| Untracked 
|  95|0x0000000089100000, 0x0000000089100000, 0x0000000089200000|  0%| F|  |TAMS 0x0000000089100000, 0x0000000089100000| Untracked 
|  96|0x0000000089200000, 0x0000000089200000, 0x0000000089300000|  0%| F|  |TAMS 0x0000000089200000, 0x0000000089200000| Untracked 
|  97|0x0000000089300000, 0x0000000089300000, 0x0000000089400000|  0%| F|  |TAMS 0x0000000089300000, 0x0000000089300000| Untracked 
|  98|0x0000000089400000, 0x0000000089400000, 0x0000000089500000|  0%| F|  |TAMS 0x0000000089400000, 0x0000000089400000| Untracked 
|  99|0x0000000089500000, 0x0000000089500000, 0x0000000089600000|  0%| F|  |TAMS 0x0000000089500000, 0x0000000089500000| Untracked 
| 100|0x0000000089600000, 0x0000000089600000, 0x0000000089700000|  0%| F|  |TAMS 0x0000000089600000, 0x0000000089600000| Untracked 
| 101|0x0000000089700000, 0x0000000089700000, 0x0000000089800000|  0%| F|  |TAMS 0x0000000089700000, 0x0000000089700000| Untracked 
| 102|0x0000000089800000, 0x0000000089800000, 0x0000000089900000|  0%| F|  |TAMS 0x0000000089800000, 0x0000000089800000| Untracked 
| 103|0x0000000089900000, 0x0000000089900000, 0x0000000089a00000|  0%| F|  |TAMS 0x0000000089900000, 0x0000000089900000| Untracked 
| 104|0x0000000089a00000, 0x0000000089a00000, 0x0000000089b00000|  0%| F|  |TAMS 0x0000000089a00000, 0x0000000089a00000| Untracked 
| 105|0x0000000089b00000, 0x0000000089b00000, 0x0000000089c00000|  0%| F|  |TAMS 0x0000000089b00000, 0x0000000089b00000| Untracked 
| 106|0x0000000089c00000, 0x0000000089c00000, 0x0000000089d00000|  0%| F|  |TAMS 0x0000000089c00000, 0x0000000089c00000| Untracked 
| 107|0x0000000089d00000, 0x0000000089d00000, 0x0000000089e00000|  0%| F|  |TAMS 0x0000000089d00000, 0x0000000089d00000| Untracked 
| 108|0x0000000089e00000, 0x0000000089e00000, 0x0000000089f00000|  0%| F|  |TAMS 0x0000000089e00000, 0x0000000089e00000| Untracked 
| 109|0x0000000089f00000, 0x0000000089f00000, 0x000000008a000000|  0%| F|  |TAMS 0x0000000089f00000, 0x0000000089f00000| Untracked 
| 110|0x000000008a000000, 0x000000008a000000, 0x000000008a100000|  0%| F|  |TAMS 0x000000008a000000, 0x000000008a000000| Untracked 
| 111|0x000000008a100000, 0x000000008a100000, 0x000000008a200000|  0%| F|  |TAMS 0x000000008a100000, 0x000000008a100000| Untracked 
| 112|0x000000008a200000, 0x000000008a200000, 0x000000008a300000|  0%| F|  |TAMS 0x000000008a200000, 0x000000008a200000| Untracked 
| 113|0x000000008a300000, 0x000000008a300000, 0x000000008a400000|  0%| F|  |TAMS 0x000000008a300000, 0x000000008a300000| Untracked 
| 114|0x000000008a400000, 0x000000008a400000, 0x000000008a500000|  0%| F|  |TAMS 0x000000008a400000, 0x000000008a400000| Untracked 
| 115|0x000000008a500000, 0x000000008a500000, 0x000000008a600000|  0%| F|  |TAMS 0x000000008a500000, 0x000000008a500000| Untracked 
| 116|0x000000008a600000, 0x000000008a600000, 0x000000008a700000|  0%| F|  |TAMS 0x000000008a600000, 0x000000008a600000| Untracked 
| 117|0x000000008a700000, 0x000000008a700000, 0x000000008a800000|  0%| F|  |TAMS 0x000000008a700000, 0x000000008a700000| Untracked 
| 118|0x000000008a800000, 0x000000008a800800, 0x000000008a900000|  0%| E|  |TAMS 0x000000008a800000, 0x000000008a800000| Complete 
| 119|0x000000008a900000, 0x000000008aa00000, 0x000000008aa00000|100%| E|CS|TAMS 0x000000008a900000, 0x000000008a900000| Complete 
| 120|0x000000008aa00000, 0x000000008ab00000, 0x000000008ab00000|100%| E|CS|TAMS 0x000000008aa00000, 0x000000008aa00000| Complete 
| 121|0x000000008ab00000, 0x000000008ac00000, 0x000000008ac00000|100%| E|CS|TAMS 0x000000008ab00000, 0x000000008ab00000| Complete 
| 122|0x000000008ac00000, 0x000000008ad00000, 0x000000008ad00000|100%| E|CS|TAMS 0x000000008ac00000, 0x000000008ac00000| Complete 
| 123|0x000000008ad00000, 0x000000008ae00000, 0x000000008ae00000|100%| E|CS|TAMS 0x000000008ad00000, 0x000000008ad00000| Complete 
| 124|0x000000008ae00000, 0x000000008af00000, 0x000000008af00000|100%| E|CS|TAMS 0x000000008ae00000, 0x000000008ae00000| Complete 
| 125|0x000000008af00000, 0x000000008b000000, 0x000000008b000000|100%| E|CS|TAMS 0x000000008af00000, 0x000000008af00000| Complete 

Card table byte_map: [0x000001aee7d30000,0x000001aee8120000] _byte_map_base: 0x000001aee7917000

Marking Bits (Prev, Next): (CMBitMap*) 0x000001aed0dda130, (CMBitMap*) 0x000001aed0dda170
 Prev Bits: [0x000001aee8510000, 0x000001aeea448000)
 Next Bits: [0x000001aeea450000, 0x000001aeec388000)

Polling page: 0x000001aececc0000

Metaspace:

Usage:
  Non-class:     13.14 MB used.
      Class:      1.05 MB used.
       Both:     14.19 MB used.

Virtual space:
  Non-class space:       16.00 MB reserved,      13.25 MB ( 83%) committed,  2 nodes.
      Class space:        1.00 GB reserved,       1.12 MB ( <1%) committed,  1 nodes.
             Both:        1.02 GB reserved,      14.38 MB (  1%) committed. 

Chunk freelists:
   Non-Class:  2.75 MB
       Class:  2.82 MB
        Both:  5.57 MB

MaxMetaspaceSize: unlimited
CompressedClassSpaceSize: 1.00 GB
Initial GC threshold: 21.00 MB
Current GC threshold: 21.00 MB
CDS: on
MetaspaceReclaimPolicy: balanced
 - commit_granule_bytes: 65536.
 - commit_granule_words: 8192.
 - virtual_space_node_default_size: 1048576.
 - enlarge_chunks_in_place: 1.
 - new_chunks_are_fully_committed: 0.
 - uncommit_free_chunks: 1.
 - use_allocation_guard: 0.
 - handle_deallocations: 1.


Internal statistics:

num_allocs_failed_limit: 0.
num_arena_births: 142.
num_arena_deaths: 0.
num_vsnodes_births: 3.
num_vsnodes_deaths: 0.
num_space_committed: 226.
num_space_uncommitted: 0.
num_chunks_returned_to_freelist: 0.
num_chunks_taken_from_freelist: 464.
num_chunk_merges: 0.
num_chunk_splits: 361.
num_chunks_enlarged: 285.
num_purges: 0.
num_inconsistent_stats: 0.

CodeHeap 'non-profiled nmethods': size=120000Kb used=1659Kb max_used=1659Kb free=118340Kb
 bounds [0x000001aee00e0000, 0x000001aee0350000, 0x000001aee7610000]
CodeHeap 'profiled nmethods': size=120000Kb used=4849Kb max_used=4849Kb free=115150Kb
 bounds [0x000001aed8610000, 0x000001aed8ad0000, 0x000001aedfb40000]
CodeHeap 'non-nmethods': size=5760Kb used=1620Kb max_used=1662Kb free=4139Kb
 bounds [0x000001aedfb40000, 0x000001aedfdb0000, 0x000001aee00e0000]
 total_blobs=3212 nmethods=2267 adapters=858
 compilation: enabled
              stopped_count=0, restarted_count=0
 full_count=0

Compilation events (20 events):
Event: 28.149 Thread 0x000001aeeedcd9b0 2260 %     4       c21716601.emil1::render @ 55 (291 bytes)
Event: 28.166 Thread 0x000001aeeedce360 2261       3       processing.core.PApplet::rotateX (24 bytes)
Event: 28.168 Thread 0x000001aeeedce360 nmethod 2261 0x000001aed8aca990 code [0x000001aed8acab40, 0x000001aed8acae58]
Event: 28.168 Thread 0x000001aeeedce360 2262       3       processing.opengl.PGraphicsOpenGL::rotateX (9 bytes)
Event: 28.168 Thread 0x000001aeeedce360 nmethod 2262 0x000001aed8acaf90 code [0x000001aed8acb160, 0x000001aed8acb348]
Event: 28.216 Thread 0x000001aeeedcd9b0 nmethod 2260% 0x000001aee0277390 code [0x000001aee02776e0, 0x000001aee0278de0]
Event: 28.217 Thread 0x000001aeeedcd9b0 2263       4       c21716601.emil1::render (291 bytes)
Event: 28.292 Thread 0x000001aeeedcd9b0 nmethod 2263 0x000001aee0279d90 code [0x000001aee027a140, 0x000001aee027bd00]
Event: 28.427 Thread 0x000001aeeedcd9b0 2264       4       processing.core.PApplet::strokeWeight (24 bytes)
Event: 28.430 Thread 0x000001aeeedcd9b0 nmethod 2264 0x000001aee027cf90 code [0x000001aee027d120, 0x000001aee027d218]
Event: 28.818 Thread 0x000001aeeedcd9b0 2265       4       java.util.Arrays::rangeCheck (74 bytes)
Event: 28.819 Thread 0x000001aeeedcd9b0 nmethod 2265 0x000001aee027d310 code [0x000001aee027d480, 0x000001aee027d538]
Event: 28.909 Thread 0x000001aeeedcd9b0 2266       4       processing.core.PApplet::point (28 bytes)
Event: 28.924 Thread 0x000001aeeedcd9b0 nmethod 2266 0x000001aee027d610 code [0x000001aee027d7c0, 0x000001aee027dcd8]
Event: 29.167 Thread 0x000001aeeedcd9b0 2267       4       processing.core.PGraphics::colorCalc (573 bytes)
Event: 29.178 Thread 0x000001aeeedcd9b0 nmethod 2267 0x000001aee027e190 code [0x000001aee027e360, 0x000001aee027ea78]
Event: 29.291 Thread 0x000001aeeedcd9b0 2268   !   4       jdk.internal.loader.URLClassPath$JarLoader::ensureOpen (36 bytes)
Event: 29.292 Thread 0x000001aeeedcd9b0 nmethod 2268 0x000001aee027ec90 code [0x000001aee027ee00, 0x000001aee027ee98]
Event: 29.382 Thread 0x000001aeeedce360 2269       3       java.util.WeakHashMap::remove (131 bytes)
Event: 29.383 Thread 0x000001aeeedce360 nmethod 2269 0x000001aed8acb410 code [0x000001aed8acb660, 0x000001aed8acc1f8]

GC Heap History (6 events):
Event: 2.871 GC heap before
{Heap before GC invocations=0 (full 0):
 garbage-first heap   total 129024K, used 25600K [0x0000000083200000, 0x0000000100000000)
  region size 1024K, 23 young (23552K), 0 survivors (0K)
 Metaspace       used 11242K, committed 11456K, reserved 1064960K
  class space    used 812K, committed 896K, reserved 1048576K
}
Event: 2.890 GC heap after
{Heap after GC invocations=1 (full 0):
 garbage-first heap   total 129024K, used 2738K [0x0000000083200000, 0x0000000100000000)
  region size 1024K, 3 young (3072K), 3 survivors (3072K)
 Metaspace       used 11242K, committed 11456K, reserved 1064960K
  class space    used 812K, committed 896K, reserved 1048576K
}
Event: 12.603 GC heap before
{Heap before GC invocations=1 (full 0):
 garbage-first heap   total 129024K, used 63154K [0x0000000083200000, 0x0000000100000000)
  region size 1024K, 36 young (36864K), 3 survivors (3072K)
 Metaspace       used 14331K, committed 14464K, reserved 1064960K
  class space    used 1073K, committed 1152K, reserved 1048576K
}
Event: 12.621 GC heap after
{Heap after GC invocations=2 (full 0):
 garbage-first heap   total 129024K, used 21690K [0x0000000083200000, 0x0000000100000000)
  region size 1024K, 4 young (4096K), 4 survivors (4096K)
 Metaspace       used 14331K, committed 14464K, reserved 1064960K
  class space    used 1073K, committed 1152K, reserved 1048576K
}
Event: 22.147 GC heap before
{Heap before GC invocations=2 (full 0):
 garbage-first heap   total 129024K, used 93370K [0x0000000083200000, 0x0000000100000000)
  region size 1024K, 75 young (76800K), 4 survivors (4096K)
 Metaspace       used 14473K, committed 14656K, reserved 1064960K
  class space    used 1073K, committed 1152K, reserved 1048576K
}
Event: 22.196 GC heap after
{Heap after GC invocations=3 (full 0):
 garbage-first heap   total 129024K, used 22125K [0x0000000083200000, 0x0000000100000000)
  region size 1024K, 5 young (5120K), 5 survivors (5120K)
 Metaspace       used 14473K, committed 14656K, reserved 1064960K
  class space    used 1073K, committed 1152K, reserved 1048576K
}

Deoptimization events (20 events):
Event: 29.240 Thread 0x000001aef17ed930 DEOPT PACKING pc=0x000001aed8a73959 sp=0x0000009de91fee30
Event: 29.240 Thread 0x000001aef17ed930 DEOPT UNPACKING pc=0x000001aedfb966e3 sp=0x0000009de91fe320 mode 1
Event: 29.240 Thread 0x000001aef17ed930 DEOPT PACKING pc=0x000001aed89e9974 sp=0x0000009de91feec0
Event: 29.240 Thread 0x000001aef17ed930 DEOPT UNPACKING pc=0x000001aedfb966e3 sp=0x0000009de91fe368 mode 1
Event: 29.283 Thread 0x000001aef17ed930 DEOPT PACKING pc=0x000001aed8a73959 sp=0x0000009de91fee30
Event: 29.283 Thread 0x000001aef17ed930 DEOPT UNPACKING pc=0x000001aedfb966e3 sp=0x0000009de91fe320 mode 1
Event: 29.283 Thread 0x000001aef17ed930 DEOPT PACKING pc=0x000001aed89e9974 sp=0x0000009de91feec0
Event: 29.283 Thread 0x000001aef17ed930 DEOPT UNPACKING pc=0x000001aedfb966e3 sp=0x0000009de91fe368 mode 1
Event: 29.290 Thread 0x000001aef1fdc1e0 Uncommon trap: trap_request=0xffffffde fr.pc=0x000001aee0270478 relative=0x0000000000000458
Event: 29.290 Thread 0x000001aef1fdc1e0 Uncommon trap: reason=class_check action=maybe_recompile pc=0x000001aee0270478 method=java.util.HashMap.removeNode(ILjava/lang/Object;Ljava/lang/Object;ZZ)Ljava/util/HashMap$Node; @ 283 c2
Event: 29.290 Thread 0x000001aef1fdc1e0 DEOPT PACKING pc=0x000001aee0270478 sp=0x0000009de9dff280
Event: 29.291 Thread 0x000001aef1fdc1e0 DEOPT UNPACKING pc=0x000001aedfb95ba3 sp=0x0000009de9dff218 mode 2
Event: 29.314 Thread 0x000001aef1fdc1e0 Uncommon trap: trap_request=0xffffff45 fr.pc=0x000001aee01645e0 relative=0x0000000000000060
Event: 29.314 Thread 0x000001aef1fdc1e0 Uncommon trap: reason=unstable_if action=reinterpret pc=0x000001aee01645e0 method=java.util.HashMap.keySet()Ljava/util/Set; @ 6 c2
Event: 29.314 Thread 0x000001aef1fdc1e0 DEOPT PACKING pc=0x000001aee01645e0 sp=0x0000009de9dff370
Event: 29.314 Thread 0x000001aef1fdc1e0 DEOPT UNPACKING pc=0x000001aedfb95ba3 sp=0x0000009de9dff308 mode 2
Event: 29.314 Thread 0x000001aef08057d0 Uncommon trap: trap_request=0xffffff45 fr.pc=0x000001aee015ffe8 relative=0x00000000000001e8
Event: 29.314 Thread 0x000001aef08057d0 Uncommon trap: reason=unstable_if action=reinterpret pc=0x000001aee015ffe8 method=java.util.HashMap$HashIterator.<init>(Ljava/util/HashMap;)V @ 38 c2
Event: 29.314 Thread 0x000001aef08057d0 DEOPT PACKING pc=0x000001aee015ffe8 sp=0x0000009de86ff5c0
Event: 29.314 Thread 0x000001aef08057d0 DEOPT UNPACKING pc=0x000001aedfb95ba3 sp=0x0000009de86ff568 mode 2

Classes unloaded (0 events):
No events

Classes redefined (0 events):
No events

Internal exceptions (18 events):
Event: 0.729 Thread 0x000001aed0d7fe20 Exception <a 'java/lang/ClassNotFoundException'{0x000000008ad84a30}: sun/awt/resources/spi/awtProvider> (0x000000008ad84a30) 
thrown [s\open\src\hotspot\share\classfile\systemDictionary.cpp, line 256]
Event: 0.794 Thread 0x000001aed0d7fe20 Exception <a 'java/io/FileNotFoundException'{0x000000008adda908}> (0x000000008adda908) 
thrown [s\open\src\hotspot\share\prims\jni.cpp, line 516]
Event: 0.811 Thread 0x000001aed0d7fe20 Exception <a 'java/io/FileNotFoundException'{0x000000008ac07d08}> (0x000000008ac07d08) 
thrown [s\open\src\hotspot\share\prims\jni.cpp, line 516]
Event: 0.947 Thread 0x000001aed0d7fe20 Exception <a 'java/lang/NoSuchMethodError'{0x000000008ac97268}: 'java.lang.Object java.lang.invoke.DirectMethodHandle$Holder.invokeStaticInit(java.lang.Object)'> (0x000000008ac97268) 
thrown [s\open\src\hotspot\share\interpreter\linkResolver.cpp, line 759]
Event: 1.285 Thread 0x000001aed0d7fe20 Exception <a 'java/lang/NoSuchMethodError'{0x000000008a8cff88}: 'java.lang.Object java.lang.invoke.DirectMethodHandle$Holder.invokeStaticInit(java.lang.Object, int, int, int, int)'> (0x000000008a8cff88) 
thrown [s\open\src\hotspot\share\interpreter\linkResolver.cpp, line 759]
Event: 1.390 Thread 0x000001aed0d7fe20 Exception <a 'java/lang/NoSuchMethodError'{0x000000008a7885a8}: 'java.lang.Object java.lang.invoke.DirectMethodHandle$Holder.invokeStaticInit(java.lang.Object, java.lang.Object, int, int, int, int)'> (0x000000008a7885a8) 
thrown [s\open\src\hotspot\share\interpreter\linkResolver.cpp, line 759]
Event: 1.434 Thread 0x000001aed0d7fe20 Exception <a 'java/lang/NoSuchMethodError'{0x000000008a794228}: 'void java.lang.invoke.DirectMethodHandle$Holder.invokeStatic(java.lang.Object, long)'> (0x000000008a794228) 
thrown [s\open\src\hotspot\share\interpreter\linkResolver.cpp, line 759]
Event: 1.435 Thread 0x000001aed0d7fe20 Exception <a 'java/lang/NoSuchMethodError'{0x000000008a799808}: 'java.lang.Object java.lang.invoke.DirectMethodHandle$Holder.newInvokeSpecial(java.lang.Object, long)'> (0x000000008a799808) 
thrown [s\open\src\hotspot\share\interpreter\linkResolver.cpp, line 759]
Event: 1.440 Thread 0x000001aed0d7fe20 Exception <a 'java/lang/NoSuchMethodError'{0x000000008a7a0a60}: 'java.lang.Object java.lang.invoke.DirectMethodHandle$Holder.invokeStatic(java.lang.Object, java.lang.Object, long, java.lang.Object)'> (0x000000008a7a0a60) 
thrown [s\open\src\hotspot\share\interpreter\linkResolver.cpp, line 759]
Event: 1.441 Thread 0x000001aed0d7fe20 Exception <a 'java/lang/NoSuchMethodError'{0x000000008a7a44f8}: 'java.lang.Object java.lang.invoke.DirectMethodHandle$Holder.invokeStaticInit(java.lang.Object, java.lang.Object, long, java.lang.Object)'> (0x000000008a7a44f8) 
thrown [s\open\src\hotspot\share\interpreter\linkResolver.cpp, line 759]
Event: 1.443 Thread 0x000001aed0d7fe20 Exception <a 'java/lang/NoSuchMethodError'{0x000000008a7aaab8}: 'java.lang.Object java.lang.invoke.DirectMethodHandle$Holder.newInvokeSpecial(java.lang.Object, java.lang.Object, long)'> (0x000000008a7aaab8) 
thrown [s\open\src\hotspot\share\interpreter\linkResolver.cpp, line 759]
Event: 1.444 Thread 0x000001aed0d7fe20 Exception <a 'java/lang/NoSuchMethodError'{0x000000008a7ae628}: 'java.lang.Object java.lang.invoke.Invokers$Holder.linkToTargetMethod(java.lang.Object, long, java.lang.Object)'> (0x000000008a7ae628) 
thrown [s\open\src\hotspot\share\interpreter\linkResolver.cpp, line 759]
Event: 1.724 Thread 0x000001aed0d7fe20 Exception <a 'java/lang/NoSuchMethodError'{0x000000008a6b4e38}: 'java.lang.Object java.lang.invoke.DirectMethodHandle$Holder.invokeInterface(java.lang.Object, java.lang.Object)'> (0x000000008a6b4e38) 
thrown [s\open\src\hotspot\share\interpreter\linkResolver.cpp, line 759]
Event: 1.724 Thread 0x000001aed0d7fe20 Exception <a 'java/lang/IncompatibleClassChangeError'{0x000000008a6b8630}: Found class java.lang.Object, but interface was expected> (0x000000008a6b8630) 
thrown [s\open\src\hotspot\share\interpreter\linkResolver.cpp, line 826]
Event: 3.988 Thread 0x000001aef17ed930 Exception <a 'java/lang/NoSuchMethodError'{0x000000008a2963d0}: 'java.lang.Object java.lang.invoke.DirectMethodHandle$Holder.invokeStatic(java.lang.Object, float)'> (0x000000008a2963d0) 
thrown [s\open\src\hotspot\share\interpreter\linkResolver.cpp, line 759]
Event: 4.027 Thread 0x000001aef17ed930 Exception <a 'java/lang/NoSuchMethodError'{0x000000008a2e1b88}: 'int java.lang.invoke.DirectMethodHandle$Holder.invokeSpecial(java.lang.Object, java.lang.Object, java.lang.Object)'> (0x000000008a2e1b88) 
thrown [s\open\src\hotspot\share\interpreter\linkResolver.cpp, line 759]
Event: 12.499 Thread 0x000001aef17ed930 Implicit null exception at 0x000001aee0170faf to 0x000001aee0172710
Event: 29.288 Thread 0x000001aef172d300 Exception <a 'java/lang/InterruptedException'{0x000000008aaebfa0}> (0x000000008aaebfa0) 
thrown [s\open\src\hotspot\share\runtime\objectMonitor.cpp, line 1661]

VM Operations (20 events):
Event: 16.624 Executing VM operation: Cleanup done
Event: 17.271 Executing VM operation: HandshakeAllThreads
Event: 17.271 Executing VM operation: HandshakeAllThreads done
Event: 18.272 Executing VM operation: Cleanup
Event: 18.273 Executing VM operation: Cleanup done
Event: 20.273 Executing VM operation: Cleanup
Event: 20.274 Executing VM operation: Cleanup done
Event: 21.274 Executing VM operation: Cleanup
Event: 21.275 Executing VM operation: Cleanup done
Event: 22.147 Executing VM operation: G1CollectForAllocation
Event: 22.196 Executing VM operation: G1CollectForAllocation done
Event: 25.197 Executing VM operation: Cleanup
Event: 25.197 Executing VM operation: Cleanup done
Event: 26.197 Executing VM operation: Cleanup
Event: 26.197 Executing VM operation: Cleanup done
Event: 27.198 Executing VM operation: Cleanup
Event: 27.198 Executing VM operation: Cleanup done
Event: 28.198 Executing VM operation: Cleanup
Event: 28.199 Executing VM operation: Cleanup done
Event: 29.393 Executing VM operation: Exit

Events (20 events):
Event: 13.342 Thread 0x000001aef2152350 Thread added: 0x000001aef2152350
Event: 13.709 Thread 0x000001aef2152350 Thread exited: 0x000001aef2152350
Event: 14.267 Thread 0x000001aef2152350 Thread added: 0x000001aef2152350
Event: 14.665 Thread 0x000001aef2152350 Thread exited: 0x000001aef2152350
Event: 16.404 Thread 0x000001aef2152350 Thread added: 0x000001aef2152350
Event: 19.186 Thread 0x000001aef2152350 Thread exited: 0x000001aef2152350
Event: 29.288 Thread 0x000001aef1fdbd10 Thread added: 0x000001aef1fdbd10
Event: 29.288 Thread 0x000001aef1fdc1e0 Thread added: 0x000001aef1fdc1e0
Event: 29.288 Thread 0x000001aeff283040 Thread added: 0x000001aeff283040
Event: 29.288 Thread 0x000001aef172d300 Thread exited: 0x000001aef172d300
Event: 29.289 Thread 0x000001aeff287870 Thread added: 0x000001aeff287870
Event: 29.289 loading class java/nio/channels/ClosedChannelException
Event: 29.290 loading class java/nio/channels/ClosedChannelException done
Event: 29.291 Thread 0x000001aeff283040 Thread exited: 0x000001aeff283040
Event: 29.293 Thread 0x000001aef06f1060 Thread exited: 0x000001aef06f1060
Event: 29.299 Thread 0x000001aef0098300 Thread exited: 0x000001aef0098300
Event: 29.371 Thread 0x000001aef08057d0 Thread exited: 0x000001aef08057d0
Event: 29.383 Thread 0x000001aef1fdc1e0 Thread exited: 0x000001aef1fdc1e0
Event: 29.392 Thread 0x000001aef1fdbd10 Thread exited: 0x000001aef1fdbd10
Event: 29.393 Thread 0x000001aeeedbf350 Thread exited: 0x000001aeeedbf350


Dynamic libraries:
0x00007ff7df6c0000 - 0x00007ff7df6d0000 	C:\Program Files\Java\jdk-17\bin\java.exe
0x00007ffe011b0000 - 0x00007ffe013a8000 	C:\Windows\SYSTEM32\ntdll.dll
0x00007ffdff2f0000 - 0x00007ffdff3af000 	C:\Windows\System32\KERNEL32.DLL
0x00007ffdfe8c0000 - 0x00007ffdfeb9a000 	C:\Windows\System32\KERNELBASE.dll
0x00007ffdfeba0000 - 0x00007ffdfeca0000 	C:\Windows\System32\ucrtbase.dll
0x00007ffdec1e0000 - 0x00007ffdec1fb000 	C:\Program Files\Java\jdk-17\bin\VCRUNTIME140.dll
0x00007ffdec1c0000 - 0x00007ffdec1d8000 	C:\Program Files\Java\jdk-17\bin\jli.dll
0x00007ffe00eb0000 - 0x00007ffe00f5e000 	C:\Windows\System32\ADVAPI32.dll
0x00007ffe00d50000 - 0x00007ffe00dee000 	C:\Windows\System32\msvcrt.dll
0x00007ffdffac0000 - 0x00007ffdffb5c000 	C:\Windows\System32\sechost.dll
0x00007ffdff4d0000 - 0x00007ffdff5f6000 	C:\Windows\System32\RPCRT4.dll
0x00007ffe00450000 - 0x00007ffe005ed000 	C:\Windows\System32\USER32.dll
0x00007ffdeb5f0000 - 0x00007ffdeb88a000 	C:\Windows\WinSxS\amd64_microsoft.windows.common-controls_6595b64144ccf1df_6.0.19041.1110_none_60b5254171f9507e\COMCTL32.dll
0x00007ffe01140000 - 0x00007ffe0116b000 	C:\Windows\System32\GDI32.dll
0x00007ffdff070000 - 0x00007ffdff092000 	C:\Windows\System32\win32u.dll
0x00007ffdfed10000 - 0x00007ffdfee20000 	C:\Windows\System32\gdi32full.dll
0x00007ffdfefd0000 - 0x00007ffdff06d000 	C:\Windows\System32\msvcp_win.dll
0x00007ffdf5920000 - 0x00007ffdf592a000 	C:\Windows\SYSTEM32\VERSION.dll
0x00007ffdffa80000 - 0x00007ffdffab0000 	C:\Windows\System32\IMM32.DLL
0x00007ffdf2110000 - 0x00007ffdf211c000 	C:\Program Files\Java\jdk-17\bin\vcruntime140_1.dll
0x00007ffdd3c70000 - 0x00007ffdd3cfe000 	C:\Program Files\Java\jdk-17\bin\msvcp140.dll
0x00007ffdac3d0000 - 0x00007ffdacfa7000 	C:\Program Files\Java\jdk-17\bin\server\jvm.dll
0x00007ffdff3b0000 - 0x00007ffdff3b8000 	C:\Windows\System32\PSAPI.DLL
0x00007ffdf1390000 - 0x00007ffdf1399000 	C:\Windows\SYSTEM32\WSOCK32.dll
0x00007ffdeaea0000 - 0x00007ffdeaec7000 	C:\Windows\SYSTEM32\WINMM.dll
0x00007ffdffa10000 - 0x00007ffdffa7b000 	C:\Windows\System32\WS2_32.dll
0x00007ffdfd0d0000 - 0x00007ffdfd0e2000 	C:\Windows\SYSTEM32\kernel.appcore.dll
0x00007ffdf0b00000 - 0x00007ffdf0b0a000 	C:\Program Files\Java\jdk-17\bin\jimage.dll
0x00007ffdfc430000 - 0x00007ffdfc614000 	C:\Windows\SYSTEM32\DBGHELP.DLL
0x00007ffde3ff0000 - 0x00007ffde4024000 	C:\Windows\SYSTEM32\dbgcore.DLL
0x00007ffdff0d0000 - 0x00007ffdff152000 	C:\Windows\System32\bcryptPrimitives.dll
0x00007ffdd9670000 - 0x00007ffdd96ab000 	C:\Program Files\Java\jdk-17\bin\jdwp.dll
0x00007ffdd9640000 - 0x00007ffdd9665000 	C:\Program Files\Java\jdk-17\bin\java.dll
0x00007ffdd3310000 - 0x00007ffdd33e7000 	C:\Program Files\Java\jdk-17\bin\jsvml.dll
0x00007ffe005f0000 - 0x00007ffe00d34000 	C:\Windows\System32\SHELL32.dll
0x00007ffdfc920000 - 0x00007ffdfd0b3000 	C:\Windows\SYSTEM32\windows.storage.dll
0x00007ffdffc80000 - 0x00007ffdfffd4000 	C:\Windows\System32\combase.dll
0x00007ffdfe320000 - 0x00007ffdfe34e000 	C:\Windows\SYSTEM32\Wldp.dll
0x00007ffe01090000 - 0x00007ffe0113d000 	C:\Windows\System32\SHCORE.dll
0x00007ffdff600000 - 0x00007ffdff655000 	C:\Windows\System32\shlwapi.dll
0x00007ffdfe800000 - 0x00007ffdfe81f000 	C:\Windows\SYSTEM32\profapi.dll
0x00007ffdec0e0000 - 0x00007ffdec0ec000 	C:\Program Files\Java\jdk-17\bin\dt_socket.dll
0x00007ffdfdd20000 - 0x00007ffdfdd5c000 	C:\Windows\SYSTEM32\IPHLPAPI.DLL
0x00007ffdfe080000 - 0x00007ffdfe0ea000 	C:\Windows\system32\mswsock.dll
0x00007ffdfdd60000 - 0x00007ffdfde2b000 	C:\Windows\SYSTEM32\DNSAPI.dll
0x00007ffe00d40000 - 0x00007ffe00d48000 	C:\Windows\System32\NSI.dll
0x00007ffdf6430000 - 0x00007ffdf643a000 	C:\Windows\System32\rasadhlp.dll
0x00007ffdf2540000 - 0x00007ffdf25c0000 	C:\Windows\System32\fwpuclnt.dll
0x00007ffdff0a0000 - 0x00007ffdff0c7000 	C:\Windows\System32\bcrypt.dll
0x00007ffde8e80000 - 0x00007ffde8e99000 	C:\Program Files\Java\jdk-17\bin\net.dll
0x00007ffdf8670000 - 0x00007ffdf877a000 	C:\Windows\SYSTEM32\WINHTTP.dll
0x00007ffde3e80000 - 0x00007ffde3e96000 	C:\Program Files\Java\jdk-17\bin\nio.dll
0x00007ffde3bc0000 - 0x00007ffde3bd8000 	C:\Program Files\Java\jdk-17\bin\zip.dll
0x00007ffdcebf0000 - 0x00007ffdced81000 	C:\Program Files\Java\jdk-17\bin\awt.dll
0x00007ffdff660000 - 0x00007ffdff72d000 	C:\Windows\System32\OLEAUT32.dll
0x00007ffdfbda0000 - 0x00007ffdfbe30000 	C:\Windows\SYSTEM32\apphelp.dll
0x00007ffdfbea0000 - 0x00007ffdfbf3e000 	C:\Windows\system32\uxtheme.dll
0x00007ffdffb60000 - 0x00007ffdffc74000 	C:\Windows\System32\MSCTF.dll
0x00007ffdff730000 - 0x00007ffdff85a000 	C:\Windows\System32\ole32.dll
0x00007ffdfbfa0000 - 0x00007ffdfbfcf000 	C:\Windows\system32\DWMAPI.DLL
0x00007ffde3c60000 - 0x00007ffde3d85000 	C:\Windows\system32\opengl32.dll
0x00007ffdf01d0000 - 0x00007ffdf01fc000 	C:\Windows\SYSTEM32\GLU32.dll
0x00007ffdfe270000 - 0x00007ffdfe288000 	C:\Windows\SYSTEM32\CRYPTSP.dll
0x00007ffdfd910000 - 0x00007ffdfd944000 	C:\Windows\system32\rsaenh.dll
0x00007ffdfe780000 - 0x00007ffdfe7ae000 	C:\Windows\SYSTEM32\USERENV.dll
0x00007ffdfe290000 - 0x00007ffdfe29c000 	C:\Windows\SYSTEM32\CRYPTBASE.dll
0x00007ffdf42b0000 - 0x00007ffdf42c7000 	C:\Windows\SYSTEM32\dhcpcsvc6.DLL
0x00007ffdf4290000 - 0x00007ffdf42ad000 	C:\Windows\SYSTEM32\dhcpcsvc.DLL
0x000000006e8c0000 - 0x000000006e8cd000 	C:\Users\bakht\AppData\Local\Temp\jogamp_0000\file_cache\jln6311792534040305509\jln14163919997877134824\natives\windows-amd64\gluegen_rt.dll
0x00007ffdebb00000 - 0x00007ffdebb07000 	C:\Program Files\Java\jdk-17\bin\jawt.dll
0x000000006a440000 - 0x000000006a44d000 	C:\Users\bakht\AppData\Local\Temp\jogamp_0000\file_cache\jln6311792534040305509\jln14163919997877134824\natives\windows-amd64\nativewindow_awt.dll
0x000000006c100000 - 0x000000006c110000 	C:\Users\bakht\AppData\Local\Temp\jogamp_0000\file_cache\jln6311792534040305509\jln14163919997877134824\natives\windows-amd64\nativewindow_win32.dll
0x0000000070d80000 - 0x0000000070d93000 	C:\Users\bakht\AppData\Local\Temp\jogamp_0000\file_cache\jln6311792534040305509\jln14163919997877134824\natives\windows-amd64\newt_head.dll
0x00007ffdf8b40000 - 0x00007ffdf8bee000 	C:\Windows\SYSTEM32\mscms.dll
0x00007ffdf9410000 - 0x00007ffdf9421000 	C:\Windows\SYSTEM32\ColorAdapterClient.dll
0x00007ffdd5580000 - 0x00007ffdd55c3000 	C:\Windows\SYSTEM32\icm32.dll
0x00007ffdfffe0000 - 0x00007ffe00448000 	C:\Windows\System32\setupapi.dll
0x00007ffdfef80000 - 0x00007ffdfefce000 	C:\Windows\System32\cfgmgr32.dll
0x00007ffdfe670000 - 0x00007ffdfe69c000 	C:\Windows\SYSTEM32\DEVOBJ.dll
0x00007ffdfeca0000 - 0x00007ffdfed07000 	C:\Windows\System32\WINTRUST.dll
0x00007ffdfee20000 - 0x00007ffdfef76000 	C:\Windows\System32\CRYPT32.dll
0x00007ffdfe4b0000 - 0x00007ffdfe4c2000 	C:\Windows\SYSTEM32\MSASN1.dll
0x0000000064500000 - 0x0000000064585000 	C:\Users\bakht\AppData\Local\Temp\jogamp_0000\file_cache\jln6311792534040305509\jln14163919997877134824\natives\windows-amd64\jogl_desktop.dll
0x0000000064340000 - 0x0000000064391000 	C:\Users\bakht\AppData\Local\Temp\jogamp_0000\file_cache\jln6311792534040305509\jln14163919997877134824\natives\windows-amd64\jogl_mobile.dll
0x00007ffe00fe0000 - 0x00007ffe01089000 	C:\Windows\System32\clbcatq.dll
0x00007ffdf5d20000 - 0x00007ffdf5e24000 	C:\Windows\System32\AppXDeploymentClient.dll
0x00007ffdab3c0000 - 0x00007ffdac3ca000 	C:\Windows\System32\DriverStore\FileRepository\iigd_dch.inf_amd64_cb43c2398bc88530\igxelpicd64.dll
0x00007ffdfd260000 - 0x00007ffdfd353000 	C:\Windows\system32\dxgi.dll
0x00007ffdb6b10000 - 0x00007ffdb6de0000 	C:\Windows\System32\DriverStore\FileRepository\iigd_dch.inf_amd64_cb43c2398bc88530\igdml64.dll
0x00007ffdf2d70000 - 0x00007ffdf3159000 	C:\Windows\System32\DriverStore\FileRepository\iigd_dch.inf_amd64_cb43c2398bc88530\igdgmm64.dll
0x00007ffdec320000 - 0x00007ffdef92f000 	C:\Windows\System32\DriverStore\FileRepository\iigd_dch.inf_amd64_cb43c2398bc88530\igc64.dll
0x00007ffdfde90000 - 0x00007ffdfdedb000 	C:\Windows\SYSTEM32\powrprof.dll
0x00007ffdfdd00000 - 0x00007ffdfdd12000 	C:\Windows\SYSTEM32\UMPDC.dll
0x00007ffdf1db0000 - 0x00007ffdf1ea9000 	C:\Windows\SYSTEM32\textinputframework.dll
0x00007ffdfb770000 - 0x00007ffdfbace000 	C:\Windows\System32\CoreUIComponents.dll
0x00007ffdfbad0000 - 0x00007ffdfbbc2000 	C:\Windows\System32\CoreMessaging.dll
0x00007ffdfda50000 - 0x00007ffdfda83000 	C:\Windows\SYSTEM32\ntmarta.dll
0x00007ffdfaf90000 - 0x00007ffdfb0e4000 	C:\Windows\SYSTEM32\wintypes.dll
0x00007ffdebc70000 - 0x00007ffdebcd6000 	C:\Windows\system32\Oleacc.dll
0x00007ffdeb890000 - 0x00007ffdeb8a0000 	C:\Program Files\Java\jdk-17\bin\verify.dll
0x00007ffdd3c50000 - 0x00007ffdd3c62000 	C:\Program Files\Java\jdk-17\bin\jsound.dll
0x00007ffdd30d0000 - 0x00007ffdd316c000 	C:\Windows\SYSTEM32\DSOUND.dll
0x00007ffde85c0000 - 0x00007ffde85e6000 	C:\Windows\SYSTEM32\winmmbase.dll
0x00007ffdf8120000 - 0x00007ffdf81a5000 	C:\Windows\System32\MMDevApi.dll
0x00007ffdd7120000 - 0x00007ffdd7166000 	C:\Windows\SYSTEM32\wdmaud.drv
0x00007ffdf5f50000 - 0x00007ffdf5f59000 	C:\Windows\SYSTEM32\ksuser.dll
0x00007ffdf99f0000 - 0x00007ffdf99fa000 	C:\Windows\SYSTEM32\AVRT.dll
0x00007ffdf81b0000 - 0x00007ffdf8332000 	C:\Windows\SYSTEM32\AUDIOSES.DLL
0x00007ffdf65e0000 - 0x00007ffdf65ed000 	C:\Windows\SYSTEM32\msacm32.drv
0x00007ffdd7100000 - 0x00007ffdd711e000 	C:\Windows\SYSTEM32\MSACM32.dll
0x00007ffdf3de0000 - 0x00007ffdf3deb000 	C:\Windows\SYSTEM32\midimap.dll
0x00007ffdf1eb0000 - 0x00007ffdf1ff1000 	C:\Windows\System32\Windows.UI.dll
0x00007ffdf9490000 - 0x00007ffdf9531000 	C:\Windows\System32\WindowManagementAPI.dll
0x00007ffdf1c50000 - 0x00007ffdf1da2000 	C:\Windows\System32\InputHost.dll
0x00007ffdf8c60000 - 0x00007ffdf8e60000 	C:\Windows\SYSTEM32\twinapi.appcore.dll
0x00007ffdfa020000 - 0x00007ffdfa116000 	C:\Windows\System32\PROPSYS.dll
0x00007ffdfbf80000 - 0x00007ffdfbf94000 	C:\Windows\SYSTEM32\resourcepolicyclient.dll

dbghelp: loaded successfully - version: 4.0.5 - missing functions: none
symbol engine: initialized successfully - sym options: 0x614 - pdb path: .;C:\Program Files\Java\jdk-17\bin;C:\Windows\SYSTEM32;C:\Windows\WinSxS\amd64_microsoft.windows.common-controls_6595b64144ccf1df_6.0.19041.1110_none_60b5254171f9507e;C:\Program Files\Java\jdk-17\bin\server;C:\Users\bakht\AppData\Local\Temp\jogamp_0000\file_cache\jln6311792534040305509\jln14163919997877134824\natives\windows-amd64;C:\Windows\System32\DriverStore\FileRepository\iigd_dch.inf_amd64_cb43c2398bc88530

VM Arguments:
jvm_args: -agentlib:jdwp=transport=dt_socket,server=n,suspend=y,address=localhost:63209 -XX:+ShowCodeDetailsInExceptionMessages 
java_command: ie.tudublin.Main
java_class_path (initial): C:\Users\bakht\MV-C21716601\MusicVisuals-master\java\bin;C:\Users\bakht\MV-C21716601\MusicVisuals-master\java\lib\core.jar;C:\Users\bakht\MV-C21716601\MusicVisuals-master\java\lib\jl1.0.1.jar;C:\Users\bakht\MV-C21716601\MusicVisuals-master\java\lib\jsminim.jar;C:\Users\bakht\MV-C21716601\MusicVisuals-master\java\lib\minim.jar;C:\Users\bakht\MV-C21716601\MusicVisuals-master\java\lib\mp3spi1.9.5.jar;C:\Users\bakht\MV-C21716601\MusicVisuals-master\java\lib\sqlite-jdbc-3.23.1.jar;C:\Users\bakht\MV-C21716601\MusicVisuals-master\java\lib\tritonus_aos.jar;C:\Users\bakht\MV-C21716601\MusicVisuals-master\java\lib\tritonus_share.jar;C:\Users\bakht\MV-C21716601\MusicVisuals-master\java\lib\jogl-all.jar;C:\Users\bakht\MV-C21716601\MusicVisuals-master\java\lib\gluegen-rt.jar;C:\Users\bakht\MV-C21716601\MusicVisuals-master\java\lib\gluegen-rt-natives-windows-amd64.jar;C:\Users\bakht\MV-C21716601\MusicVisuals-master\java\lib\gluegen-rt-natives-windows-i586.jar;C:\Users\bakht\MV-C21716601\MusicVisuals-master\java\lib\jogl-all-natives-windows-amd64.jar;C:\Users\bakht\MV-C21716601\MusicVisuals-master\java\lib\jogl-all-natives-windows-i586.jar;C:\Users\bakht\MV-C21716601\MusicVisuals-master\java\lib\gluegen-rt-natives-macosx-universal.jar;C:\Users\bakht\MV-C21716601\MusicVisuals-master\java\lib\jogl-all-natives-macosx-universal.jar
Launcher Type: SUN_STANDARD

[Global flags]
     intx CICompilerCount                          = 4                                         {product} {ergonomic}
     uint ConcGCThreads                            = 2                                         {product} {ergonomic}
     uint G1ConcRefinementThreads                  = 8                                         {product} {ergonomic}
   size_t G1HeapRegionSize                         = 1048576                                   {product} {ergonomic}
    uintx GCDrainStackTargetSize                   = 64                                        {product} {ergonomic}
   size_t InitialHeapSize                          = 132120576                                 {product} {ergonomic}
   size_t MarkStackSize                            = 4194304                                   {product} {ergonomic}
   size_t MaxHeapSize                              = 2095054848                                {product} {ergonomic}
   size_t MaxNewSize                               = 1256194048                                {product} {ergonomic}
   size_t MinHeapDeltaBytes                        = 1048576                                   {product} {ergonomic}
   size_t MinHeapSize                              = 8388608                                   {product} {ergonomic}
    uintx NonNMethodCodeHeapSize                   = 5839372                                {pd product} {ergonomic}
    uintx NonProfiledCodeHeapSize                  = 122909434                              {pd product} {ergonomic}
    uintx ProfiledCodeHeapSize                     = 122909434                              {pd product} {ergonomic}
    uintx ReservedCodeCacheSize                    = 251658240                              {pd product} {ergonomic}
     bool SegmentedCodeCache                       = true                                      {product} {ergonomic}
     bool ShowCodeDetailsInExceptionMessages       = true                                   {manageable} {command line}
   size_t SoftMaxHeapSize                          = 2095054848                             {manageable} {ergonomic}
     bool UseCompressedClassPointers               = true                           {product lp64_product} {ergonomic}
     bool UseCompressedOops                        = true                           {product lp64_product} {ergonomic}
     bool UseG1GC                                  = true                                      {product} {ergonomic}
     bool UseLargePagesIndividualAllocation        = false                                  {pd product} {ergonomic}

Logging:
Log output configuration:
 #0: stdout all=off uptime,level,tags
 #1: stderr all=off uptime,level,tags

Environment Variables:
PATH=C:\Program Files\Common Files\Oracle\Java\javapath;C:\Program Files (x86)\Common Files\Oracle\Java\javapath;C:\Windows\system32;C:\Windows;C:\Windows\System32\Wbem;C:\Windows\System32\WindowsPowerShell\v1.0\;C:\Windows\System32\OpenSSH\;C:\msys64\mingw64\bin;C:\Program Files\PuTTY\;C:\Program Files\Git\cmd;C:\Users\bakht\AppData\Local\Microsoft\WindowsApps;;C:\Users\bakht\AppData\Local\Programs\Microsoft VS Code\bin
USERNAME=bakht
LANG=en_US.UTF-8
OS=Windows_NT
PROCESSOR_IDENTIFIER=Intel64 Family 6 Model 140 Stepping 1, GenuineIntel



---------------  S Y S T E M  ---------------

OS:
 Windows 10 , 64 bit Build 19041 (10.0.19041.2788)
OS uptime: 5 days 7:08 hours
Hyper-V role detected

CPU: total 8 (initial active 8) (4 cores per cpu, 2 threads per core) family 6 model 140 stepping 1 microcode 0x78, cx8, cmov, fxsr, ht, mmx, 3dnowpref, sse, sse2, sse3, ssse3, sse4.1, sse4.2, popcnt, lzcnt, tsc, tscinvbit, avx, avx2, aes, erms, clmul, bmi1, bmi2, adx, avx512f, avx512dq, avx512cd, avx512bw, avx512vl, sha, fma, vzeroupper, avx512_vpopcntdq, avx512_vpclmulqdq, avx512_vaes, avx512_vnni, clflush, clflushopt, clwb, avx512_vbmi2, avx512_vbmi, hv

Memory: 4k page, system-wide physical 7991M (725M free)
TotalPageFile size 11235M (AvailPageFile size 1439M)
current process WorkingSet (physical memory assigned to process): 368M, peak: 376M
current process commit charge ("private bytes"): 372M, peak: 391M

vm_info: Java HotSpot(TM) 64-Bit Server VM (17.0.6+9-LTS-190) for windows-amd64 JRE (17.0.6+9-LTS-190), built on Dec  6 2022 15:53:54 by "mach5one" with MS VC++ 17.1 (VS2022)

END.
