#
# A fatal error has been detected by the Java Runtime Environment:
#
#  EXCEPTION_ACCESS_VIOLATION (0xc0000005) at pc=0x00007ffd81171a34, pid=20976, tid=11956
#
# JRE version: Java(TM) SE Runtime Environment (17.0.6+9) (build 17.0.6+9-LTS-190)
# Java VM: Java HotSpot(TM) 64-Bit Server VM (17.0.6+9-LTS-190, mixed mode, sharing, tiered, compressed oops, compressed class ptrs, g1 gc, windows-amd64)
# Problematic frame:
# C  [igxelpicd64.dll+0x2c1a34]
#
# No core dump will be written. Minidumps are not enabled by default on client versions of Windows
#
# If you would like to submit a bug report, please visit:
#   https://bugreport.java.com/bugreport/crash.jsp
#

---------------  S U M M A R Y ------------

Command Line: -agentlib:jdwp=transport=dt_socket,server=n,suspend=y,address=localhost:54700 -XX:+ShowCodeDetailsInExceptionMessages ie.tudublin.Main

Host: 11th Gen Intel(R) Core(TM) i5-1135G7 @ 2.40GHz, 8 cores, 7G,  Windows 10 , 64 bit Build 19041 (10.0.19041.2788)
Time: Sun Apr 30 22:10:07 2023 GMT Daylight Time elapsed time: 54.025913 seconds (0d 0h 0m 54s)

---------------  T H R E A D  ---------------

Current thread (0x000002c9e6cc78c0):  VMThread "VM Thread" [stack: 0x000000eecba00000,0x000000eecbb00000] [id=11956]

Stack: [0x000000eecba00000,0x000000eecbb00000],  sp=0x000000eecbafe1d0,  free space=1016k
Native frames: (J=compiled Java code, j=interpreted, Vv=VM code, C=native code)
C  [igxelpicd64.dll+0x2c1a34]


siginfo: EXCEPTION_ACCESS_VIOLATION (0xc0000005), reading address 0x0000000000035728


Register to memory mapping:

RIP=0x00007ffd81171a34 igxelpicd64.dll
RAX=0x000002c9f71fc078 points into unknown readable memory: 0x000000000014039f | 9f 03 14 00 00 00 00 00
RBX=0x000002c9f71fbee0 points into unknown readable memory: 0x000002c9e94e6740 | 40 67 4e e9 c9 02 00 00
RCX=0x0 is NULL
RDX=0x0000000000000002 is an unknown value
RSP=0x000000eecbafe1d0 points into unknown readable memory: 0x000002c9e9487450 | 50 74 48 e9 c9 02 00 00
RBP=0x000000eecbafe2d0 points into unknown readable memory: 0x0000000014ba9b21 | 21 9b ba 14 00 00 00 00
RSI=0x0 is NULL
RDI=0x000002c9e9675d60 points into unknown readable memory: 0x000002c9e9765600 | 00 56 76 e9 c9 02 00 00
R8 =0x0000000000000014 is an unknown value
R9 =0x0000000000000016 is an unknown value
R10=0x0 is NULL
R11=0x0000000000000246 is an unknown value
R12=0x000002c9f71fbee0 points into unknown readable memory: 0x000002c9e94e6740 | 40 67 4e e9 c9 02 00 00
R13=0x000002c9ea014050 points into unknown readable memory: 0x000002c9e94e6740 | 40 67 4e e9 c9 02 00 00
R14=0x000002c9f71fc4b0 points into unknown readable memory: 0x000002c9ea014050 | 50 40 01 ea c9 02 00 00
R15=0x0 is NULL


Registers:
RAX=0x000002c9f71fc078, RBX=0x000002c9f71fbee0, RCX=0x0000000000000000, RDX=0x0000000000000002
RSP=0x000000eecbafe1d0, RBP=0x000000eecbafe2d0, RSI=0x0000000000000000, RDI=0x000002c9e9675d60
R8 =0x0000000000000014, R9 =0x0000000000000016, R10=0x0000000000000000, R11=0x0000000000000246
R12=0x000002c9f71fbee0, R13=0x000002c9ea014050, R14=0x000002c9f71fc4b0, R15=0x0000000000000000
RIP=0x00007ffd81171a34, EFLAGS=0x0000000000010206

Top of Stack: (sp=0x000000eecbafe1d0)
0x000000eecbafe1d0:   000002c9e9487450 00007ffd80f0deb9
0x000000eecbafe1e0:   000002c9e9c37580 0000200100000000
0x000000eecbafe1f0:   00000016cb000000 0000000000000000
0x000000eecbafe200:   000000007a000004 0000000000000000
0x000000eecbafe210:   0000000000000000 000002c9e9487450
0x000000eecbafe220:   0000000000000014 00007ffd81160247
0x000000eecbafe230:   0000000000000000 000002c9e9c37580
0x000000eecbafe240:   000000000000004b 000002c9e9c77bf0
0x000000eecbafe250:   000000000000004b 00007ffd80f15c6d
0x000000eecbafe260:   000002c9e9c6c110 000002c9e9c77bf0
0x000000eecbafe270:   000002c9e9c6c110 000002c9e9c6c110
0x000000eecbafe280:   000002c900000000 000002c9e9c73dc0
0x000000eecbafe290:   000002c9e9c37580 0000002800000000
0x000000eecbafe2a0:   000002c9e9c6ccd0 00007ffe011d47b1
0x000000eecbafe2b0:   000002c9e9c6ccd0 000002c9e9c779e8
0x000000eecbafe2c0:   000002c9e9c781f0 000002c9e9c779e8 

Instructions: (pc=0x00007ffd81171a34)
0x00007ffd81171934:   00 00 48 8b 05 c3 95 b8 00 44 8b 88 68 0b 00 00
0x00007ffd81171944:   44 89 4c 24 24 c6 44 24 20 00 48 c7 87 78 02 00
0x00007ffd81171954:   00 00 00 00 00 c7 87 80 02 00 00 00 00 00 00 48
0x00007ffd81171964:   c7 87 98 02 00 00 00 00 00 00 48 c7 87 88 02 00
0x00007ffd81171974:   00 00 00 00 00 4d 85 ff 75 43 8b 35 34 8f c8 00
0x00007ffd81171984:   65 48 8b 04 25 58 00 00 00 b9 14 00 00 00 48 8b
0x00007ffd81171994:   04 f0 44 38 3c 01 0f 84 9e e4 6e 00 65 48 8b 04
0x00007ffd811719a4:   25 58 00 00 00 41 bf 20 00 00 00 48 8b 04 f0 4d
0x00007ffd811719b4:   8b 3c 07 4c 89 7c 24 28 0f b6 74 24 21 4c 3b 3d
0x00007ffd811719c4:   48 b4 c8 00 0f 84 ae 0e 00 00 4d 85 ed 0f 84 a5
0x00007ffd811719d4:   0b 00 00 66 0f 1f 84 00 00 00 00 00 49 8b dd 4d
0x00007ffd811719e4:   8b e5 4d 8d b5 d0 05 00 00 4d 8b 2e 40 84 f6 0f
0x00007ffd811719f4:   85 57 0e 00 00 8b 97 c8 01 00 00 48 8b 05 fa 94
0x00007ffd81171a04:   b8 00 83 b8 80 03 00 00 02 75 32 83 fa 10 0f 83
0x00007ffd81171a14:   e0 00 00 00 48 8d 04 d5 21 00 00 00 48 03 c2 48
0x00007ffd81171a24:   8d 04 c3 48 85 c0 0f 84 46 01 00 00 48 8b 48 08
0x00007ffd81171a34:   49 3b 8f 28 57 03 00 0f 87 09 08 00 00 48 83 bb
0x00007ffd81171a44:   48 06 00 00 00 0f 85 37 e4 6e 00 44 8b 8f c8 01
0x00007ffd81171a54:   00 00 48 8b 87 e0 01 00 00 48 8b 10 8b 8f c8 01
0x00007ffd81171a64:   00 00 48 8d b3 08 01 00 00 83 f9 10 0f 83 c0 00
0x00007ffd81171a74:   00 00 48 8d 0c c9 48 8d 04 ce 48 85 c0 0f 84 f6
0x00007ffd81171a84:   00 00 00 48 39 50 08 0f 86 ec 00 00 00 48 8b 87
0x00007ffd81171a94:   78 02 00 00 49 89 06 48 89 9f 78 02 00 00 ff 87
0x00007ffd81171aa4:   80 02 00 00 48 8b 43 08 48 8b 88 18 01 00 00 48
0x00007ffd81171ab4:   81 e1 00 00 ff ff 48 81 c1 00 00 01 00 48 01 8f
0x00007ffd81171ac4:   88 02 00 00 48 8b 43 08 48 8b 88 18 01 00 00 48
0x00007ffd81171ad4:   01 8f 98 02 00 00 44 0f b6 4c 24 20 4d 85 ed 0f
0x00007ffd81171ae4:   84 85 0a 00 00 0f b6 74 24 21 44 8b 4c 24 24 e9
0x00007ffd81171af4:   e8 fe ff ff 8d 4a f0 8b c1 c1 e8 04 83 f8 03 0f
0x00007ffd81171b04:   82 9b 06 00 00 48 8b 83 a0 05 00 00 48 85 c0 0f
0x00007ffd81171b14:   84 a2 06 00 00 0f 1f 80 00 00 00 00 39 10 0f 84
0x00007ffd81171b24:   af 0b 00 00 48 8b 40 50 48 85 c0 75 ef e9 85 06 


Stack slot to memory mapping:
stack at sp + 0 slots: 0x000002c9e9487450 points into unknown readable memory: 0xffffffffffffffff | ff ff ff ff ff ff ff ff
stack at sp + 1 slots: 0x00007ffd80f0deb9 igxelpicd64.dll
stack at sp + 2 slots: 0x000002c9e9c37580 points into unknown readable memory: 0x000002c9e9496080 | 80 60 49 e9 c9 02 00 00
stack at sp + 3 slots: 0x0000200100000000 is an unknown value
stack at sp + 4 slots: 0x00000016cb000000 is an unknown value
stack at sp + 5 slots: 0x0 is NULL
stack at sp + 6 slots: 0x000000007a000004 is an unknown value
stack at sp + 7 slots: 0x0 is NULL

VM_Operation (0x000000eecdafe780): Exit, mode: safepoint, requested by thread 0x000002c9e95e13c0


---------------  P R O C E S S  ---------------

Threads class SMR info:
_java_thread_list=0x000002c9e97bffb0, length=18, elements={
0x000002c9e6ccc270, 0x000002c9e6cccd30, 0x000002c9e6cdf760, 0x000002c9e6ce4040,
0x000002c9e6ce4900, 0x000002c9e6ce55a0, 0x000002c9e6cedf60, 0x000002c9e6cf1d60,
0x000002c9e7925420, 0x000002c9e792e2a0, 0x000002c9e79317b0, 0x000002c9e7bdf680,
0x000002c9e9c34d70, 0x000002c9e95e13c0, 0x000002c9e9d488c0, 0x000002c9e9d45d70,
0x000002c9e9d46710, 0x000002c9e9d458a0
}

Java Threads: ( => current thread )
  0x000002c9e6ccc270 JavaThread "Reference Handler" daemon [_thread_blocked, id=1424, stack(0x000000eecbb00000,0x000000eecbc00000)]
  0x000002c9e6cccd30 JavaThread "Finalizer" daemon [_thread_blocked, id=15056, stack(0x000000eecbc00000,0x000000eecbd00000)]
  0x000002c9e6cdf760 JavaThread "Attach Listener" daemon [_thread_blocked, id=17252, stack(0x000000eecbe00000,0x000000eecbf00000)]
  0x000002c9e6ce4040 JavaThread "Service Thread" daemon [_thread_blocked, id=24684, stack(0x000000eecbf00000,0x000000eecc000000)]
  0x000002c9e6ce4900 JavaThread "Monitor Deflation Thread" daemon [_thread_blocked, id=14412, stack(0x000000eecc000000,0x000000eecc100000)]
  0x000002c9e6ce55a0 JavaThread "C2 CompilerThread0" daemon [_thread_blocked, id=7040, stack(0x000000eecc100000,0x000000eecc200000)]
  0x000002c9e6cedf60 JavaThread "C1 CompilerThread0" daemon [_thread_blocked, id=12412, stack(0x000000eecc200000,0x000000eecc300000)]
  0x000002c9e6cf1d60 JavaThread "Sweeper thread" daemon [_thread_blocked, id=13836, stack(0x000000eecc300000,0x000000eecc400000)]
  0x000002c9e7925420 JavaThread "JDWP Event Helper Thread" daemon [_thread_blocked, id=15840, stack(0x000000eecc500000,0x000000eecc600000)]
  0x000002c9e792e2a0 JavaThread "Notification Thread" daemon [_thread_blocked, id=10524, stack(0x000000eecc700000,0x000000eecc800000)]
  0x000002c9e79317b0 JavaThread "Common-Cleaner" daemon [_thread_blocked, id=21256, stack(0x000000eecc900000,0x000000eecca00000)]
  0x000002c9e7bdf680 JavaThread "Java2D Disposer" daemon [_thread_blocked, id=24180, stack(0x000000eecca00000,0x000000eeccb00000)]
  0x000002c9e9c34d70 JavaThread "HighResTimerThread" daemon [_thread_blocked, id=13224, stack(0x000000eecd800000,0x000000eecd900000)]
  0x000002c9e95e13c0 JavaThread "main-FPSAWTAnimator#00-Timer0" [_thread_blocked, id=20684, stack(0x000000eecda00000,0x000000eecdb00000)]
  0x000002c9e9d488c0 JavaThread "DestroyJavaVM" [_thread_blocked, id=12092, stack(0x000000eecb400000,0x000000eecb500000)]
  0x000002c9e9d45d70 JavaThread "Java Sound Event Dispatcher" daemon [_thread_blocked, id=11292, stack(0x000000eecde00000,0x000000eecdf00000)]
  0x000002c9e9d46710 JavaThread "Thread-4" [_thread_blocked, id=13532, stack(0x000000eece200000,0x000000eece300000)]
  0x000002c9e9d458a0 JavaThread "AWT-Shutdown" [_thread_blocked, id=22256, stack(0x000000eecd900000,0x000000eecda00000)]

Other Threads:
=>0x000002c9e6cc78c0 VMThread "VM Thread" [stack: 0x000000eecba00000,0x000000eecbb00000] [id=11956]
  0x000002c9c8cf8ba0 GCTaskThread "GC Thread#0" [stack: 0x000000eecb500000,0x000000eecb600000] [id=9452]
  0x000002c9e9501640 GCTaskThread "GC Thread#1" [stack: 0x000000eecd100000,0x000000eecd200000] [id=18980]
  0x000002c9e9500370 GCTaskThread "GC Thread#2" [stack: 0x000000eecd200000,0x000000eecd300000] [id=12872]
  0x000002c9e95018f0 GCTaskThread "GC Thread#3" [stack: 0x000000eecd300000,0x000000eecd400000] [id=17148]
  0x000002c9e9501390 GCTaskThread "GC Thread#4" [stack: 0x000000eecd400000,0x000000eecd500000] [id=12600]
  0x000002c9e9501ba0 GCTaskThread "GC Thread#5" [stack: 0x000000eecd500000,0x000000eecd600000] [id=8180]
  0x000002c9e95008d0 GCTaskThread "GC Thread#6" [stack: 0x000000eecd600000,0x000000eecd700000] [id=16300]
  0x000002c9e9501e50 GCTaskThread "GC Thread#7" [stack: 0x000000eecd700000,0x000000eecd800000] [id=7688]
  0x000002c9c8d0a3c0 ConcurrentGCThread "G1 Main Marker" terminated
  0x000002c9c8d0b480 ConcurrentGCThread "G1 Conc#0" [stack: 0x000000eecb700000,0x000000eecb800000] [id=16268]
  0x000002c9c8d7d5d0 ConcurrentGCThread "G1 Refine#0" terminated
  0x000002c9c8d7df00 ConcurrentGCThread "G1 Service" terminated

Threads with active compile tasks:

VM state: at safepoint (shutting down)

VM Mutex/Monitor currently owned by a thread:  ([mutex/lock_event])
[0x000002c9c8c99780] Threads_lock - owner thread: 0x000002c9e6cc78c0
[0x000002c9c8c9a980] Heap_lock - owner thread: 0x000002c9e95e13c0

Heap address: 0x0000000083200000, size: 1998 MB, Compressed Oops mode: 32-bit

CDS archive(s) mapped at: [0x0000000800000000-0x0000000800bd0000-0x0000000800bd0000), size 12386304, SharedBaseAddress: 0x0000000800000000, ArchiveRelocationMode: 0.
Compressed class space mapped at: 0x0000000800c00000-0x0000000840c00000, reserved size: 1073741824
Narrow klass base: 0x0000000800000000, Narrow klass shift: 0, Narrow klass range: 0x100000000

GC Precious Log:
 CPUs: 8 total, 8 available
 Memory: 7991M
 Large Page Support: Disabled
 NUMA Support: Disabled
 Compressed Oops: Enabled (32-bit)
 Heap Region Size: 1M
 Heap Min Capacity: 8M
 Heap Initial Capacity: 126M
 Heap Max Capacity: 1998M
 Pre-touch: Disabled
 Parallel Workers: 8
 Concurrent Workers: 2
 Concurrent Refinement Workers: 8
 Periodic GC: Disabled

Heap:
 garbage-first heap   total 129024K, used 40016K [0x0000000083200000, 0x0000000100000000)
  region size 1024K, 29 young (29696K), 3 survivors (3072K)
 Metaspace       used 14524K, committed 14720K, reserved 1064960K
  class space    used 1078K, committed 1152K, reserved 1048576K

Heap Regions: E=young(eden), S=young(survivor), O=old, HS=humongous(starts), HC=humongous(continues), CS=collection set, F=free, OA=open archive, CA=closed archive, TAMS=top-at-mark-start (previous, next)
|   0|0x0000000083200000, 0x0000000083300000, 0x0000000083300000|100%|HS|  |TAMS 0x0000000083200000, 0x0000000083200000| Complete 
|   1|0x0000000083300000, 0x0000000083400000, 0x0000000083400000|100%|HC|  |TAMS 0x0000000083300000, 0x0000000083300000| Complete 
|   2|0x0000000083400000, 0x0000000083500000, 0x0000000083500000|100%|HC|  |TAMS 0x0000000083400000, 0x0000000083400000| Complete 
|   3|0x0000000083500000, 0x0000000083600000, 0x0000000083600000|100%|HC|  |TAMS 0x0000000083500000, 0x0000000083500000| Complete 
|   4|0x0000000083600000, 0x0000000083600000, 0x0000000083700000|  0%| F|  |TAMS 0x0000000083600000, 0x0000000083600000| Untracked 
|   5|0x0000000083700000, 0x0000000083700000, 0x0000000083800000|  0%| F|  |TAMS 0x0000000083700000, 0x0000000083700000| Untracked 
|   6|0x0000000083800000, 0x0000000083800000, 0x0000000083900000|  0%| F|  |TAMS 0x0000000083800000, 0x0000000083800000| Untracked 
|   7|0x0000000083900000, 0x0000000083900000, 0x0000000083a00000|  0%| F|  |TAMS 0x0000000083900000, 0x0000000083900000| Untracked 
|   8|0x0000000083a00000, 0x0000000083a00000, 0x0000000083b00000|  0%| F|  |TAMS 0x0000000083a00000, 0x0000000083a00000| Untracked 
|   9|0x0000000083b00000, 0x0000000083b00000, 0x0000000083c00000|  0%| F|  |TAMS 0x0000000083b00000, 0x0000000083b00000| Untracked 
|  10|0x0000000083c00000, 0x0000000083c00000, 0x0000000083d00000|  0%| F|  |TAMS 0x0000000083c00000, 0x0000000083c00000| Untracked 
|  11|0x0000000083d00000, 0x0000000083d00000, 0x0000000083e00000|  0%| F|  |TAMS 0x0000000083d00000, 0x0000000083d00000| Untracked 
|  12|0x0000000083e00000, 0x0000000083e00000, 0x0000000083f00000|  0%| F|  |TAMS 0x0000000083e00000, 0x0000000083e00000| Untracked 
|  13|0x0000000083f00000, 0x0000000083f00000, 0x0000000084000000|  0%| F|  |TAMS 0x0000000083f00000, 0x0000000083f00000| Untracked 
|  14|0x0000000084000000, 0x0000000084100000, 0x0000000084100000|100%|HS|  |TAMS 0x0000000084000000, 0x0000000084000000| Complete 
|  15|0x0000000084100000, 0x0000000084200000, 0x0000000084200000|100%|HC|  |TAMS 0x0000000084100000, 0x0000000084100000| Complete 
|  16|0x0000000084200000, 0x0000000084300000, 0x0000000084300000|100%|HC|  |TAMS 0x0000000084200000, 0x0000000084200000| Complete 
|  17|0x0000000084300000, 0x0000000084400000, 0x0000000084400000|100%|HC|  |TAMS 0x0000000084300000, 0x0000000084300000| Complete 
|  18|0x0000000084400000, 0x0000000084500000, 0x0000000084500000|100%|HS|  |TAMS 0x0000000084400000, 0x0000000084400000| Complete 
|  19|0x0000000084500000, 0x0000000084600000, 0x0000000084600000|100%|HC|  |TAMS 0x0000000084500000, 0x0000000084500000| Complete 
|  20|0x0000000084600000, 0x0000000084700000, 0x0000000084700000|100%| O|  |TAMS 0x0000000084600000, 0x0000000084600000| Untracked 
|  21|0x0000000084700000, 0x0000000084800000, 0x0000000084800000|100%| O|  |TAMS 0x0000000084700000, 0x0000000084700000| Untracked 
|  22|0x0000000084800000, 0x0000000084888200, 0x0000000084900000| 53%| O|  |TAMS 0x0000000084800000, 0x0000000084800000| Untracked 
|  23|0x0000000084900000, 0x0000000084900000, 0x0000000084a00000|  0%| F|  |TAMS 0x0000000084900000, 0x0000000084900000| Untracked 
|  24|0x0000000084a00000, 0x0000000084a00000, 0x0000000084b00000|  0%| F|  |TAMS 0x0000000084a00000, 0x0000000084a00000| Untracked 
|  25|0x0000000084b00000, 0x0000000084b00000, 0x0000000084c00000|  0%| F|  |TAMS 0x0000000084b00000, 0x0000000084b00000| Untracked 
|  26|0x0000000084c00000, 0x0000000084c00000, 0x0000000084d00000|  0%| F|  |TAMS 0x0000000084c00000, 0x0000000084c00000| Untracked 
|  27|0x0000000084d00000, 0x0000000084d00000, 0x0000000084e00000|  0%| F|  |TAMS 0x0000000084d00000, 0x0000000084d00000| Untracked 
|  28|0x0000000084e00000, 0x0000000084e00000, 0x0000000084f00000|  0%| F|  |TAMS 0x0000000084e00000, 0x0000000084e00000| Untracked 
|  29|0x0000000084f00000, 0x0000000084f00000, 0x0000000085000000|  0%| F|  |TAMS 0x0000000084f00000, 0x0000000084f00000| Untracked 
|  30|0x0000000085000000, 0x0000000085000000, 0x0000000085100000|  0%| F|  |TAMS 0x0000000085000000, 0x0000000085000000| Untracked 
|  31|0x0000000085100000, 0x0000000085100000, 0x0000000085200000|  0%| F|  |TAMS 0x0000000085100000, 0x0000000085100000| Untracked 
|  32|0x0000000085200000, 0x0000000085200000, 0x0000000085300000|  0%| F|  |TAMS 0x0000000085200000, 0x0000000085200000| Untracked 
|  33|0x0000000085300000, 0x0000000085300000, 0x0000000085400000|  0%| F|  |TAMS 0x0000000085300000, 0x0000000085300000| Untracked 
|  34|0x0000000085400000, 0x0000000085400000, 0x0000000085500000|  0%| F|  |TAMS 0x0000000085400000, 0x0000000085400000| Untracked 
|  35|0x0000000085500000, 0x0000000085500000, 0x0000000085600000|  0%| F|  |TAMS 0x0000000085500000, 0x0000000085500000| Untracked 
|  36|0x0000000085600000, 0x0000000085600000, 0x0000000085700000|  0%| F|  |TAMS 0x0000000085600000, 0x0000000085600000| Untracked 
|  37|0x0000000085700000, 0x0000000085700000, 0x0000000085800000|  0%| F|  |TAMS 0x0000000085700000, 0x0000000085700000| Untracked 
|  38|0x0000000085800000, 0x0000000085800000, 0x0000000085900000|  0%| F|  |TAMS 0x0000000085800000, 0x0000000085800000| Untracked 
|  39|0x0000000085900000, 0x0000000085900000, 0x0000000085a00000|  0%| F|  |TAMS 0x0000000085900000, 0x0000000085900000| Untracked 
|  40|0x0000000085a00000, 0x0000000085a00000, 0x0000000085b00000|  0%| F|  |TAMS 0x0000000085a00000, 0x0000000085a00000| Untracked 
|  41|0x0000000085b00000, 0x0000000085b00000, 0x0000000085c00000|  0%| F|  |TAMS 0x0000000085b00000, 0x0000000085b00000| Untracked 
|  42|0x0000000085c00000, 0x0000000085c00000, 0x0000000085d00000|  0%| F|  |TAMS 0x0000000085c00000, 0x0000000085c00000| Untracked 
|  43|0x0000000085d00000, 0x0000000085d00000, 0x0000000085e00000|  0%| F|  |TAMS 0x0000000085d00000, 0x0000000085d00000| Untracked 
|  44|0x0000000085e00000, 0x0000000085e00000, 0x0000000085f00000|  0%| F|  |TAMS 0x0000000085e00000, 0x0000000085e00000| Untracked 
|  45|0x0000000085f00000, 0x0000000085f00000, 0x0000000086000000|  0%| F|  |TAMS 0x0000000085f00000, 0x0000000085f00000| Untracked 
|  46|0x0000000086000000, 0x0000000086000000, 0x0000000086100000|  0%| F|  |TAMS 0x0000000086000000, 0x0000000086000000| Untracked 
|  47|0x0000000086100000, 0x0000000086100000, 0x0000000086200000|  0%| F|  |TAMS 0x0000000086100000, 0x0000000086100000| Untracked 
|  48|0x0000000086200000, 0x0000000086200000, 0x0000000086300000|  0%| F|  |TAMS 0x0000000086200000, 0x0000000086200000| Untracked 
|  49|0x0000000086300000, 0x0000000086300000, 0x0000000086400000|  0%| F|  |TAMS 0x0000000086300000, 0x0000000086300000| Untracked 
|  50|0x0000000086400000, 0x0000000086400000, 0x0000000086500000|  0%| F|  |TAMS 0x0000000086400000, 0x0000000086400000| Untracked 
|  51|0x0000000086500000, 0x0000000086500000, 0x0000000086600000|  0%| F|  |TAMS 0x0000000086500000, 0x0000000086500000| Untracked 
|  52|0x0000000086600000, 0x0000000086600000, 0x0000000086700000|  0%| F|  |TAMS 0x0000000086600000, 0x0000000086600000| Untracked 
|  53|0x0000000086700000, 0x0000000086700000, 0x0000000086800000|  0%| F|  |TAMS 0x0000000086700000, 0x0000000086700000| Untracked 
|  54|0x0000000086800000, 0x0000000086800000, 0x0000000086900000|  0%| F|  |TAMS 0x0000000086800000, 0x0000000086800000| Untracked 
|  55|0x0000000086900000, 0x0000000086900000, 0x0000000086a00000|  0%| F|  |TAMS 0x0000000086900000, 0x0000000086900000| Untracked 
|  56|0x0000000086a00000, 0x0000000086a00000, 0x0000000086b00000|  0%| F|  |TAMS 0x0000000086a00000, 0x0000000086a00000| Untracked 
|  57|0x0000000086b00000, 0x0000000086b00000, 0x0000000086c00000|  0%| F|  |TAMS 0x0000000086b00000, 0x0000000086b00000| Untracked 
|  58|0x0000000086c00000, 0x0000000086c00000, 0x0000000086d00000|  0%| F|  |TAMS 0x0000000086c00000, 0x0000000086c00000| Untracked 
|  59|0x0000000086d00000, 0x0000000086d00000, 0x0000000086e00000|  0%| F|  |TAMS 0x0000000086d00000, 0x0000000086d00000| Untracked 
|  60|0x0000000086e00000, 0x0000000086e00000, 0x0000000086f00000|  0%| F|  |TAMS 0x0000000086e00000, 0x0000000086e00000| Untracked 
|  61|0x0000000086f00000, 0x0000000086f00000, 0x0000000087000000|  0%| F|  |TAMS 0x0000000086f00000, 0x0000000086f00000| Untracked 
|  62|0x0000000087000000, 0x0000000087000000, 0x0000000087100000|  0%| F|  |TAMS 0x0000000087000000, 0x0000000087000000| Untracked 
|  63|0x0000000087100000, 0x0000000087100000, 0x0000000087200000|  0%| F|  |TAMS 0x0000000087100000, 0x0000000087100000| Untracked 
|  64|0x0000000087200000, 0x0000000087200000, 0x0000000087300000|  0%| F|  |TAMS 0x0000000087200000, 0x0000000087200000| Untracked 
|  65|0x0000000087300000, 0x0000000087300000, 0x0000000087400000|  0%| F|  |TAMS 0x0000000087300000, 0x0000000087300000| Untracked 
|  66|0x0000000087400000, 0x0000000087400000, 0x0000000087500000|  0%| F|  |TAMS 0x0000000087400000, 0x0000000087400000| Untracked 
|  67|0x0000000087500000, 0x0000000087500000, 0x0000000087600000|  0%| F|  |TAMS 0x0000000087500000, 0x0000000087500000| Untracked 
|  68|0x0000000087600000, 0x0000000087600000, 0x0000000087700000|  0%| F|  |TAMS 0x0000000087600000, 0x0000000087600000| Untracked 
|  69|0x0000000087700000, 0x0000000087700000, 0x0000000087800000|  0%| F|  |TAMS 0x0000000087700000, 0x0000000087700000| Untracked 
|  70|0x0000000087800000, 0x0000000087800000, 0x0000000087900000|  0%| F|  |TAMS 0x0000000087800000, 0x0000000087800000| Untracked 
|  71|0x0000000087900000, 0x0000000087900000, 0x0000000087a00000|  0%| F|  |TAMS 0x0000000087900000, 0x0000000087900000| Untracked 
|  72|0x0000000087a00000, 0x0000000087a00000, 0x0000000087b00000|  0%| F|  |TAMS 0x0000000087a00000, 0x0000000087a00000| Untracked 
|  73|0x0000000087b00000, 0x0000000087b00000, 0x0000000087c00000|  0%| F|  |TAMS 0x0000000087b00000, 0x0000000087b00000| Untracked 
|  74|0x0000000087c00000, 0x0000000087c00000, 0x0000000087d00000|  0%| F|  |TAMS 0x0000000087c00000, 0x0000000087c00000| Untracked 
|  75|0x0000000087d00000, 0x0000000087d00000, 0x0000000087e00000|  0%| F|  |TAMS 0x0000000087d00000, 0x0000000087d00000| Untracked 
|  76|0x0000000087e00000, 0x0000000087e00000, 0x0000000087f00000|  0%| F|  |TAMS 0x0000000087e00000, 0x0000000087e00000| Untracked 
|  77|0x0000000087f00000, 0x0000000087f00000, 0x0000000088000000|  0%| F|  |TAMS 0x0000000087f00000, 0x0000000087f00000| Untracked 
|  78|0x0000000088000000, 0x0000000088000000, 0x0000000088100000|  0%| F|  |TAMS 0x0000000088000000, 0x0000000088000000| Untracked 
|  79|0x0000000088100000, 0x0000000088100000, 0x0000000088200000|  0%| F|  |TAMS 0x0000000088100000, 0x0000000088100000| Untracked 
|  80|0x0000000088200000, 0x0000000088200000, 0x0000000088300000|  0%| F|  |TAMS 0x0000000088200000, 0x0000000088200000| Untracked 
|  81|0x0000000088300000, 0x0000000088300000, 0x0000000088400000|  0%| F|  |TAMS 0x0000000088300000, 0x0000000088300000| Untracked 
|  82|0x0000000088400000, 0x0000000088400000, 0x0000000088500000|  0%| F|  |TAMS 0x0000000088400000, 0x0000000088400000| Untracked 
|  83|0x0000000088500000, 0x0000000088500000, 0x0000000088600000|  0%| F|  |TAMS 0x0000000088500000, 0x0000000088500000| Untracked 
|  84|0x0000000088600000, 0x0000000088600000, 0x0000000088700000|  0%| F|  |TAMS 0x0000000088600000, 0x0000000088600000| Untracked 
|  85|0x0000000088700000, 0x0000000088700000, 0x0000000088800000|  0%| F|  |TAMS 0x0000000088700000, 0x0000000088700000| Untracked 
|  86|0x0000000088800000, 0x0000000088800000, 0x0000000088900000|  0%| F|  |TAMS 0x0000000088800000, 0x0000000088800000| Untracked 
|  87|0x0000000088900000, 0x000000008898c028, 0x0000000088a00000| 54%| S|CS|TAMS 0x0000000088900000, 0x0000000088900000| Complete 
|  88|0x0000000088a00000, 0x0000000088b00000, 0x0000000088b00000|100%| S|CS|TAMS 0x0000000088a00000, 0x0000000088a00000| Complete 
|  89|0x0000000088b00000, 0x0000000088c00000, 0x0000000088c00000|100%| S|CS|TAMS 0x0000000088b00000, 0x0000000088b00000| Complete 
|  90|0x0000000088c00000, 0x0000000088c00000, 0x0000000088d00000|  0%| F|  |TAMS 0x0000000088c00000, 0x0000000088c00000| Untracked 
|  91|0x0000000088d00000, 0x0000000088d00000, 0x0000000088e00000|  0%| F|  |TAMS 0x0000000088d00000, 0x0000000088d00000| Untracked 
|  92|0x0000000088e00000, 0x0000000088e00000, 0x0000000088f00000|  0%| F|  |TAMS 0x0000000088e00000, 0x0000000088e00000| Untracked 
|  93|0x0000000088f00000, 0x0000000088f00000, 0x0000000089000000|  0%| F|  |TAMS 0x0000000088f00000, 0x0000000088f00000| Untracked 
|  94|0x0000000089000000, 0x0000000089000000, 0x0000000089100000|  0%| F|  |TAMS 0x0000000089000000, 0x0000000089000000| Untracked 
|  95|0x0000000089100000, 0x0000000089100000, 0x0000000089200000|  0%| F|  |TAMS 0x0000000089100000, 0x0000000089100000| Untracked 
|  96|0x0000000089200000, 0x0000000089200000, 0x0000000089300000|  0%| F|  |TAMS 0x0000000089200000, 0x0000000089200000| Untracked 
|  97|0x0000000089300000, 0x0000000089300000, 0x0000000089400000|  0%| F|  |TAMS 0x0000000089300000, 0x0000000089300000| Untracked 
|  98|0x0000000089400000, 0x0000000089400000, 0x0000000089500000|  0%| F|  |TAMS 0x0000000089400000, 0x0000000089400000| Untracked 
|  99|0x0000000089500000, 0x0000000089500000, 0x0000000089600000|  0%| F|  |TAMS 0x0000000089500000, 0x0000000089500000| Untracked 
| 100|0x0000000089600000, 0x0000000089700000, 0x0000000089700000|100%| E|  |TAMS 0x0000000089600000, 0x0000000089600000| Complete 
| 101|0x0000000089700000, 0x0000000089800000, 0x0000000089800000|100%| E|CS|TAMS 0x0000000089700000, 0x0000000089700000| Complete 
| 102|0x0000000089800000, 0x0000000089900000, 0x0000000089900000|100%| E|CS|TAMS 0x0000000089800000, 0x0000000089800000| Complete 
| 103|0x0000000089900000, 0x0000000089a00000, 0x0000000089a00000|100%| E|CS|TAMS 0x0000000089900000, 0x0000000089900000| Complete 
| 104|0x0000000089a00000, 0x0000000089b00000, 0x0000000089b00000|100%| E|CS|TAMS 0x0000000089a00000, 0x0000000089a00000| Complete 
| 105|0x0000000089b00000, 0x0000000089c00000, 0x0000000089c00000|100%| E|CS|TAMS 0x0000000089b00000, 0x0000000089b00000| Complete 
| 106|0x0000000089c00000, 0x0000000089d00000, 0x0000000089d00000|100%| E|CS|TAMS 0x0000000089c00000, 0x0000000089c00000| Complete 
| 107|0x0000000089d00000, 0x0000000089e00000, 0x0000000089e00000|100%| E|CS|TAMS 0x0000000089d00000, 0x0000000089d00000| Complete 
| 108|0x0000000089e00000, 0x0000000089f00000, 0x0000000089f00000|100%| E|CS|TAMS 0x0000000089e00000, 0x0000000089e00000| Complete 
| 109|0x0000000089f00000, 0x000000008a000000, 0x000000008a000000|100%| E|  |TAMS 0x0000000089f00000, 0x0000000089f00000| Complete 
| 110|0x000000008a000000, 0x000000008a100000, 0x000000008a100000|100%| E|CS|TAMS 0x000000008a000000, 0x000000008a000000| Complete 
| 111|0x000000008a100000, 0x000000008a200000, 0x000000008a200000|100%| E|CS|TAMS 0x000000008a100000, 0x000000008a100000| Complete 
| 112|0x000000008a200000, 0x000000008a300000, 0x000000008a300000|100%| E|CS|TAMS 0x000000008a200000, 0x000000008a200000| Complete 
| 113|0x000000008a300000, 0x000000008a400000, 0x000000008a400000|100%| E|CS|TAMS 0x000000008a300000, 0x000000008a300000| Complete 
| 114|0x000000008a400000, 0x000000008a500000, 0x000000008a500000|100%| E|CS|TAMS 0x000000008a400000, 0x000000008a400000| Complete 
| 115|0x000000008a500000, 0x000000008a600000, 0x000000008a600000|100%| E|CS|TAMS 0x000000008a500000, 0x000000008a500000| Complete 
| 116|0x000000008a600000, 0x000000008a700000, 0x000000008a700000|100%| E|CS|TAMS 0x000000008a600000, 0x000000008a600000| Complete 
| 117|0x000000008a700000, 0x000000008a800000, 0x000000008a800000|100%| E|CS|TAMS 0x000000008a700000, 0x000000008a700000| Complete 
| 118|0x000000008a800000, 0x000000008a900000, 0x000000008a900000|100%| E|CS|TAMS 0x000000008a800000, 0x000000008a800000| Complete 
| 119|0x000000008a900000, 0x000000008aa00000, 0x000000008aa00000|100%| E|CS|TAMS 0x000000008a900000, 0x000000008a900000| Complete 
| 120|0x000000008aa00000, 0x000000008ab00000, 0x000000008ab00000|100%| E|CS|TAMS 0x000000008aa00000, 0x000000008aa00000| Complete 
| 121|0x000000008ab00000, 0x000000008ac00000, 0x000000008ac00000|100%| E|CS|TAMS 0x000000008ab00000, 0x000000008ab00000| Complete 
| 122|0x000000008ac00000, 0x000000008ad00000, 0x000000008ad00000|100%| E|CS|TAMS 0x000000008ac00000, 0x000000008ac00000| Complete 
| 123|0x000000008ad00000, 0x000000008ae00000, 0x000000008ae00000|100%| E|CS|TAMS 0x000000008ad00000, 0x000000008ad00000| Complete 
| 124|0x000000008ae00000, 0x000000008af00000, 0x000000008af00000|100%| E|CS|TAMS 0x000000008ae00000, 0x000000008ae00000| Complete 
| 125|0x000000008af00000, 0x000000008b000000, 0x000000008b000000|100%| E|CS|TAMS 0x000000008af00000, 0x000000008af00000| Complete 

Card table byte_map: [0x000002c9dfc50000,0x000002c9e0040000] _byte_map_base: 0x000002c9df837000

Marking Bits (Prev, Next): (CMBitMap*) 0x000002c9c8cfa0d0, (CMBitMap*) 0x000002c9c8cfa110
 Prev Bits: [0x000002c9e0430000, 0x000002c9e2368000)
 Next Bits: [0x000002c9e2370000, 0x000002c9e42a8000)

Polling page: 0x000002c9c6b50000

Metaspace:

Usage:
  Non-class:     13.13 MB used.
      Class:      1.05 MB used.
       Both:     14.18 MB used.

Virtual space:
  Non-class space:       16.00 MB reserved,      13.25 MB ( 83%) committed,  2 nodes.
      Class space:        1.00 GB reserved,       1.12 MB ( <1%) committed,  1 nodes.
             Both:        1.02 GB reserved,      14.38 MB (  1%) committed. 

Chunk freelists:
   Non-Class:  2.77 MB
       Class:  2.82 MB
        Both:  5.59 MB

MaxMetaspaceSize: unlimited
CompressedClassSpaceSize: 1.00 GB
Initial GC threshold: 21.00 MB
Current GC threshold: 21.00 MB
CDS: on
MetaspaceReclaimPolicy: balanced
 - commit_granule_bytes: 65536.
 - commit_granule_words: 8192.
 - virtual_space_node_default_size: 1048576.
 - enlarge_chunks_in_place: 1.
 - new_chunks_are_fully_committed: 0.
 - uncommit_free_chunks: 1.
 - use_allocation_guard: 0.
 - handle_deallocations: 1.


Internal statistics:

num_allocs_failed_limit: 0.
num_arena_births: 142.
num_arena_deaths: 0.
num_vsnodes_births: 3.
num_vsnodes_deaths: 0.
num_space_committed: 226.
num_space_uncommitted: 0.
num_chunks_returned_to_freelist: 0.
num_chunks_taken_from_freelist: 465.
num_chunk_merges: 0.
num_chunk_splits: 361.
num_chunks_enlarged: 283.
num_purges: 0.
num_inconsistent_stats: 0.

CodeHeap 'non-profiled nmethods': size=120000Kb used=1512Kb max_used=1512Kb free=118487Kb
 bounds [0x000002c9d8000000, 0x000002c9d8270000, 0x000002c9df530000]
CodeHeap 'profiled nmethods': size=120000Kb used=4759Kb max_used=4759Kb free=115240Kb
 bounds [0x000002c9d0530000, 0x000002c9d09e0000, 0x000002c9d7a60000]
CodeHeap 'non-nmethods': size=5760Kb used=1618Kb max_used=1661Kb free=4141Kb
 bounds [0x000002c9d7a60000, 0x000002c9d7cd0000, 0x000002c9d8000000]
 total_blobs=3212 nmethods=2267 adapters=858
 compilation: enabled
              stopped_count=0, restarted_count=0
 full_count=0

Compilation events (20 events):
Event: 53.472 Thread 0x000002c9e6ce55a0 2262       4       com.jogamp.common.util.VersionNumber::compareTo (80 bytes)
Event: 53.473 Thread 0x000002c9e6ce55a0 nmethod 2262 0x000002c9d8171b10 code [0x000002c9d8171c80, 0x000002c9d8171d38]
Event: 53.508 Thread 0x000002c9e6cedf60 2263       1       processing.opengl.PGL::presentMode (5 bytes)
Event: 53.509 Thread 0x000002c9e6cedf60 nmethod 2263 0x000002c9d8171e10 code [0x000002c9d8171fa0, 0x000002c9d8172078]
Event: 53.544 Thread 0x000002c9e6ce55a0 2264       4       jogamp.opengl.gl4.GL4bcImpl::glGetString (68 bytes)
Event: 53.546 Thread 0x000002c9e6ce55a0 nmethod 2264 0x000002c9d8172110 code [0x000002c9d81722a0, 0x000002c9d8172408]
Event: 53.573 Thread 0x000002c9e6ce55a0 2265       4       jogamp.opengl.windows.wgl.WGL::wglMakeCurrent (45 bytes)
Event: 53.576 Thread 0x000002c9e6ce55a0 nmethod 2265 0x000002c9d8172590 code [0x000002c9d8172720, 0x000002c9d8172808]
Event: 53.576 Thread 0x000002c9e6ce55a0 2266       4       com.jogamp.opengl.GLContext::isGL3 (30 bytes)
Event: 53.577 Thread 0x000002c9e6ce55a0 nmethod 2266 0x000002c9d8172910 code [0x000002c9d8172a80, 0x000002c9d8172b78]
Event: 53.656 Thread 0x000002c9e6ce55a0 2267       4       com.jogamp.opengl.GLContext::setCurrent (101 bytes)
Event: 53.669 Thread 0x000002c9e6ce55a0 nmethod 2267 0x000002c9d8172c90 code [0x000002c9d8172e40, 0x000002c9d8173578]
Event: 53.669 Thread 0x000002c9e6ce55a0 2268       4       jogamp.opengl.GLDrawableImpl::lockSurface (103 bytes)
Event: 53.681 Thread 0x000002c9e6ce55a0 nmethod 2268 0x000002c9d8173890 code [0x000002c9d8173aa0, 0x000002c9d8174160]
Event: 53.681 Thread 0x000002c9e6ce55a0 2269   !   4       jogamp.newt.WindowImpl::unlockSurface (73 bytes)
Event: 53.699 Thread 0x000002c9e6ce55a0 nmethod 2269 0x000002c9d8174890 code [0x000002c9d8174aa0, 0x000002c9d81759a8]
Event: 53.861 Thread 0x000002c9e6ce55a0 2270   !   4       jdk.internal.loader.URLClassPath$JarLoader::getResource (65 bytes)
Event: 53.952 Thread 0x000002c9e6ce55a0 nmethod 2270 0x000002c9d8176290 code [0x000002c9d8176580, 0x000002c9d81785a8]
Event: 53.952 Thread 0x000002c9e6ce55a0 2271       4       java.lang.ThreadLocal$ThreadLocalMap::getEntry (42 bytes)
Event: 53.954 Thread 0x000002c9e6ce55a0 nmethod 2271 0x000002c9d8179c10 code [0x000002c9d8179da0, 0x000002c9d8179ee8]

GC Heap History (4 events):
Event: 4.120 GC heap before
{Heap before GC invocations=0 (full 0):
 garbage-first heap   total 129024K, used 25600K [0x0000000083200000, 0x0000000100000000)
  region size 1024K, 23 young (23552K), 0 survivors (0K)
 Metaspace       used 11246K, committed 11456K, reserved 1064960K
  class space    used 813K, committed 896K, reserved 1048576K
}
Event: 4.136 GC heap after
{Heap after GC invocations=1 (full 0):
 garbage-first heap   total 129024K, used 2730K [0x0000000083200000, 0x0000000100000000)
  region size 1024K, 3 young (3072K), 3 survivors (3072K)
 Metaspace       used 11246K, committed 11456K, reserved 1064960K
  class space    used 813K, committed 896K, reserved 1048576K
}
Event: 34.749 GC heap before
{Heap before GC invocations=1 (full 0):
 garbage-first heap   total 129024K, used 55978K [0x0000000083200000, 0x0000000100000000)
  region size 1024K, 36 young (36864K), 3 survivors (3072K)
 Metaspace       used 14080K, committed 14272K, reserved 1064960K
  class space    used 1073K, committed 1152K, reserved 1048576K
}
Event: 34.777 GC heap after
{Heap after GC invocations=2 (full 0):
 garbage-first heap   total 129024K, used 15440K [0x0000000083200000, 0x0000000100000000)
  region size 1024K, 3 young (3072K), 3 survivors (3072K)
 Metaspace       used 14080K, committed 14272K, reserved 1064960K
  class space    used 1073K, committed 1152K, reserved 1048576K
}

Deoptimization events (20 events):
Event: 53.857 Thread 0x000002c9e95e13c0 DEOPT PACKING pc=0x000002c9d078d959 sp=0x000000eecdafe890
Event: 53.857 Thread 0x000002c9e95e13c0 DEOPT UNPACKING pc=0x000002c9d7ab66e3 sp=0x000000eecdafdd80 mode 1
Event: 53.857 Thread 0x000002c9e95e13c0 DEOPT PACKING pc=0x000002c9d0775674 sp=0x000000eecdafe920
Event: 53.857 Thread 0x000002c9e95e13c0 DEOPT UNPACKING pc=0x000002c9d7ab66e3 sp=0x000000eecdafddc8 mode 1
Event: 53.883 Thread 0x000002c9e9d453d0 Uncommon trap: trap_request=0xffffff45 fr.pc=0x000002c9d80b8560 relative=0x0000000000000060
Event: 53.883 Thread 0x000002c9e9d453d0 Uncommon trap: reason=unstable_if action=reinterpret pc=0x000002c9d80b8560 method=java.util.HashMap.keySet()Ljava/util/Set; @ 6 c2
Event: 53.883 Thread 0x000002c9e9d453d0 DEOPT PACKING pc=0x000002c9d80b8560 sp=0x000000eece6ff410
Event: 53.883 Thread 0x000002c9e9d453d0 DEOPT UNPACKING pc=0x000002c9d7ab5ba3 sp=0x000000eece6ff3a8 mode 2
Event: 53.883 Thread 0x000002c9e86a4020 Uncommon trap: trap_request=0xffffff45 fr.pc=0x000002c9d80adb68 relative=0x00000000000001e8
Event: 53.883 Thread 0x000002c9e86a4020 Uncommon trap: reason=unstable_if action=reinterpret pc=0x000002c9d80adb68 method=java.util.HashMap$HashIterator.<init>(Ljava/util/HashMap;)V @ 38 c2
Event: 53.883 Thread 0x000002c9e86a4020 DEOPT PACKING pc=0x000002c9d80adb68 sp=0x000000eeccfff5e0
Event: 53.883 Thread 0x000002c9e86a4020 DEOPT UNPACKING pc=0x000002c9d7ab5ba3 sp=0x000000eeccfff588 mode 2
Event: 53.883 Thread 0x000002c9e86a4020 Uncommon trap: trap_request=0xffffffde fr.pc=0x000002c9d8173d78 relative=0x00000000000002d8
Event: 53.883 Thread 0x000002c9e86a4020 Uncommon trap: reason=class_check action=maybe_recompile pc=0x000002c9d8173d78 method=jogamp.opengl.GLDrawableImpl.lockSurface()I @ 4 c2
Event: 53.883 Thread 0x000002c9e86a4020 DEOPT PACKING pc=0x000002c9d8173d78 sp=0x000000eeccfff520
Event: 53.883 Thread 0x000002c9e86a4020 DEOPT UNPACKING pc=0x000002c9d7ab5ba3 sp=0x000000eeccfff4e8 mode 2
Event: 53.884 Thread 0x000002c9e86a4020 Uncommon trap: trap_request=0xffffffde fr.pc=0x000002c9d8173d78 relative=0x00000000000002d8
Event: 53.884 Thread 0x000002c9e86a4020 Uncommon trap: reason=class_check action=maybe_recompile pc=0x000002c9d8173d78 method=jogamp.opengl.GLDrawableImpl.lockSurface()I @ 4 c2
Event: 53.884 Thread 0x000002c9e86a4020 DEOPT PACKING pc=0x000002c9d8173d78 sp=0x000000eeccfff410
Event: 53.884 Thread 0x000002c9e86a4020 DEOPT UNPACKING pc=0x000002c9d7ab5ba3 sp=0x000000eeccfff3d8 mode 2

Classes unloaded (0 events):
No events

Classes redefined (0 events):
No events

Internal exceptions (20 events):
Event: 1.675 Thread 0x000002c9c8c9ff20 Exception <a 'java/lang/ClassNotFoundException'{0x000000008ad849d8}: sun/awt/resources/spi/awtProvider> (0x000000008ad849d8) 
thrown [s\open\src\hotspot\share\classfile\systemDictionary.cpp, line 256]
Event: 1.750 Thread 0x000002c9c8c9ff20 Exception <a 'java/io/FileNotFoundException'{0x000000008adda8d0}> (0x000000008adda8d0) 
thrown [s\open\src\hotspot\share\prims\jni.cpp, line 516]
Event: 1.772 Thread 0x000002c9c8c9ff20 Exception <a 'java/io/FileNotFoundException'{0x000000008ac07ca0}> (0x000000008ac07ca0) 
thrown [s\open\src\hotspot\share\prims\jni.cpp, line 516]
Event: 1.863 Thread 0x000002c9c8c9ff20 Exception <a 'java/lang/NoSuchMethodError'{0x000000008ac97238}: 'java.lang.Object java.lang.invoke.DirectMethodHandle$Holder.invokeStaticInit(java.lang.Object)'> (0x000000008ac97238) 
thrown [s\open\src\hotspot\share\interpreter\linkResolver.cpp, line 759]
Event: 2.246 Thread 0x000002c9c8c9ff20 Exception <a 'java/lang/NoSuchMethodError'{0x000000008a8ce388}: 'java.lang.Object java.lang.invoke.DirectMethodHandle$Holder.invokeStaticInit(java.lang.Object, int, int, int, int)'> (0x000000008a8ce388) 
thrown [s\open\src\hotspot\share\interpreter\linkResolver.cpp, line 759]
Event: 2.345 Thread 0x000002c9c8c9ff20 Exception <a 'java/lang/NoSuchMethodError'{0x000000008a785198}: 'java.lang.Object java.lang.invoke.DirectMethodHandle$Holder.invokeStaticInit(java.lang.Object, java.lang.Object, int, int, int, int)'> (0x000000008a785198) 
thrown [s\open\src\hotspot\share\interpreter\linkResolver.cpp, line 759]
Event: 2.388 Thread 0x000002c9c8c9ff20 Exception <a 'java/lang/NoSuchMethodError'{0x000000008a790d68}: 'void java.lang.invoke.DirectMethodHandle$Holder.invokeStatic(java.lang.Object, long)'> (0x000000008a790d68) 
thrown [s\open\src\hotspot\share\interpreter\linkResolver.cpp, line 759]
Event: 2.390 Thread 0x000002c9c8c9ff20 Exception <a 'java/lang/NoSuchMethodError'{0x000000008a796348}: 'java.lang.Object java.lang.invoke.DirectMethodHandle$Holder.newInvokeSpecial(java.lang.Object, long)'> (0x000000008a796348) 
thrown [s\open\src\hotspot\share\interpreter\linkResolver.cpp, line 759]
Event: 2.394 Thread 0x000002c9c8c9ff20 Exception <a 'java/lang/NoSuchMethodError'{0x000000008a79d5a0}: 'java.lang.Object java.lang.invoke.DirectMethodHandle$Holder.invokeStatic(java.lang.Object, java.lang.Object, long, java.lang.Object)'> (0x000000008a79d5a0) 
thrown [s\open\src\hotspot\share\interpreter\linkResolver.cpp, line 759]
Event: 2.395 Thread 0x000002c9c8c9ff20 Exception <a 'java/lang/NoSuchMethodError'{0x000000008a7a1038}: 'java.lang.Object java.lang.invoke.DirectMethodHandle$Holder.invokeStaticInit(java.lang.Object, java.lang.Object, long, java.lang.Object)'> (0x000000008a7a1038) 
thrown [s\open\src\hotspot\share\interpreter\linkResolver.cpp, line 759]
Event: 2.396 Thread 0x000002c9c8c9ff20 Exception <a 'java/lang/NoSuchMethodError'{0x000000008a7a75f8}: 'java.lang.Object java.lang.invoke.DirectMethodHandle$Holder.newInvokeSpecial(java.lang.Object, java.lang.Object, long)'> (0x000000008a7a75f8) 
thrown [s\open\src\hotspot\share\interpreter\linkResolver.cpp, line 759]
Event: 2.397 Thread 0x000002c9c8c9ff20 Exception <a 'java/lang/NoSuchMethodError'{0x000000008a7ab168}: 'java.lang.Object java.lang.invoke.Invokers$Holder.linkToTargetMethod(java.lang.Object, long, java.lang.Object)'> (0x000000008a7ab168) 
thrown [s\open\src\hotspot\share\interpreter\linkResolver.cpp, line 759]
Event: 2.768 Thread 0x000002c9c8c9ff20 Exception <a 'java/lang/NoSuchMethodError'{0x000000008a6b1b58}: 'java.lang.Object java.lang.invoke.DirectMethodHandle$Holder.invokeInterface(java.lang.Object, java.lang.Object)'> (0x000000008a6b1b58) 
thrown [s\open\src\hotspot\share\interpreter\linkResolver.cpp, line 759]
Event: 2.769 Thread 0x000002c9c8c9ff20 Exception <a 'java/lang/IncompatibleClassChangeError'{0x000000008a6b5350}: Found class java.lang.Object, but interface was expected> (0x000000008a6b5350) 
thrown [s\open\src\hotspot\share\interpreter\linkResolver.cpp, line 826]
Event: 5.141 Thread 0x000002c9e95e13c0 Exception <a 'java/lang/NoSuchMethodError'{0x000000008a3de8a0}: 'java.lang.Object java.lang.invoke.DirectMethodHandle$Holder.invokeStatic(java.lang.Object, float)'> (0x000000008a3de8a0) 
thrown [s\open\src\hotspot\share\interpreter\linkResolver.cpp, line 759]
Event: 5.178 Thread 0x000002c9e95e13c0 Exception <a 'java/lang/NoSuchMethodError'{0x000000008a26a3e0}: 'int java.lang.invoke.DirectMethodHandle$Holder.invokeSpecial(java.lang.Object, java.lang.Object, java.lang.Object)'> (0x000000008a26a3e0) 
thrown [s\open\src\hotspot\share\interpreter\linkResolver.cpp, line 759]
Event: 42.674 Thread 0x000002c9e95e13c0 Implicit null exception at 0x000002c9d810bc2f to 0x000002c9d810bca5
Event: 42.674 Thread 0x000002c9e95e13c0 Implicit null exception at 0x000002c9d810bfaf to 0x000002c9d810c070
Event: 42.779 Thread 0x000002c9e95e13c0 Implicit null exception at 0x000002c9d80cc02f to 0x000002c9d80cd790
Event: 53.859 Thread 0x000002c9e95e0ef0 Exception <a 'java/lang/InterruptedException'{0x00000000897eca80}> (0x00000000897eca80) 
thrown [s\open\src\hotspot\share\runtime\objectMonitor.cpp, line 1661]

VM Operations (20 events):
Event: 41.786 Executing VM operation: Cleanup done
Event: 42.787 Executing VM operation: Cleanup
Event: 42.787 Executing VM operation: Cleanup done
Event: 43.787 Executing VM operation: Cleanup
Event: 43.788 Executing VM operation: Cleanup done
Event: 44.788 Executing VM operation: Cleanup
Event: 44.788 Executing VM operation: Cleanup done
Event: 46.790 Executing VM operation: Cleanup
Event: 46.790 Executing VM operation: Cleanup done
Event: 47.498 Executing VM operation: HandshakeAllThreads
Event: 47.498 Executing VM operation: HandshakeAllThreads done
Event: 48.498 Executing VM operation: Cleanup
Event: 48.498 Executing VM operation: Cleanup done
Event: 49.499 Executing VM operation: Cleanup
Event: 49.499 Executing VM operation: Cleanup done
Event: 51.500 Executing VM operation: Cleanup
Event: 51.500 Executing VM operation: Cleanup done
Event: 53.501 Executing VM operation: Cleanup
Event: 53.501 Executing VM operation: Cleanup done
Event: 53.963 Executing VM operation: Exit

Events (20 events):
Event: 42.732 Thread 0x000002c9e7ad2410 Thread added: 0x000002c9e7ad2410
Event: 42.850 Thread 0x000002c9e7a037a0 Thread added: 0x000002c9e7a037a0
Event: 43.179 Thread 0x000002c9e7a037a0 Thread exited: 0x000002c9e7a037a0
Event: 43.381 Thread 0x000002c9e7ad2410 Thread exited: 0x000002c9e7ad2410
Event: 53.859 Thread 0x000002c9e9d483f0 Thread added: 0x000002c9e9d483f0
Event: 53.859 Thread 0x000002c9e95e0ef0 Thread exited: 0x000002c9e95e0ef0
Event: 53.859 Thread 0x000002c9e9d453d0 Thread added: 0x000002c9e9d453d0
Event: 53.859 Thread 0x000002c9e9d47580 Thread added: 0x000002c9e9d47580
Event: 53.860 Thread 0x000002c9e9d458a0 Thread added: 0x000002c9e9d458a0
Event: 53.861 loading class java/nio/channels/ClosedChannelException
Event: 53.861 loading class java/nio/channels/ClosedChannelException done
Event: 53.861 Thread 0x000002c9e9d47580 Thread exited: 0x000002c9e9d47580
Event: 53.862 Thread 0x000002c9e8530a20 Thread exited: 0x000002c9e8530a20
Event: 53.904 Thread 0x000002c9e7f4e590 Thread exited: 0x000002c9e7f4e590
Event: 53.910 Thread 0x000002c9e86a4020 Thread exited: 0x000002c9e86a4020
Event: 53.919 Thread 0x000002c9e9d453d0 Thread exited: 0x000002c9e9d453d0
Event: 53.962 Thread 0x000002c9e9d483f0 Thread exited: 0x000002c9e9d483f0
Event: 53.963 Thread 0x000002c9e6cdeca0 Thread exited: 0x000002c9e6cdeca0
Event: 53.963 Thread 0x000002c9e7924770 Thread exited: 0x000002c9e7924770
Event: 53.963 Thread 0x000002c9e7929130 Thread exited: 0x000002c9e7929130


Dynamic libraries:
0x00007ff7825d0000 - 0x00007ff7825e0000 	C:\Program Files\Java\jdk-17\bin\java.exe
0x00007ffe011b0000 - 0x00007ffe013a8000 	C:\Windows\SYSTEM32\ntdll.dll
0x00007ffdff2f0000 - 0x00007ffdff3af000 	C:\Windows\System32\KERNEL32.DLL
0x00007ffdfe8c0000 - 0x00007ffdfeb9a000 	C:\Windows\System32\KERNELBASE.dll
0x00007ffdfeba0000 - 0x00007ffdfeca0000 	C:\Windows\System32\ucrtbase.dll
0x00007ffdf1060000 - 0x00007ffdf107b000 	C:\Program Files\Java\jdk-17\bin\VCRUNTIME140.dll
0x00007ffdf1040000 - 0x00007ffdf1058000 	C:\Program Files\Java\jdk-17\bin\jli.dll
0x00007ffe00eb0000 - 0x00007ffe00f5e000 	C:\Windows\System32\ADVAPI32.dll
0x00007ffe00d50000 - 0x00007ffe00dee000 	C:\Windows\System32\msvcrt.dll
0x00007ffdffac0000 - 0x00007ffdffb5c000 	C:\Windows\System32\sechost.dll
0x00007ffdff4d0000 - 0x00007ffdff5f6000 	C:\Windows\System32\RPCRT4.dll
0x00007ffe00450000 - 0x00007ffe005ed000 	C:\Windows\System32\USER32.dll
0x00007ffdff070000 - 0x00007ffdff092000 	C:\Windows\System32\win32u.dll
0x00007ffe01140000 - 0x00007ffe0116b000 	C:\Windows\System32\GDI32.dll
0x00007ffdfed10000 - 0x00007ffdfee20000 	C:\Windows\System32\gdi32full.dll
0x00007ffdfefd0000 - 0x00007ffdff06d000 	C:\Windows\System32\msvcp_win.dll
0x00007ffdeb5f0000 - 0x00007ffdeb88a000 	C:\Windows\WinSxS\amd64_microsoft.windows.common-controls_6595b64144ccf1df_6.0.19041.1110_none_60b5254171f9507e\COMCTL32.dll
0x00007ffdf5920000 - 0x00007ffdf592a000 	C:\Windows\SYSTEM32\VERSION.dll
0x00007ffdffa80000 - 0x00007ffdffab0000 	C:\Windows\System32\IMM32.DLL
0x00007ffdf9f40000 - 0x00007ffdf9f4c000 	C:\Program Files\Java\jdk-17\bin\vcruntime140_1.dll
0x00007ffdd14c0000 - 0x00007ffdd154e000 	C:\Program Files\Java\jdk-17\bin\msvcp140.dll
0x00007ffd8b160000 - 0x00007ffd8bd37000 	C:\Program Files\Java\jdk-17\bin\server\jvm.dll
0x00007ffdff3b0000 - 0x00007ffdff3b8000 	C:\Windows\System32\PSAPI.DLL
0x00007ffdeaea0000 - 0x00007ffdeaec7000 	C:\Windows\SYSTEM32\WINMM.dll
0x00007ffdcb380000 - 0x00007ffdcb389000 	C:\Windows\SYSTEM32\WSOCK32.dll
0x00007ffdffa10000 - 0x00007ffdffa7b000 	C:\Windows\System32\WS2_32.dll
0x00007ffdfd0d0000 - 0x00007ffdfd0e2000 	C:\Windows\SYSTEM32\kernel.appcore.dll
0x00007ffdf8360000 - 0x00007ffdf836a000 	C:\Program Files\Java\jdk-17\bin\jimage.dll
0x00007ffdfc430000 - 0x00007ffdfc614000 	C:\Windows\SYSTEM32\DBGHELP.DLL
0x00007ffde3ff0000 - 0x00007ffde4024000 	C:\Windows\SYSTEM32\dbgcore.DLL
0x00007ffdff0d0000 - 0x00007ffdff152000 	C:\Windows\System32\bcryptPrimitives.dll
0x00007ffdf1000000 - 0x00007ffdf103b000 	C:\Program Files\Java\jdk-17\bin\jdwp.dll
0x00007ffdf0ef0000 - 0x00007ffdf0f15000 	C:\Program Files\Java\jdk-17\bin\java.dll
0x00007ffdcfcd0000 - 0x00007ffdcfda7000 	C:\Program Files\Java\jdk-17\bin\jsvml.dll
0x00007ffe005f0000 - 0x00007ffe00d34000 	C:\Windows\System32\SHELL32.dll
0x00007ffdfc920000 - 0x00007ffdfd0b3000 	C:\Windows\SYSTEM32\windows.storage.dll
0x00007ffdffc80000 - 0x00007ffdfffd4000 	C:\Windows\System32\combase.dll
0x00007ffdfe320000 - 0x00007ffdfe34e000 	C:\Windows\SYSTEM32\Wldp.dll
0x00007ffe01090000 - 0x00007ffe0113d000 	C:\Windows\System32\SHCORE.dll
0x00007ffdff600000 - 0x00007ffdff655000 	C:\Windows\System32\shlwapi.dll
0x00007ffdfe800000 - 0x00007ffdfe81f000 	C:\Windows\SYSTEM32\profapi.dll
0x00007ffdf7390000 - 0x00007ffdf739c000 	C:\Program Files\Java\jdk-17\bin\dt_socket.dll
0x00007ffdfdd20000 - 0x00007ffdfdd5c000 	C:\Windows\SYSTEM32\IPHLPAPI.DLL
0x00007ffdfe080000 - 0x00007ffdfe0ea000 	C:\Windows\system32\mswsock.dll
0x00007ffdfdd60000 - 0x00007ffdfde2b000 	C:\Windows\SYSTEM32\DNSAPI.dll
0x00007ffe00d40000 - 0x00007ffe00d48000 	C:\Windows\System32\NSI.dll
0x00007ffdf6430000 - 0x00007ffdf643a000 	C:\Windows\System32\rasadhlp.dll
0x00007ffdf2540000 - 0x00007ffdf25c0000 	C:\Windows\System32\fwpuclnt.dll
0x00007ffdff0a0000 - 0x00007ffdff0c7000 	C:\Windows\System32\bcrypt.dll
0x00007ffdf04a0000 - 0x00007ffdf04b9000 	C:\Program Files\Java\jdk-17\bin\net.dll
0x00007ffdf8670000 - 0x00007ffdf877a000 	C:\Windows\SYSTEM32\WINHTTP.dll
0x00007ffdf0fe0000 - 0x00007ffdf0ff6000 	C:\Program Files\Java\jdk-17\bin\nio.dll
0x00007ffde1200000 - 0x00007ffde1218000 	C:\Program Files\Java\jdk-17\bin\zip.dll
0x00007ffd9ae00000 - 0x00007ffd9af91000 	C:\Program Files\Java\jdk-17\bin\awt.dll
0x00007ffdff660000 - 0x00007ffdff72d000 	C:\Windows\System32\OLEAUT32.dll
0x00007ffdfbda0000 - 0x00007ffdfbe30000 	C:\Windows\SYSTEM32\apphelp.dll
0x00007ffdfbea0000 - 0x00007ffdfbf3e000 	C:\Windows\system32\uxtheme.dll
0x00007ffdffb60000 - 0x00007ffdffc74000 	C:\Windows\System32\MSCTF.dll
0x00007ffdff730000 - 0x00007ffdff85a000 	C:\Windows\System32\ole32.dll
0x00007ffdfbfa0000 - 0x00007ffdfbfcf000 	C:\Windows\system32\DWMAPI.DLL
0x00007ffde9d00000 - 0x00007ffde9e25000 	C:\Windows\system32\opengl32.dll
0x00007ffdf1c20000 - 0x00007ffdf1c4c000 	C:\Windows\SYSTEM32\GLU32.dll
0x00007ffdfe270000 - 0x00007ffdfe288000 	C:\Windows\SYSTEM32\CRYPTSP.dll
0x00007ffdfd910000 - 0x00007ffdfd944000 	C:\Windows\system32\rsaenh.dll
0x00007ffdfe780000 - 0x00007ffdfe7ae000 	C:\Windows\SYSTEM32\USERENV.dll
0x00007ffdfe290000 - 0x00007ffdfe29c000 	C:\Windows\SYSTEM32\CRYPTBASE.dll
0x00007ffdf42b0000 - 0x00007ffdf42c7000 	C:\Windows\SYSTEM32\dhcpcsvc6.DLL
0x00007ffdf4290000 - 0x00007ffdf42ad000 	C:\Windows\SYSTEM32\dhcpcsvc.DLL
0x000000006e8c0000 - 0x000000006e8cd000 	C:\Users\bakht\AppData\Local\Temp\jogamp_0000\file_cache\jln12113563023596838004\jln9161246469078729756\natives\windows-amd64\gluegen_rt.dll
0x00007ffdf1b50000 - 0x00007ffdf1b57000 	C:\Program Files\Java\jdk-17\bin\jawt.dll
0x000000006a440000 - 0x000000006a44d000 	C:\Users\bakht\AppData\Local\Temp\jogamp_0000\file_cache\jln12113563023596838004\jln9161246469078729756\natives\windows-amd64\nativewindow_awt.dll
0x000000006c100000 - 0x000000006c110000 	C:\Users\bakht\AppData\Local\Temp\jogamp_0000\file_cache\jln12113563023596838004\jln9161246469078729756\natives\windows-amd64\nativewindow_win32.dll
0x0000000070d80000 - 0x0000000070d93000 	C:\Users\bakht\AppData\Local\Temp\jogamp_0000\file_cache\jln12113563023596838004\jln9161246469078729756\natives\windows-amd64\newt_head.dll
0x00007ffdf8b40000 - 0x00007ffdf8bee000 	C:\Windows\SYSTEM32\mscms.dll
0x00007ffdf9410000 - 0x00007ffdf9421000 	C:\Windows\SYSTEM32\ColorAdapterClient.dll
0x00007ffdcfc80000 - 0x00007ffdcfcc3000 	C:\Windows\SYSTEM32\icm32.dll
0x00007ffdfffe0000 - 0x00007ffe00448000 	C:\Windows\System32\setupapi.dll
0x00007ffdfef80000 - 0x00007ffdfefce000 	C:\Windows\System32\cfgmgr32.dll
0x00007ffdfe670000 - 0x00007ffdfe69c000 	C:\Windows\SYSTEM32\DEVOBJ.dll
0x00007ffdfeca0000 - 0x00007ffdfed07000 	C:\Windows\System32\WINTRUST.dll
0x00007ffdfee20000 - 0x00007ffdfef76000 	C:\Windows\System32\CRYPT32.dll
0x00007ffdfe4b0000 - 0x00007ffdfe4c2000 	C:\Windows\SYSTEM32\MSASN1.dll
0x0000000064500000 - 0x0000000064585000 	C:\Users\bakht\AppData\Local\Temp\jogamp_0000\file_cache\jln12113563023596838004\jln9161246469078729756\natives\windows-amd64\jogl_desktop.dll
0x0000000064340000 - 0x0000000064391000 	C:\Users\bakht\AppData\Local\Temp\jogamp_0000\file_cache\jln12113563023596838004\jln9161246469078729756\natives\windows-amd64\jogl_mobile.dll
0x00007ffe00fe0000 - 0x00007ffe01089000 	C:\Windows\System32\clbcatq.dll
0x00007ffdf5d20000 - 0x00007ffdf5e24000 	C:\Windows\System32\AppXDeploymentClient.dll
0x00007ffd80eb0000 - 0x00007ffd81eba000 	C:\Windows\System32\DriverStore\FileRepository\iigd_dch.inf_amd64_cb43c2398bc88530\igxelpicd64.dll
0x00007ffdfd260000 - 0x00007ffdfd353000 	C:\Windows\system32\dxgi.dll
0x00007ffd9ab30000 - 0x00007ffd9ae00000 	C:\Windows\System32\DriverStore\FileRepository\iigd_dch.inf_amd64_cb43c2398bc88530\igdml64.dll
0x00007ffdf2d70000 - 0x00007ffdf3159000 	C:\Windows\System32\DriverStore\FileRepository\iigd_dch.inf_amd64_cb43c2398bc88530\igdgmm64.dll
0x00007ffdec320000 - 0x00007ffdef92f000 	C:\Windows\System32\DriverStore\FileRepository\iigd_dch.inf_amd64_cb43c2398bc88530\igc64.dll
0x00007ffdfde90000 - 0x00007ffdfdedb000 	C:\Windows\SYSTEM32\powrprof.dll
0x00007ffdfdd00000 - 0x00007ffdfdd12000 	C:\Windows\SYSTEM32\UMPDC.dll
0x00007ffdf1db0000 - 0x00007ffdf1ea9000 	C:\Windows\SYSTEM32\textinputframework.dll
0x00007ffdfb770000 - 0x00007ffdfbace000 	C:\Windows\System32\CoreUIComponents.dll
0x00007ffdfbad0000 - 0x00007ffdfbbc2000 	C:\Windows\System32\CoreMessaging.dll
0x00007ffdfda50000 - 0x00007ffdfda83000 	C:\Windows\SYSTEM32\ntmarta.dll
0x00007ffdfaf90000 - 0x00007ffdfb0e4000 	C:\Windows\SYSTEM32\wintypes.dll
0x00007ffde3b00000 - 0x00007ffde3b66000 	C:\Windows\system32\Oleacc.dll
0x00007ffdf0ee0000 - 0x00007ffdf0ef0000 	C:\Program Files\Java\jdk-17\bin\verify.dll
0x00007ffde11c0000 - 0x00007ffde11d2000 	C:\Program Files\Java\jdk-17\bin\jsound.dll
0x00007ffdcfbe0000 - 0x00007ffdcfc7c000 	C:\Windows\SYSTEM32\DSOUND.dll
0x00007ffde85c0000 - 0x00007ffde85e6000 	C:\Windows\SYSTEM32\winmmbase.dll
0x00007ffdf8120000 - 0x00007ffdf81a5000 	C:\Windows\System32\MMDevApi.dll
0x00007ffdcc440000 - 0x00007ffdcc486000 	C:\Windows\SYSTEM32\wdmaud.drv
0x00007ffdf5f50000 - 0x00007ffdf5f59000 	C:\Windows\SYSTEM32\ksuser.dll
0x00007ffdf99f0000 - 0x00007ffdf99fa000 	C:\Windows\SYSTEM32\AVRT.dll
0x00007ffdf81b0000 - 0x00007ffdf8332000 	C:\Windows\SYSTEM32\AUDIOSES.DLL
0x00007ffdd53d0000 - 0x00007ffdd53dd000 	C:\Windows\SYSTEM32\msacm32.drv
0x00007ffdd4700000 - 0x00007ffdd471e000 	C:\Windows\SYSTEM32\MSACM32.dll
0x00007ffdd53c0000 - 0x00007ffdd53cb000 	C:\Windows\SYSTEM32\midimap.dll
0x00007ffdf1eb0000 - 0x00007ffdf1ff1000 	C:\Windows\System32\Windows.UI.dll
0x00007ffdf1c50000 - 0x00007ffdf1da2000 	C:\Windows\System32\InputHost.dll
0x00007ffdf9490000 - 0x00007ffdf9531000 	C:\Windows\System32\WindowManagementAPI.dll
0x00007ffdfa020000 - 0x00007ffdfa116000 	C:\Windows\System32\PROPSYS.dll
0x00007ffdf8c60000 - 0x00007ffdf8e60000 	C:\Windows\SYSTEM32\twinapi.appcore.dll
0x00007ffdfbf80000 - 0x00007ffdfbf94000 	C:\Windows\SYSTEM32\resourcepolicyclient.dll

dbghelp: loaded successfully - version: 4.0.5 - missing functions: none
symbol engine: initialized successfully - sym options: 0x614 - pdb path: .;C:\Program Files\Java\jdk-17\bin;C:\Windows\SYSTEM32;C:\Windows\WinSxS\amd64_microsoft.windows.common-controls_6595b64144ccf1df_6.0.19041.1110_none_60b5254171f9507e;C:\Program Files\Java\jdk-17\bin\server;C:\Users\bakht\AppData\Local\Temp\jogamp_0000\file_cache\jln12113563023596838004\jln9161246469078729756\natives\windows-amd64;C:\Windows\System32\DriverStore\FileRepository\iigd_dch.inf_amd64_cb43c2398bc88530

VM Arguments:
jvm_args: -agentlib:jdwp=transport=dt_socket,server=n,suspend=y,address=localhost:54700 -XX:+ShowCodeDetailsInExceptionMessages 
java_command: ie.tudublin.Main
java_class_path (initial): C:\Users\bakht\MV-C21716601\MusicVisuals-master\java\bin;C:\Users\bakht\MV-C21716601\MusicVisuals-master\java\lib\core.jar;C:\Users\bakht\MV-C21716601\MusicVisuals-master\java\lib\jl1.0.1.jar;C:\Users\bakht\MV-C21716601\MusicVisuals-master\java\lib\jsminim.jar;C:\Users\bakht\MV-C21716601\MusicVisuals-master\java\lib\minim.jar;C:\Users\bakht\MV-C21716601\MusicVisuals-master\java\lib\mp3spi1.9.5.jar;C:\Users\bakht\MV-C21716601\MusicVisuals-master\java\lib\sqlite-jdbc-3.23.1.jar;C:\Users\bakht\MV-C21716601\MusicVisuals-master\java\lib\tritonus_aos.jar;C:\Users\bakht\MV-C21716601\MusicVisuals-master\java\lib\tritonus_share.jar;C:\Users\bakht\MV-C21716601\MusicVisuals-master\java\lib\jogl-all.jar;C:\Users\bakht\MV-C21716601\MusicVisuals-master\java\lib\gluegen-rt.jar;C:\Users\bakht\MV-C21716601\MusicVisuals-master\java\lib\gluegen-rt-natives-windows-amd64.jar;C:\Users\bakht\MV-C21716601\MusicVisuals-master\java\lib\gluegen-rt-natives-windows-i586.jar;C:\Users\bakht\MV-C21716601\MusicVisuals-master\java\lib\jogl-all-natives-windows-amd64.jar;C:\Users\bakht\MV-C21716601\MusicVisuals-master\java\lib\jogl-all-natives-windows-i586.jar;C:\Users\bakht\MV-C21716601\MusicVisuals-master\java\lib\gluegen-rt-natives-macosx-universal.jar;C:\Users\bakht\MV-C21716601\MusicVisuals-master\java\lib\jogl-all-natives-macosx-universal.jar
Launcher Type: SUN_STANDARD

[Global flags]
     intx CICompilerCount                          = 4                                         {product} {ergonomic}
     uint ConcGCThreads                            = 2                                         {product} {ergonomic}
     uint G1ConcRefinementThreads                  = 8                                         {product} {ergonomic}
   size_t G1HeapRegionSize                         = 1048576                                   {product} {ergonomic}
    uintx GCDrainStackTargetSize                   = 64                                        {product} {ergonomic}
   size_t InitialHeapSize                          = 132120576                                 {product} {ergonomic}
   size_t MarkStackSize                            = 4194304                                   {product} {ergonomic}
   size_t MaxHeapSize                              = 2095054848                                {product} {ergonomic}
   size_t MaxNewSize                               = 1256194048                                {product} {ergonomic}
   size_t MinHeapDeltaBytes                        = 1048576                                   {product} {ergonomic}
   size_t MinHeapSize                              = 8388608                                   {product} {ergonomic}
    uintx NonNMethodCodeHeapSize                   = 5839372                                {pd product} {ergonomic}
    uintx NonProfiledCodeHeapSize                  = 122909434                              {pd product} {ergonomic}
    uintx ProfiledCodeHeapSize                     = 122909434                              {pd product} {ergonomic}
    uintx ReservedCodeCacheSize                    = 251658240                              {pd product} {ergonomic}
     bool SegmentedCodeCache                       = true                                      {product} {ergonomic}
     bool ShowCodeDetailsInExceptionMessages       = true                                   {manageable} {command line}
   size_t SoftMaxHeapSize                          = 2095054848                             {manageable} {ergonomic}
     bool UseCompressedClassPointers               = true                           {product lp64_product} {ergonomic}
     bool UseCompressedOops                        = true                           {product lp64_product} {ergonomic}
     bool UseG1GC                                  = true                                      {product} {ergonomic}
     bool UseLargePagesIndividualAllocation        = false                                  {pd product} {ergonomic}

Logging:
Log output configuration:
 #0: stdout all=off uptime,level,tags
 #1: stderr all=off uptime,level,tags

Environment Variables:
PATH=C:\Program Files\Common Files\Oracle\Java\javapath;C:\Program Files (x86)\Common Files\Oracle\Java\javapath;C:\Windows\system32;C:\Windows;C:\Windows\System32\Wbem;C:\Windows\System32\WindowsPowerShell\v1.0\;C:\Windows\System32\OpenSSH\;C:\msys64\mingw64\bin;C:\Program Files\PuTTY\;C:\Program Files\Git\cmd;C:\Users\bakht\AppData\Local\Microsoft\WindowsApps;;C:\Users\bakht\AppData\Local\Programs\Microsoft VS Code\bin
USERNAME=bakht
LANG=en_US.UTF-8
OS=Windows_NT
PROCESSOR_IDENTIFIER=Intel64 Family 6 Model 140 Stepping 1, GenuineIntel



---------------  S Y S T E M  ---------------

OS:
 Windows 10 , 64 bit Build 19041 (10.0.19041.2788)
OS uptime: 4 days 11:20 hours
Hyper-V role detected

CPU: total 8 (initial active 8) (4 cores per cpu, 2 threads per core) family 6 model 140 stepping 1 microcode 0x78, cx8, cmov, fxsr, ht, mmx, 3dnowpref, sse, sse2, sse3, ssse3, sse4.1, sse4.2, popcnt, lzcnt, tsc, tscinvbit, avx, avx2, aes, erms, clmul, bmi1, bmi2, adx, avx512f, avx512dq, avx512cd, avx512bw, avx512vl, sha, fma, vzeroupper, avx512_vpopcntdq, avx512_vpclmulqdq, avx512_vaes, avx512_vnni, clflush, clflushopt, clwb, avx512_vbmi2, avx512_vbmi, hv

Memory: 4k page, system-wide physical 7991M (809M free)
TotalPageFile size 11235M (AvailPageFile size 2198M)
current process WorkingSet (physical memory assigned to process): 304M, peak: 314M
current process commit charge ("private bytes"): 354M, peak: 366M

vm_info: Java HotSpot(TM) 64-Bit Server VM (17.0.6+9-LTS-190) for windows-amd64 JRE (17.0.6+9-LTS-190), built on Dec  6 2022 15:53:54 by "mach5one" with MS VC++ 17.1 (VS2022)

END.
