#
# A fatal error has been detected by the Java Runtime Environment:
#
#  EXCEPTION_ACCESS_VIOLATION (0xc0000005) at pc=0x00007ffd4e111a34, pid=13420, tid=16920
#
# JRE version: Java(TM) SE Runtime Environment (17.0.6+9) (build 17.0.6+9-LTS-190)
# Java VM: Java HotSpot(TM) 64-Bit Server VM (17.0.6+9-LTS-190, mixed mode, sharing, tiered, compressed oops, compressed class ptrs, g1 gc, windows-amd64)
# Problematic frame:
# C  [igxelpicd64.dll+0x2c1a34]
#
# No core dump will be written. Minidumps are not enabled by default on client versions of Windows
#
# If you would like to submit a bug report, please visit:
#   https://bugreport.java.com/bugreport/crash.jsp
#

---------------  S U M M A R Y ------------

Command Line: -agentlib:jdwp=transport=dt_socket,server=n,suspend=y,address=localhost:50349 -XX:+ShowCodeDetailsInExceptionMessages ie.tudublin.Main

Host: 11th Gen Intel(R) Core(TM) i5-1135G7 @ 2.40GHz, 8 cores, 7G,  Windows 10 , 64 bit Build 19041 (10.0.19041.2788)
Time: Tue Apr 25 21:43:52 2023 GMT Daylight Time elapsed time: 42.293207 seconds (0d 0h 0m 42s)

---------------  T H R E A D  ---------------

Current thread (0x00000246e00a6ca0):  VMThread "VM Thread" [stack: 0x000000a31d300000,0x000000a31d400000] [id=16920]

Stack: [0x000000a31d300000,0x000000a31d400000],  sp=0x000000a31d3fe0c0,  free space=1016k
Native frames: (J=compiled Java code, j=interpreted, Vv=VM code, C=native code)
C  [igxelpicd64.dll+0x2c1a34]


siginfo: EXCEPTION_ACCESS_VIOLATION (0xc0000005), reading address 0x0000000000035728


Register to memory mapping:

RIP=0x00007ffd4e111a34 igxelpicd64.dll
RAX=0x00000246e381f968 points into unknown readable memory: 0x000000000000744c | 4c 74 00 00 00 00 00 00
RBX=0x00000246e381f7d0 points into unknown readable memory: 0x00000246e29421e0 | e0 21 94 e2 46 02 00 00
RCX=0x0 is NULL
RDX=0x0000000000000002 is an unknown value
RSP=0x000000a31d3fe0c0 points into unknown readable memory: 0x00000246e297af50 | 50 af 97 e2 46 02 00 00
RBP=0x000000a31d3fe1c0 points into unknown readable memory: 0xff0b011f380b00d8 | d8 00 0b 38 1f 01 0b ff
RSI=0x0 is NULL
RDI=0x00000246e2c0fd80 points into unknown readable memory: 0x00000246e317ac00 | 00 ac 17 e3 46 02 00 00
R8 =0x0000000000000014 is an unknown value
R9 =0x0000000000000016 is an unknown value
R10=0x0 is NULL
R11=0x0000000000000246 is an unknown value
R12=0x00000246e381f7d0 points into unknown readable memory: 0x00000246e29421e0 | e0 21 94 e2 46 02 00 00
R13=0x00000246e36e7a80 points into unknown readable memory: 0x00000246e29421e0 | e0 21 94 e2 46 02 00 00
R14=0x00000246e381fda0 points into unknown readable memory: 0x00000246e36e7a80 | 80 7a 6e e3 46 02 00 00
R15=0x0 is NULL


Registers:
RAX=0x00000246e381f968, RBX=0x00000246e381f7d0, RCX=0x0000000000000000, RDX=0x0000000000000002
RSP=0x000000a31d3fe0c0, RBP=0x000000a31d3fe1c0, RSI=0x0000000000000000, RDI=0x00000246e2c0fd80
R8 =0x0000000000000014, R9 =0x0000000000000016, R10=0x0000000000000000, R11=0x0000000000000246
R12=0x00000246e381f7d0, R13=0x00000246e36e7a80, R14=0x00000246e381fda0, R15=0x0000000000000000
RIP=0x00007ffd4e111a34, EFLAGS=0x0000000000010202

Top of Stack: (sp=0x000000a31d3fe0c0)
0x000000a31d3fe0c0:   00000246e297af50 9ee800fd9ae8023f
0x000000a31d3fe0d0:   8ce90195e0e800fa 5fec026a60ea010a
0x000000a31d3fe0e0:   00000016b9000000 0000000000000000
0x000000a31d3fe0f0:   7df100b6e0f00288 b4f20060fcf1005f
0x000000a31d3fe100:   28f300db08f300fa 00000246e297af50
0x000000a31d3fe110:   ccf400773df400d5 50f500b148f5013e
0x000000a31d3fe120:   d4f5012a57f5010d 80f6026a54f6025c
0x000000a31d3fe130:   12f700d7e0f6024f daf7006fd3f7005e
0x000000a31d3fe140:   eef7006aedf701ad 77f9005521f90145
0x000000a31d3fe150:   08fb0194bbf9008c b0fd01473afc0106
0x000000a31d3fe160:   34ff01e5dffd00d9 0001015e5cff0200
0x000000a31d3fe170:   00d5392f00000102 0683000000030001
0x000000a31d3fe180:   000001030001011b 000600e100d5392f
0x000000a31d3fe190:   cd0100f147000000 1c020150d2010290
0x000000a31d3fe1a0:   a402014f35020141 9204007ebd020115
0x000000a31d3fe1b0:   a40500c63705011e 290a014dd606013c 

Instructions: (pc=0x00007ffd4e111a34)
0x00007ffd4e111934:   00 00 48 8b 05 c3 95 b8 00 44 8b 88 68 0b 00 00
0x00007ffd4e111944:   44 89 4c 24 24 c6 44 24 20 00 48 c7 87 78 02 00
0x00007ffd4e111954:   00 00 00 00 00 c7 87 80 02 00 00 00 00 00 00 48
0x00007ffd4e111964:   c7 87 98 02 00 00 00 00 00 00 48 c7 87 88 02 00
0x00007ffd4e111974:   00 00 00 00 00 4d 85 ff 75 43 8b 35 34 8f c8 00
0x00007ffd4e111984:   65 48 8b 04 25 58 00 00 00 b9 14 00 00 00 48 8b
0x00007ffd4e111994:   04 f0 44 38 3c 01 0f 84 9e e4 6e 00 65 48 8b 04
0x00007ffd4e1119a4:   25 58 00 00 00 41 bf 20 00 00 00 48 8b 04 f0 4d
0x00007ffd4e1119b4:   8b 3c 07 4c 89 7c 24 28 0f b6 74 24 21 4c 3b 3d
0x00007ffd4e1119c4:   48 b4 c8 00 0f 84 ae 0e 00 00 4d 85 ed 0f 84 a5
0x00007ffd4e1119d4:   0b 00 00 66 0f 1f 84 00 00 00 00 00 49 8b dd 4d
0x00007ffd4e1119e4:   8b e5 4d 8d b5 d0 05 00 00 4d 8b 2e 40 84 f6 0f
0x00007ffd4e1119f4:   85 57 0e 00 00 8b 97 c8 01 00 00 48 8b 05 fa 94
0x00007ffd4e111a04:   b8 00 83 b8 80 03 00 00 02 75 32 83 fa 10 0f 83
0x00007ffd4e111a14:   e0 00 00 00 48 8d 04 d5 21 00 00 00 48 03 c2 48
0x00007ffd4e111a24:   8d 04 c3 48 85 c0 0f 84 46 01 00 00 48 8b 48 08
0x00007ffd4e111a34:   49 3b 8f 28 57 03 00 0f 87 09 08 00 00 48 83 bb
0x00007ffd4e111a44:   48 06 00 00 00 0f 85 37 e4 6e 00 44 8b 8f c8 01
0x00007ffd4e111a54:   00 00 48 8b 87 e0 01 00 00 48 8b 10 8b 8f c8 01
0x00007ffd4e111a64:   00 00 48 8d b3 08 01 00 00 83 f9 10 0f 83 c0 00
0x00007ffd4e111a74:   00 00 48 8d 0c c9 48 8d 04 ce 48 85 c0 0f 84 f6
0x00007ffd4e111a84:   00 00 00 48 39 50 08 0f 86 ec 00 00 00 48 8b 87
0x00007ffd4e111a94:   78 02 00 00 49 89 06 48 89 9f 78 02 00 00 ff 87
0x00007ffd4e111aa4:   80 02 00 00 48 8b 43 08 48 8b 88 18 01 00 00 48
0x00007ffd4e111ab4:   81 e1 00 00 ff ff 48 81 c1 00 00 01 00 48 01 8f
0x00007ffd4e111ac4:   88 02 00 00 48 8b 43 08 48 8b 88 18 01 00 00 48
0x00007ffd4e111ad4:   01 8f 98 02 00 00 44 0f b6 4c 24 20 4d 85 ed 0f
0x00007ffd4e111ae4:   84 85 0a 00 00 0f b6 74 24 21 44 8b 4c 24 24 e9
0x00007ffd4e111af4:   e8 fe ff ff 8d 4a f0 8b c1 c1 e8 04 83 f8 03 0f
0x00007ffd4e111b04:   82 9b 06 00 00 48 8b 83 a0 05 00 00 48 85 c0 0f
0x00007ffd4e111b14:   84 a2 06 00 00 0f 1f 80 00 00 00 00 39 10 0f 84
0x00007ffd4e111b24:   af 0b 00 00 48 8b 40 50 48 85 c0 75 ef e9 85 06 


Stack slot to memory mapping:
stack at sp + 0 slots: 0x00000246e297af50 points into unknown readable memory: 0xffffffffffffffff | ff ff ff ff ff ff ff ff
stack at sp + 1 slots: 0x9ee800fd9ae8023f is an unknown value
stack at sp + 2 slots: 0x8ce90195e0e800fa is an unknown value
stack at sp + 3 slots: 0x5fec026a60ea010a is an unknown value
stack at sp + 4 slots: 0x00000016b9000000 is an unknown value
stack at sp + 5 slots: 0x0 is NULL
stack at sp + 6 slots: 0x7df100b6e0f00288 is an unknown value
stack at sp + 7 slots: 0xb4f20060fcf1005f is an unknown value

VM_Operation (0x000000a31f3fed50): Exit, mode: safepoint, requested by thread 0x00000246e138cc30


---------------  P R O C E S S  ---------------

Threads class SMR info:
_java_thread_list=0x00000246e3329660, length=19, elements={
0x00000246e00ab740, 0x00000246e00ac2f0, 0x00000246e00c0df0, 0x00000246e00c58c0,
0x00000246e00c6270, 0x00000246e00cfca0, 0x00000246e00d86a0, 0x00000246e00e2ca0,
0x00000246e0d424e0, 0x00000246e0d451a0, 0x00000246e0d4c180, 0x00000246e0d50a10,
0x00000246e1361760, 0x00000246e138c760, 0x00000246e138cc30, 0x00000246e138df70,
0x00000246e138d100, 0x00000246e138e440, 0x00000246e0df83a0
}

Java Threads: ( => current thread )
  0x00000246e00ab740 JavaThread "Reference Handler" daemon [_thread_blocked, id=14576, stack(0x000000a31d400000,0x000000a31d500000)]
  0x00000246e00ac2f0 JavaThread "Finalizer" daemon [_thread_blocked, id=16092, stack(0x000000a31d500000,0x000000a31d600000)]
  0x00000246e00c0df0 JavaThread "Attach Listener" daemon [_thread_blocked, id=6680, stack(0x000000a31d700000,0x000000a31d800000)]
  0x00000246e00c58c0 JavaThread "Service Thread" daemon [_thread_blocked, id=20804, stack(0x000000a31d800000,0x000000a31d900000)]
  0x00000246e00c6270 JavaThread "Monitor Deflation Thread" daemon [_thread_blocked, id=20232, stack(0x000000a31d900000,0x000000a31da00000)]
  0x00000246e00cfca0 JavaThread "C2 CompilerThread0" daemon [_thread_blocked, id=2892, stack(0x000000a31da00000,0x000000a31db00000)]
  0x00000246e00d86a0 JavaThread "C1 CompilerThread0" daemon [_thread_blocked, id=4872, stack(0x000000a31db00000,0x000000a31dc00000)]
  0x00000246e00e2ca0 JavaThread "Sweeper thread" daemon [_thread_blocked, id=14272, stack(0x000000a31dc00000,0x000000a31dd00000)]
  0x00000246e0d424e0 JavaThread "JDWP Transport Listener: dt_socket" daemon [_thread_blocked, id=16536, stack(0x000000a31dd00000,0x000000a31de00000)]
  0x00000246e0d451a0 JavaThread "JDWP Event Helper Thread" daemon [_thread_blocked, id=17640, stack(0x000000a31de00000,0x000000a31df00000)]
  0x00000246e0d4c180 JavaThread "Notification Thread" daemon [_thread_blocked, id=20060, stack(0x000000a31e000000,0x000000a31e100000)]
  0x00000246e0d50a10 JavaThread "Common-Cleaner" daemon [_thread_blocked, id=17088, stack(0x000000a31e200000,0x000000a31e300000)]
  0x00000246e1361760 JavaThread "Java2D Disposer" daemon [_thread_blocked, id=18836, stack(0x000000a31e300000,0x000000a31e400000)]
  0x00000246e138c760 JavaThread "HighResTimerThread" daemon [_thread_blocked, id=7364, stack(0x000000a31f100000,0x000000a31f200000)]
  0x00000246e138cc30 JavaThread "main-FPSAWTAnimator#00-Timer0" [_thread_blocked, id=20940, stack(0x000000a31f300000,0x000000a31f400000)]
  0x00000246e138df70 JavaThread "DestroyJavaVM" [_thread_blocked, id=19328, stack(0x000000a31cd00000,0x000000a31ce00000)]
  0x00000246e138d100 JavaThread "Java Sound Event Dispatcher" daemon [_thread_blocked, id=996, stack(0x000000a31f700000,0x000000a31f800000)]
  0x00000246e138e440 JavaThread "Thread-4" [_thread_blocked, id=20864, stack(0x000000a31fb00000,0x000000a31fc00000)]
  0x00000246e0df83a0 JavaThread "AWT-Shutdown" [_thread_blocked, id=13236, stack(0x000000a320100000,0x000000a320200000)]

Other Threads:
=>0x00000246e00a6ca0 VMThread "VM Thread" [stack: 0x000000a31d300000,0x000000a31d400000] [id=16920]
  0x00000246c20c7b70 GCTaskThread "GC Thread#0" [stack: 0x000000a31ce00000,0x000000a31cf00000] [id=16268]
  0x00000246e0dd34c0 GCTaskThread "GC Thread#1" [stack: 0x000000a31ea00000,0x000000a31eb00000] [id=18568]
  0x00000246e0dd21f0 GCTaskThread "GC Thread#2" [stack: 0x000000a31eb00000,0x000000a31ec00000] [id=5248]
  0x00000246e0dd2750 GCTaskThread "GC Thread#3" [stack: 0x000000a31ec00000,0x000000a31ed00000] [id=10844]
  0x00000246e0dd2a00 GCTaskThread "GC Thread#4" [stack: 0x000000a31ed00000,0x000000a31ee00000] [id=18848]
  0x00000246e0dd2cb0 GCTaskThread "GC Thread#5" [stack: 0x000000a31ee00000,0x000000a31ef00000] [id=16108]
  0x00000246e0dd2f60 GCTaskThread "GC Thread#6" [stack: 0x000000a31ef00000,0x000000a31f000000] [id=10420]
  0x00000246e2c74fc0 GCTaskThread "GC Thread#7" [stack: 0x000000a31f000000,0x000000a31f100000] [id=13344]
  0x00000246c20d9480 ConcurrentGCThread "G1 Main Marker" terminated
  0x00000246c20da630 ConcurrentGCThread "G1 Conc#0" [stack: 0x000000a31d000000,0x000000a31d100000] [id=6568]
  0x00000246c214eba0 ConcurrentGCThread "G1 Refine#0" terminated
  0x00000246dff60760 ConcurrentGCThread "G1 Service" terminated

Threads with active compile tasks:

VM state: at safepoint (shutting down)

VM Mutex/Monitor currently owned by a thread:  ([mutex/lock_event])
[0x00000246c2069df0] Threads_lock - owner thread: 0x00000246e00a6ca0
[0x00000246c206aa50] Heap_lock - owner thread: 0x00000246e138cc30

Heap address: 0x0000000083200000, size: 1998 MB, Compressed Oops mode: 32-bit

CDS archive(s) mapped at: [0x0000000800000000-0x0000000800bd0000-0x0000000800bd0000), size 12386304, SharedBaseAddress: 0x0000000800000000, ArchiveRelocationMode: 0.
Compressed class space mapped at: 0x0000000800c00000-0x0000000840c00000, reserved size: 1073741824
Narrow klass base: 0x0000000800000000, Narrow klass shift: 0, Narrow klass range: 0x100000000

GC Precious Log:
 CPUs: 8 total, 8 available
 Memory: 7991M
 Large Page Support: Disabled
 NUMA Support: Disabled
 Compressed Oops: Enabled (32-bit)
 Heap Region Size: 1M
 Heap Min Capacity: 8M
 Heap Initial Capacity: 126M
 Heap Max Capacity: 1998M
 Pre-touch: Disabled
 Parallel Workers: 8
 Concurrent Workers: 2
 Concurrent Refinement Workers: 8
 Periodic GC: Disabled

Heap:
 garbage-first heap   total 129024K, used 24509K [0x0000000083200000, 0x0000000100000000)
  region size 1024K, 10 young (10240K), 4 survivors (4096K)
 Metaspace       used 14465K, committed 14592K, reserved 1064960K
  class space    used 1076K, committed 1152K, reserved 1048576K

Heap Regions: E=young(eden), S=young(survivor), O=old, HS=humongous(starts), HC=humongous(continues), CS=collection set, F=free, OA=open archive, CA=closed archive, TAMS=top-at-mark-start (previous, next)
|   0|0x0000000083200000, 0x0000000083300000, 0x0000000083300000|100%|HS|  |TAMS 0x0000000083200000, 0x0000000083200000| Complete 
|   1|0x0000000083300000, 0x0000000083400000, 0x0000000083400000|100%|HC|  |TAMS 0x0000000083300000, 0x0000000083300000| Complete 
|   2|0x0000000083400000, 0x0000000083500000, 0x0000000083500000|100%|HC|  |TAMS 0x0000000083400000, 0x0000000083400000| Complete 
|   3|0x0000000083500000, 0x0000000083600000, 0x0000000083600000|100%|HC|  |TAMS 0x0000000083500000, 0x0000000083500000| Complete 
|   4|0x0000000083600000, 0x0000000083600000, 0x0000000083700000|  0%| F|  |TAMS 0x0000000083600000, 0x0000000083600000| Untracked 
|   5|0x0000000083700000, 0x0000000083700000, 0x0000000083800000|  0%| F|  |TAMS 0x0000000083700000, 0x0000000083700000| Untracked 
|   6|0x0000000083800000, 0x0000000083800000, 0x0000000083900000|  0%| F|  |TAMS 0x0000000083800000, 0x0000000083800000| Untracked 
|   7|0x0000000083900000, 0x0000000083900000, 0x0000000083a00000|  0%| F|  |TAMS 0x0000000083900000, 0x0000000083900000| Untracked 
|   8|0x0000000083a00000, 0x0000000083a00000, 0x0000000083b00000|  0%| F|  |TAMS 0x0000000083a00000, 0x0000000083a00000| Untracked 
|   9|0x0000000083b00000, 0x0000000083b00000, 0x0000000083c00000|  0%| F|  |TAMS 0x0000000083b00000, 0x0000000083b00000| Untracked 
|  10|0x0000000083c00000, 0x0000000083c00000, 0x0000000083d00000|  0%| F|  |TAMS 0x0000000083c00000, 0x0000000083c00000| Untracked 
|  11|0x0000000083d00000, 0x0000000083d00000, 0x0000000083e00000|  0%| F|  |TAMS 0x0000000083d00000, 0x0000000083d00000| Untracked 
|  12|0x0000000083e00000, 0x0000000083e00000, 0x0000000083f00000|  0%| F|  |TAMS 0x0000000083e00000, 0x0000000083e00000| Untracked 
|  13|0x0000000083f00000, 0x0000000083f00000, 0x0000000084000000|  0%| F|  |TAMS 0x0000000083f00000, 0x0000000083f00000| Untracked 
|  14|0x0000000084000000, 0x0000000084100000, 0x0000000084100000|100%|HS|  |TAMS 0x0000000084000000, 0x0000000084000000| Complete 
|  15|0x0000000084100000, 0x0000000084200000, 0x0000000084200000|100%|HC|  |TAMS 0x0000000084100000, 0x0000000084100000| Complete 
|  16|0x0000000084200000, 0x0000000084300000, 0x0000000084300000|100%|HC|  |TAMS 0x0000000084200000, 0x0000000084200000| Complete 
|  17|0x0000000084300000, 0x0000000084400000, 0x0000000084400000|100%|HC|  |TAMS 0x0000000084300000, 0x0000000084300000| Complete 
|  18|0x0000000084400000, 0x0000000084500000, 0x0000000084500000|100%|HS|  |TAMS 0x0000000084400000, 0x0000000084400000| Complete 
|  19|0x0000000084500000, 0x0000000084600000, 0x0000000084600000|100%|HC|  |TAMS 0x0000000084500000, 0x0000000084500000| Complete 
|  20|0x0000000084600000, 0x0000000084700000, 0x0000000084700000|100%|HS|  |TAMS 0x0000000084600000, 0x0000000084600000| Complete 
|  21|0x0000000084700000, 0x0000000084800000, 0x0000000084800000|100%|HS|  |TAMS 0x0000000084700000, 0x0000000084700000| Complete 
|  22|0x0000000084800000, 0x0000000084900000, 0x0000000084900000|100%|HS|  |TAMS 0x0000000084800000, 0x0000000084800000| Complete 
|  23|0x0000000084900000, 0x0000000084a00000, 0x0000000084a00000|100%| O|  |TAMS 0x0000000084900000, 0x0000000084900000| Untracked 
|  24|0x0000000084a00000, 0x0000000084b00000, 0x0000000084b00000|100%| O|  |TAMS 0x0000000084a00000, 0x0000000084a00000| Untracked 
|  25|0x0000000084b00000, 0x0000000084b87200, 0x0000000084c00000| 52%| O|  |TAMS 0x0000000084b00000, 0x0000000084b00000| Untracked 
|  26|0x0000000084c00000, 0x0000000084c00000, 0x0000000084d00000|  0%| F|  |TAMS 0x0000000084c00000, 0x0000000084c00000| Untracked 
|  27|0x0000000084d00000, 0x0000000084d00000, 0x0000000084e00000|  0%| F|  |TAMS 0x0000000084d00000, 0x0000000084d00000| Untracked 
|  28|0x0000000084e00000, 0x0000000084e00000, 0x0000000084f00000|  0%| F|  |TAMS 0x0000000084e00000, 0x0000000084e00000| Untracked 
|  29|0x0000000084f00000, 0x0000000084f00000, 0x0000000085000000|  0%| F|  |TAMS 0x0000000084f00000, 0x0000000084f00000| Untracked 
|  30|0x0000000085000000, 0x0000000085000000, 0x0000000085100000|  0%| F|  |TAMS 0x0000000085000000, 0x0000000085000000| Untracked 
|  31|0x0000000085100000, 0x0000000085100000, 0x0000000085200000|  0%| F|  |TAMS 0x0000000085100000, 0x0000000085100000| Untracked 
|  32|0x0000000085200000, 0x0000000085200000, 0x0000000085300000|  0%| F|  |TAMS 0x0000000085200000, 0x0000000085200000| Untracked 
|  33|0x0000000085300000, 0x0000000085300000, 0x0000000085400000|  0%| F|  |TAMS 0x0000000085300000, 0x0000000085300000| Untracked 
|  34|0x0000000085400000, 0x0000000085400000, 0x0000000085500000|  0%| F|  |TAMS 0x0000000085400000, 0x0000000085400000| Untracked 
|  35|0x0000000085500000, 0x0000000085500000, 0x0000000085600000|  0%| F|  |TAMS 0x0000000085500000, 0x0000000085500000| Untracked 
|  36|0x0000000085600000, 0x0000000085600000, 0x0000000085700000|  0%| F|  |TAMS 0x0000000085600000, 0x0000000085600000| Untracked 
|  37|0x0000000085700000, 0x0000000085700000, 0x0000000085800000|  0%| F|  |TAMS 0x0000000085700000, 0x0000000085700000| Untracked 
|  38|0x0000000085800000, 0x0000000085800000, 0x0000000085900000|  0%| F|  |TAMS 0x0000000085800000, 0x0000000085800000| Untracked 
|  39|0x0000000085900000, 0x0000000085900000, 0x0000000085a00000|  0%| F|  |TAMS 0x0000000085900000, 0x0000000085900000| Untracked 
|  40|0x0000000085a00000, 0x0000000085a00000, 0x0000000085b00000|  0%| F|  |TAMS 0x0000000085a00000, 0x0000000085a00000| Untracked 
|  41|0x0000000085b00000, 0x0000000085b00000, 0x0000000085c00000|  0%| F|  |TAMS 0x0000000085b00000, 0x0000000085b00000| Untracked 
|  42|0x0000000085c00000, 0x0000000085c00000, 0x0000000085d00000|  0%| F|  |TAMS 0x0000000085c00000, 0x0000000085c00000| Untracked 
|  43|0x0000000085d00000, 0x0000000085d00000, 0x0000000085e00000|  0%| F|  |TAMS 0x0000000085d00000, 0x0000000085d00000| Untracked 
|  44|0x0000000085e00000, 0x0000000085e00000, 0x0000000085f00000|  0%| F|  |TAMS 0x0000000085e00000, 0x0000000085e00000| Untracked 
|  45|0x0000000085f00000, 0x0000000085f00000, 0x0000000086000000|  0%| F|  |TAMS 0x0000000085f00000, 0x0000000085f00000| Untracked 
|  46|0x0000000086000000, 0x0000000086000000, 0x0000000086100000|  0%| F|  |TAMS 0x0000000086000000, 0x0000000086000000| Untracked 
|  47|0x0000000086100000, 0x00000000861683d0, 0x0000000086200000| 40%| S|CS|TAMS 0x0000000086100000, 0x0000000086100000| Complete 
|  48|0x0000000086200000, 0x0000000086300000, 0x0000000086300000|100%| S|CS|TAMS 0x0000000086200000, 0x0000000086200000| Complete 
|  49|0x0000000086300000, 0x0000000086400000, 0x0000000086400000|100%| S|CS|TAMS 0x0000000086300000, 0x0000000086300000| Complete 
|  50|0x0000000086400000, 0x0000000086500000, 0x0000000086500000|100%| S|CS|TAMS 0x0000000086400000, 0x0000000086400000| Complete 
|  51|0x0000000086500000, 0x0000000086500000, 0x0000000086600000|  0%| F|  |TAMS 0x0000000086500000, 0x0000000086500000| Untracked 
|  52|0x0000000086600000, 0x0000000086600000, 0x0000000086700000|  0%| F|  |TAMS 0x0000000086600000, 0x0000000086600000| Untracked 
|  53|0x0000000086700000, 0x0000000086700000, 0x0000000086800000|  0%| F|  |TAMS 0x0000000086700000, 0x0000000086700000| Untracked 
|  54|0x0000000086800000, 0x0000000086800000, 0x0000000086900000|  0%| F|  |TAMS 0x0000000086800000, 0x0000000086800000| Untracked 
|  55|0x0000000086900000, 0x0000000086900000, 0x0000000086a00000|  0%| F|  |TAMS 0x0000000086900000, 0x0000000086900000| Untracked 
|  56|0x0000000086a00000, 0x0000000086a00000, 0x0000000086b00000|  0%| F|  |TAMS 0x0000000086a00000, 0x0000000086a00000| Untracked 
|  57|0x0000000086b00000, 0x0000000086b00000, 0x0000000086c00000|  0%| F|  |TAMS 0x0000000086b00000, 0x0000000086b00000| Untracked 
|  58|0x0000000086c00000, 0x0000000086c00000, 0x0000000086d00000|  0%| F|  |TAMS 0x0000000086c00000, 0x0000000086c00000| Untracked 
|  59|0x0000000086d00000, 0x0000000086d00000, 0x0000000086e00000|  0%| F|  |TAMS 0x0000000086d00000, 0x0000000086d00000| Untracked 
|  60|0x0000000086e00000, 0x0000000086e00000, 0x0000000086f00000|  0%| F|  |TAMS 0x0000000086e00000, 0x0000000086e00000| Untracked 
|  61|0x0000000086f00000, 0x0000000086f00000, 0x0000000087000000|  0%| F|  |TAMS 0x0000000086f00000, 0x0000000086f00000| Untracked 
|  62|0x0000000087000000, 0x0000000087000000, 0x0000000087100000|  0%| F|  |TAMS 0x0000000087000000, 0x0000000087000000| Untracked 
|  63|0x0000000087100000, 0x0000000087100000, 0x0000000087200000|  0%| F|  |TAMS 0x0000000087100000, 0x0000000087100000| Untracked 
|  64|0x0000000087200000, 0x0000000087200000, 0x0000000087300000|  0%| F|  |TAMS 0x0000000087200000, 0x0000000087200000| Untracked 
|  65|0x0000000087300000, 0x0000000087300000, 0x0000000087400000|  0%| F|  |TAMS 0x0000000087300000, 0x0000000087300000| Untracked 
|  66|0x0000000087400000, 0x0000000087400000, 0x0000000087500000|  0%| F|  |TAMS 0x0000000087400000, 0x0000000087400000| Untracked 
|  67|0x0000000087500000, 0x0000000087500000, 0x0000000087600000|  0%| F|  |TAMS 0x0000000087500000, 0x0000000087500000| Untracked 
|  68|0x0000000087600000, 0x0000000087600000, 0x0000000087700000|  0%| F|  |TAMS 0x0000000087600000, 0x0000000087600000| Untracked 
|  69|0x0000000087700000, 0x0000000087700000, 0x0000000087800000|  0%| F|  |TAMS 0x0000000087700000, 0x0000000087700000| Untracked 
|  70|0x0000000087800000, 0x0000000087800000, 0x0000000087900000|  0%| F|  |TAMS 0x0000000087800000, 0x0000000087800000| Untracked 
|  71|0x0000000087900000, 0x0000000087900000, 0x0000000087a00000|  0%| F|  |TAMS 0x0000000087900000, 0x0000000087900000| Untracked 
|  72|0x0000000087a00000, 0x0000000087a00000, 0x0000000087b00000|  0%| F|  |TAMS 0x0000000087a00000, 0x0000000087a00000| Untracked 
|  73|0x0000000087b00000, 0x0000000087b00000, 0x0000000087c00000|  0%| F|  |TAMS 0x0000000087b00000, 0x0000000087b00000| Untracked 
|  74|0x0000000087c00000, 0x0000000087c00000, 0x0000000087d00000|  0%| F|  |TAMS 0x0000000087c00000, 0x0000000087c00000| Untracked 
|  75|0x0000000087d00000, 0x0000000087d00000, 0x0000000087e00000|  0%| F|  |TAMS 0x0000000087d00000, 0x0000000087d00000| Untracked 
|  76|0x0000000087e00000, 0x0000000087e00000, 0x0000000087f00000|  0%| F|  |TAMS 0x0000000087e00000, 0x0000000087e00000| Untracked 
|  77|0x0000000087f00000, 0x0000000087f00000, 0x0000000088000000|  0%| F|  |TAMS 0x0000000087f00000, 0x0000000087f00000| Untracked 
|  78|0x0000000088000000, 0x0000000088000000, 0x0000000088100000|  0%| F|  |TAMS 0x0000000088000000, 0x0000000088000000| Untracked 
|  79|0x0000000088100000, 0x0000000088100000, 0x0000000088200000|  0%| F|  |TAMS 0x0000000088100000, 0x0000000088100000| Untracked 
|  80|0x0000000088200000, 0x0000000088200000, 0x0000000088300000|  0%| F|  |TAMS 0x0000000088200000, 0x0000000088200000| Untracked 
|  81|0x0000000088300000, 0x0000000088300000, 0x0000000088400000|  0%| F|  |TAMS 0x0000000088300000, 0x0000000088300000| Untracked 
|  82|0x0000000088400000, 0x0000000088400000, 0x0000000088500000|  0%| F|  |TAMS 0x0000000088400000, 0x0000000088400000| Untracked 
|  83|0x0000000088500000, 0x0000000088500000, 0x0000000088600000|  0%| F|  |TAMS 0x0000000088500000, 0x0000000088500000| Untracked 
|  84|0x0000000088600000, 0x0000000088600000, 0x0000000088700000|  0%| F|  |TAMS 0x0000000088600000, 0x0000000088600000| Untracked 
|  85|0x0000000088700000, 0x0000000088700000, 0x0000000088800000|  0%| F|  |TAMS 0x0000000088700000, 0x0000000088700000| Untracked 
|  86|0x0000000088800000, 0x0000000088800000, 0x0000000088900000|  0%| F|  |TAMS 0x0000000088800000, 0x0000000088800000| Untracked 
|  87|0x0000000088900000, 0x0000000088900000, 0x0000000088a00000|  0%| F|  |TAMS 0x0000000088900000, 0x0000000088900000| Untracked 
|  88|0x0000000088a00000, 0x0000000088a00000, 0x0000000088b00000|  0%| F|  |TAMS 0x0000000088a00000, 0x0000000088a00000| Untracked 
|  89|0x0000000088b00000, 0x0000000088b00000, 0x0000000088c00000|  0%| F|  |TAMS 0x0000000088b00000, 0x0000000088b00000| Untracked 
|  90|0x0000000088c00000, 0x0000000088c00000, 0x0000000088d00000|  0%| F|  |TAMS 0x0000000088c00000, 0x0000000088c00000| Untracked 
|  91|0x0000000088d00000, 0x0000000088d00000, 0x0000000088e00000|  0%| F|  |TAMS 0x0000000088d00000, 0x0000000088d00000| Untracked 
|  92|0x0000000088e00000, 0x0000000088e00000, 0x0000000088f00000|  0%| F|  |TAMS 0x0000000088e00000, 0x0000000088e00000| Untracked 
|  93|0x0000000088f00000, 0x0000000088f00000, 0x0000000089000000|  0%| F|  |TAMS 0x0000000088f00000, 0x0000000088f00000| Untracked 
|  94|0x0000000089000000, 0x0000000089000000, 0x0000000089100000|  0%| F|  |TAMS 0x0000000089000000, 0x0000000089000000| Untracked 
|  95|0x0000000089100000, 0x0000000089100000, 0x0000000089200000|  0%| F|  |TAMS 0x0000000089100000, 0x0000000089100000| Untracked 
|  96|0x0000000089200000, 0x0000000089200000, 0x0000000089300000|  0%| F|  |TAMS 0x0000000089200000, 0x0000000089200000| Untracked 
|  97|0x0000000089300000, 0x0000000089300000, 0x0000000089400000|  0%| F|  |TAMS 0x0000000089300000, 0x0000000089300000| Untracked 
|  98|0x0000000089400000, 0x0000000089400000, 0x0000000089500000|  0%| F|  |TAMS 0x0000000089400000, 0x0000000089400000| Untracked 
|  99|0x0000000089500000, 0x0000000089500000, 0x0000000089600000|  0%| F|  |TAMS 0x0000000089500000, 0x0000000089500000| Untracked 
| 100|0x0000000089600000, 0x0000000089600000, 0x0000000089700000|  0%| F|  |TAMS 0x0000000089600000, 0x0000000089600000| Untracked 
| 101|0x0000000089700000, 0x0000000089700000, 0x0000000089800000|  0%| F|  |TAMS 0x0000000089700000, 0x0000000089700000| Untracked 
| 102|0x0000000089800000, 0x0000000089800000, 0x0000000089900000|  0%| F|  |TAMS 0x0000000089800000, 0x0000000089800000| Untracked 
| 103|0x0000000089900000, 0x0000000089900000, 0x0000000089a00000|  0%| F|  |TAMS 0x0000000089900000, 0x0000000089900000| Untracked 
| 104|0x0000000089a00000, 0x0000000089a00000, 0x0000000089b00000|  0%| F|  |TAMS 0x0000000089a00000, 0x0000000089a00000| Untracked 
| 105|0x0000000089b00000, 0x0000000089b00000, 0x0000000089c00000|  0%| F|  |TAMS 0x0000000089b00000, 0x0000000089b00000| Untracked 
| 106|0x0000000089c00000, 0x0000000089c00000, 0x0000000089d00000|  0%| F|  |TAMS 0x0000000089c00000, 0x0000000089c00000| Untracked 
| 107|0x0000000089d00000, 0x0000000089d00000, 0x0000000089e00000|  0%| F|  |TAMS 0x0000000089d00000, 0x0000000089d00000| Untracked 
| 108|0x0000000089e00000, 0x0000000089e00000, 0x0000000089f00000|  0%| F|  |TAMS 0x0000000089e00000, 0x0000000089e00000| Untracked 
| 109|0x0000000089f00000, 0x0000000089f00000, 0x000000008a000000|  0%| F|  |TAMS 0x0000000089f00000, 0x0000000089f00000| Untracked 
| 110|0x000000008a000000, 0x000000008a000000, 0x000000008a100000|  0%| F|  |TAMS 0x000000008a000000, 0x000000008a000000| Untracked 
| 111|0x000000008a100000, 0x000000008a100000, 0x000000008a200000|  0%| F|  |TAMS 0x000000008a100000, 0x000000008a100000| Untracked 
| 112|0x000000008a200000, 0x000000008a200000, 0x000000008a300000|  0%| F|  |TAMS 0x000000008a200000, 0x000000008a200000| Untracked 
| 113|0x000000008a300000, 0x000000008a300000, 0x000000008a400000|  0%| F|  |TAMS 0x000000008a300000, 0x000000008a300000| Untracked 
| 114|0x000000008a400000, 0x000000008a400000, 0x000000008a500000|  0%| F|  |TAMS 0x000000008a400000, 0x000000008a400000| Untracked 
| 115|0x000000008a500000, 0x000000008a500000, 0x000000008a600000|  0%| F|  |TAMS 0x000000008a500000, 0x000000008a500000| Untracked 
| 116|0x000000008a600000, 0x000000008a600000, 0x000000008a700000|  0%| F|  |TAMS 0x000000008a600000, 0x000000008a600000| Untracked 
| 117|0x000000008a700000, 0x000000008a700000, 0x000000008a800000|  0%| F|  |TAMS 0x000000008a700000, 0x000000008a700000| Untracked 
| 118|0x000000008a800000, 0x000000008a800000, 0x000000008a900000|  0%| F|  |TAMS 0x000000008a800000, 0x000000008a800000| Untracked 
| 119|0x000000008a900000, 0x000000008a900000, 0x000000008aa00000|  0%| F|  |TAMS 0x000000008a900000, 0x000000008a900000| Untracked 
| 120|0x000000008aa00000, 0x000000008aac0418, 0x000000008ab00000| 75%| E|  |TAMS 0x000000008aa00000, 0x000000008aa00000| Complete 
| 121|0x000000008ab00000, 0x000000008ac00000, 0x000000008ac00000|100%| E|CS|TAMS 0x000000008ab00000, 0x000000008ab00000| Complete 
| 122|0x000000008ac00000, 0x000000008ad00000, 0x000000008ad00000|100%| E|CS|TAMS 0x000000008ac00000, 0x000000008ac00000| Complete 
| 123|0x000000008ad00000, 0x000000008ae00000, 0x000000008ae00000|100%| E|CS|TAMS 0x000000008ad00000, 0x000000008ad00000| Complete 
| 124|0x000000008ae00000, 0x000000008af00000, 0x000000008af00000|100%| E|CS|TAMS 0x000000008ae00000, 0x000000008ae00000| Complete 
| 125|0x000000008af00000, 0x000000008b000000, 0x000000008b000000|100%| E|CS|TAMS 0x000000008af00000, 0x000000008af00000| Complete 

Card table byte_map: [0x00000246d9030000,0x00000246d9420000] _byte_map_base: 0x00000246d8c17000

Marking Bits (Prev, Next): (CMBitMap*) 0x00000246c20c9190, (CMBitMap*) 0x00000246c20c91d0
 Prev Bits: [0x00000246d9810000, 0x00000246db748000)
 Next Bits: [0x00000246db750000, 0x00000246dd688000)

Polling page: 0x00000246bffd0000

Metaspace:

Usage:
  Non-class:     13.08 MB used.
      Class:      1.05 MB used.
       Both:     14.13 MB used.

Virtual space:
  Non-class space:       16.00 MB reserved,      13.12 MB ( 82%) committed,  2 nodes.
      Class space:        1.00 GB reserved,       1.12 MB ( <1%) committed,  1 nodes.
             Both:        1.02 GB reserved,      14.25 MB (  1%) committed. 

Chunk freelists:
   Non-Class:  2.81 MB
       Class:  2.82 MB
        Both:  5.64 MB

MaxMetaspaceSize: unlimited
CompressedClassSpaceSize: 1.00 GB
Initial GC threshold: 21.00 MB
Current GC threshold: 21.00 MB
CDS: on
MetaspaceReclaimPolicy: balanced
 - commit_granule_bytes: 65536.
 - commit_granule_words: 8192.
 - virtual_space_node_default_size: 1048576.
 - enlarge_chunks_in_place: 1.
 - new_chunks_are_fully_committed: 0.
 - uncommit_free_chunks: 1.
 - use_allocation_guard: 0.
 - handle_deallocations: 1.


Internal statistics:

num_allocs_failed_limit: 0.
num_arena_births: 142.
num_arena_deaths: 0.
num_vsnodes_births: 3.
num_vsnodes_deaths: 0.
num_space_committed: 224.
num_space_uncommitted: 0.
num_chunks_returned_to_freelist: 0.
num_chunks_taken_from_freelist: 461.
num_chunk_merges: 0.
num_chunk_splits: 358.
num_chunks_enlarged: 283.
num_purges: 0.
num_inconsistent_stats: 0.

CodeHeap 'non-profiled nmethods': size=120000Kb used=1648Kb max_used=1648Kb free=118351Kb
 bounds [0x00000246d13d0000, 0x00000246d1640000, 0x00000246d8900000]
CodeHeap 'profiled nmethods': size=120000Kb used=4669Kb max_used=4669Kb free=115330Kb
 bounds [0x00000246c9900000, 0x00000246c9d90000, 0x00000246d0e30000]
CodeHeap 'non-nmethods': size=5760Kb used=1617Kb max_used=1667Kb free=4142Kb
 bounds [0x00000246d0e30000, 0x00000246d10a0000, 0x00000246d13d0000]
 total_blobs=3190 nmethods=2245 adapters=858
 compilation: enabled
              stopped_count=0, restarted_count=0
 full_count=0

Compilation events (20 events):
Event: 40.727 Thread 0x00000246e00cfca0 2236       4       ddf.minim.javasound.FloatSampleTools::getFormatType (174 bytes)
Event: 40.729 Thread 0x00000246e00cfca0 nmethod 2236 0x00000246d156a910 code [0x00000246d156aaa0, 0x00000246d156abd8]
Event: 40.738 Thread 0x00000246e00cfca0 2237       4       ddf.minim.javasound.FloatSampleTools::byte2floatGeneric (21 bytes)
Event: 40.745 Thread 0x00000246e00cfca0 nmethod 2237 0x00000246d156ad10 code [0x00000246d156aea0, 0x00000246d156b1e8]
Event: 41.551 Thread 0x00000246e00d86a0 2239       3       java.util.concurrent.locks.ReentrantLock::lock (8 bytes)
Event: 41.552 Thread 0x00000246e00d86a0 nmethod 2239 0x00000246c9d8dd90 code [0x00000246c9d8df40, 0x00000246c9d8e1f8]
Event: 41.552 Thread 0x00000246e00d86a0 2240       3       java.util.concurrent.locks.ReentrantLock$Sync::lock (13 bytes)
Event: 41.552 Thread 0x00000246e00d86a0 nmethod 2240 0x00000246c9d8e310 code [0x00000246c9d8e4c0, 0x00000246c9d8e718]
Event: 41.552 Thread 0x00000246e00d86a0 2241       3       java.util.concurrent.locks.ReentrantLock$NonfairSync::initialTryLock (58 bytes)
Event: 41.552 Thread 0x00000246e00d86a0 nmethod 2241 0x00000246c9d8e810 code [0x00000246c9d8ea00, 0x00000246c9d8ee18]
Event: 41.552 Thread 0x00000246e00d86a0 2242       3       java.util.concurrent.locks.ReentrantLock::unlock (10 bytes)
Event: 41.553 Thread 0x00000246e00d86a0 nmethod 2242 0x00000246c9d8ef90 code [0x00000246c9d8f160, 0x00000246c9d8f438]
Event: 41.553 Thread 0x00000246e00d86a0 2238       1       com.jogamp.newt.event.InputEvent::getModifiers (5 bytes)
Event: 41.553 Thread 0x00000246e00d86a0 nmethod 2238 0x00000246d156b510 code [0x00000246d156b6a0, 0x00000246d156b778]
Event: 41.995 Thread 0x00000246e00cfca0 2243       4       java.lang.String::toLowerCase (29 bytes)
Event: 41.996 Thread 0x00000246e00cfca0 nmethod 2243 0x00000246d156b810 code [0x00000246d156b9a0, 0x00000246d156ba88]
Event: 42.139 Thread 0x00000246e00cfca0 2244   !   4       jdk.internal.loader.URLClassPath$JarLoader::ensureOpen (36 bytes)
Event: 42.140 Thread 0x00000246e00cfca0 nmethod 2244 0x00000246d156bb90 code [0x00000246d156bd00, 0x00000246d156bd98]
Event: 42.162 Thread 0x00000246e00cfca0 2245       4       com.jogamp.nativewindow.DefaultGraphicsConfiguration::getNativeGraphicsConfiguration (2 bytes)
Event: 42.163 Thread 0x00000246e00cfca0 nmethod 2245 0x00000246d156be90 code [0x00000246d156c000, 0x00000246d156c078]

GC Heap History (6 events):
Event: 3.681 GC heap before
{Heap before GC invocations=0 (full 0):
 garbage-first heap   total 129024K, used 25600K [0x0000000083200000, 0x0000000100000000)
  region size 1024K, 23 young (23552K), 0 survivors (0K)
 Metaspace       used 11254K, committed 11456K, reserved 1064960K
  class space    used 813K, committed 896K, reserved 1048576K
}
Event: 3.705 GC heap after
{Heap after GC invocations=1 (full 0):
 garbage-first heap   total 129024K, used 2730K [0x0000000083200000, 0x0000000100000000)
  region size 1024K, 3 young (3072K), 3 survivors (3072K)
 Metaspace       used 11254K, committed 11456K, reserved 1064960K
  class space    used 813K, committed 896K, reserved 1048576K
}
Event: 15.168 GC heap before
{Heap before GC invocations=1 (full 0):
 garbage-first heap   total 129024K, used 57002K [0x0000000083200000, 0x0000000100000000)
  region size 1024K, 34 young (34816K), 3 survivors (3072K)
 Metaspace       used 14337K, committed 14528K, reserved 1064960K
  class space    used 1071K, committed 1152K, reserved 1048576K
}
Event: 15.179 GC heap after
{Heap after GC invocations=2 (full 0):
 garbage-first heap   total 129024K, used 19592K [0x0000000083200000, 0x0000000100000000)
  region size 1024K, 4 young (4096K), 4 survivors (4096K)
 Metaspace       used 14337K, committed 14528K, reserved 1064960K
  class space    used 1071K, committed 1152K, reserved 1048576K
}
Event: 40.901 GC heap before
{Heap before GC invocations=2 (full 0):
 garbage-first heap   total 129024K, used 92296K [0x0000000083200000, 0x0000000100000000)
  region size 1024K, 75 young (76800K), 4 survivors (4096K)
 Metaspace       used 14419K, committed 14592K, reserved 1064960K
  class space    used 1071K, committed 1152K, reserved 1048576K
}
Event: 40.905 GC heap after
{Heap after GC invocations=3 (full 0):
 garbage-first heap   total 129024K, used 19389K [0x0000000083200000, 0x0000000100000000)
  region size 1024K, 4 young (4096K), 4 survivors (4096K)
 Metaspace       used 14419K, committed 14592K, reserved 1064960K
  class space    used 1071K, committed 1152K, reserved 1048576K
}

Deoptimization events (20 events):
Event: 42.098 Thread 0x00000246e138cc30 DEOPT PACKING pc=0x00000246c9cebdd9 sp=0x000000a31f3fee60
Event: 42.098 Thread 0x00000246e138cc30 DEOPT UNPACKING pc=0x00000246d0e866e3 sp=0x000000a31f3fe350 mode 1
Event: 42.098 Thread 0x00000246e138cc30 DEOPT PACKING pc=0x00000246c9ca3574 sp=0x000000a31f3feef0
Event: 42.098 Thread 0x00000246e138cc30 DEOPT UNPACKING pc=0x00000246d0e866e3 sp=0x000000a31f3fe398 mode 1
Event: 42.115 Thread 0x00000246e138cc30 DEOPT PACKING pc=0x00000246c9cebdd9 sp=0x000000a31f3fee60
Event: 42.115 Thread 0x00000246e138cc30 DEOPT UNPACKING pc=0x00000246d0e866e3 sp=0x000000a31f3fe350 mode 1
Event: 42.115 Thread 0x00000246e138cc30 DEOPT PACKING pc=0x00000246c9ca3574 sp=0x000000a31f3feef0
Event: 42.115 Thread 0x00000246e138cc30 DEOPT UNPACKING pc=0x00000246d0e866e3 sp=0x000000a31f3fe398 mode 1
Event: 42.132 Thread 0x00000246e138cc30 DEOPT PACKING pc=0x00000246c9cebdd9 sp=0x000000a31f3fee60
Event: 42.132 Thread 0x00000246e138cc30 DEOPT UNPACKING pc=0x00000246d0e866e3 sp=0x000000a31f3fe350 mode 1
Event: 42.132 Thread 0x00000246e138cc30 DEOPT PACKING pc=0x00000246c9ca3574 sp=0x000000a31f3feef0
Event: 42.132 Thread 0x00000246e138cc30 DEOPT UNPACKING pc=0x00000246d0e866e3 sp=0x000000a31f3fe398 mode 1
Event: 42.161 Thread 0x00000246e0dfc700 Uncommon trap: trap_request=0xffffff45 fr.pc=0x00000246d14ae0e0 relative=0x0000000000000060
Event: 42.161 Thread 0x00000246e0dfc700 Uncommon trap: reason=unstable_if action=reinterpret pc=0x00000246d14ae0e0 method=java.util.HashMap.keySet()Ljava/util/Set; @ 6 c2
Event: 42.161 Thread 0x00000246e0dfc700 DEOPT PACKING pc=0x00000246d14ae0e0 sp=0x000000a31feff240
Event: 42.161 Thread 0x00000246e0dfc700 DEOPT UNPACKING pc=0x00000246d0e85ba3 sp=0x000000a31feff1d8 mode 2
Event: 42.162 Thread 0x00000246e138daa0 Uncommon trap: trap_request=0xffffff45 fr.pc=0x00000246d145ace8 relative=0x00000000000001e8
Event: 42.162 Thread 0x00000246e138daa0 Uncommon trap: reason=unstable_if action=reinterpret pc=0x00000246d145ace8 method=java.util.HashMap$HashIterator.<init>(Ljava/util/HashMap;)V @ 38 c2
Event: 42.162 Thread 0x00000246e138daa0 DEOPT PACKING pc=0x00000246d145ace8 sp=0x000000a31e7ff380
Event: 42.162 Thread 0x00000246e138daa0 DEOPT UNPACKING pc=0x00000246d0e85ba3 sp=0x000000a31e7ff338 mode 2

Classes unloaded (0 events):
No events

Classes redefined (0 events):
No events

Internal exceptions (18 events):
Event: 1.060 Thread 0x00000246c206f590 Exception <a 'java/lang/ClassNotFoundException'{0x000000008ad70a90}: sun/awt/resources/spi/awtProvider> (0x000000008ad70a90) 
thrown [s\open\src\hotspot\share\classfile\systemDictionary.cpp, line 256]
Event: 1.143 Thread 0x00000246c206f590 Exception <a 'java/io/FileNotFoundException'{0x000000008adc6980}> (0x000000008adc6980) 
thrown [s\open\src\hotspot\share\prims\jni.cpp, line 516]
Event: 1.171 Thread 0x00000246c206f590 Exception <a 'java/io/FileNotFoundException'{0x000000008adf3910}> (0x000000008adf3910) 
thrown [s\open\src\hotspot\share\prims\jni.cpp, line 516]
Event: 1.286 Thread 0x00000246c206f590 Exception <a 'java/lang/NoSuchMethodError'{0x000000008ac83288}: 'java.lang.Object java.lang.invoke.DirectMethodHandle$Holder.invokeStaticInit(java.lang.Object)'> (0x000000008ac83288) 
thrown [s\open\src\hotspot\share\interpreter\linkResolver.cpp, line 759]
Event: 1.644 Thread 0x00000246c206f590 Exception <a 'java/lang/NoSuchMethodError'{0x000000008a7301b8}: 'java.lang.Object java.lang.invoke.DirectMethodHandle$Holder.invokeStaticInit(java.lang.Object, int, int, int, int)'> (0x000000008a7301b8) 
thrown [s\open\src\hotspot\share\interpreter\linkResolver.cpp, line 759]
Event: 1.754 Thread 0x00000246c206f590 Exception <a 'java/lang/NoSuchMethodError'{0x000000008a7cfd20}: 'java.lang.Object java.lang.invoke.DirectMethodHandle$Holder.invokeStaticInit(java.lang.Object, java.lang.Object, int, int, int, int)'> (0x000000008a7cfd20) 
thrown [s\open\src\hotspot\share\interpreter\linkResolver.cpp, line 759]
Event: 1.807 Thread 0x00000246c206f590 Exception <a 'java/lang/NoSuchMethodError'{0x000000008a7db9a0}: 'void java.lang.invoke.DirectMethodHandle$Holder.invokeStatic(java.lang.Object, long)'> (0x000000008a7db9a0) 
thrown [s\open\src\hotspot\share\interpreter\linkResolver.cpp, line 759]
Event: 1.809 Thread 0x00000246c206f590 Exception <a 'java/lang/NoSuchMethodError'{0x000000008a7e0f80}: 'java.lang.Object java.lang.invoke.DirectMethodHandle$Holder.newInvokeSpecial(java.lang.Object, long)'> (0x000000008a7e0f80) 
thrown [s\open\src\hotspot\share\interpreter\linkResolver.cpp, line 759]
Event: 1.814 Thread 0x00000246c206f590 Exception <a 'java/lang/NoSuchMethodError'{0x000000008a7e81d8}: 'java.lang.Object java.lang.invoke.DirectMethodHandle$Holder.invokeStatic(java.lang.Object, java.lang.Object, long, java.lang.Object)'> (0x000000008a7e81d8) 
thrown [s\open\src\hotspot\share\interpreter\linkResolver.cpp, line 759]
Event: 1.815 Thread 0x00000246c206f590 Exception <a 'java/lang/NoSuchMethodError'{0x000000008a7ebc70}: 'java.lang.Object java.lang.invoke.DirectMethodHandle$Holder.invokeStaticInit(java.lang.Object, java.lang.Object, long, java.lang.Object)'> (0x000000008a7ebc70) 
thrown [s\open\src\hotspot\share\interpreter\linkResolver.cpp, line 759]
Event: 1.818 Thread 0x00000246c206f590 Exception <a 'java/lang/NoSuchMethodError'{0x000000008a7f2490}: 'java.lang.Object java.lang.invoke.DirectMethodHandle$Holder.newInvokeSpecial(java.lang.Object, java.lang.Object, long)'> (0x000000008a7f2490) 
thrown [s\open\src\hotspot\share\interpreter\linkResolver.cpp, line 759]
Event: 1.820 Thread 0x00000246c206f590 Exception <a 'java/lang/NoSuchMethodError'{0x000000008a7f6000}: 'java.lang.Object java.lang.invoke.Invokers$Holder.linkToTargetMethod(java.lang.Object, long, java.lang.Object)'> (0x000000008a7f6000) 
thrown [s\open\src\hotspot\share\interpreter\linkResolver.cpp, line 759]
Event: 2.143 Thread 0x00000246c206f590 Exception <a 'java/lang/NoSuchMethodError'{0x000000008a55fff8}: 'java.lang.Object java.lang.invoke.DirectMethodHandle$Holder.invokeInterface(java.lang.Object, java.lang.Object)'> (0x000000008a55fff8) 
thrown [s\open\src\hotspot\share\interpreter\linkResolver.cpp, line 759]
Event: 2.144 Thread 0x00000246c206f590 Exception <a 'java/lang/IncompatibleClassChangeError'{0x000000008a5637f0}: Found class java.lang.Object, but interface was expected> (0x000000008a5637f0) 
thrown [s\open\src\hotspot\share\interpreter\linkResolver.cpp, line 826]
Event: 5.140 Thread 0x00000246e138cc30 Exception <a 'java/lang/NoSuchMethodError'{0x000000008a2dd5c8}: 'java.lang.Object java.lang.invoke.DirectMethodHandle$Holder.invokeStatic(java.lang.Object, float)'> (0x000000008a2dd5c8) 
thrown [s\open\src\hotspot\share\interpreter\linkResolver.cpp, line 759]
Event: 5.183 Thread 0x00000246e138cc30 Exception <a 'java/lang/NoSuchMethodError'{0x000000008a168dc8}: 'int java.lang.invoke.DirectMethodHandle$Holder.invokeSpecial(java.lang.Object, java.lang.Object, java.lang.Object)'> (0x000000008a168dc8) 
thrown [s\open\src\hotspot\share\interpreter\linkResolver.cpp, line 759]
Event: 7.736 Thread 0x00000246e138cc30 Implicit null exception at 0x00000246d1472b35 to 0x00000246d14745c4
Event: 42.138 Thread 0x00000246e138f780 Exception <a 'java/lang/InterruptedException'{0x000000008ab0a5e0}> (0x000000008ab0a5e0) 
thrown [s\open\src\hotspot\share\runtime\objectMonitor.cpp, line 1661]

VM Operations (20 events):
Event: 22.182 Executing VM operation: Cleanup done
Event: 23.183 Executing VM operation: Cleanup
Event: 23.183 Executing VM operation: Cleanup done
Event: 24.183 Executing VM operation: Cleanup
Event: 24.184 Executing VM operation: Cleanup done
Event: 29.168 Executing VM operation: HandshakeAllThreads
Event: 29.168 Executing VM operation: HandshakeAllThreads done
Event: 29.168 Executing VM operation: Cleanup
Event: 29.168 Executing VM operation: Cleanup done
Event: 30.168 Executing VM operation: Cleanup
Event: 30.168 Executing VM operation: Cleanup done
Event: 31.169 Executing VM operation: Cleanup
Event: 31.170 Executing VM operation: Cleanup done
Event: 32.170 Executing VM operation: Cleanup
Event: 32.170 Executing VM operation: Cleanup done
Event: 40.173 Executing VM operation: Cleanup
Event: 40.173 Executing VM operation: Cleanup done
Event: 40.901 Executing VM operation: G1CollectForAllocation
Event: 40.905 Executing VM operation: G1CollectForAllocation done
Event: 42.246 Executing VM operation: Exit

Events (20 events):
Event: 12.521 Thread 0x00000246e2f7b570 Thread exited: 0x00000246e2f7b570
Event: 15.209 Thread 0x00000246e1758d50 Thread added: 0x00000246e1758d50
Event: 15.489 Thread 0x00000246e1758d50 Thread exited: 0x00000246e1758d50
Event: 17.236 Thread 0x00000246e1758d50 Thread added: 0x00000246e1758d50
Event: 18.437 Thread 0x00000246e1758d50 Thread exited: 0x00000246e1758d50
Event: 42.138 Thread 0x00000246e0dfc700 Thread added: 0x00000246e0dfc700
Event: 42.138 Thread 0x00000246e0dfcbd0 Thread added: 0x00000246e0dfcbd0
Event: 42.138 Thread 0x00000246e0df7a00 Thread added: 0x00000246e0df7a00
Event: 42.138 Thread 0x00000246e138f780 Thread exited: 0x00000246e138f780
Event: 42.139 Thread 0x00000246e0df83a0 Thread added: 0x00000246e0df83a0
Event: 42.139 loading class java/nio/channels/ClosedChannelException
Event: 42.139 loading class java/nio/channels/ClosedChannelException done
Event: 42.140 Thread 0x00000246e0df7a00 Thread exited: 0x00000246e0df7a00
Event: 42.140 Thread 0x00000246e138c290 Thread exited: 0x00000246e138c290
Event: 42.158 Thread 0x00000246e138bdc0 Thread exited: 0x00000246e138bdc0
Event: 42.226 Thread 0x00000246e138daa0 Thread exited: 0x00000246e138daa0
Event: 42.241 Thread 0x00000246e0dfcbd0 Thread exited: 0x00000246e0dfcbd0
Event: 42.242 Thread 0x00000246e0dfc700 Thread exited: 0x00000246e0dfc700
Event: 42.246 Thread 0x00000246e00c0240 Thread exited: 0x00000246e00c0240
Event: 42.246 Thread 0x00000246e0d499b0 Thread exited: 0x00000246e0d499b0


Dynamic libraries:
0x00007ff60c070000 - 0x00007ff60c080000 	C:\Program Files\Java\jdk-17\bin\java.exe
0x00007ffdd87d0000 - 0x00007ffdd89c8000 	C:\Windows\SYSTEM32\ntdll.dll
0x00007ffdd6830000 - 0x00007ffdd68ef000 	C:\Windows\System32\KERNEL32.DLL
0x00007ffdd5ee0000 - 0x00007ffdd61ba000 	C:\Windows\System32\KERNELBASE.dll
0x00007ffdd63c0000 - 0x00007ffdd64c0000 	C:\Windows\System32\ucrtbase.dll
0x00007ffdd14f0000 - 0x00007ffdd1508000 	C:\Program Files\Java\jdk-17\bin\jli.dll
0x00007ffdd14d0000 - 0x00007ffdd14eb000 	C:\Program Files\Java\jdk-17\bin\VCRUNTIME140.dll
0x00007ffdd6ff0000 - 0x00007ffdd709e000 	C:\Windows\System32\ADVAPI32.dll
0x00007ffdd8070000 - 0x00007ffdd810e000 	C:\Windows\System32\msvcrt.dll
0x00007ffdd6a00000 - 0x00007ffdd6a9c000 	C:\Windows\System32\sechost.dll
0x00007ffdd74f0000 - 0x00007ffdd7616000 	C:\Windows\System32\RPCRT4.dll
0x00007ffdd72c0000 - 0x00007ffdd745d000 	C:\Windows\System32\USER32.dll
0x00007ffdd6800000 - 0x00007ffdd6822000 	C:\Windows\System32\win32u.dll
0x00007ffdc8f30000 - 0x00007ffdc91ca000 	C:\Windows\WinSxS\amd64_microsoft.windows.common-controls_6595b64144ccf1df_6.0.19041.1110_none_60b5254171f9507e\COMCTL32.dll
0x00007ffdd74c0000 - 0x00007ffdd74eb000 	C:\Windows\System32\GDI32.dll
0x00007ffdd6550000 - 0x00007ffdd6660000 	C:\Windows\System32\gdi32full.dll
0x00007ffdd66b0000 - 0x00007ffdd674d000 	C:\Windows\System32\msvcp_win.dll
0x00007ffdca3f0000 - 0x00007ffdca3fa000 	C:\Windows\SYSTEM32\VERSION.dll
0x00007ffdd7e00000 - 0x00007ffdd7e30000 	C:\Windows\System32\IMM32.DLL
0x00007ffdd14c0000 - 0x00007ffdd14cc000 	C:\Program Files\Java\jdk-17\bin\vcruntime140_1.dll
0x00007ffdb2400000 - 0x00007ffdb248e000 	C:\Program Files\Java\jdk-17\bin\msvcp140.dll
0x00007ffd4ee60000 - 0x00007ffd4fa37000 	C:\Program Files\Java\jdk-17\bin\server\jvm.dll
0x00007ffdd7170000 - 0x00007ffdd7178000 	C:\Windows\System32\PSAPI.DLL
0x00007ffdc91d0000 - 0x00007ffdc91f7000 	C:\Windows\SYSTEM32\WINMM.dll
0x00007ffdc1d40000 - 0x00007ffdc1d49000 	C:\Windows\SYSTEM32\WSOCK32.dll
0x00007ffdd8000000 - 0x00007ffdd806b000 	C:\Windows\System32\WS2_32.dll
0x00007ffdd3d40000 - 0x00007ffdd3d52000 	C:\Windows\SYSTEM32\kernel.appcore.dll
0x00007ffdd14b0000 - 0x00007ffdd14ba000 	C:\Program Files\Java\jdk-17\bin\jimage.dll
0x00007ffdd3530000 - 0x00007ffdd3714000 	C:\Windows\SYSTEM32\DBGHELP.DLL
0x00007ffdc2e50000 - 0x00007ffdc2e84000 	C:\Windows\SYSTEM32\dbgcore.DLL
0x00007ffdd64c0000 - 0x00007ffdd6542000 	C:\Windows\System32\bcryptPrimitives.dll
0x00007ffdb2570000 - 0x00007ffdb25ab000 	C:\Program Files\Java\jdk-17\bin\jdwp.dll
0x00007ffdb2540000 - 0x00007ffdb2565000 	C:\Program Files\Java\jdk-17\bin\java.dll
0x00007ffdad0a0000 - 0x00007ffdad177000 	C:\Program Files\Java\jdk-17\bin\jsvml.dll
0x00007ffdd76b0000 - 0x00007ffdd7df4000 	C:\Windows\System32\SHELL32.dll
0x00007ffdd3f60000 - 0x00007ffdd46f3000 	C:\Windows\SYSTEM32\windows.storage.dll
0x00007ffdd6aa0000 - 0x00007ffdd6df4000 	C:\Windows\System32\combase.dll
0x00007ffdd5940000 - 0x00007ffdd596e000 	C:\Windows\SYSTEM32\Wldp.dll
0x00007ffdd7f50000 - 0x00007ffdd7ffd000 	C:\Windows\System32\SHCORE.dll
0x00007ffdd69a0000 - 0x00007ffdd69f5000 	C:\Windows\System32\shlwapi.dll
0x00007ffdd5e20000 - 0x00007ffdd5e3f000 	C:\Windows\SYSTEM32\profapi.dll
0x00007ffdc6a40000 - 0x00007ffdc6a4c000 	C:\Program Files\Java\jdk-17\bin\dt_socket.dll
0x00007ffdd5340000 - 0x00007ffdd537c000 	C:\Windows\SYSTEM32\IPHLPAPI.DLL
0x00007ffdd56a0000 - 0x00007ffdd570a000 	C:\Windows\system32\mswsock.dll
0x00007ffdd5390000 - 0x00007ffdd545b000 	C:\Windows\SYSTEM32\DNSAPI.dll
0x00007ffdd6ee0000 - 0x00007ffdd6ee8000 	C:\Windows\System32\NSI.dll
0x00007ffdccbe0000 - 0x00007ffdccbea000 	C:\Windows\System32\rasadhlp.dll
0x00007ffdc6710000 - 0x00007ffdc6790000 	C:\Windows\System32\fwpuclnt.dll
0x00007ffdd6390000 - 0x00007ffdd63b7000 	C:\Windows\System32\bcrypt.dll
0x00007ffdb59a0000 - 0x00007ffdb59b9000 	C:\Program Files\Java\jdk-17\bin\net.dll
0x00007ffdcff90000 - 0x00007ffdd009a000 	C:\Windows\SYSTEM32\WINHTTP.dll
0x00007ffdb34e0000 - 0x00007ffdb34f6000 	C:\Program Files\Java\jdk-17\bin\nio.dll
0x00007ffdb3250000 - 0x00007ffdb3268000 	C:\Program Files\Java\jdk-17\bin\zip.dll
0x00007ffd861f0000 - 0x00007ffd86381000 	C:\Program Files\Java\jdk-17\bin\awt.dll
0x00007ffdd70a0000 - 0x00007ffdd716d000 	C:\Windows\System32\OLEAUT32.dll
0x00007ffdd32e0000 - 0x00007ffdd3370000 	C:\Windows\SYSTEM32\apphelp.dll
0x00007ffdd3750000 - 0x00007ffdd37ee000 	C:\Windows\system32\uxtheme.dll
0x00007ffdd7e30000 - 0x00007ffdd7f44000 	C:\Windows\System32\MSCTF.dll
0x00007ffdd7190000 - 0x00007ffdd72ba000 	C:\Windows\System32\ole32.dll
0x00007ffdd3970000 - 0x00007ffdd399f000 	C:\Windows\system32\DWMAPI.DLL
0x00007ffdbb160000 - 0x00007ffdbb285000 	C:\Windows\system32\opengl32.dll
0x00007ffdbb130000 - 0x00007ffdbb15c000 	C:\Windows\SYSTEM32\GLU32.dll
0x00007ffdd5890000 - 0x00007ffdd58a8000 	C:\Windows\SYSTEM32\CRYPTSP.dll
0x00007ffdd4f50000 - 0x00007ffdd4f84000 	C:\Windows\system32\rsaenh.dll
0x00007ffdd5de0000 - 0x00007ffdd5e0e000 	C:\Windows\SYSTEM32\USERENV.dll
0x00007ffdd58b0000 - 0x00007ffdd58bc000 	C:\Windows\SYSTEM32\CRYPTBASE.dll
0x00007ffdcd010000 - 0x00007ffdcd027000 	C:\Windows\SYSTEM32\dhcpcsvc6.DLL
0x00007ffdccff0000 - 0x00007ffdcd00d000 	C:\Windows\SYSTEM32\dhcpcsvc.DLL
0x000000006e8c0000 - 0x000000006e8cd000 	C:\Users\bakht\AppData\Local\Temp\jogamp_0000\file_cache\jln639685199419459142\jln5142162489796971788\natives\windows-amd64\gluegen_rt.dll
0x00007ffdc6a50000 - 0x00007ffdc6a57000 	C:\Program Files\Java\jdk-17\bin\jawt.dll
0x000000006a440000 - 0x000000006a44d000 	C:\Users\bakht\AppData\Local\Temp\jogamp_0000\file_cache\jln639685199419459142\jln5142162489796971788\natives\windows-amd64\nativewindow_awt.dll
0x000000006c100000 - 0x000000006c110000 	C:\Users\bakht\AppData\Local\Temp\jogamp_0000\file_cache\jln639685199419459142\jln5142162489796971788\natives\windows-amd64\nativewindow_win32.dll
0x0000000070d80000 - 0x0000000070d93000 	C:\Users\bakht\AppData\Local\Temp\jogamp_0000\file_cache\jln639685199419459142\jln5142162489796971788\natives\windows-amd64\newt_head.dll
0x00007ffdd00a0000 - 0x00007ffdd014e000 	C:\Windows\SYSTEM32\mscms.dll
0x00007ffdd0fa0000 - 0x00007ffdd0fb1000 	C:\Windows\SYSTEM32\ColorAdapterClient.dll
0x00007ffdb23b0000 - 0x00007ffdb23f3000 	C:\Windows\SYSTEM32\icm32.dll
0x00007ffdd8170000 - 0x00007ffdd85d8000 	C:\Windows\System32\setupapi.dll
0x00007ffdd6660000 - 0x00007ffdd66ae000 	C:\Windows\System32\cfgmgr32.dll
0x00007ffdd5c90000 - 0x00007ffdd5cbc000 	C:\Windows\SYSTEM32\DEVOBJ.dll
0x00007ffdd61c0000 - 0x00007ffdd6227000 	C:\Windows\System32\WINTRUST.dll
0x00007ffdd6230000 - 0x00007ffdd6386000 	C:\Windows\System32\CRYPT32.dll
0x00007ffdd5ad0000 - 0x00007ffdd5ae2000 	C:\Windows\SYSTEM32\MSASN1.dll
0x0000000064500000 - 0x0000000064585000 	C:\Users\bakht\AppData\Local\Temp\jogamp_0000\file_cache\jln639685199419459142\jln5142162489796971788\natives\windows-amd64\jogl_desktop.dll
0x0000000064340000 - 0x0000000064391000 	C:\Users\bakht\AppData\Local\Temp\jogamp_0000\file_cache\jln639685199419459142\jln5142162489796971788\natives\windows-amd64\jogl_mobile.dll
0x00007ffdd68f0000 - 0x00007ffdd6999000 	C:\Windows\System32\clbcatq.dll
0x00007ffdccc60000 - 0x00007ffdccd64000 	C:\Windows\System32\AppXDeploymentClient.dll
0x00007ffd4de50000 - 0x00007ffd4ee5a000 	C:\Windows\System32\DriverStore\FileRepository\iigd_dch.inf_amd64_cb43c2398bc88530\igxelpicd64.dll
0x00007ffdd4770000 - 0x00007ffdd4863000 	C:\Windows\system32\dxgi.dll
0x00007ffd726a0000 - 0x00007ffd72970000 	C:\Windows\System32\DriverStore\FileRepository\iigd_dch.inf_amd64_cb43c2398bc88530\igdml64.dll
0x00007ffdc9ab0000 - 0x00007ffdc9e99000 	C:\Windows\System32\DriverStore\FileRepository\iigd_dch.inf_amd64_cb43c2398bc88530\igdgmm64.dll
0x00007ffdc2f10000 - 0x00007ffdc651f000 	C:\Windows\System32\DriverStore\FileRepository\iigd_dch.inf_amd64_cb43c2398bc88530\igc64.dll
0x00007ffdd5460000 - 0x00007ffdd54ab000 	C:\Windows\SYSTEM32\powrprof.dll
0x00007ffdd5320000 - 0x00007ffdd5332000 	C:\Windows\SYSTEM32\UMPDC.dll
0x00007ffdb2e80000 - 0x00007ffdb2f79000 	C:\Windows\SYSTEM32\textinputframework.dll
0x00007ffdd30b0000 - 0x00007ffdd31a2000 	C:\Windows\System32\CoreMessaging.dll
0x00007ffdd29d0000 - 0x00007ffdd2d2e000 	C:\Windows\System32\CoreUIComponents.dll
0x00007ffdd5090000 - 0x00007ffdd50c3000 	C:\Windows\SYSTEM32\ntmarta.dll
0x00007ffdd1910000 - 0x00007ffdd1a64000 	C:\Windows\SYSTEM32\wintypes.dll
0x00007ffda12d0000 - 0x00007ffda1336000 	C:\Windows\system32\Oleacc.dll
0x00007ffdc1ce0000 - 0x00007ffdc1cf0000 	C:\Program Files\Java\jdk-17\bin\verify.dll
0x00007ffdb2390000 - 0x00007ffdb23a2000 	C:\Program Files\Java\jdk-17\bin\jsound.dll
0x00007ffdad000000 - 0x00007ffdad09c000 	C:\Windows\SYSTEM32\DSOUND.dll
0x00007ffdbcac0000 - 0x00007ffdbcae6000 	C:\Windows\SYSTEM32\winmmbase.dll
0x00007ffdce170000 - 0x00007ffdce1f5000 	C:\Windows\System32\MMDevApi.dll
0x00007ffda68c0000 - 0x00007ffda6906000 	C:\Windows\SYSTEM32\wdmaud.drv
0x00007ffdd1000000 - 0x00007ffdd100a000 	C:\Windows\SYSTEM32\AVRT.dll
0x00007ffdcfdd0000 - 0x00007ffdcfdd9000 	C:\Windows\SYSTEM32\ksuser.dll
0x00007ffdce210000 - 0x00007ffdce392000 	C:\Windows\SYSTEM32\AUDIOSES.DLL
0x00007ffdb8010000 - 0x00007ffdb801d000 	C:\Windows\SYSTEM32\msacm32.drv
0x00007ffdadc80000 - 0x00007ffdadc9e000 	C:\Windows\SYSTEM32\MSACM32.dll
0x00007ffdb7990000 - 0x00007ffdb799b000 	C:\Windows\SYSTEM32\midimap.dll
0x00007ffdb27e0000 - 0x00007ffdb2921000 	C:\Windows\System32\Windows.UI.dll
0x00007ffdb2680000 - 0x00007ffdb27d2000 	C:\Windows\System32\InputHost.dll
0x00007ffdd05c0000 - 0x00007ffdd0661000 	C:\Windows\System32\WindowManagementAPI.dll
0x00007ffdd1640000 - 0x00007ffdd1736000 	C:\Windows\System32\PROPSYS.dll
0x00007ffdd03c0000 - 0x00007ffdd05c0000 	C:\Windows\System32\twinapi.appcore.dll
0x00007ffdd3950000 - 0x00007ffdd3964000 	C:\Windows\SYSTEM32\resourcepolicyclient.dll

dbghelp: loaded successfully - version: 4.0.5 - missing functions: none
symbol engine: initialized successfully - sym options: 0x614 - pdb path: .;C:\Program Files\Java\jdk-17\bin;C:\Windows\SYSTEM32;C:\Windows\WinSxS\amd64_microsoft.windows.common-controls_6595b64144ccf1df_6.0.19041.1110_none_60b5254171f9507e;C:\Program Files\Java\jdk-17\bin\server;C:\Users\bakht\AppData\Local\Temp\jogamp_0000\file_cache\jln639685199419459142\jln5142162489796971788\natives\windows-amd64;C:\Windows\System32\DriverStore\FileRepository\iigd_dch.inf_amd64_cb43c2398bc88530

VM Arguments:
jvm_args: -agentlib:jdwp=transport=dt_socket,server=n,suspend=y,address=localhost:50349 -XX:+ShowCodeDetailsInExceptionMessages 
java_command: ie.tudublin.Main
java_class_path (initial): C:\Users\bakht\MV-C21716601\MusicVisuals-master\java\bin;C:\Users\bakht\MV-C21716601\MusicVisuals-master\java\lib\core.jar;C:\Users\bakht\MV-C21716601\MusicVisuals-master\java\lib\jl1.0.1.jar;C:\Users\bakht\MV-C21716601\MusicVisuals-master\java\lib\jsminim.jar;C:\Users\bakht\MV-C21716601\MusicVisuals-master\java\lib\minim.jar;C:\Users\bakht\MV-C21716601\MusicVisuals-master\java\lib\mp3spi1.9.5.jar;C:\Users\bakht\MV-C21716601\MusicVisuals-master\java\lib\sqlite-jdbc-3.23.1.jar;C:\Users\bakht\MV-C21716601\MusicVisuals-master\java\lib\tritonus_aos.jar;C:\Users\bakht\MV-C21716601\MusicVisuals-master\java\lib\tritonus_share.jar;C:\Users\bakht\MV-C21716601\MusicVisuals-master\java\lib\jogl-all.jar;C:\Users\bakht\MV-C21716601\MusicVisuals-master\java\lib\gluegen-rt.jar;C:\Users\bakht\MV-C21716601\MusicVisuals-master\java\lib\gluegen-rt-natives-windows-amd64.jar;C:\Users\bakht\MV-C21716601\MusicVisuals-master\java\lib\gluegen-rt-natives-windows-i586.jar;C:\Users\bakht\MV-C21716601\MusicVisuals-master\java\lib\jogl-all-natives-windows-amd64.jar;C:\Users\bakht\MV-C21716601\MusicVisuals-master\java\lib\jogl-all-natives-windows-i586.jar;C:\Users\bakht\MV-C21716601\MusicVisuals-master\java\lib\gluegen-rt-natives-macosx-universal.jar;C:\Users\bakht\MV-C21716601\MusicVisuals-master\java\lib\jogl-all-natives-macosx-universal.jar
Launcher Type: SUN_STANDARD

[Global flags]
     intx CICompilerCount                          = 4                                         {product} {ergonomic}
     uint ConcGCThreads                            = 2                                         {product} {ergonomic}
     uint G1ConcRefinementThreads                  = 8                                         {product} {ergonomic}
   size_t G1HeapRegionSize                         = 1048576                                   {product} {ergonomic}
    uintx GCDrainStackTargetSize                   = 64                                        {product} {ergonomic}
   size_t InitialHeapSize                          = 132120576                                 {product} {ergonomic}
   size_t MarkStackSize                            = 4194304                                   {product} {ergonomic}
   size_t MaxHeapSize                              = 2095054848                                {product} {ergonomic}
   size_t MaxNewSize                               = 1256194048                                {product} {ergonomic}
   size_t MinHeapDeltaBytes                        = 1048576                                   {product} {ergonomic}
   size_t MinHeapSize                              = 8388608                                   {product} {ergonomic}
    uintx NonNMethodCodeHeapSize                   = 5839372                                {pd product} {ergonomic}
    uintx NonProfiledCodeHeapSize                  = 122909434                              {pd product} {ergonomic}
    uintx ProfiledCodeHeapSize                     = 122909434                              {pd product} {ergonomic}
    uintx ReservedCodeCacheSize                    = 251658240                              {pd product} {ergonomic}
     bool SegmentedCodeCache                       = true                                      {product} {ergonomic}
     bool ShowCodeDetailsInExceptionMessages       = true                                   {manageable} {command line}
   size_t SoftMaxHeapSize                          = 2095054848                             {manageable} {ergonomic}
     bool UseCompressedClassPointers               = true                           {product lp64_product} {ergonomic}
     bool UseCompressedOops                        = true                           {product lp64_product} {ergonomic}
     bool UseG1GC                                  = true                                      {product} {ergonomic}
     bool UseLargePagesIndividualAllocation        = false                                  {pd product} {ergonomic}

Logging:
Log output configuration:
 #0: stdout all=off uptime,level,tags
 #1: stderr all=off uptime,level,tags

Environment Variables:
PATH=C:\Program Files\Common Files\Oracle\Java\javapath;C:\Program Files (x86)\Common Files\Oracle\Java\javapath;C:\Windows\system32;C:\Windows;C:\Windows\System32\Wbem;C:\Windows\System32\WindowsPowerShell\v1.0\;C:\Windows\System32\OpenSSH\;C:\msys64\mingw64\bin;C:\Program Files\PuTTY\;C:\Program Files\Git\cmd;C:\Users\bakht\AppData\Local\Microsoft\WindowsApps;;C:\Users\bakht\AppData\Local\Programs\Microsoft VS Code\bin;C:\Program Files\Microsoft Office\root\Client
USERNAME=bakht
LANG=en_US.UTF-8
OS=Windows_NT
PROCESSOR_IDENTIFIER=Intel64 Family 6 Model 140 Stepping 1, GenuineIntel



---------------  S Y S T E M  ---------------

OS:
 Windows 10 , 64 bit Build 19041 (10.0.19041.2788)
OS uptime: 1 days 2:35 hours
Hyper-V role detected

CPU: total 8 (initial active 8) (4 cores per cpu, 2 threads per core) family 6 model 140 stepping 1 microcode 0x78, cx8, cmov, fxsr, ht, mmx, 3dnowpref, sse, sse2, sse3, ssse3, sse4.1, sse4.2, popcnt, lzcnt, tsc, tscinvbit, avx, avx2, aes, erms, clmul, bmi1, bmi2, adx, avx512f, avx512dq, avx512cd, avx512bw, avx512vl, sha, fma, vzeroupper, avx512_vpopcntdq, avx512_vpclmulqdq, avx512_vaes, avx512_vnni, clflush, clflushopt, clwb, avx512_vbmi2, avx512_vbmi, hv

Memory: 4k page, system-wide physical 7991M (1432M free)
TotalPageFile size 12598M (AvailPageFile size 1831M)
current process WorkingSet (physical memory assigned to process): 339M, peak: 360M
current process commit charge ("private bytes"): 351M, peak: 378M

vm_info: Java HotSpot(TM) 64-Bit Server VM (17.0.6+9-LTS-190) for windows-amd64 JRE (17.0.6+9-LTS-190), built on Dec  6 2022 15:53:54 by "mach5one" with MS VC++ 17.1 (VS2022)

END.
