#
# A fatal error has been detected by the Java Runtime Environment:
#
#  EXCEPTION_ACCESS_VIOLATION (0xc0000005) at pc=0x00007ffe011dfaad, pid=2744, tid=15556
#
# JRE version: Java(TM) SE Runtime Environment (17.0.6+9) (build 17.0.6+9-LTS-190)
# Java VM: Java HotSpot(TM) 64-Bit Server VM (17.0.6+9-LTS-190, mixed mode, sharing, tiered, compressed oops, compressed class ptrs, g1 gc, windows-amd64)
# Problematic frame:
# C  [ntdll.dll+0x2faad]
#
# No core dump will be written. Minidumps are not enabled by default on client versions of Windows
#
# If you would like to submit a bug report, please visit:
#   https://bugreport.java.com/bugreport/crash.jsp
# The crash happened outside the Java Virtual Machine in native code.
# See problematic frame for where to report the bug.
#

---------------  S U M M A R Y ------------

Command Line: -agentlib:jdwp=transport=dt_socket,server=n,suspend=y,address=localhost:50873 -XX:+ShowCodeDetailsInExceptionMessages ie.tudublin.Main

Host: 11th Gen Intel(R) Core(TM) i5-1135G7 @ 2.40GHz, 8 cores, 7G,  Windows 10 , 64 bit Build 19041 (10.0.19041.2788)
Time: Thu Apr 27 01:55:56 2023 GMT Daylight Time elapsed time: 25.693843 seconds (0d 0h 0m 25s)

---------------  T H R E A D  ---------------

Current thread (0x000001617f6ca750):  JavaThread "main-FPSAWTAnimator#00-Timer0" [_thread_in_native, id=15556, stack(0x0000001152600000,0x0000001152700000)]

Stack: [0x0000001152600000,0x0000001152700000],  sp=0x00000011526fb760,  free space=1005k
Native frames: (J=compiled Java code, j=interpreted, Vv=VM code, C=native code)
C  [ntdll.dll+0x2faad]
C  [igd10um64xe.DLL+0x254441]

Java frames: (J=compiled Java code, j=interpreted, Vv=VM code)
J 1412  jogamp.nativewindow.windows.GDI.SwapBuffers(J)Z (0 bytes) @ 0x000001616f52c4e9 [0x000001616f52c4a0+0x0000000000000049]
J 1410 c1 jogamp.opengl.windows.wgl.WindowsWGLDrawable.swapBuffersImpl(Z)V (153 bytes) @ 0x0000016167c8c594 [0x0000016167c8c300+0x0000000000000294]
J 1409 c1 jogamp.opengl.GLDrawableImpl.swapBuffers()V (138 bytes) @ 0x0000016167c8b144 [0x0000016167c8aac0+0x0000000000000684]
J 1340 c1 jogamp.opengl.GLDrawableHelper.invokeGLImpl(Lcom/jogamp/opengl/GLDrawable;Lcom/jogamp/opengl/GLContext;Ljava/lang/Runnable;Ljava/lang/Runnable;)V (579 bytes) @ 0x0000016167c54f0c [0x0000016167c54280+0x0000000000000c8c]
J 1356 c1 jogamp.opengl.GLDrawableHelper.invokeGL(Lcom/jogamp/opengl/GLDrawable;Lcom/jogamp/opengl/GLContext;Ljava/lang/Runnable;Ljava/lang/Runnable;)V (76 bytes) @ 0x0000016167c61f34 [0x0000016167c61e40+0x00000000000000f4]
J 1324 c1 com.jogamp.newt.opengl.GLWindow.display()V (144 bytes) @ 0x0000016167c354dc [0x0000016167c34f80+0x000000000000055c]
J 1323 c1 com.jogamp.opengl.util.AWTAnimatorImpl.display(Ljava/util/ArrayList;ZZ)V (170 bytes) @ 0x0000016167c2fe0c [0x0000016167c2f520+0x00000000000008ec]
J 1321 c1 com.jogamp.opengl.util.FPSAnimator$MainTask.run()V (805 bytes) @ 0x0000016167c3222c [0x0000016167c31a00+0x000000000000082c]
j  java.util.TimerThread.mainLoop()V+221 java.base@17.0.6
j  java.util.TimerThread.run()V+1 java.base@17.0.6
v  ~StubRoutines::call_stub

siginfo: EXCEPTION_ACCESS_VIOLATION (0xc0000005), writing address 0x0000000000000008


Register to memory mapping:

RIP=0x00007ffe011dfaad ntdll.dll
RAX=0x000000114fa32000 points into unknown readable memory: 0x0000000000000000 | 00 00 00 00 00 00 00 00
RBX=0x0000000000000001 is an unknown value
RCX=0x0 is NULL
RDX=0x0 is NULL
RSP=0x00000011526fb760 is pointing into the stack for thread: 0x000001617f6ca750
RBP=0x00000011526fb839 is pointing into the stack for thread: 0x000001617f6ca750
RSI=0x00000163b168ee00 points into unknown readable memory: 0x0000000000000000 | 00 00 00 00 00 00 00 00
RDI=0x00000000189bc5ae is an unknown value
R8 =0x00007ffdf552b6d0 igd10um64xe.DLL
R9 =0x0000000000000004 is an unknown value
R10=0x0000000000000026 is an unknown value
R11=0x00000011526fb640 is pointing into the stack for thread: 0x000001617f6ca750
R12=0x0000000000000001 is an unknown value
R13=0x0 is NULL
R14=0x0 is NULL
R15=0x0000016437bacf50 points into unknown readable memory: 0x0000000000000000 | 00 00 00 00 00 00 00 00


Registers:
RAX=0x000000114fa32000, RBX=0x0000000000000001, RCX=0x0000000000000000, RDX=0x0000000000000000
RSP=0x00000011526fb760, RBP=0x00000011526fb839, RSI=0x00000163b168ee00, RDI=0x00000000189bc5ae
R8 =0x00007ffdf552b6d0, R9 =0x0000000000000004, R10=0x0000000000000026, R11=0x00000011526fb640
R12=0x0000000000000001, R13=0x0000000000000000, R14=0x0000000000000000, R15=0x0000016437bacf50
RIP=0x00007ffe011dfaad, EFLAGS=0x0000000000010206

Top of Stack: (sp=0x00000011526fb760)
0x00000011526fb760:   0000000000000000 0000000000000000
0x00000011526fb770:   0000000000000000 00000000189bc5ae
0x00000011526fb780:   00000000189bc5ae 00007ffdf46c4441
0x00000011526fb790:   0000000000000001 000001641621cb68
0x00000011526fb7a0:   0000000002080004 0000000000000000
0x00000011526fb7b0:   000001641621cba0 00000011526fb7e0
0x00000011526fb7c0:   0000016300000000 0000000100000000
0x00000011526fb7d0:   00000000400afd00 0000000000000000
0x00000011526fb7e0:   00000000189bc5ae 0000b77fffffffff
0x00000011526fb7f0:   00000000400b0100 0000000000000000
0x00000011526fb800:   0000000000000001 0000000000000001
0x00000011526fb810:   00000000189bc5ae 0000000000000000
0x00000011526fb820:   0000000000000000 000080040c651000
0x00000011526fb830:   000001641621cba0 00000163b168ef40
0x00000011526fb840:   00000163b168ef38 00000163b168ef10
0x00000011526fb850:   000001641629b6e0 0000000000000002 

Instructions: (pc=0x00007ffe011dfaad)
0x00007ffe011df9ad:   48 b8 7f 7f 7f 7f 7f 7f 7f 7f 41 8b c8 48 0b cb
0x00007ffe011df9bd:   48 23 c8 83 e6 1f 49 89 8c f4 40 a5 16 00 48 81
0x00007ffe011df9cd:   c4 98 00 00 00 41 5f 41 5e 41 5d 41 5c 5f 5e 5b
0x00007ffe011df9dd:   5d c3 cc 33 d2 41 8b c6 41 f7 f0 44 8b c8 e9 d6
0x00007ffe011df9ed:   fc ff ff 41 8d 57 ff 41 85 d7 0f 84 53 38 08 00
0x00007ffe011df9fd:   41 b8 00 10 00 00 41 b9 ff ff 00 00 e9 7c 38 08
0x00007ffe011dfa0d:   00 cc cc cc cc cc cc 48 8b c4 48 89 58 08 48 89
0x00007ffe011dfa1d:   68 10 48 89 70 18 48 89 78 20 41 56 48 83 ec 20
0x00007ffe011dfa2d:   40 8a ea 4c 8d 35 99 d1 13 00 48 8b f1 33 db 48
0x00007ffe011dfa3d:   8d 0d 9d d1 13 00 e8 58 00 00 00 4c 8b 05 81 d1
0x00007ffe011dfa4d:   13 00 4d 3b c6 0f 85 48 3b 08 00 48 85 db 75 33
0x00007ffe011dfa5d:   48 8d 0d 7c d1 13 00 e8 c7 f7 ff ff 48 85 db 0f
0x00007ffe011dfa6d:   85 63 3b 08 00 33 c0 48 8b 5c 24 30 48 8b 6c 24
0x00007ffe011dfa7d:   38 48 8b 74 24 40 48 8b 7c 24 48 48 83 c4 20 41
0x00007ffe011dfa8d:   5e c3 cc f0 ff 43 3c eb c7 cc cc cc cc cc cc cc
0x00007ffe011dfa9d:   cc cc cc 48 83 ec 28 65 48 8b 04 25 30 00 00 00
0x00007ffe011dfaad:   f0 0f ba 71 08 00 48 8b 40 48 73 13 48 89 41 10
0x00007ffe011dfabd:   33 c0 c7 41 0c 01 00 00 00 48 83 c4 28 c3 cc 48
0x00007ffe011dfacd:   39 41 10 75 0b ff 41 0c 33 c0 48 83 c4 28 c3 cc
0x00007ffe011dfadd:   e8 0e 00 00 00 eb e2 cc cc cc cc cc cc cc cc cc
0x00007ffe011dfaed:   cc cc cc 48 89 5c 24 18 55 56 57 41 54 41 55 41
0x00007ffe011dfafd:   56 41 57 48 83 ec 20 8b 41 20 48 8b f1 48 0f ba
0x00007ffe011dfb0d:   e0 1a 0f 82 df 01 00 00 33 ff 40 32 ed 66 83 3c
0x00007ffe011dfb1d:   25 6a 03 fe 7f 01 76 19 48 8b 7e 20 48 8b c7 81
0x00007ffe011dfb2d:   e7 ff ff ff 00 25 00 00 00 02 48 85 c0 40 0f 95
0x00007ffe011dfb3d:   c5 45 32 ff b0 01 45 32 e4 41 bd 01 00 00 00 45
0x00007ffe011dfb4d:   33 c0 ba 6a 03 fe 7f 84 c0 0f 84 14 01 00 00 8b
0x00007ffe011dfb5d:   46 08 4c 8d 4e 08 45 84 e4 41 be 03 00 00 00 45
0x00007ffe011dfb6d:   0f 44 f5 41 84 c5 0f 85 e2 00 00 00 8d 0c bf 03
0x00007ffe011dfb7d:   c9 66 44 39 2a 0f 86 e8 00 00 00 4d 85 c9 74 0e
0x00007ffe011dfb8d:   80 3c 25 97 02 fe 7f 00 0f 85 69 3a 08 00 0f b7
0x00007ffe011dfb9d:   1c 25 d6 02 fe 7f 83 fb 0c 0f 85 a2 00 00 00 b8 


Stack slot to memory mapping:
stack at sp + 0 slots: 0x0 is NULL
stack at sp + 1 slots: 0x0 is NULL
stack at sp + 2 slots: 0x0 is NULL
stack at sp + 3 slots: 0x00000000189bc5ae is an unknown value
stack at sp + 4 slots: 0x00000000189bc5ae is an unknown value
stack at sp + 5 slots: 0x00007ffdf46c4441 igd10um64xe.DLL
stack at sp + 6 slots: 0x0000000000000001 is an unknown value
stack at sp + 7 slots: 0x000001641621cb68 points into unknown readable memory: 0x00000000400b0100 | 00 01 0b 40 00 00 00 00


---------------  P R O C E S S  ---------------

Threads class SMR info:
_java_thread_list=0x000001610148c180, length=24, elements={
0x000001617e145fa0, 0x000001617e146d60, 0x000001617e15d6f0, 0x000001617e15e0a0,
0x000001617e160e60, 0x000001617e161810, 0x000001617e16abc0, 0x000001617e16f370,
0x000001617e170170, 0x000001617ecebba0, 0x000001617ecefed0, 0x000001617ecf6130,
0x000001617ecf9d70, 0x000001617ed018c0, 0x000001617efae0b0, 0x000001617efdd0a0,
0x000001617fac13d0, 0x0000016100bc5270, 0x000001617f6c9db0, 0x000001617f6ca280,
0x000001617f6ca750, 0x000001617f6cb0f0, 0x000001617f6cb5c0, 0x0000016101494a60
}

Java Threads: ( => current thread )
  0x000001617e145fa0 JavaThread "Reference Handler" daemon [_thread_blocked, id=11904, stack(0x0000001150700000,0x0000001150800000)]
  0x000001617e146d60 JavaThread "Finalizer" daemon [_thread_blocked, id=5968, stack(0x0000001150800000,0x0000001150900000)]
  0x000001617e15d6f0 JavaThread "Signal Dispatcher" daemon [_thread_blocked, id=21604, stack(0x0000001150900000,0x0000001150a00000)]
  0x000001617e15e0a0 JavaThread "Attach Listener" daemon [_thread_blocked, id=16916, stack(0x0000001150a00000,0x0000001150b00000)]
  0x000001617e160e60 JavaThread "Service Thread" daemon [_thread_blocked, id=11732, stack(0x0000001150b00000,0x0000001150c00000)]
  0x000001617e161810 JavaThread "Monitor Deflation Thread" daemon [_thread_blocked, id=7152, stack(0x0000001150c00000,0x0000001150d00000)]
  0x000001617e16abc0 JavaThread "C2 CompilerThread0" daemon [_thread_blocked, id=7580, stack(0x0000001150d00000,0x0000001150e00000)]
  0x000001617e16f370 JavaThread "C1 CompilerThread0" daemon [_thread_blocked, id=17464, stack(0x0000001150e00000,0x0000001150f00000)]
  0x000001617e170170 JavaThread "Sweeper thread" daemon [_thread_blocked, id=19444, stack(0x0000001150f00000,0x0000001151000000)]
  0x000001617ecebba0 JavaThread "JDWP Transport Listener: dt_socket" daemon [_thread_blocked, id=14328, stack(0x0000001151000000,0x0000001151100000)]
  0x000001617ecefed0 JavaThread "JDWP Event Helper Thread" daemon [_thread_blocked, id=14388, stack(0x0000001151100000,0x0000001151200000)]
  0x000001617ecf6130 JavaThread "JDWP Command Reader" daemon [_thread_in_native, id=11656, stack(0x0000001151200000,0x0000001151300000)]
  0x000001617ecf9d70 JavaThread "Notification Thread" daemon [_thread_blocked, id=5728, stack(0x0000001151300000,0x0000001151400000)]
  0x000001617ed018c0 JavaThread "Common-Cleaner" daemon [_thread_blocked, id=19924, stack(0x0000001151500000,0x0000001151600000)]
  0x000001617efae0b0 JavaThread "Java2D Disposer" daemon [_thread_blocked, id=4236, stack(0x0000001151600000,0x0000001151700000)]
  0x000001617efdd0a0 JavaThread "AWT-Windows" daemon [_thread_in_native, id=10416, stack(0x0000001151800000,0x0000001151900000)]
  0x000001617fac13d0 JavaThread "main-Display-.windows_nil-1-EDT-1" daemon [_thread_blocked, id=7772, stack(0x0000001151a00000,0x0000001151b00000)]
  0x0000016100bc5270 JavaThread "main-SharedResourceRunner" daemon [_thread_blocked, id=6820, stack(0x0000001151b00000,0x0000001151c00000)]
  0x000001617f6c9db0 JavaThread "HighResTimerThread" daemon [_thread_blocked, id=13872, stack(0x0000001151700000,0x0000001151800000)]
  0x000001617f6ca280 JavaThread "Thread-2" [_thread_blocked, id=13988, stack(0x0000001151900000,0x0000001151a00000)]
=>0x000001617f6ca750 JavaThread "main-FPSAWTAnimator#00-Timer0" [_thread_in_native, id=15556, stack(0x0000001152600000,0x0000001152700000)]
  0x000001617f6cb0f0 JavaThread "DestroyJavaVM" [_thread_blocked, id=13340, stack(0x0000001150000000,0x0000001150100000)]
  0x000001617f6cb5c0 JavaThread "Java Sound Event Dispatcher" daemon [_thread_blocked, id=20356, stack(0x0000001152a00000,0x0000001152b00000)]
  0x0000016101494a60 JavaThread "Thread-4" [_thread_blocked, id=9476, stack(0x0000001152e00000,0x0000001152f00000)]

Other Threads:
  0x000001617e1425d0 VMThread "VM Thread" [stack: 0x0000001150600000,0x0000001150700000] [id=19024]
  0x00000161601c86d0 WatcherThread [stack: 0x0000001151400000,0x0000001151500000] [id=21212]
  0x00000161601a8b30 GCTaskThread "GC Thread#0" [stack: 0x0000001150100000,0x0000001150200000] [id=20428]
  0x0000016100de81b0 GCTaskThread "GC Thread#1" [stack: 0x0000001151f00000,0x0000001152000000] [id=12184]
  0x0000016100de8460 GCTaskThread "GC Thread#2" [stack: 0x0000001152000000,0x0000001152100000] [id=19648]
  0x0000016100de8710 GCTaskThread "GC Thread#3" [stack: 0x0000001152100000,0x0000001152200000] [id=17352]
  0x0000016100de89c0 GCTaskThread "GC Thread#4" [stack: 0x0000001152200000,0x0000001152300000] [id=21568]
  0x0000016100de8c70 GCTaskThread "GC Thread#5" [stack: 0x0000001152300000,0x0000001152400000] [id=6552]
  0x0000016100e21b90 GCTaskThread "GC Thread#6" [stack: 0x0000001152400000,0x0000001152500000] [id=19744]
  0x0000016100e25e50 GCTaskThread "GC Thread#7" [stack: 0x0000001152500000,0x0000001152600000] [id=5768]
  0x00000161601baa50 ConcurrentGCThread "G1 Main Marker" [stack: 0x0000001150200000,0x0000001150300000] [id=16352]
  0x00000161601bb460 ConcurrentGCThread "G1 Conc#0" [stack: 0x0000001150300000,0x0000001150400000] [id=17156]
  0x000001617e0000a0 ConcurrentGCThread "G1 Refine#0" [stack: 0x0000001150400000,0x0000001150500000] [id=22400]
  0x000001617e0029d0 ConcurrentGCThread "G1 Service" [stack: 0x0000001150500000,0x0000001150600000] [id=14040]

Threads with active compile tasks:

VM state: not at safepoint (normal execution)

VM Mutex/Monitor currently owned by a thread: None

Heap address: 0x0000000083200000, size: 1998 MB, Compressed Oops mode: 32-bit

CDS archive(s) mapped at: [0x0000000800000000-0x0000000800bd0000-0x0000000800bd0000), size 12386304, SharedBaseAddress: 0x0000000800000000, ArchiveRelocationMode: 0.
Compressed class space mapped at: 0x0000000800c00000-0x0000000840c00000, reserved size: 1073741824
Narrow klass base: 0x0000000800000000, Narrow klass shift: 0, Narrow klass range: 0x100000000

GC Precious Log:
 CPUs: 8 total, 8 available
 Memory: 7991M
 Large Page Support: Disabled
 NUMA Support: Disabled
 Compressed Oops: Enabled (32-bit)
 Heap Region Size: 1M
 Heap Min Capacity: 8M
 Heap Initial Capacity: 126M
 Heap Max Capacity: 1998M
 Pre-touch: Disabled
 Parallel Workers: 8
 Concurrent Workers: 2
 Concurrent Refinement Workers: 8
 Periodic GC: Disabled

Heap:
 garbage-first heap   total 129024K, used 47794K [0x0000000083200000, 0x0000000100000000)
  region size 1024K, 29 young (29696K), 3 survivors (3072K)
 Metaspace       used 13544K, committed 13824K, reserved 1064960K
  class space    used 1030K, committed 1152K, reserved 1048576K

Heap Regions: E=young(eden), S=young(survivor), O=old, HS=humongous(starts), HC=humongous(continues), CS=collection set, F=free, OA=open archive, CA=closed archive, TAMS=top-at-mark-start (previous, next)
|   0|0x0000000083200000, 0x0000000083300000, 0x0000000083300000|100%|HS|  |TAMS 0x0000000083200000, 0x0000000083200000| Complete 
|   1|0x0000000083300000, 0x0000000083400000, 0x0000000083400000|100%|HC|  |TAMS 0x0000000083300000, 0x0000000083300000| Complete 
|   2|0x0000000083400000, 0x0000000083500000, 0x0000000083500000|100%|HC|  |TAMS 0x0000000083400000, 0x0000000083400000| Complete 
|   3|0x0000000083500000, 0x0000000083600000, 0x0000000083600000|100%|HC|  |TAMS 0x0000000083500000, 0x0000000083500000| Complete 
|   4|0x0000000083600000, 0x0000000083700000, 0x0000000083700000|100%|HS|  |TAMS 0x0000000083600000, 0x0000000083600000| Complete 
|   5|0x0000000083700000, 0x0000000083800000, 0x0000000083800000|100%|HC|  |TAMS 0x0000000083700000, 0x0000000083700000| Complete 
|   6|0x0000000083800000, 0x0000000083900000, 0x0000000083900000|100%|HC|  |TAMS 0x0000000083800000, 0x0000000083800000| Complete 
|   7|0x0000000083900000, 0x0000000083a00000, 0x0000000083a00000|100%|HC|  |TAMS 0x0000000083900000, 0x0000000083900000| Complete 
|   8|0x0000000083a00000, 0x0000000083b00000, 0x0000000083b00000|100%|HS|  |TAMS 0x0000000083a00000, 0x0000000083a00000| Complete 
|   9|0x0000000083b00000, 0x0000000083c00000, 0x0000000083c00000|100%|HS|  |TAMS 0x0000000083b00000, 0x0000000083b00000| Complete 
|  10|0x0000000083c00000, 0x0000000083d00000, 0x0000000083d00000|100%|HC|  |TAMS 0x0000000083c00000, 0x0000000083c00000| Complete 
|  11|0x0000000083d00000, 0x0000000083e00000, 0x0000000083e00000|100%|HS|  |TAMS 0x0000000083d00000, 0x0000000083d00000| Complete 
|  12|0x0000000083e00000, 0x0000000083f00000, 0x0000000083f00000|100%|HC|  |TAMS 0x0000000083e00000, 0x0000000083e00000| Complete 
|  13|0x0000000083f00000, 0x0000000084000000, 0x0000000084000000|100%|HC|  |TAMS 0x0000000083f00000, 0x0000000083f00000| Complete 
|  14|0x0000000084000000, 0x0000000084100000, 0x0000000084100000|100%|HS|  |TAMS 0x0000000084000000, 0x0000000084000000| Complete 
|  15|0x0000000084100000, 0x0000000084200000, 0x0000000084200000|100%|HC|  |TAMS 0x0000000084100000, 0x0000000084100000| Complete 
|  16|0x0000000084200000, 0x0000000084300000, 0x0000000084300000|100%|HC|  |TAMS 0x0000000084200000, 0x0000000084200000| Complete 
|  17|0x0000000084300000, 0x0000000084400000, 0x0000000084400000|100%|HC|  |TAMS 0x0000000084300000, 0x0000000084300000| Complete 
|  18|0x0000000084400000, 0x0000000084500000, 0x0000000084500000|100%|HS|  |TAMS 0x0000000084400000, 0x0000000084400000| Complete 
|  19|0x0000000084500000, 0x0000000084600000, 0x0000000084600000|100%|HC|  |TAMS 0x0000000084500000, 0x0000000084500000| Complete 
|  20|0x0000000084600000, 0x0000000084600000, 0x0000000084700000|  0%| F|  |TAMS 0x0000000084600000, 0x0000000084600000| Untracked 
|  21|0x0000000084700000, 0x0000000084700000, 0x0000000084800000|  0%| F|  |TAMS 0x0000000084700000, 0x0000000084700000| Untracked 
|  22|0x0000000084800000, 0x0000000084800000, 0x0000000084900000|  0%| F|  |TAMS 0x0000000084800000, 0x0000000084800000| Untracked 
|  23|0x0000000084900000, 0x0000000084900000, 0x0000000084a00000|  0%| F|  |TAMS 0x0000000084900000, 0x0000000084900000| Untracked 
|  24|0x0000000084a00000, 0x0000000084a00000, 0x0000000084b00000|  0%| F|  |TAMS 0x0000000084a00000, 0x0000000084a00000| Untracked 
|  25|0x0000000084b00000, 0x0000000084b00000, 0x0000000084c00000|  0%| F|  |TAMS 0x0000000084b00000, 0x0000000084b00000| Untracked 
|  26|0x0000000084c00000, 0x0000000084c00000, 0x0000000084d00000|  0%| F|  |TAMS 0x0000000084c00000, 0x0000000084c00000| Untracked 
|  27|0x0000000084d00000, 0x0000000084d00000, 0x0000000084e00000|  0%| F|  |TAMS 0x0000000084d00000, 0x0000000084d00000| Untracked 
|  28|0x0000000084e00000, 0x0000000084e00000, 0x0000000084f00000|  0%| F|  |TAMS 0x0000000084e00000, 0x0000000084e00000| Untracked 
|  29|0x0000000084f00000, 0x0000000084f00000, 0x0000000085000000|  0%| F|  |TAMS 0x0000000084f00000, 0x0000000084f00000| Untracked 
|  30|0x0000000085000000, 0x0000000085000000, 0x0000000085100000|  0%| F|  |TAMS 0x0000000085000000, 0x0000000085000000| Untracked 
|  31|0x0000000085100000, 0x0000000085100000, 0x0000000085200000|  0%| F|  |TAMS 0x0000000085100000, 0x0000000085100000| Untracked 
|  32|0x0000000085200000, 0x0000000085200000, 0x0000000085300000|  0%| F|  |TAMS 0x0000000085200000, 0x0000000085200000| Untracked 
|  33|0x0000000085300000, 0x0000000085300000, 0x0000000085400000|  0%| F|  |TAMS 0x0000000085300000, 0x0000000085300000| Untracked 
|  34|0x0000000085400000, 0x0000000085400000, 0x0000000085500000|  0%| F|  |TAMS 0x0000000085400000, 0x0000000085400000| Untracked 
|  35|0x0000000085500000, 0x0000000085500000, 0x0000000085600000|  0%| F|  |TAMS 0x0000000085500000, 0x0000000085500000| Untracked 
|  36|0x0000000085600000, 0x0000000085600000, 0x0000000085700000|  0%| F|  |TAMS 0x0000000085600000, 0x0000000085600000| Untracked 
|  37|0x0000000085700000, 0x0000000085700000, 0x0000000085800000|  0%| F|  |TAMS 0x0000000085700000, 0x0000000085700000| Untracked 
|  38|0x0000000085800000, 0x0000000085800000, 0x0000000085900000|  0%| F|  |TAMS 0x0000000085800000, 0x0000000085800000| Untracked 
|  39|0x0000000085900000, 0x0000000085900000, 0x0000000085a00000|  0%| F|  |TAMS 0x0000000085900000, 0x0000000085900000| Untracked 
|  40|0x0000000085a00000, 0x0000000085a00000, 0x0000000085b00000|  0%| F|  |TAMS 0x0000000085a00000, 0x0000000085a00000| Untracked 
|  41|0x0000000085b00000, 0x0000000085b00000, 0x0000000085c00000|  0%| F|  |TAMS 0x0000000085b00000, 0x0000000085b00000| Untracked 
|  42|0x0000000085c00000, 0x0000000085c00000, 0x0000000085d00000|  0%| F|  |TAMS 0x0000000085c00000, 0x0000000085c00000| Untracked 
|  43|0x0000000085d00000, 0x0000000085d00000, 0x0000000085e00000|  0%| F|  |TAMS 0x0000000085d00000, 0x0000000085d00000| Untracked 
|  44|0x0000000085e00000, 0x0000000085e00000, 0x0000000085f00000|  0%| F|  |TAMS 0x0000000085e00000, 0x0000000085e00000| Untracked 
|  45|0x0000000085f00000, 0x0000000085f00000, 0x0000000086000000|  0%| F|  |TAMS 0x0000000085f00000, 0x0000000085f00000| Untracked 
|  46|0x0000000086000000, 0x0000000086000000, 0x0000000086100000|  0%| F|  |TAMS 0x0000000086000000, 0x0000000086000000| Untracked 
|  47|0x0000000086100000, 0x0000000086100000, 0x0000000086200000|  0%| F|  |TAMS 0x0000000086100000, 0x0000000086100000| Untracked 
|  48|0x0000000086200000, 0x0000000086200000, 0x0000000086300000|  0%| F|  |TAMS 0x0000000086200000, 0x0000000086200000| Untracked 
|  49|0x0000000086300000, 0x0000000086300000, 0x0000000086400000|  0%| F|  |TAMS 0x0000000086300000, 0x0000000086300000| Untracked 
|  50|0x0000000086400000, 0x0000000086400000, 0x0000000086500000|  0%| F|  |TAMS 0x0000000086400000, 0x0000000086400000| Untracked 
|  51|0x0000000086500000, 0x0000000086500000, 0x0000000086600000|  0%| F|  |TAMS 0x0000000086500000, 0x0000000086500000| Untracked 
|  52|0x0000000086600000, 0x0000000086600000, 0x0000000086700000|  0%| F|  |TAMS 0x0000000086600000, 0x0000000086600000| Untracked 
|  53|0x0000000086700000, 0x0000000086700000, 0x0000000086800000|  0%| F|  |TAMS 0x0000000086700000, 0x0000000086700000| Untracked 
|  54|0x0000000086800000, 0x0000000086800000, 0x0000000086900000|  0%| F|  |TAMS 0x0000000086800000, 0x0000000086800000| Untracked 
|  55|0x0000000086900000, 0x0000000086900000, 0x0000000086a00000|  0%| F|  |TAMS 0x0000000086900000, 0x0000000086900000| Untracked 
|  56|0x0000000086a00000, 0x0000000086a00000, 0x0000000086b00000|  0%| F|  |TAMS 0x0000000086a00000, 0x0000000086a00000| Untracked 
|  57|0x0000000086b00000, 0x0000000086b00000, 0x0000000086c00000|  0%| F|  |TAMS 0x0000000086b00000, 0x0000000086b00000| Untracked 
|  58|0x0000000086c00000, 0x0000000086c00000, 0x0000000086d00000|  0%| F|  |TAMS 0x0000000086c00000, 0x0000000086c00000| Untracked 
|  59|0x0000000086d00000, 0x0000000086d00000, 0x0000000086e00000|  0%| F|  |TAMS 0x0000000086d00000, 0x0000000086d00000| Untracked 
|  60|0x0000000086e00000, 0x0000000086e00000, 0x0000000086f00000|  0%| F|  |TAMS 0x0000000086e00000, 0x0000000086e00000| Untracked 
|  61|0x0000000086f00000, 0x0000000086f00000, 0x0000000087000000|  0%| F|  |TAMS 0x0000000086f00000, 0x0000000086f00000| Untracked 
|  62|0x0000000087000000, 0x0000000087000000, 0x0000000087100000|  0%| F|  |TAMS 0x0000000087000000, 0x0000000087000000| Untracked 
|  63|0x0000000087100000, 0x0000000087100000, 0x0000000087200000|  0%| F|  |TAMS 0x0000000087100000, 0x0000000087100000| Untracked 
|  64|0x0000000087200000, 0x0000000087200000, 0x0000000087300000|  0%| F|  |TAMS 0x0000000087200000, 0x0000000087200000| Untracked 
|  65|0x0000000087300000, 0x0000000087300000, 0x0000000087400000|  0%| F|  |TAMS 0x0000000087300000, 0x0000000087300000| Untracked 
|  66|0x0000000087400000, 0x0000000087400000, 0x0000000087500000|  0%| F|  |TAMS 0x0000000087400000, 0x0000000087400000| Untracked 
|  67|0x0000000087500000, 0x0000000087500000, 0x0000000087600000|  0%| F|  |TAMS 0x0000000087500000, 0x0000000087500000| Untracked 
|  68|0x0000000087600000, 0x0000000087600000, 0x0000000087700000|  0%| F|  |TAMS 0x0000000087600000, 0x0000000087600000| Untracked 
|  69|0x0000000087700000, 0x0000000087700000, 0x0000000087800000|  0%| F|  |TAMS 0x0000000087700000, 0x0000000087700000| Untracked 
|  70|0x0000000087800000, 0x0000000087800000, 0x0000000087900000|  0%| F|  |TAMS 0x0000000087800000, 0x0000000087800000| Untracked 
|  71|0x0000000087900000, 0x0000000087900000, 0x0000000087a00000|  0%| F|  |TAMS 0x0000000087900000, 0x0000000087900000| Untracked 
|  72|0x0000000087a00000, 0x0000000087a00000, 0x0000000087b00000|  0%| F|  |TAMS 0x0000000087a00000, 0x0000000087a00000| Untracked 
|  73|0x0000000087b00000, 0x0000000087b00000, 0x0000000087c00000|  0%| F|  |TAMS 0x0000000087b00000, 0x0000000087b00000| Untracked 
|  74|0x0000000087c00000, 0x0000000087c00000, 0x0000000087d00000|  0%| F|  |TAMS 0x0000000087c00000, 0x0000000087c00000| Untracked 
|  75|0x0000000087d00000, 0x0000000087d00000, 0x0000000087e00000|  0%| F|  |TAMS 0x0000000087d00000, 0x0000000087d00000| Untracked 
|  76|0x0000000087e00000, 0x0000000087e00000, 0x0000000087f00000|  0%| F|  |TAMS 0x0000000087e00000, 0x0000000087e00000| Untracked 
|  77|0x0000000087f00000, 0x0000000087f00000, 0x0000000088000000|  0%| F|  |TAMS 0x0000000087f00000, 0x0000000087f00000| Untracked 
|  78|0x0000000088000000, 0x0000000088000000, 0x0000000088100000|  0%| F|  |TAMS 0x0000000088000000, 0x0000000088000000| Untracked 
|  79|0x0000000088100000, 0x0000000088100000, 0x0000000088200000|  0%| F|  |TAMS 0x0000000088100000, 0x0000000088100000| Untracked 
|  80|0x0000000088200000, 0x0000000088200000, 0x0000000088300000|  0%| F|  |TAMS 0x0000000088200000, 0x0000000088200000| Untracked 
|  81|0x0000000088300000, 0x0000000088300000, 0x0000000088400000|  0%| F|  |TAMS 0x0000000088300000, 0x0000000088300000| Untracked 
|  82|0x0000000088400000, 0x0000000088400000, 0x0000000088500000|  0%| F|  |TAMS 0x0000000088400000, 0x0000000088400000| Untracked 
|  83|0x0000000088500000, 0x0000000088500000, 0x0000000088600000|  0%| F|  |TAMS 0x0000000088500000, 0x0000000088500000| Untracked 
|  84|0x0000000088600000, 0x0000000088600000, 0x0000000088700000|  0%| F|  |TAMS 0x0000000088600000, 0x0000000088600000| Untracked 
|  85|0x0000000088700000, 0x0000000088700000, 0x0000000088800000|  0%| F|  |TAMS 0x0000000088700000, 0x0000000088700000| Untracked 
|  86|0x0000000088800000, 0x0000000088800000, 0x0000000088900000|  0%| F|  |TAMS 0x0000000088800000, 0x0000000088800000| Untracked 
|  87|0x0000000088900000, 0x0000000088900000, 0x0000000088a00000|  0%| F|  |TAMS 0x0000000088900000, 0x0000000088900000| Untracked 
|  88|0x0000000088a00000, 0x0000000088a00000, 0x0000000088b00000|  0%| F|  |TAMS 0x0000000088a00000, 0x0000000088a00000| Untracked 
|  89|0x0000000088b00000, 0x0000000088b00000, 0x0000000088c00000|  0%| F|  |TAMS 0x0000000088b00000, 0x0000000088b00000| Untracked 
|  90|0x0000000088c00000, 0x0000000088c00000, 0x0000000088d00000|  0%| F|  |TAMS 0x0000000088c00000, 0x0000000088c00000| Untracked 
|  91|0x0000000088d00000, 0x0000000088d00000, 0x0000000088e00000|  0%| F|  |TAMS 0x0000000088d00000, 0x0000000088d00000| Untracked 
|  92|0x0000000088e00000, 0x0000000088e00000, 0x0000000088f00000|  0%| F|  |TAMS 0x0000000088e00000, 0x0000000088e00000| Untracked 
|  93|0x0000000088f00000, 0x0000000088f00000, 0x0000000089000000|  0%| F|  |TAMS 0x0000000088f00000, 0x0000000088f00000| Untracked 
|  94|0x0000000089000000, 0x0000000089000000, 0x0000000089100000|  0%| F|  |TAMS 0x0000000089000000, 0x0000000089000000| Untracked 
|  95|0x0000000089100000, 0x0000000089100000, 0x0000000089200000|  0%| F|  |TAMS 0x0000000089100000, 0x0000000089100000| Untracked 
|  96|0x0000000089200000, 0x0000000089200000, 0x0000000089300000|  0%| F|  |TAMS 0x0000000089200000, 0x0000000089200000| Untracked 
|  97|0x0000000089300000, 0x00000000893b1188, 0x0000000089400000| 69%| E|  |TAMS 0x0000000089300000, 0x0000000089300000| Complete 
|  98|0x0000000089400000, 0x0000000089500000, 0x0000000089500000|100%| E|CS|TAMS 0x0000000089400000, 0x0000000089400000| Complete 
|  99|0x0000000089500000, 0x0000000089600000, 0x0000000089600000|100%| E|CS|TAMS 0x0000000089500000, 0x0000000089500000| Complete 
| 100|0x0000000089600000, 0x00000000896aca90, 0x0000000089700000| 67%| S|CS|TAMS 0x0000000089600000, 0x0000000089600000| Complete 
| 101|0x0000000089700000, 0x0000000089800000, 0x0000000089800000|100%| S|CS|TAMS 0x0000000089700000, 0x0000000089700000| Complete 
| 102|0x0000000089800000, 0x0000000089900000, 0x0000000089900000|100%| S|CS|TAMS 0x0000000089800000, 0x0000000089800000| Complete 
| 103|0x0000000089900000, 0x0000000089a00000, 0x0000000089a00000|100%| E|CS|TAMS 0x0000000089900000, 0x0000000089900000| Complete 
| 104|0x0000000089a00000, 0x0000000089b00000, 0x0000000089b00000|100%| E|CS|TAMS 0x0000000089a00000, 0x0000000089a00000| Complete 
| 105|0x0000000089b00000, 0x0000000089c00000, 0x0000000089c00000|100%| E|CS|TAMS 0x0000000089b00000, 0x0000000089b00000| Complete 
| 106|0x0000000089c00000, 0x0000000089d00000, 0x0000000089d00000|100%| E|CS|TAMS 0x0000000089c00000, 0x0000000089c00000| Complete 
| 107|0x0000000089d00000, 0x0000000089e00000, 0x0000000089e00000|100%| E|CS|TAMS 0x0000000089d00000, 0x0000000089d00000| Complete 
| 108|0x0000000089e00000, 0x0000000089f00000, 0x0000000089f00000|100%| E|CS|TAMS 0x0000000089e00000, 0x0000000089e00000| Complete 
| 109|0x0000000089f00000, 0x000000008a000000, 0x000000008a000000|100%| E|CS|TAMS 0x0000000089f00000, 0x0000000089f00000| Complete 
| 110|0x000000008a000000, 0x000000008a100000, 0x000000008a100000|100%| E|CS|TAMS 0x000000008a000000, 0x000000008a000000| Complete 
| 111|0x000000008a100000, 0x000000008a200000, 0x000000008a200000|100%| E|CS|TAMS 0x000000008a100000, 0x000000008a100000| Complete 
| 112|0x000000008a200000, 0x000000008a300000, 0x000000008a300000|100%| E|CS|TAMS 0x000000008a200000, 0x000000008a200000| Complete 
| 113|0x000000008a300000, 0x000000008a400000, 0x000000008a400000|100%| E|  |TAMS 0x000000008a300000, 0x000000008a300000| Complete 
| 114|0x000000008a400000, 0x000000008a500000, 0x000000008a500000|100%| E|CS|TAMS 0x000000008a400000, 0x000000008a400000| Complete 
| 115|0x000000008a500000, 0x000000008a600000, 0x000000008a600000|100%| E|CS|TAMS 0x000000008a500000, 0x000000008a500000| Complete 
| 116|0x000000008a600000, 0x000000008a700000, 0x000000008a700000|100%| E|CS|TAMS 0x000000008a600000, 0x000000008a600000| Complete 
| 117|0x000000008a700000, 0x000000008a800000, 0x000000008a800000|100%| E|CS|TAMS 0x000000008a700000, 0x000000008a700000| Complete 
| 118|0x000000008a800000, 0x000000008a900000, 0x000000008a900000|100%| E|CS|TAMS 0x000000008a800000, 0x000000008a800000| Complete 
| 119|0x000000008a900000, 0x000000008aa00000, 0x000000008aa00000|100%| E|CS|TAMS 0x000000008a900000, 0x000000008a900000| Complete 
| 120|0x000000008aa00000, 0x000000008ab00000, 0x000000008ab00000|100%| E|CS|TAMS 0x000000008aa00000, 0x000000008aa00000| Complete 
| 121|0x000000008ab00000, 0x000000008ac00000, 0x000000008ac00000|100%| E|CS|TAMS 0x000000008ab00000, 0x000000008ab00000| Complete 
| 122|0x000000008ac00000, 0x000000008ad00000, 0x000000008ad00000|100%| E|CS|TAMS 0x000000008ac00000, 0x000000008ac00000| Complete 
| 123|0x000000008ad00000, 0x000000008ae00000, 0x000000008ae00000|100%| E|CS|TAMS 0x000000008ad00000, 0x000000008ad00000| Complete 
| 124|0x000000008ae00000, 0x000000008af00000, 0x000000008af00000|100%| E|CS|TAMS 0x000000008ae00000, 0x000000008ae00000| Complete 
| 125|0x000000008af00000, 0x000000008b000000, 0x000000008b000000|100%| E|CS|TAMS 0x000000008af00000, 0x000000008af00000| Complete 

Card table byte_map: [0x0000016177100000,0x00000161774f0000] _byte_map_base: 0x0000016176ce7000

Marking Bits (Prev, Next): (CMBitMap*) 0x00000161601aa150, (CMBitMap*) 0x00000161601aa190
 Prev Bits: [0x00000161778e0000, 0x0000016179818000)
 Next Bits: [0x0000016179820000, 0x000001617b758000)

Polling page: 0x000001615f930000

Metaspace:

Usage:
  Non-class:     12.22 MB used.
      Class:      1.01 MB used.
       Both:     13.23 MB used.

Virtual space:
  Non-class space:       16.00 MB reserved,      12.38 MB ( 77%) committed,  2 nodes.
      Class space:        1.00 GB reserved,       1.12 MB ( <1%) committed,  1 nodes.
             Both:        1.02 GB reserved,      13.50 MB (  1%) committed. 

Chunk freelists:
   Non-Class:  3.36 MB
       Class:  2.86 MB
        Both:  6.22 MB

MaxMetaspaceSize: unlimited
CompressedClassSpaceSize: 1.00 GB
Initial GC threshold: 21.00 MB
Current GC threshold: 21.00 MB
CDS: on
MetaspaceReclaimPolicy: balanced
 - commit_granule_bytes: 65536.
 - commit_granule_words: 8192.
 - virtual_space_node_default_size: 1048576.
 - enlarge_chunks_in_place: 1.
 - new_chunks_are_fully_committed: 0.
 - uncommit_free_chunks: 1.
 - use_allocation_guard: 0.
 - handle_deallocations: 1.


Internal statistics:

num_allocs_failed_limit: 0.
num_arena_births: 126.
num_arena_deaths: 0.
num_vsnodes_births: 3.
num_vsnodes_deaths: 0.
num_space_committed: 212.
num_space_uncommitted: 0.
num_chunks_returned_to_freelist: 0.
num_chunks_taken_from_freelist: 420.
num_chunk_merges: 0.
num_chunk_splits: 330.
num_chunks_enlarged: 262.
num_purges: 0.
num_inconsistent_stats: 0.

CodeHeap 'non-profiled nmethods': size=120000Kb used=497Kb max_used=497Kb free=119502Kb
 bounds [0x000001616f4b0000, 0x000001616f720000, 0x00000161769e0000]
CodeHeap 'profiled nmethods': size=120000Kb used=2743Kb max_used=2743Kb free=117256Kb
 bounds [0x00000161679e0000, 0x0000016167c90000, 0x000001616ef10000]
CodeHeap 'non-nmethods': size=5760Kb used=1612Kb max_used=1628Kb free=4148Kb
 bounds [0x000001616ef10000, 0x000001616f180000, 0x000001616f4b0000]
 total_blobs=2349 nmethods=1413 adapters=849
 compilation: enabled
              stopped_count=0, restarted_count=0
 full_count=0

Compilation events (20 events):
Event: 14.832 Thread 0x000001617e16f370 1404   !   3       processing.opengl.PGL::isFboAllowed (80 bytes)
Event: 14.834 Thread 0x000001617e16f370 nmethod 1404 0x0000016167c87710 code [0x0000016167c87960, 0x0000016167c88178]
Event: 14.834 Thread 0x000001617e16f370 1405       3       processing.opengl.PGraphicsOpenGL::completeFinishedPixelTransfers (68 bytes)
Event: 14.836 Thread 0x000001617e16f370 nmethod 1405 0x0000016167c88490 code [0x0000016167c886c0, 0x0000016167c88f78]
Event: 14.836 Thread 0x000001617e16f370 1406       3       java.util.HashSet::toArray (18 bytes)
Event: 14.836 Thread 0x000001617e16f370 nmethod 1406 0x0000016167c89210 code [0x0000016167c893c0, 0x0000016167c896e8]
Event: 14.836 Thread 0x000001617e16f370 1401   !   3       processing.core.PApplet::dequeueEvents (97 bytes)
Event: 14.837 Thread 0x000001617e16f370 nmethod 1401 0x0000016167c89810 code [0x0000016167c89a40, 0x0000016167c8a448]
Event: 15.703 Thread 0x000001617e16abc0 1407   !   4       java.nio.DirectIntBufferU::get (34 bytes)
Event: 15.705 Thread 0x000001617e16abc0 nmethod 1407 0x000001616f52bc10 code [0x000001616f52bd80, 0x000001616f52be78]
Event: 16.244 Thread 0x000001617e16abc0 1408       4       jogamp.newt.DefaultEDTUtil::access$100 (4 bytes)
Event: 16.245 Thread 0x000001617e16abc0 nmethod 1408 0x000001616f52c010 code [0x000001616f52c180, 0x000001616f52c1f8]
Event: 17.933 Thread 0x000001617e16f370 1409   !   3       jogamp.opengl.GLDrawableImpl::swapBuffers (138 bytes)
Event: 17.934 Thread 0x000001617e16f370 nmethod 1409 0x0000016167c8a810 code [0x0000016167c8aac0, 0x0000016167c8bad8]
Event: 17.934 Thread 0x000001617e16f370 1410       3       jogamp.opengl.windows.wgl.WindowsWGLDrawable::swapBuffersImpl (153 bytes)
Event: 17.935 Thread 0x000001617e16f370 nmethod 1410 0x0000016167c8c110 code [0x0000016167c8c300, 0x0000016167c8c838]
Event: 17.935 Thread 0x000001617e16f370 1411       3       jogamp.opengl.windows.wgl.WGLUtil::SwapBuffers (16 bytes)
Event: 17.935 Thread 0x000001617e16f370 nmethod 1411 0x0000016167c8ca10 code [0x0000016167c8cba0, 0x0000016167c8ccc8]
Event: 18.004 Thread 0x000001617e16f370 1413   !   3       jogamp.nativewindow.SurfaceUpdatedHelper::surfaceUpdated (76 bytes)
Event: 18.006 Thread 0x000001617e16f370 nmethod 1413 0x0000016167c8cd90 code [0x0000016167c8cfa0, 0x0000016167c8d998]

GC Heap History (2 events):
Event: 2.683 GC heap before
{Heap before GC invocations=0 (full 0):
 garbage-first heap   total 129024K, used 25600K [0x0000000083200000, 0x0000000100000000)
  region size 1024K, 23 young (23552K), 0 survivors (0K)
 Metaspace       used 11234K, committed 11392K, reserved 1064960K
  class space    used 812K, committed 896K, reserved 1048576K
}
Event: 2.695 GC heap after
{Heap after GC invocations=1 (full 0):
 garbage-first heap   total 129024K, used 2738K [0x0000000083200000, 0x0000000100000000)
  region size 1024K, 3 young (3072K), 3 survivors (3072K)
 Metaspace       used 11234K, committed 11392K, reserved 1064960K
  class space    used 812K, committed 896K, reserved 1048576K
}

Deoptimization events (20 events):
Event: 23.539 Thread 0x000001617f6ca750 DEOPT PACKING pc=0x0000016167c3c659 sp=0x00000011526fec80
Event: 23.539 Thread 0x000001617f6ca750 DEOPT UNPACKING pc=0x000001616ef666e3 sp=0x00000011526fe170 mode 1
Event: 23.539 Thread 0x000001617f6ca750 DEOPT PACKING pc=0x0000016167c211f4 sp=0x00000011526fed10
Event: 23.539 Thread 0x000001617f6ca750 DEOPT UNPACKING pc=0x000001616ef666e3 sp=0x00000011526fe1b8 mode 1
Event: 23.849 Thread 0x000001617f6ca750 DEOPT PACKING pc=0x0000016167c3c659 sp=0x00000011526fec80
Event: 23.849 Thread 0x000001617f6ca750 DEOPT UNPACKING pc=0x000001616ef666e3 sp=0x00000011526fe170 mode 1
Event: 23.849 Thread 0x000001617f6ca750 DEOPT PACKING pc=0x0000016167c211f4 sp=0x00000011526fed10
Event: 23.849 Thread 0x000001617f6ca750 DEOPT UNPACKING pc=0x000001616ef666e3 sp=0x00000011526fe1b8 mode 1
Event: 24.031 Thread 0x000001617f6ca750 DEOPT PACKING pc=0x0000016167c3c659 sp=0x00000011526fec80
Event: 24.031 Thread 0x000001617f6ca750 DEOPT UNPACKING pc=0x000001616ef666e3 sp=0x00000011526fe170 mode 1
Event: 24.031 Thread 0x000001617f6ca750 DEOPT PACKING pc=0x0000016167c211f4 sp=0x00000011526fed10
Event: 24.031 Thread 0x000001617f6ca750 DEOPT UNPACKING pc=0x000001616ef666e3 sp=0x00000011526fe1b8 mode 1
Event: 24.257 Thread 0x000001617f6ca750 DEOPT PACKING pc=0x0000016167c3c659 sp=0x00000011526fec80
Event: 24.257 Thread 0x000001617f6ca750 DEOPT UNPACKING pc=0x000001616ef666e3 sp=0x00000011526fe170 mode 1
Event: 24.257 Thread 0x000001617f6ca750 DEOPT PACKING pc=0x0000016167c211f4 sp=0x00000011526fed10
Event: 24.257 Thread 0x000001617f6ca750 DEOPT UNPACKING pc=0x000001616ef666e3 sp=0x00000011526fe1b8 mode 1
Event: 24.483 Thread 0x000001617f6ca750 DEOPT PACKING pc=0x0000016167c3c659 sp=0x00000011526fec80
Event: 24.483 Thread 0x000001617f6ca750 DEOPT UNPACKING pc=0x000001616ef666e3 sp=0x00000011526fe170 mode 1
Event: 24.483 Thread 0x000001617f6ca750 DEOPT PACKING pc=0x0000016167c211f4 sp=0x00000011526fed10
Event: 24.483 Thread 0x000001617f6ca750 DEOPT UNPACKING pc=0x000001616ef666e3 sp=0x00000011526fe1b8 mode 1

Classes unloaded (0 events):
No events

Classes redefined (0 events):
No events

Internal exceptions (16 events):
Event: 0.838 Thread 0x000001616014ff10 Exception <a 'java/lang/ClassNotFoundException'{0x000000008ad84918}: sun/awt/resources/spi/awtProvider> (0x000000008ad84918) 
thrown [s\open\src\hotspot\share\classfile\systemDictionary.cpp, line 256]
Event: 0.873 Thread 0x000001616014ff10 Exception <a 'java/io/FileNotFoundException'{0x000000008adda7f0}> (0x000000008adda7f0) 
thrown [s\open\src\hotspot\share\prims\jni.cpp, line 516]
Event: 0.885 Thread 0x000001616014ff10 Exception <a 'java/io/FileNotFoundException'{0x000000008ac07c28}> (0x000000008ac07c28) 
thrown [s\open\src\hotspot\share\prims\jni.cpp, line 516]
Event: 0.968 Thread 0x000001616014ff10 Exception <a 'java/lang/NoSuchMethodError'{0x000000008ac970b8}: 'java.lang.Object java.lang.invoke.DirectMethodHandle$Holder.invokeStaticInit(java.lang.Object)'> (0x000000008ac970b8) 
thrown [s\open\src\hotspot\share\interpreter\linkResolver.cpp, line 759]
Event: 1.196 Thread 0x000001616014ff10 Exception <a 'java/lang/NoSuchMethodError'{0x000000008a8ce180}: 'java.lang.Object java.lang.invoke.DirectMethodHandle$Holder.invokeStaticInit(java.lang.Object, int, int, int, int)'> (0x000000008a8ce180) 
thrown [s\open\src\hotspot\share\interpreter\linkResolver.cpp, line 759]
Event: 1.305 Thread 0x000001616014ff10 Exception <a 'java/lang/NoSuchMethodError'{0x000000008a773120}: 'java.lang.Object java.lang.invoke.DirectMethodHandle$Holder.invokeStaticInit(java.lang.Object, java.lang.Object, int, int, int, int)'> (0x000000008a773120) 
thrown [s\open\src\hotspot\share\interpreter\linkResolver.cpp, line 759]
Event: 1.367 Thread 0x000001616014ff10 Exception <a 'java/lang/NoSuchMethodError'{0x000000008a77f1b0}: 'void java.lang.invoke.DirectMethodHandle$Holder.invokeStatic(java.lang.Object, long)'> (0x000000008a77f1b0) 
thrown [s\open\src\hotspot\share\interpreter\linkResolver.cpp, line 759]
Event: 1.370 Thread 0x000001616014ff10 Exception <a 'java/lang/NoSuchMethodError'{0x000000008a784790}: 'java.lang.Object java.lang.invoke.DirectMethodHandle$Holder.newInvokeSpecial(java.lang.Object, long)'> (0x000000008a784790) 
thrown [s\open\src\hotspot\share\interpreter\linkResolver.cpp, line 759]
Event: 1.386 Thread 0x000001616014ff10 Exception <a 'java/lang/NoSuchMethodError'{0x000000008a78b9e8}: 'java.lang.Object java.lang.invoke.DirectMethodHandle$Holder.invokeStatic(java.lang.Object, java.lang.Object, long, java.lang.Object)'> (0x000000008a78b9e8) 
thrown [s\open\src\hotspot\share\interpreter\linkResolver.cpp, line 759]
Event: 1.387 Thread 0x000001616014ff10 Exception <a 'java/lang/NoSuchMethodError'{0x000000008a78f480}: 'java.lang.Object java.lang.invoke.DirectMethodHandle$Holder.invokeStaticInit(java.lang.Object, java.lang.Object, long, java.lang.Object)'> (0x000000008a78f480) 
thrown [s\open\src\hotspot\share\interpreter\linkResolver.cpp, line 759]
Event: 1.400 Thread 0x000001616014ff10 Exception <a 'java/lang/NoSuchMethodError'{0x000000008a795a40}: 'java.lang.Object java.lang.invoke.DirectMethodHandle$Holder.newInvokeSpecial(java.lang.Object, java.lang.Object, long)'> (0x000000008a795a40) 
thrown [s\open\src\hotspot\share\interpreter\linkResolver.cpp, line 759]
Event: 1.401 Thread 0x000001616014ff10 Exception <a 'java/lang/NoSuchMethodError'{0x000000008a7995b0}: 'java.lang.Object java.lang.invoke.Invokers$Holder.linkToTargetMethod(java.lang.Object, long, java.lang.Object)'> (0x000000008a7995b0) 
thrown [s\open\src\hotspot\share\interpreter\linkResolver.cpp, line 759]
Event: 1.807 Thread 0x000001616014ff10 Exception <a 'java/lang/NoSuchMethodError'{0x000000008a6a13f0}: 'java.lang.Object java.lang.invoke.DirectMethodHandle$Holder.invokeInterface(java.lang.Object, java.lang.Object)'> (0x000000008a6a13f0) 
thrown [s\open\src\hotspot\share\interpreter\linkResolver.cpp, line 759]
Event: 1.809 Thread 0x000001616014ff10 Exception <a 'java/lang/IncompatibleClassChangeError'{0x000000008a6a4be8}: Found class java.lang.Object, but interface was expected> (0x000000008a6a4be8) 
thrown [s\open\src\hotspot\share\interpreter\linkResolver.cpp, line 826]
Event: 3.426 Thread 0x000001617f6ca750 Exception <a 'java/lang/NoSuchMethodError'{0x000000008a3d74b8}: 'java.lang.Object java.lang.invoke.DirectMethodHandle$Holder.invokeStatic(java.lang.Object, float)'> (0x000000008a3d74b8) 
thrown [s\open\src\hotspot\share\interpreter\linkResolver.cpp, line 759]
Event: 3.440 Thread 0x000001617f6ca750 Exception <a 'java/lang/NoSuchMethodError'{0x000000008a2632d0}: 'int java.lang.invoke.DirectMethodHandle$Holder.invokeSpecial(java.lang.Object, java.lang.Object, java.lang.Object)'> (0x000000008a2632d0) 
thrown [s\open\src\hotspot\share\interpreter\linkResolver.cpp, line 759]

VM Operations (20 events):
Event: 3.440 Executing VM operation: HandshakeAllThreads
Event: 3.440 Executing VM operation: HandshakeAllThreads done
Event: 4.439 Executing VM operation: Cleanup
Event: 4.439 Executing VM operation: Cleanup done
Event: 5.440 Executing VM operation: Cleanup
Event: 5.440 Executing VM operation: Cleanup done
Event: 6.440 Executing VM operation: Cleanup
Event: 6.440 Executing VM operation: Cleanup done
Event: 8.441 Executing VM operation: Cleanup
Event: 8.441 Executing VM operation: Cleanup done
Event: 10.442 Executing VM operation: Cleanup
Event: 10.442 Executing VM operation: Cleanup done
Event: 12.444 Executing VM operation: Cleanup
Event: 12.444 Executing VM operation: Cleanup done
Event: 13.445 Executing VM operation: Cleanup
Event: 13.445 Executing VM operation: Cleanup done
Event: 15.446 Executing VM operation: Cleanup
Event: 15.446 Executing VM operation: Cleanup done
Event: 18.450 Executing VM operation: Cleanup
Event: 18.450 Executing VM operation: Cleanup done

Events (20 events):
Event: 3.593 loading class javax/sound/sampled/Control$Type done
Event: 3.593 loading class javax/sound/sampled/FloatControl$Type done
Event: 3.593 loading class com/sun/media/sound/DirectAudioDevice$DirectDL$Mute
Event: 3.593 loading class javax/sound/sampled/BooleanControl
Event: 3.593 loading class javax/sound/sampled/BooleanControl done
Event: 3.593 loading class com/sun/media/sound/DirectAudioDevice$DirectDL$Mute done
Event: 3.594 loading class javax/sound/sampled/BooleanControl$Type
Event: 3.594 loading class javax/sound/sampled/BooleanControl$Type done
Event: 3.594 loading class com/sun/media/sound/DirectAudioDevice$DirectDL$Balance
Event: 3.594 loading class com/sun/media/sound/DirectAudioDevice$DirectDL$Balance done
Event: 3.594 loading class com/sun/media/sound/DirectAudioDevice$DirectDL$Pan
Event: 3.594 loading class com/sun/media/sound/DirectAudioDevice$DirectDL$Pan done
Event: 3.594 loading class javax/sound/sampled/LineEvent
Event: 3.594 loading class javax/sound/sampled/LineEvent done
Event: 3.594 loading class javax/sound/sampled/LineEvent$Type
Event: 3.594 loading class javax/sound/sampled/LineEvent$Type done
Event: 3.594 loading class com/sun/media/sound/EventDispatcher
Event: 3.594 loading class com/sun/media/sound/EventDispatcher done
Event: 3.594 Thread 0x000001617f6cb5c0 Thread added: 0x000001617f6cb5c0
Event: 3.633 Thread 0x0000016101494a60 Thread added: 0x0000016101494a60


Dynamic libraries:
0x00007ff67b920000 - 0x00007ff67b930000 	C:\Program Files\Java\jdk-17\bin\java.exe
0x00007ffe011b0000 - 0x00007ffe013a8000 	C:\Windows\SYSTEM32\ntdll.dll
0x00007ffdff2f0000 - 0x00007ffdff3af000 	C:\Windows\System32\KERNEL32.DLL
0x00007ffdfe8c0000 - 0x00007ffdfeb9a000 	C:\Windows\System32\KERNELBASE.dll
0x00007ffdfeba0000 - 0x00007ffdfeca0000 	C:\Windows\System32\ucrtbase.dll
0x00007ffdd9ba0000 - 0x00007ffdd9bb8000 	C:\Program Files\Java\jdk-17\bin\jli.dll
0x00007ffdd6770000 - 0x00007ffdd678b000 	C:\Program Files\Java\jdk-17\bin\VCRUNTIME140.dll
0x00007ffe00eb0000 - 0x00007ffe00f5e000 	C:\Windows\System32\ADVAPI32.dll
0x00007ffe00d50000 - 0x00007ffe00dee000 	C:\Windows\System32\msvcrt.dll
0x00007ffdffac0000 - 0x00007ffdffb5c000 	C:\Windows\System32\sechost.dll
0x00007ffdff4d0000 - 0x00007ffdff5f6000 	C:\Windows\System32\RPCRT4.dll
0x00007ffe00450000 - 0x00007ffe005ed000 	C:\Windows\System32\USER32.dll
0x00007ffdff070000 - 0x00007ffdff092000 	C:\Windows\System32\win32u.dll
0x00007ffdeb5f0000 - 0x00007ffdeb88a000 	C:\Windows\WinSxS\amd64_microsoft.windows.common-controls_6595b64144ccf1df_6.0.19041.1110_none_60b5254171f9507e\COMCTL32.dll
0x00007ffe01140000 - 0x00007ffe0116b000 	C:\Windows\System32\GDI32.dll
0x00007ffdfed10000 - 0x00007ffdfee20000 	C:\Windows\System32\gdi32full.dll
0x00007ffdfefd0000 - 0x00007ffdff06d000 	C:\Windows\System32\msvcp_win.dll
0x00007ffdf5920000 - 0x00007ffdf592a000 	C:\Windows\SYSTEM32\VERSION.dll
0x00007ffdffa80000 - 0x00007ffdffab0000 	C:\Windows\System32\IMM32.DLL
0x00007ffde1400000 - 0x00007ffde140c000 	C:\Program Files\Java\jdk-17\bin\vcruntime140_1.dll
0x00007ffdb8cb0000 - 0x00007ffdb8d3e000 	C:\Program Files\Java\jdk-17\bin\msvcp140.dll
0x00007ffd9dc90000 - 0x00007ffd9e867000 	C:\Program Files\Java\jdk-17\bin\server\jvm.dll
0x00007ffdff3b0000 - 0x00007ffdff3b8000 	C:\Windows\System32\PSAPI.DLL
0x00007ffdeb890000 - 0x00007ffdeb899000 	C:\Windows\SYSTEM32\WSOCK32.dll
0x00007ffdeaea0000 - 0x00007ffdeaec7000 	C:\Windows\SYSTEM32\WINMM.dll
0x00007ffdffa10000 - 0x00007ffdffa7b000 	C:\Windows\System32\WS2_32.dll
0x00007ffdfd0d0000 - 0x00007ffdfd0e2000 	C:\Windows\SYSTEM32\kernel.appcore.dll
0x00007ffdd9c10000 - 0x00007ffdd9c1a000 	C:\Program Files\Java\jdk-17\bin\jimage.dll
0x00007ffdfc430000 - 0x00007ffdfc614000 	C:\Windows\SYSTEM32\DBGHELP.DLL
0x00007ffde3ff0000 - 0x00007ffde4024000 	C:\Windows\SYSTEM32\dbgcore.DLL
0x00007ffdff0d0000 - 0x00007ffdff152000 	C:\Windows\System32\bcryptPrimitives.dll
0x00007ffdd5fb0000 - 0x00007ffdd5feb000 	C:\Program Files\Java\jdk-17\bin\jdwp.dll
0x00007ffdd5e30000 - 0x00007ffdd5e55000 	C:\Program Files\Java\jdk-17\bin\java.dll
0x00007ffda22b0000 - 0x00007ffda2387000 	C:\Program Files\Java\jdk-17\bin\jsvml.dll
0x00007ffe005f0000 - 0x00007ffe00d34000 	C:\Windows\System32\SHELL32.dll
0x00007ffdfc920000 - 0x00007ffdfd0b3000 	C:\Windows\SYSTEM32\windows.storage.dll
0x00007ffdffc80000 - 0x00007ffdfffd4000 	C:\Windows\System32\combase.dll
0x00007ffdfe320000 - 0x00007ffdfe34e000 	C:\Windows\SYSTEM32\Wldp.dll
0x00007ffe01090000 - 0x00007ffe0113d000 	C:\Windows\System32\SHCORE.dll
0x00007ffdff600000 - 0x00007ffdff655000 	C:\Windows\System32\shlwapi.dll
0x00007ffdfe800000 - 0x00007ffdfe81f000 	C:\Windows\SYSTEM32\profapi.dll
0x00007ffdd9b90000 - 0x00007ffdd9b9c000 	C:\Program Files\Java\jdk-17\bin\dt_socket.dll
0x00007ffdfdd20000 - 0x00007ffdfdd5c000 	C:\Windows\SYSTEM32\IPHLPAPI.DLL
0x00007ffdfe080000 - 0x00007ffdfe0ea000 	C:\Windows\system32\mswsock.dll
0x00007ffdfdd60000 - 0x00007ffdfde2b000 	C:\Windows\SYSTEM32\DNSAPI.dll
0x00007ffe00d40000 - 0x00007ffe00d48000 	C:\Windows\System32\NSI.dll
0x00007ffdf6430000 - 0x00007ffdf643a000 	C:\Windows\System32\rasadhlp.dll
0x00007ffdf2540000 - 0x00007ffdf25c0000 	C:\Windows\System32\fwpuclnt.dll
0x00007ffdff0a0000 - 0x00007ffdff0c7000 	C:\Windows\System32\bcrypt.dll
0x00007ffdd1770000 - 0x00007ffdd1789000 	C:\Program Files\Java\jdk-17\bin\net.dll
0x00007ffdf8670000 - 0x00007ffdf877a000 	C:\Windows\SYSTEM32\WINHTTP.dll
0x00007ffdd1750000 - 0x00007ffdd1766000 	C:\Program Files\Java\jdk-17\bin\nio.dll
0x00007ffdd1730000 - 0x00007ffdd1748000 	C:\Program Files\Java\jdk-17\bin\zip.dll
0x00007ffd9f440000 - 0x00007ffd9f5d1000 	C:\Program Files\Java\jdk-17\bin\awt.dll
0x00007ffdff660000 - 0x00007ffdff72d000 	C:\Windows\System32\OLEAUT32.dll
0x00007ffdfbda0000 - 0x00007ffdfbe30000 	C:\Windows\SYSTEM32\apphelp.dll
0x00007ffdfbea0000 - 0x00007ffdfbf3e000 	C:\Windows\system32\uxtheme.dll
0x00007ffdffb60000 - 0x00007ffdffc74000 	C:\Windows\System32\MSCTF.dll
0x00007ffdff730000 - 0x00007ffdff85a000 	C:\Windows\System32\ole32.dll
0x00007ffdfbfa0000 - 0x00007ffdfbfcf000 	C:\Windows\system32\DWMAPI.DLL
0x00007ffde9d00000 - 0x00007ffde9e25000 	C:\Windows\system32\opengl32.dll
0x00007ffdf01d0000 - 0x00007ffdf01fc000 	C:\Windows\SYSTEM32\GLU32.dll
0x00007ffdfe270000 - 0x00007ffdfe288000 	C:\Windows\SYSTEM32\CRYPTSP.dll
0x00007ffdfd910000 - 0x00007ffdfd944000 	C:\Windows\system32\rsaenh.dll
0x00007ffdfe780000 - 0x00007ffdfe7ae000 	C:\Windows\SYSTEM32\USERENV.dll
0x00007ffdfe290000 - 0x00007ffdfe29c000 	C:\Windows\SYSTEM32\CRYPTBASE.dll
0x00007ffdf42b0000 - 0x00007ffdf42c7000 	C:\Windows\SYSTEM32\dhcpcsvc6.DLL
0x00007ffdf4290000 - 0x00007ffdf42ad000 	C:\Windows\SYSTEM32\dhcpcsvc.DLL
0x000000006e8c0000 - 0x000000006e8cd000 	C:\Users\bakht\AppData\Local\Temp\jogamp_0000\file_cache\jln15571898659031254059\jln4287783806146861698\natives\windows-amd64\gluegen_rt.dll
0x00007ffdd99f0000 - 0x00007ffdd99f7000 	C:\Program Files\Java\jdk-17\bin\jawt.dll
0x000000006a440000 - 0x000000006a44d000 	C:\Users\bakht\AppData\Local\Temp\jogamp_0000\file_cache\jln15571898659031254059\jln4287783806146861698\natives\windows-amd64\nativewindow_awt.dll
0x000000006c100000 - 0x000000006c110000 	C:\Users\bakht\AppData\Local\Temp\jogamp_0000\file_cache\jln15571898659031254059\jln4287783806146861698\natives\windows-amd64\nativewindow_win32.dll
0x0000000070d80000 - 0x0000000070d93000 	C:\Users\bakht\AppData\Local\Temp\jogamp_0000\file_cache\jln15571898659031254059\jln4287783806146861698\natives\windows-amd64\newt_head.dll
0x00007ffdf8b40000 - 0x00007ffdf8bee000 	C:\Windows\SYSTEM32\mscms.dll
0x00007ffdf9410000 - 0x00007ffdf9421000 	C:\Windows\SYSTEM32\ColorAdapterClient.dll
0x00007ffdd1360000 - 0x00007ffdd13a3000 	C:\Windows\SYSTEM32\icm32.dll
0x00007ffdfffe0000 - 0x00007ffe00448000 	C:\Windows\System32\setupapi.dll
0x00007ffdfef80000 - 0x00007ffdfefce000 	C:\Windows\System32\cfgmgr32.dll
0x00007ffdfe670000 - 0x00007ffdfe69c000 	C:\Windows\SYSTEM32\DEVOBJ.dll
0x00007ffdfeca0000 - 0x00007ffdfed07000 	C:\Windows\System32\WINTRUST.dll
0x00007ffdfee20000 - 0x00007ffdfef76000 	C:\Windows\System32\CRYPT32.dll
0x00007ffdfe4b0000 - 0x00007ffdfe4c2000 	C:\Windows\SYSTEM32\MSASN1.dll
0x0000000064500000 - 0x0000000064585000 	C:\Users\bakht\AppData\Local\Temp\jogamp_0000\file_cache\jln15571898659031254059\jln4287783806146861698\natives\windows-amd64\jogl_desktop.dll
0x0000000064340000 - 0x0000000064391000 	C:\Users\bakht\AppData\Local\Temp\jogamp_0000\file_cache\jln15571898659031254059\jln4287783806146861698\natives\windows-amd64\jogl_mobile.dll
0x00007ffe00fe0000 - 0x00007ffe01089000 	C:\Windows\System32\clbcatq.dll
0x00007ffdf5d20000 - 0x00007ffdf5e24000 	C:\Windows\System32\AppXDeploymentClient.dll
0x00007ffd9b460000 - 0x00007ffd9c46a000 	C:\Windows\System32\DriverStore\FileRepository\iigd_dch.inf_amd64_cb43c2398bc88530\igxelpicd64.dll
0x00007ffdfd260000 - 0x00007ffdfd353000 	C:\Windows\system32\dxgi.dll
0x00007ffd9f010000 - 0x00007ffd9f2e0000 	C:\Windows\System32\DriverStore\FileRepository\iigd_dch.inf_amd64_cb43c2398bc88530\igdml64.dll
0x00007ffdf2d70000 - 0x00007ffdf3159000 	C:\Windows\System32\DriverStore\FileRepository\iigd_dch.inf_amd64_cb43c2398bc88530\igdgmm64.dll
0x00007ffdec320000 - 0x00007ffdef92f000 	C:\Windows\System32\DriverStore\FileRepository\iigd_dch.inf_amd64_cb43c2398bc88530\igc64.dll
0x00007ffdfde90000 - 0x00007ffdfdedb000 	C:\Windows\SYSTEM32\powrprof.dll
0x00007ffdfdd00000 - 0x00007ffdfdd12000 	C:\Windows\SYSTEM32\UMPDC.dll
0x00007ffdf1db0000 - 0x00007ffdf1ea9000 	C:\Windows\SYSTEM32\textinputframework.dll
0x00007ffdfb770000 - 0x00007ffdfbace000 	C:\Windows\System32\CoreUIComponents.dll
0x00007ffdfbad0000 - 0x00007ffdfbbc2000 	C:\Windows\System32\CoreMessaging.dll
0x00007ffdfda50000 - 0x00007ffdfda83000 	C:\Windows\SYSTEM32\ntmarta.dll
0x00007ffdfaf90000 - 0x00007ffdfb0e4000 	C:\Windows\SYSTEM32\wintypes.dll
0x00007ffde9c90000 - 0x00007ffde9cf6000 	C:\Windows\system32\Oleacc.dll
0x00007ffdd7c10000 - 0x00007ffdd7c20000 	C:\Program Files\Java\jdk-17\bin\verify.dll
0x00007ffdd1340000 - 0x00007ffdd1352000 	C:\Program Files\Java\jdk-17\bin\jsound.dll
0x00007ffdb2a40000 - 0x00007ffdb2adc000 	C:\Windows\SYSTEM32\DSOUND.dll
0x00007ffde85c0000 - 0x00007ffde85e6000 	C:\Windows\SYSTEM32\winmmbase.dll
0x00007ffdf8120000 - 0x00007ffdf81a5000 	C:\Windows\System32\MMDevApi.dll
0x00007ffdc2900000 - 0x00007ffdc2946000 	C:\Windows\SYSTEM32\wdmaud.drv
0x00007ffdf99f0000 - 0x00007ffdf99fa000 	C:\Windows\SYSTEM32\AVRT.dll
0x00007ffdf5f50000 - 0x00007ffdf5f59000 	C:\Windows\SYSTEM32\ksuser.dll
0x00007ffdf81b0000 - 0x00007ffdf8332000 	C:\Windows\SYSTEM32\AUDIOSES.DLL
0x00007ffdf0fb0000 - 0x00007ffdf0fbd000 	C:\Windows\SYSTEM32\msacm32.drv
0x00007ffdd6a20000 - 0x00007ffdd6a3e000 	C:\Windows\SYSTEM32\MSACM32.dll
0x00007ffde9520000 - 0x00007ffde952b000 	C:\Windows\SYSTEM32\midimap.dll
0x00007ffdf1eb0000 - 0x00007ffdf1ff1000 	C:\Windows\System32\Windows.UI.dll
0x00007ffdf9490000 - 0x00007ffdf9531000 	C:\Windows\System32\WindowManagementAPI.dll
0x00007ffdf1c50000 - 0x00007ffdf1da2000 	C:\Windows\System32\InputHost.dll
0x00007ffdf8c60000 - 0x00007ffdf8e60000 	C:\Windows\SYSTEM32\twinapi.appcore.dll
0x00007ffdfa020000 - 0x00007ffdfa116000 	C:\Windows\System32\PROPSYS.dll
0x00007ffdfbf80000 - 0x00007ffdfbf94000 	C:\Windows\SYSTEM32\resourcepolicyclient.dll
0x00007ffd9f820000 - 0x00007ffd9f91c000 	C:\Users\bakht\AppData\Local\Discord\app-1.0.9012\modules\discord_hook-3\discord_hook\44049c6cb55\DiscordHook64.dll
0x00007ffdfa1a0000 - 0x00007ffdfa5fd000 	C:\Windows\SYSTEM32\D3DCompiler_47.dll
0x00007ffdfa750000 - 0x00007ffdfa9b3000 	C:\Windows\SYSTEM32\d3d11.dll
0x00007ffdf5580000 - 0x00007ffdf5913000 	C:\Windows\System32\DriverStore\FileRepository\iigd_dch.inf_amd64_cb43c2398bc88530\igd10iumd64.dll
0x00007ffdf4470000 - 0x00007ffdf557c000 	C:\Windows\System32\DriverStore\FileRepository\iigd_dch.inf_amd64_cb43c2398bc88530\igd10um64xe.DLL
0x00007ffdfe390000 - 0x00007ffdfe3b8000 	C:\Windows\SYSTEM32\ncrypt.dll
0x00007ffdfe350000 - 0x00007ffdfe38b000 	C:\Windows\SYSTEM32\NTASN1.dll
0x00007ffdf4360000 - 0x00007ffdf4399000 	C:\Windows\SYSTEM32\ControlLib.dll
0x00007ffdf42f0000 - 0x00007ffdf4351000 	C:\Windows\System32\DriverStore\FileRepository\iigd_dch.inf_amd64_cb43c2398bc88530\IntelControlLib.dll
0x00007ffdf6680000 - 0x00007ffdf66bb000 	C:\Windows\SYSTEM32\dxcore.dll

dbghelp: loaded successfully - version: 4.0.5 - missing functions: none
symbol engine: initialized successfully - sym options: 0x614 - pdb path: .;C:\Program Files\Java\jdk-17\bin;C:\Windows\SYSTEM32;C:\Windows\WinSxS\amd64_microsoft.windows.common-controls_6595b64144ccf1df_6.0.19041.1110_none_60b5254171f9507e;C:\Program Files\Java\jdk-17\bin\server;C:\Users\bakht\AppData\Local\Temp\jogamp_0000\file_cache\jln15571898659031254059\jln4287783806146861698\natives\windows-amd64;C:\Windows\System32\DriverStore\FileRepository\iigd_dch.inf_amd64_cb43c2398bc88530;C:\Users\bakht\AppData\Local\Discord\app-1.0.9012\modules\discord_hook-3\discord_hook\44049c6cb55

VM Arguments:
jvm_args: -agentlib:jdwp=transport=dt_socket,server=n,suspend=y,address=localhost:50873 -XX:+ShowCodeDetailsInExceptionMessages 
java_command: ie.tudublin.Main
java_class_path (initial): C:\Users\bakht\MV-C21716601\MusicVisuals-master\java\bin;C:\Users\bakht\MV-C21716601\MusicVisuals-master\java\lib\core.jar;C:\Users\bakht\MV-C21716601\MusicVisuals-master\java\lib\jl1.0.1.jar;C:\Users\bakht\MV-C21716601\MusicVisuals-master\java\lib\jsminim.jar;C:\Users\bakht\MV-C21716601\MusicVisuals-master\java\lib\minim.jar;C:\Users\bakht\MV-C21716601\MusicVisuals-master\java\lib\mp3spi1.9.5.jar;C:\Users\bakht\MV-C21716601\MusicVisuals-master\java\lib\sqlite-jdbc-3.23.1.jar;C:\Users\bakht\MV-C21716601\MusicVisuals-master\java\lib\tritonus_aos.jar;C:\Users\bakht\MV-C21716601\MusicVisuals-master\java\lib\tritonus_share.jar;C:\Users\bakht\MV-C21716601\MusicVisuals-master\java\lib\jogl-all.jar;C:\Users\bakht\MV-C21716601\MusicVisuals-master\java\lib\gluegen-rt.jar;C:\Users\bakht\MV-C21716601\MusicVisuals-master\java\lib\gluegen-rt-natives-windows-amd64.jar;C:\Users\bakht\MV-C21716601\MusicVisuals-master\java\lib\gluegen-rt-natives-windows-i586.jar;C:\Users\bakht\MV-C21716601\MusicVisuals-master\java\lib\jogl-all-natives-windows-amd64.jar;C:\Users\bakht\MV-C21716601\MusicVisuals-master\java\lib\jogl-all-natives-windows-i586.jar;C:\Users\bakht\MV-C21716601\MusicVisuals-master\java\lib\gluegen-rt-natives-macosx-universal.jar;C:\Users\bakht\MV-C21716601\MusicVisuals-master\java\lib\jogl-all-natives-macosx-universal.jar
Launcher Type: SUN_STANDARD

[Global flags]
     intx CICompilerCount                          = 4                                         {product} {ergonomic}
     uint ConcGCThreads                            = 2                                         {product} {ergonomic}
     uint G1ConcRefinementThreads                  = 8                                         {product} {ergonomic}
   size_t G1HeapRegionSize                         = 1048576                                   {product} {ergonomic}
    uintx GCDrainStackTargetSize                   = 64                                        {product} {ergonomic}
   size_t InitialHeapSize                          = 132120576                                 {product} {ergonomic}
   size_t MarkStackSize                            = 4194304                                   {product} {ergonomic}
   size_t MaxHeapSize                              = 2095054848                                {product} {ergonomic}
   size_t MaxNewSize                               = 1256194048                                {product} {ergonomic}
   size_t MinHeapDeltaBytes                        = 1048576                                   {product} {ergonomic}
   size_t MinHeapSize                              = 8388608                                   {product} {ergonomic}
    uintx NonNMethodCodeHeapSize                   = 5839372                                {pd product} {ergonomic}
    uintx NonProfiledCodeHeapSize                  = 122909434                              {pd product} {ergonomic}
    uintx ProfiledCodeHeapSize                     = 122909434                              {pd product} {ergonomic}
    uintx ReservedCodeCacheSize                    = 251658240                              {pd product} {ergonomic}
     bool SegmentedCodeCache                       = true                                      {product} {ergonomic}
     bool ShowCodeDetailsInExceptionMessages       = true                                   {manageable} {command line}
   size_t SoftMaxHeapSize                          = 2095054848                             {manageable} {ergonomic}
     bool UseCompressedClassPointers               = true                           {product lp64_product} {ergonomic}
     bool UseCompressedOops                        = true                           {product lp64_product} {ergonomic}
     bool UseG1GC                                  = true                                      {product} {ergonomic}
     bool UseLargePagesIndividualAllocation        = false                                  {pd product} {ergonomic}

Logging:
Log output configuration:
 #0: stdout all=warning uptime,level,tags
 #1: stderr all=off uptime,level,tags

Environment Variables:
PATH=C:\Program Files\Common Files\Oracle\Java\javapath;C:\Program Files (x86)\Common Files\Oracle\Java\javapath;C:\Windows\system32;C:\Windows;C:\Windows\System32\Wbem;C:\Windows\System32\WindowsPowerShell\v1.0\;C:\Windows\System32\OpenSSH\;C:\msys64\mingw64\bin;C:\Program Files\PuTTY\;C:\Program Files\Git\cmd;C:\Users\bakht\AppData\Local\Microsoft\WindowsApps;;C:\Users\bakht\AppData\Local\Programs\Microsoft VS Code\bin
USERNAME=bakht
LANG=en_US.UTF-8
OS=Windows_NT
PROCESSOR_IDENTIFIER=Intel64 Family 6 Model 140 Stepping 1, GenuineIntel



---------------  S Y S T E M  ---------------

OS:
 Windows 10 , 64 bit Build 19041 (10.0.19041.2788)
OS uptime: 0 days 15:06 hours
Hyper-V role detected

CPU: total 8 (initial active 8) (4 cores per cpu, 2 threads per core) family 6 model 140 stepping 1 microcode 0x78, cx8, cmov, fxsr, ht, mmx, 3dnowpref, sse, sse2, sse3, ssse3, sse4.1, sse4.2, popcnt, lzcnt, tsc, tscinvbit, avx, avx2, aes, erms, clmul, bmi1, bmi2, adx, avx512f, avx512dq, avx512cd, avx512bw, avx512vl, sha, fma, vzeroupper, avx512_vpopcntdq, avx512_vpclmulqdq, avx512_vaes, avx512_vnni, clflush, clflushopt, clwb, avx512_vbmi2, avx512_vbmi, hv

Memory: 4k page, system-wide physical 7991M (368M free)
TotalPageFile size 15994M (AvailPageFile size 1787M)
current process WorkingSet (physical memory assigned to process): 2371M, peak: 2795M
current process commit charge ("private bytes"): 4514M, peak: 4514M

vm_info: Java HotSpot(TM) 64-Bit Server VM (17.0.6+9-LTS-190) for windows-amd64 JRE (17.0.6+9-LTS-190), built on Dec  6 2022 15:53:54 by "mach5one" with MS VC++ 17.1 (VS2022)

END.
