#
# A fatal error has been detected by the Java Runtime Environment:
#
#  EXCEPTION_ACCESS_VIOLATION (0xc0000005) at pc=0x00007ffe011dfaad, pid=15956, tid=4816
#
# JRE version: Java(TM) SE Runtime Environment (17.0.6+9) (build 17.0.6+9-LTS-190)
# Java VM: Java HotSpot(TM) 64-Bit Server VM (17.0.6+9-LTS-190, mixed mode, sharing, tiered, compressed oops, compressed class ptrs, g1 gc, windows-amd64)
# Problematic frame:
# C  [ntdll.dll+0x2faad]
#
# No core dump will be written. Minidumps are not enabled by default on client versions of Windows
#
# If you would like to submit a bug report, please visit:
#   https://bugreport.java.com/bugreport/crash.jsp
# The crash happened outside the Java Virtual Machine in native code.
# See problematic frame for where to report the bug.
#

---------------  S U M M A R Y ------------

Command Line: -agentlib:jdwp=transport=dt_socket,server=n,suspend=y,address=localhost:50906 -XX:+ShowCodeDetailsInExceptionMessages ie.tudublin.Main

Host: 11th Gen Intel(R) Core(TM) i5-1135G7 @ 2.40GHz, 8 cores, 7G,  Windows 10 , 64 bit Build 19041 (10.0.19041.2788)
Time: Thu Apr 27 01:58:44 2023 GMT Daylight Time elapsed time: 46.183765 seconds (0d 0h 0m 46s)

---------------  T H R E A D  ---------------

Current thread (0x0000028893148ff0):  JavaThread "main-FPSAWTAnimator#00-Timer0" [_thread_in_native, id=4816, stack(0x000000b3d3900000,0x000000b3d3a00000)]

Stack: [0x000000b3d3900000,0x000000b3d3a00000],  sp=0x000000b3d39fb830,  free space=1006k
Native frames: (J=compiled Java code, j=interpreted, Vv=VM code, C=native code)
C  [ntdll.dll+0x2faad]
C  [igd10um64xe.DLL+0x254441]

Java frames: (J=compiled Java code, j=interpreted, Vv=VM code)
J 1419  jogamp.nativewindow.windows.GDI.SwapBuffers(J)Z (0 bytes) @ 0x0000028887b4d3e9 [0x0000028887b4d3a0+0x0000000000000049]
J 1416 c1 jogamp.opengl.windows.wgl.WindowsWGLDrawable.swapBuffersImpl(Z)V (153 bytes) @ 0x00000288802c2c14 [0x00000288802c2980+0x0000000000000294]
J 1415 c1 jogamp.opengl.GLDrawableImpl.swapBuffers()V (138 bytes) @ 0x00000288802c17c4 [0x00000288802c1140+0x0000000000000684]
J 1362 c1 jogamp.opengl.GLDrawableHelper.invokeGLImpl(Lcom/jogamp/opengl/GLDrawable;Lcom/jogamp/opengl/GLContext;Ljava/lang/Runnable;Ljava/lang/Runnable;)V (579 bytes) @ 0x0000028880293e0c [0x0000028880293180+0x0000000000000c8c]
J 1378 c1 jogamp.opengl.GLDrawableHelper.invokeGL(Lcom/jogamp/opengl/GLDrawable;Lcom/jogamp/opengl/GLContext;Ljava/lang/Runnable;Ljava/lang/Runnable;)V (76 bytes) @ 0x00000288802a0334 [0x00000288802a0240+0x00000000000000f4]
J 1337 c1 com.jogamp.newt.opengl.GLWindow.display()V (144 bytes) @ 0x00000288802836bc [0x0000028880283120+0x000000000000059c]
J 1336 c1 com.jogamp.opengl.util.AWTAnimatorImpl.display(Ljava/util/ArrayList;ZZ)V (170 bytes) @ 0x000002888028168c [0x0000028880280da0+0x00000000000008ec]
J 1293 c1 com.jogamp.opengl.util.FPSAnimator$MainTask.run()V (805 bytes) @ 0x000002888025712c [0x0000028880256900+0x000000000000082c]
j  java.util.TimerThread.mainLoop()V+221 java.base@17.0.6
j  java.util.TimerThread.run()V+1 java.base@17.0.6
v  ~StubRoutines::call_stub

siginfo: EXCEPTION_ACCESS_VIOLATION (0xc0000005), writing address 0x0000000000000008


Register to memory mapping:

RIP=0x00007ffe011dfaad ntdll.dll
RAX=0x000000b3d0e9f000 points into unknown readable memory: 0x0000000000000000 | 00 00 00 00 00 00 00 00
RBX=0x0000028bb9d5cd01 points into unknown readable memory: 00 00 00 00 00 00 00
RCX=0x0 is NULL
RDX=0x0 is NULL
RSP=0x000000b3d39fb830 is pointing into the stack for thread: 0x0000028893148ff0
RBP=0x000000b3d39fb909 is pointing into the stack for thread: 0x0000028893148ff0
RSI=0x0000028b31606340 points into unknown readable memory: 0x00000000ffffff00 | 00 ff ff ff 00 00 00 00
RDI=0x0000000000f95b32 is an unknown value
R8 =0x00007ffdf552b6d0 igd10um64xe.DLL
R9 =0x0000000000000004 is an unknown value
R10=0x0000000000000023 is an unknown value
R11=0x000000b3d39fb710 is pointing into the stack for thread: 0x0000028893148ff0
R12=0x0000000000000001 is an unknown value
R13=0x0 is NULL
R14=0x0 is NULL
R15=0x0000028bba83af50 points into unknown readable memory: 0x0000000000000000 | 00 00 00 00 00 00 00 00


Registers:
RAX=0x000000b3d0e9f000, RBX=0x0000028bb9d5cd01, RCX=0x0000000000000000, RDX=0x0000000000000000
RSP=0x000000b3d39fb830, RBP=0x000000b3d39fb909, RSI=0x0000028b31606340, RDI=0x0000000000f95b32
R8 =0x00007ffdf552b6d0, R9 =0x0000000000000004, R10=0x0000000000000023, R11=0x000000b3d39fb710
R12=0x0000000000000001, R13=0x0000000000000000, R14=0x0000000000000000, R15=0x0000028bba83af50
RIP=0x00007ffe011dfaad, EFLAGS=0x0000000000010206

Top of Stack: (sp=0x000000b3d39fb830)
0x000000b3d39fb830:   0000000000000000 0000000000000000
0x000000b3d39fb840:   0000000000000000 0000000000f95b32
0x000000b3d39fb850:   0000000000f95b32 00007ffdf46c4441
0x000000b3d39fb860:   0000028bb9d5cd01 0000028b316064f0
0x000000b3d39fb870:   0000000000080004 0000000000000000
0x000000b3d39fb880:   0000028bb9d5ce10 000000b3d39fb8b0
0x000000b3d39fb890:   0000028b00000000 0000000100000000
0x000000b3d39fb8a0:   00000000400b6000 0000000000000000
0x000000b3d39fb8b0:   0000000000f95b32 0000800200ff0000
0x000000b3d39fb8c0:   00000000400b6340 0000000000000000
0x000000b3d39fb8d0:   0000000000000001 0000000000000001
0x000000b3d39fb8e0:   0000000000f95b32 0000000000000000
0x000000b3d39fb8f0:   0000000000000000 0000800200058000
0x000000b3d39fb900:   0000028bb9d5ce10 0000028b31606480
0x000000b3d39fb910:   0000028b31606478 0000028b31606450
0x000000b3d39fb920:   0000028bba1e2d80 0000000000000000 

Instructions: (pc=0x00007ffe011dfaad)
0x00007ffe011df9ad:   48 b8 7f 7f 7f 7f 7f 7f 7f 7f 41 8b c8 48 0b cb
0x00007ffe011df9bd:   48 23 c8 83 e6 1f 49 89 8c f4 40 a5 16 00 48 81
0x00007ffe011df9cd:   c4 98 00 00 00 41 5f 41 5e 41 5d 41 5c 5f 5e 5b
0x00007ffe011df9dd:   5d c3 cc 33 d2 41 8b c6 41 f7 f0 44 8b c8 e9 d6
0x00007ffe011df9ed:   fc ff ff 41 8d 57 ff 41 85 d7 0f 84 53 38 08 00
0x00007ffe011df9fd:   41 b8 00 10 00 00 41 b9 ff ff 00 00 e9 7c 38 08
0x00007ffe011dfa0d:   00 cc cc cc cc cc cc 48 8b c4 48 89 58 08 48 89
0x00007ffe011dfa1d:   68 10 48 89 70 18 48 89 78 20 41 56 48 83 ec 20
0x00007ffe011dfa2d:   40 8a ea 4c 8d 35 99 d1 13 00 48 8b f1 33 db 48
0x00007ffe011dfa3d:   8d 0d 9d d1 13 00 e8 58 00 00 00 4c 8b 05 81 d1
0x00007ffe011dfa4d:   13 00 4d 3b c6 0f 85 48 3b 08 00 48 85 db 75 33
0x00007ffe011dfa5d:   48 8d 0d 7c d1 13 00 e8 c7 f7 ff ff 48 85 db 0f
0x00007ffe011dfa6d:   85 63 3b 08 00 33 c0 48 8b 5c 24 30 48 8b 6c 24
0x00007ffe011dfa7d:   38 48 8b 74 24 40 48 8b 7c 24 48 48 83 c4 20 41
0x00007ffe011dfa8d:   5e c3 cc f0 ff 43 3c eb c7 cc cc cc cc cc cc cc
0x00007ffe011dfa9d:   cc cc cc 48 83 ec 28 65 48 8b 04 25 30 00 00 00
0x00007ffe011dfaad:   f0 0f ba 71 08 00 48 8b 40 48 73 13 48 89 41 10
0x00007ffe011dfabd:   33 c0 c7 41 0c 01 00 00 00 48 83 c4 28 c3 cc 48
0x00007ffe011dfacd:   39 41 10 75 0b ff 41 0c 33 c0 48 83 c4 28 c3 cc
0x00007ffe011dfadd:   e8 0e 00 00 00 eb e2 cc cc cc cc cc cc cc cc cc
0x00007ffe011dfaed:   cc cc cc 48 89 5c 24 18 55 56 57 41 54 41 55 41
0x00007ffe011dfafd:   56 41 57 48 83 ec 20 8b 41 20 48 8b f1 48 0f ba
0x00007ffe011dfb0d:   e0 1a 0f 82 df 01 00 00 33 ff 40 32 ed 66 83 3c
0x00007ffe011dfb1d:   25 6a 03 fe 7f 01 76 19 48 8b 7e 20 48 8b c7 81
0x00007ffe011dfb2d:   e7 ff ff ff 00 25 00 00 00 02 48 85 c0 40 0f 95
0x00007ffe011dfb3d:   c5 45 32 ff b0 01 45 32 e4 41 bd 01 00 00 00 45
0x00007ffe011dfb4d:   33 c0 ba 6a 03 fe 7f 84 c0 0f 84 14 01 00 00 8b
0x00007ffe011dfb5d:   46 08 4c 8d 4e 08 45 84 e4 41 be 03 00 00 00 45
0x00007ffe011dfb6d:   0f 44 f5 41 84 c5 0f 85 e2 00 00 00 8d 0c bf 03
0x00007ffe011dfb7d:   c9 66 44 39 2a 0f 86 e8 00 00 00 4d 85 c9 74 0e
0x00007ffe011dfb8d:   80 3c 25 97 02 fe 7f 00 0f 85 69 3a 08 00 0f b7
0x00007ffe011dfb9d:   1c 25 d6 02 fe 7f 83 fb 0c 0f 85 a2 00 00 00 b8 


Stack slot to memory mapping:
stack at sp + 0 slots: 0x0 is NULL
stack at sp + 1 slots: 0x0 is NULL
stack at sp + 2 slots: 0x0 is NULL
stack at sp + 3 slots: 0x0000000000f95b32 is an unknown value
stack at sp + 4 slots: 0x0000000000f95b32 is an unknown value
stack at sp + 5 slots: 0x00007ffdf46c4441 igd10um64xe.DLL
stack at sp + 6 slots: 0x0000028bb9d5cd01 points into unknown readable memory: 00 00 00 00 00 00 00
stack at sp + 7 slots: 0x0000028b316064f0 points into unknown readable memory: 0x0000028b31606340 | 40 63 60 31 8b 02 00 00


---------------  P R O C E S S  ---------------

Threads class SMR info:
_java_thread_list=0x0000028893269900, length=24, elements={
0x00000288ff1c36f0, 0x00000288ff1c4cc0, 0x00000288ff1d7c90, 0x00000288ff1da750,
0x00000288ff1dd110, 0x00000288ff1de260, 0x00000288ff1deff0, 0x00000288ff1dfa90,
0x00000288ff1e6900, 0x00000288ffce15c0, 0x00000288ffce2650, 0x00000288ffce4160,
0x00000288ffcebe70, 0x00000288ffcf11a0, 0x00000288fffb0f80, 0x00000288fffb24f0,
0x0000028891b5d1f0, 0x0000028891d7f010, 0x0000028891d31fb0, 0x0000028892b770f0,
0x0000028893148ff0, 0x00000288f21cfd40, 0x000002889323c760, 0x000002889332fa80
}

Java Threads: ( => current thread )
  0x00000288ff1c36f0 JavaThread "Reference Handler" daemon [_thread_blocked, id=8736, stack(0x000000b3d1a00000,0x000000b3d1b00000)]
  0x00000288ff1c4cc0 JavaThread "Finalizer" daemon [_thread_blocked, id=1124, stack(0x000000b3d1b00000,0x000000b3d1c00000)]
  0x00000288ff1d7c90 JavaThread "Signal Dispatcher" daemon [_thread_blocked, id=5384, stack(0x000000b3d1c00000,0x000000b3d1d00000)]
  0x00000288ff1da750 JavaThread "Attach Listener" daemon [_thread_blocked, id=5760, stack(0x000000b3d1d00000,0x000000b3d1e00000)]
  0x00000288ff1dd110 JavaThread "Service Thread" daemon [_thread_blocked, id=18064, stack(0x000000b3d1e00000,0x000000b3d1f00000)]
  0x00000288ff1de260 JavaThread "Monitor Deflation Thread" daemon [_thread_blocked, id=18732, stack(0x000000b3d1f00000,0x000000b3d2000000)]
  0x00000288ff1deff0 JavaThread "C2 CompilerThread0" daemon [_thread_blocked, id=12000, stack(0x000000b3d2000000,0x000000b3d2100000)]
  0x00000288ff1dfa90 JavaThread "C1 CompilerThread0" daemon [_thread_blocked, id=10948, stack(0x000000b3d2100000,0x000000b3d2200000)]
  0x00000288ff1e6900 JavaThread "Sweeper thread" daemon [_thread_blocked, id=12948, stack(0x000000b3d2200000,0x000000b3d2300000)]
  0x00000288ffce15c0 JavaThread "JDWP Transport Listener: dt_socket" daemon [_thread_blocked, id=5788, stack(0x000000b3d2300000,0x000000b3d2400000)]
  0x00000288ffce2650 JavaThread "JDWP Event Helper Thread" daemon [_thread_blocked, id=20792, stack(0x000000b3d2400000,0x000000b3d2500000)]
  0x00000288ffce4160 JavaThread "JDWP Command Reader" daemon [_thread_in_native, id=19532, stack(0x000000b3d2500000,0x000000b3d2600000)]
  0x00000288ffcebe70 JavaThread "Notification Thread" daemon [_thread_blocked, id=5784, stack(0x000000b3d2600000,0x000000b3d2700000)]
  0x00000288ffcf11a0 JavaThread "Common-Cleaner" daemon [_thread_blocked, id=16780, stack(0x000000b3d2800000,0x000000b3d2900000)]
  0x00000288fffb0f80 JavaThread "Java2D Disposer" daemon [_thread_blocked, id=14576, stack(0x000000b3d2900000,0x000000b3d2a00000)]
  0x00000288fffb24f0 JavaThread "AWT-Windows" daemon [_thread_in_native, id=7572, stack(0x000000b3d2b00000,0x000000b3d2c00000)]
  0x0000028891b5d1f0 JavaThread "main-Display-.windows_nil-1-EDT-1" daemon [_thread_blocked, id=7356, stack(0x000000b3d2d00000,0x000000b3d2e00000)]
  0x0000028891d7f010 JavaThread "main-SharedResourceRunner" daemon [_thread_blocked, id=19808, stack(0x000000b3d2e00000,0x000000b3d2f00000)]
  0x0000028891d31fb0 JavaThread "HighResTimerThread" daemon [_thread_blocked, id=19640, stack(0x000000b3d3700000,0x000000b3d3800000)]
  0x0000028892b770f0 JavaThread "Thread-2" [_thread_blocked, id=3488, stack(0x000000b3d3800000,0x000000b3d3900000)]
=>0x0000028893148ff0 JavaThread "main-FPSAWTAnimator#00-Timer0" [_thread_in_native, id=4816, stack(0x000000b3d3900000,0x000000b3d3a00000)]
  0x00000288f21cfd40 JavaThread "DestroyJavaVM" [_thread_blocked, id=21336, stack(0x000000b3d1300000,0x000000b3d1400000)]
  0x000002889323c760 JavaThread "Java Sound Event Dispatcher" daemon [_thread_blocked, id=8672, stack(0x000000b3d3d00000,0x000000b3d3e00000)]
  0x000002889332fa80 JavaThread "Thread-4" [_thread_blocked, id=9928, stack(0x000000b3d4100000,0x000000b3d4200000)]

Other Threads:
  0x00000288ff1bebd0 VMThread "VM Thread" [stack: 0x000000b3d1900000,0x000000b3d1a00000] [id=16024]
  0x00000288ffcf0d60 WatcherThread [stack: 0x000000b3d2700000,0x000000b3d2800000] [id=15544]
  0x00000288f2227b10 GCTaskThread "GC Thread#0" [stack: 0x000000b3d1400000,0x000000b3d1500000] [id=2436]
  0x0000028892d9adc0 GCTaskThread "GC Thread#1" [stack: 0x000000b3d3000000,0x000000b3d3100000] [id=3852]
  0x0000028892d9b070 GCTaskThread "GC Thread#2" [stack: 0x000000b3d3100000,0x000000b3d3200000] [id=11132]
  0x0000028892dbd360 GCTaskThread "GC Thread#3" [stack: 0x000000b3d3200000,0x000000b3d3300000] [id=22164]
  0x0000028892dbd610 GCTaskThread "GC Thread#4" [stack: 0x000000b3d3300000,0x000000b3d3400000] [id=17392]
  0x0000028892dbd8c0 GCTaskThread "GC Thread#5" [stack: 0x000000b3d3400000,0x000000b3d3500000] [id=11592]
  0x0000028892dbdb70 GCTaskThread "GC Thread#6" [stack: 0x000000b3d3500000,0x000000b3d3600000] [id=12060]
  0x0000028892dbde20 GCTaskThread "GC Thread#7" [stack: 0x000000b3d3600000,0x000000b3d3700000] [id=3316]
  0x00000288f2239e40 ConcurrentGCThread "G1 Main Marker" [stack: 0x000000b3d1500000,0x000000b3d1600000] [id=17480]
  0x00000288f223a850 ConcurrentGCThread "G1 Conc#0" [stack: 0x000000b3d1600000,0x000000b3d1700000] [id=17568]
  0x00000288f22a55a0 ConcurrentGCThread "G1 Refine#0" [stack: 0x000000b3d1700000,0x000000b3d1800000] [id=12972]
  0x00000288ff0800a0 ConcurrentGCThread "G1 Service" [stack: 0x000000b3d1800000,0x000000b3d1900000] [id=21920]

Threads with active compile tasks:

VM state: not at safepoint (normal execution)

VM Mutex/Monitor currently owned by a thread: None

Heap address: 0x0000000083200000, size: 1998 MB, Compressed Oops mode: 32-bit

CDS archive(s) mapped at: [0x0000000800000000-0x0000000800bd0000-0x0000000800bd0000), size 12386304, SharedBaseAddress: 0x0000000800000000, ArchiveRelocationMode: 0.
Compressed class space mapped at: 0x0000000800c00000-0x0000000840c00000, reserved size: 1073741824
Narrow klass base: 0x0000000800000000, Narrow klass shift: 0, Narrow klass range: 0x100000000

GC Precious Log:
 CPUs: 8 total, 8 available
 Memory: 7991M
 Large Page Support: Disabled
 NUMA Support: Disabled
 Compressed Oops: Enabled (32-bit)
 Heap Region Size: 1M
 Heap Min Capacity: 8M
 Heap Initial Capacity: 126M
 Heap Max Capacity: 1998M
 Pre-touch: Disabled
 Parallel Workers: 8
 Concurrent Workers: 2
 Concurrent Refinement Workers: 8
 Periodic GC: Disabled

Heap:
 garbage-first heap   total 129024K, used 14885K [0x0000000083200000, 0x0000000100000000)
  region size 1024K, 3 young (3072K), 2 survivors (2048K)
 Metaspace       used 13546K, committed 13760K, reserved 1064960K
  class space    used 1030K, committed 1152K, reserved 1048576K

Heap Regions: E=young(eden), S=young(survivor), O=old, HS=humongous(starts), HC=humongous(continues), CS=collection set, F=free, OA=open archive, CA=closed archive, TAMS=top-at-mark-start (previous, next)
|   0|0x0000000083200000, 0x0000000083300000, 0x0000000083300000|100%|HS|  |TAMS 0x0000000083200000, 0x0000000083200000| Complete 
|   1|0x0000000083300000, 0x0000000083400000, 0x0000000083400000|100%|HC|  |TAMS 0x0000000083300000, 0x0000000083300000| Complete 
|   2|0x0000000083400000, 0x0000000083500000, 0x0000000083500000|100%|HC|  |TAMS 0x0000000083400000, 0x0000000083400000| Complete 
|   3|0x0000000083500000, 0x0000000083600000, 0x0000000083600000|100%|HC|  |TAMS 0x0000000083500000, 0x0000000083500000| Complete 
|   4|0x0000000083600000, 0x0000000083600000, 0x0000000083700000|  0%| F|  |TAMS 0x0000000083600000, 0x0000000083600000| Untracked 
|   5|0x0000000083700000, 0x0000000083700000, 0x0000000083800000|  0%| F|  |TAMS 0x0000000083700000, 0x0000000083700000| Untracked 
|   6|0x0000000083800000, 0x0000000083800000, 0x0000000083900000|  0%| F|  |TAMS 0x0000000083800000, 0x0000000083800000| Untracked 
|   7|0x0000000083900000, 0x0000000083900000, 0x0000000083a00000|  0%| F|  |TAMS 0x0000000083900000, 0x0000000083900000| Untracked 
|   8|0x0000000083a00000, 0x0000000083a00000, 0x0000000083b00000|  0%| F|  |TAMS 0x0000000083a00000, 0x0000000083a00000| Untracked 
|   9|0x0000000083b00000, 0x0000000083b00000, 0x0000000083c00000|  0%| F|  |TAMS 0x0000000083b00000, 0x0000000083b00000| Untracked 
|  10|0x0000000083c00000, 0x0000000083c00000, 0x0000000083d00000|  0%| F|  |TAMS 0x0000000083c00000, 0x0000000083c00000| Untracked 
|  11|0x0000000083d00000, 0x0000000083d00000, 0x0000000083e00000|  0%| F|  |TAMS 0x0000000083d00000, 0x0000000083d00000| Untracked 
|  12|0x0000000083e00000, 0x0000000083e00000, 0x0000000083f00000|  0%| F|  |TAMS 0x0000000083e00000, 0x0000000083e00000| Untracked 
|  13|0x0000000083f00000, 0x0000000083f00000, 0x0000000084000000|  0%| F|  |TAMS 0x0000000083f00000, 0x0000000083f00000| Untracked 
|  14|0x0000000084000000, 0x0000000084100000, 0x0000000084100000|100%|HS|  |TAMS 0x0000000084000000, 0x0000000084000000| Complete 
|  15|0x0000000084100000, 0x0000000084200000, 0x0000000084200000|100%|HC|  |TAMS 0x0000000084100000, 0x0000000084100000| Complete 
|  16|0x0000000084200000, 0x0000000084300000, 0x0000000084300000|100%|HC|  |TAMS 0x0000000084200000, 0x0000000084200000| Complete 
|  17|0x0000000084300000, 0x0000000084400000, 0x0000000084400000|100%|HC|  |TAMS 0x0000000084300000, 0x0000000084300000| Complete 
|  18|0x0000000084400000, 0x0000000084500000, 0x0000000084500000|100%|HS|  |TAMS 0x0000000084400000, 0x0000000084400000| Complete 
|  19|0x0000000084500000, 0x0000000084600000, 0x0000000084600000|100%|HC|  |TAMS 0x0000000084500000, 0x0000000084500000| Complete 
|  20|0x0000000084600000, 0x0000000084700000, 0x0000000084700000|100%| O|  |TAMS 0x0000000084600000, 0x0000000084600000| Untracked 
|  21|0x0000000084700000, 0x0000000084800000, 0x0000000084800000|100%| O|  |TAMS 0x0000000084700000, 0x0000000084700000| Untracked 
|  22|0x0000000084800000, 0x0000000084889600, 0x0000000084900000| 53%| O|  |TAMS 0x0000000084800000, 0x0000000084800000| Untracked 
|  23|0x0000000084900000, 0x0000000084900000, 0x0000000084a00000|  0%| F|  |TAMS 0x0000000084900000, 0x0000000084900000| Untracked 
|  24|0x0000000084a00000, 0x0000000084a00000, 0x0000000084b00000|  0%| F|  |TAMS 0x0000000084a00000, 0x0000000084a00000| Untracked 
|  25|0x0000000084b00000, 0x0000000084b00000, 0x0000000084c00000|  0%| F|  |TAMS 0x0000000084b00000, 0x0000000084b00000| Untracked 
|  26|0x0000000084c00000, 0x0000000084c00000, 0x0000000084d00000|  0%| F|  |TAMS 0x0000000084c00000, 0x0000000084c00000| Untracked 
|  27|0x0000000084d00000, 0x0000000084d00000, 0x0000000084e00000|  0%| F|  |TAMS 0x0000000084d00000, 0x0000000084d00000| Untracked 
|  28|0x0000000084e00000, 0x0000000084e00000, 0x0000000084f00000|  0%| F|  |TAMS 0x0000000084e00000, 0x0000000084e00000| Untracked 
|  29|0x0000000084f00000, 0x0000000084f00000, 0x0000000085000000|  0%| F|  |TAMS 0x0000000084f00000, 0x0000000084f00000| Untracked 
|  30|0x0000000085000000, 0x0000000085000000, 0x0000000085100000|  0%| F|  |TAMS 0x0000000085000000, 0x0000000085000000| Untracked 
|  31|0x0000000085100000, 0x0000000085100000, 0x0000000085200000|  0%| F|  |TAMS 0x0000000085100000, 0x0000000085100000| Untracked 
|  32|0x0000000085200000, 0x0000000085200000, 0x0000000085300000|  0%| F|  |TAMS 0x0000000085200000, 0x0000000085200000| Untracked 
|  33|0x0000000085300000, 0x0000000085300000, 0x0000000085400000|  0%| F|  |TAMS 0x0000000085300000, 0x0000000085300000| Untracked 
|  34|0x0000000085400000, 0x0000000085400000, 0x0000000085500000|  0%| F|  |TAMS 0x0000000085400000, 0x0000000085400000| Untracked 
|  35|0x0000000085500000, 0x0000000085500000, 0x0000000085600000|  0%| F|  |TAMS 0x0000000085500000, 0x0000000085500000| Untracked 
|  36|0x0000000085600000, 0x0000000085600000, 0x0000000085700000|  0%| F|  |TAMS 0x0000000085600000, 0x0000000085600000| Untracked 
|  37|0x0000000085700000, 0x0000000085700000, 0x0000000085800000|  0%| F|  |TAMS 0x0000000085700000, 0x0000000085700000| Untracked 
|  38|0x0000000085800000, 0x0000000085800000, 0x0000000085900000|  0%| F|  |TAMS 0x0000000085800000, 0x0000000085800000| Untracked 
|  39|0x0000000085900000, 0x0000000085900000, 0x0000000085a00000|  0%| F|  |TAMS 0x0000000085900000, 0x0000000085900000| Untracked 
|  40|0x0000000085a00000, 0x0000000085a00000, 0x0000000085b00000|  0%| F|  |TAMS 0x0000000085a00000, 0x0000000085a00000| Untracked 
|  41|0x0000000085b00000, 0x0000000085b00000, 0x0000000085c00000|  0%| F|  |TAMS 0x0000000085b00000, 0x0000000085b00000| Untracked 
|  42|0x0000000085c00000, 0x0000000085c00000, 0x0000000085d00000|  0%| F|  |TAMS 0x0000000085c00000, 0x0000000085c00000| Untracked 
|  43|0x0000000085d00000, 0x0000000085d00000, 0x0000000085e00000|  0%| F|  |TAMS 0x0000000085d00000, 0x0000000085d00000| Untracked 
|  44|0x0000000085e00000, 0x0000000085e00000, 0x0000000085f00000|  0%| F|  |TAMS 0x0000000085e00000, 0x0000000085e00000| Untracked 
|  45|0x0000000085f00000, 0x0000000085f00000, 0x0000000086000000|  0%| F|  |TAMS 0x0000000085f00000, 0x0000000085f00000| Untracked 
|  46|0x0000000086000000, 0x0000000086000000, 0x0000000086100000|  0%| F|  |TAMS 0x0000000086000000, 0x0000000086000000| Untracked 
|  47|0x0000000086100000, 0x0000000086100000, 0x0000000086200000|  0%| F|  |TAMS 0x0000000086100000, 0x0000000086100000| Untracked 
|  48|0x0000000086200000, 0x0000000086200000, 0x0000000086300000|  0%| F|  |TAMS 0x0000000086200000, 0x0000000086200000| Untracked 
|  49|0x0000000086300000, 0x0000000086300000, 0x0000000086400000|  0%| F|  |TAMS 0x0000000086300000, 0x0000000086300000| Untracked 
|  50|0x0000000086400000, 0x0000000086400000, 0x0000000086500000|  0%| F|  |TAMS 0x0000000086400000, 0x0000000086400000| Untracked 
|  51|0x0000000086500000, 0x0000000086500000, 0x0000000086600000|  0%| F|  |TAMS 0x0000000086500000, 0x0000000086500000| Untracked 
|  52|0x0000000086600000, 0x0000000086600000, 0x0000000086700000|  0%| F|  |TAMS 0x0000000086600000, 0x0000000086600000| Untracked 
|  53|0x0000000086700000, 0x0000000086700000, 0x0000000086800000|  0%| F|  |TAMS 0x0000000086700000, 0x0000000086700000| Untracked 
|  54|0x0000000086800000, 0x0000000086800000, 0x0000000086900000|  0%| F|  |TAMS 0x0000000086800000, 0x0000000086800000| Untracked 
|  55|0x0000000086900000, 0x0000000086900000, 0x0000000086a00000|  0%| F|  |TAMS 0x0000000086900000, 0x0000000086900000| Untracked 
|  56|0x0000000086a00000, 0x0000000086a00000, 0x0000000086b00000|  0%| F|  |TAMS 0x0000000086a00000, 0x0000000086a00000| Untracked 
|  57|0x0000000086b00000, 0x0000000086b00000, 0x0000000086c00000|  0%| F|  |TAMS 0x0000000086b00000, 0x0000000086b00000| Untracked 
|  58|0x0000000086c00000, 0x0000000086c00000, 0x0000000086d00000|  0%| F|  |TAMS 0x0000000086c00000, 0x0000000086c00000| Untracked 
|  59|0x0000000086d00000, 0x0000000086d00000, 0x0000000086e00000|  0%| F|  |TAMS 0x0000000086d00000, 0x0000000086d00000| Untracked 
|  60|0x0000000086e00000, 0x0000000086e00000, 0x0000000086f00000|  0%| F|  |TAMS 0x0000000086e00000, 0x0000000086e00000| Untracked 
|  61|0x0000000086f00000, 0x0000000086f00000, 0x0000000087000000|  0%| F|  |TAMS 0x0000000086f00000, 0x0000000086f00000| Untracked 
|  62|0x0000000087000000, 0x0000000087000000, 0x0000000087100000|  0%| F|  |TAMS 0x0000000087000000, 0x0000000087000000| Untracked 
|  63|0x0000000087100000, 0x0000000087100000, 0x0000000087200000|  0%| F|  |TAMS 0x0000000087100000, 0x0000000087100000| Untracked 
|  64|0x0000000087200000, 0x0000000087200000, 0x0000000087300000|  0%| F|  |TAMS 0x0000000087200000, 0x0000000087200000| Untracked 
|  65|0x0000000087300000, 0x0000000087300000, 0x0000000087400000|  0%| F|  |TAMS 0x0000000087300000, 0x0000000087300000| Untracked 
|  66|0x0000000087400000, 0x0000000087400000, 0x0000000087500000|  0%| F|  |TAMS 0x0000000087400000, 0x0000000087400000| Untracked 
|  67|0x0000000087500000, 0x0000000087500000, 0x0000000087600000|  0%| F|  |TAMS 0x0000000087500000, 0x0000000087500000| Untracked 
|  68|0x0000000087600000, 0x0000000087600000, 0x0000000087700000|  0%| F|  |TAMS 0x0000000087600000, 0x0000000087600000| Untracked 
|  69|0x0000000087700000, 0x0000000087700000, 0x0000000087800000|  0%| F|  |TAMS 0x0000000087700000, 0x0000000087700000| Untracked 
|  70|0x0000000087800000, 0x0000000087800000, 0x0000000087900000|  0%| F|  |TAMS 0x0000000087800000, 0x0000000087800000| Untracked 
|  71|0x0000000087900000, 0x0000000087900000, 0x0000000087a00000|  0%| F|  |TAMS 0x0000000087900000, 0x0000000087900000| Untracked 
|  72|0x0000000087a00000, 0x0000000087a00000, 0x0000000087b00000|  0%| F|  |TAMS 0x0000000087a00000, 0x0000000087a00000| Untracked 
|  73|0x0000000087b00000, 0x0000000087b00000, 0x0000000087c00000|  0%| F|  |TAMS 0x0000000087b00000, 0x0000000087b00000| Untracked 
|  74|0x0000000087c00000, 0x0000000087c00000, 0x0000000087d00000|  0%| F|  |TAMS 0x0000000087c00000, 0x0000000087c00000| Untracked 
|  75|0x0000000087d00000, 0x0000000087d00000, 0x0000000087e00000|  0%| F|  |TAMS 0x0000000087d00000, 0x0000000087d00000| Untracked 
|  76|0x0000000087e00000, 0x0000000087e00000, 0x0000000087f00000|  0%| F|  |TAMS 0x0000000087e00000, 0x0000000087e00000| Untracked 
|  77|0x0000000087f00000, 0x0000000087f00000, 0x0000000088000000|  0%| F|  |TAMS 0x0000000087f00000, 0x0000000087f00000| Untracked 
|  78|0x0000000088000000, 0x0000000088000000, 0x0000000088100000|  0%| F|  |TAMS 0x0000000088000000, 0x0000000088000000| Untracked 
|  79|0x0000000088100000, 0x0000000088100000, 0x0000000088200000|  0%| F|  |TAMS 0x0000000088100000, 0x0000000088100000| Untracked 
|  80|0x0000000088200000, 0x0000000088200000, 0x0000000088300000|  0%| F|  |TAMS 0x0000000088200000, 0x0000000088200000| Untracked 
|  81|0x0000000088300000, 0x0000000088300000, 0x0000000088400000|  0%| F|  |TAMS 0x0000000088300000, 0x0000000088300000| Untracked 
|  82|0x0000000088400000, 0x0000000088400000, 0x0000000088500000|  0%| F|  |TAMS 0x0000000088400000, 0x0000000088400000| Untracked 
|  83|0x0000000088500000, 0x0000000088500000, 0x0000000088600000|  0%| F|  |TAMS 0x0000000088500000, 0x0000000088500000| Untracked 
|  84|0x0000000088600000, 0x0000000088600000, 0x0000000088700000|  0%| F|  |TAMS 0x0000000088600000, 0x0000000088600000| Untracked 
|  85|0x0000000088700000, 0x0000000088700000, 0x0000000088800000|  0%| F|  |TAMS 0x0000000088700000, 0x0000000088700000| Untracked 
|  86|0x0000000088800000, 0x0000000088800000, 0x0000000088900000|  0%| F|  |TAMS 0x0000000088800000, 0x0000000088800000| Untracked 
|  87|0x0000000088900000, 0x0000000088900000, 0x0000000088a00000|  0%| F|  |TAMS 0x0000000088900000, 0x0000000088900000| Untracked 
|  88|0x0000000088a00000, 0x0000000088a00000, 0x0000000088b00000|  0%| F|  |TAMS 0x0000000088a00000, 0x0000000088a00000| Untracked 
|  89|0x0000000088b00000, 0x0000000088c00000, 0x0000000088c00000|100%| S|CS|TAMS 0x0000000088b00000, 0x0000000088b00000| Complete 
|  90|0x0000000088c00000, 0x0000000088d00000, 0x0000000088d00000|100%| S|CS|TAMS 0x0000000088c00000, 0x0000000088c00000| Complete 
|  91|0x0000000088d00000, 0x0000000088d00000, 0x0000000088e00000|  0%| F|  |TAMS 0x0000000088d00000, 0x0000000088d00000| Untracked 
|  92|0x0000000088e00000, 0x0000000088e00000, 0x0000000088f00000|  0%| F|  |TAMS 0x0000000088e00000, 0x0000000088e00000| Untracked 
|  93|0x0000000088f00000, 0x0000000088f00000, 0x0000000089000000|  0%| F|  |TAMS 0x0000000088f00000, 0x0000000088f00000| Untracked 
|  94|0x0000000089000000, 0x0000000089000000, 0x0000000089100000|  0%| F|  |TAMS 0x0000000089000000, 0x0000000089000000| Untracked 
|  95|0x0000000089100000, 0x0000000089100000, 0x0000000089200000|  0%| F|  |TAMS 0x0000000089100000, 0x0000000089100000| Untracked 
|  96|0x0000000089200000, 0x0000000089200000, 0x0000000089300000|  0%| F|  |TAMS 0x0000000089200000, 0x0000000089200000| Untracked 
|  97|0x0000000089300000, 0x0000000089300000, 0x0000000089400000|  0%| F|  |TAMS 0x0000000089300000, 0x0000000089300000| Untracked 
|  98|0x0000000089400000, 0x0000000089400000, 0x0000000089500000|  0%| F|  |TAMS 0x0000000089400000, 0x0000000089400000| Untracked 
|  99|0x0000000089500000, 0x0000000089500000, 0x0000000089600000|  0%| F|  |TAMS 0x0000000089500000, 0x0000000089500000| Untracked 
| 100|0x0000000089600000, 0x0000000089600000, 0x0000000089700000|  0%| F|  |TAMS 0x0000000089600000, 0x0000000089600000| Untracked 
| 101|0x0000000089700000, 0x0000000089700000, 0x0000000089800000|  0%| F|  |TAMS 0x0000000089700000, 0x0000000089700000| Untracked 
| 102|0x0000000089800000, 0x0000000089800000, 0x0000000089900000|  0%| F|  |TAMS 0x0000000089800000, 0x0000000089800000| Untracked 
| 103|0x0000000089900000, 0x0000000089900000, 0x0000000089a00000|  0%| F|  |TAMS 0x0000000089900000, 0x0000000089900000| Untracked 
| 104|0x0000000089a00000, 0x0000000089a00000, 0x0000000089b00000|  0%| F|  |TAMS 0x0000000089a00000, 0x0000000089a00000| Untracked 
| 105|0x0000000089b00000, 0x0000000089b00000, 0x0000000089c00000|  0%| F|  |TAMS 0x0000000089b00000, 0x0000000089b00000| Untracked 
| 106|0x0000000089c00000, 0x0000000089c00000, 0x0000000089d00000|  0%| F|  |TAMS 0x0000000089c00000, 0x0000000089c00000| Untracked 
| 107|0x0000000089d00000, 0x0000000089d00000, 0x0000000089e00000|  0%| F|  |TAMS 0x0000000089d00000, 0x0000000089d00000| Untracked 
| 108|0x0000000089e00000, 0x0000000089e00000, 0x0000000089f00000|  0%| F|  |TAMS 0x0000000089e00000, 0x0000000089e00000| Untracked 
| 109|0x0000000089f00000, 0x0000000089f00000, 0x000000008a000000|  0%| F|  |TAMS 0x0000000089f00000, 0x0000000089f00000| Untracked 
| 110|0x000000008a000000, 0x000000008a000000, 0x000000008a100000|  0%| F|  |TAMS 0x000000008a000000, 0x000000008a000000| Untracked 
| 111|0x000000008a100000, 0x000000008a100000, 0x000000008a200000|  0%| F|  |TAMS 0x000000008a100000, 0x000000008a100000| Untracked 
| 112|0x000000008a200000, 0x000000008a200000, 0x000000008a300000|  0%| F|  |TAMS 0x000000008a200000, 0x000000008a200000| Untracked 
| 113|0x000000008a300000, 0x000000008a300000, 0x000000008a400000|  0%| F|  |TAMS 0x000000008a300000, 0x000000008a300000| Untracked 
| 114|0x000000008a400000, 0x000000008a400000, 0x000000008a500000|  0%| F|  |TAMS 0x000000008a400000, 0x000000008a400000| Untracked 
| 115|0x000000008a500000, 0x000000008a500000, 0x000000008a600000|  0%| F|  |TAMS 0x000000008a500000, 0x000000008a500000| Untracked 
| 116|0x000000008a600000, 0x000000008a600000, 0x000000008a700000|  0%| F|  |TAMS 0x000000008a600000, 0x000000008a600000| Untracked 
| 117|0x000000008a700000, 0x000000008a700000, 0x000000008a800000|  0%| F|  |TAMS 0x000000008a700000, 0x000000008a700000| Untracked 
| 118|0x000000008a800000, 0x000000008a800000, 0x000000008a900000|  0%| F|  |TAMS 0x000000008a800000, 0x000000008a800000| Untracked 
| 119|0x000000008a900000, 0x000000008a900000, 0x000000008aa00000|  0%| F|  |TAMS 0x000000008a900000, 0x000000008a900000| Untracked 
| 120|0x000000008aa00000, 0x000000008aa00000, 0x000000008ab00000|  0%| F|  |TAMS 0x000000008aa00000, 0x000000008aa00000| Untracked 
| 121|0x000000008ab00000, 0x000000008ab00000, 0x000000008ac00000|  0%| F|  |TAMS 0x000000008ab00000, 0x000000008ab00000| Untracked 
| 122|0x000000008ac00000, 0x000000008ac00000, 0x000000008ad00000|  0%| F|  |TAMS 0x000000008ac00000, 0x000000008ac00000| Untracked 
| 123|0x000000008ad00000, 0x000000008ad00000, 0x000000008ae00000|  0%| F|  |TAMS 0x000000008ad00000, 0x000000008ad00000| Untracked 
| 124|0x000000008ae00000, 0x000000008ae00000, 0x000000008af00000|  0%| F|  |TAMS 0x000000008ae00000, 0x000000008ae00000| Untracked 
| 125|0x000000008af00000, 0x000000008affea70, 0x000000008b000000| 99%| E|  |TAMS 0x000000008af00000, 0x000000008af00000| Complete 

Card table byte_map: [0x00000288fa180000,0x00000288fa570000] _byte_map_base: 0x00000288f9d67000

Marking Bits (Prev, Next): (CMBitMap*) 0x00000288f2229130, (CMBitMap*) 0x00000288f2229170
 Prev Bits: [0x00000288fa960000, 0x00000288fc898000)
 Next Bits: [0x00000288fc8a0000, 0x00000288fe7d8000)

Polling page: 0x00000288f0000000

Metaspace:

Usage:
  Non-class:     12.22 MB used.
      Class:      1.01 MB used.
       Both:     13.23 MB used.

Virtual space:
  Non-class space:       16.00 MB reserved,      12.31 MB ( 77%) committed,  2 nodes.
      Class space:        1.00 GB reserved,       1.12 MB ( <1%) committed,  1 nodes.
             Both:        1.02 GB reserved,      13.44 MB (  1%) committed. 

Chunk freelists:
   Non-Class:  3.38 MB
       Class:  2.86 MB
        Both:  6.23 MB

MaxMetaspaceSize: unlimited
CompressedClassSpaceSize: 1.00 GB
Initial GC threshold: 21.00 MB
Current GC threshold: 21.00 MB
CDS: on
MetaspaceReclaimPolicy: balanced
 - commit_granule_bytes: 65536.
 - commit_granule_words: 8192.
 - virtual_space_node_default_size: 1048576.
 - enlarge_chunks_in_place: 1.
 - new_chunks_are_fully_committed: 0.
 - uncommit_free_chunks: 1.
 - use_allocation_guard: 0.
 - handle_deallocations: 1.


Internal statistics:

num_allocs_failed_limit: 0.
num_arena_births: 126.
num_arena_deaths: 0.
num_vsnodes_births: 3.
num_vsnodes_deaths: 0.
num_space_committed: 211.
num_space_uncommitted: 0.
num_chunks_returned_to_freelist: 0.
num_chunks_taken_from_freelist: 418.
num_chunk_merges: 0.
num_chunk_splits: 331.
num_chunks_enlarged: 264.
num_purges: 0.
num_inconsistent_stats: 0.

CodeHeap 'non-profiled nmethods': size=120000Kb used=506Kb max_used=506Kb free=119494Kb
 bounds [0x0000028887ad0000, 0x0000028887d40000, 0x000002888f000000]
CodeHeap 'profiled nmethods': size=120000Kb used=2836Kb max_used=2836Kb free=117163Kb
 bounds [0x0000028880000000, 0x00000288802d0000, 0x0000028887530000]
CodeHeap 'non-nmethods': size=5760Kb used=1611Kb max_used=1627Kb free=4149Kb
 bounds [0x0000028887530000, 0x00000288877a0000, 0x0000028887ad0000]
 total_blobs=2359 nmethods=1423 adapters=849
 compilation: enabled
              stopped_count=0, restarted_count=0
 full_count=0

Compilation events (20 events):
Event: 18.864 Thread 0x00000288ff1dfa90 1414       3       java.util.HashSet::toArray (18 bytes)
Event: 18.864 Thread 0x00000288ff1dfa90 nmethod 1414 0x00000288802c0890 code [0x00000288802c0a40, 0x00000288802c0d68]
Event: 18.864 Thread 0x00000288ff1dfa90 1415   !   3       jogamp.opengl.GLDrawableImpl::swapBuffers (138 bytes)
Event: 18.865 Thread 0x00000288ff1dfa90 nmethod 1415 0x00000288802c0e90 code [0x00000288802c1140, 0x00000288802c2158]
Event: 18.865 Thread 0x00000288ff1dfa90 1416       3       jogamp.opengl.windows.wgl.WindowsWGLDrawable::swapBuffersImpl (153 bytes)
Event: 18.866 Thread 0x00000288ff1dfa90 nmethod 1416 0x00000288802c2790 code [0x00000288802c2980, 0x00000288802c2eb8]
Event: 18.866 Thread 0x00000288ff1dfa90 1411   !   3       processing.core.PApplet::dequeueEvents (97 bytes)
Event: 18.866 Thread 0x00000288ff1dfa90 nmethod 1411 0x00000288802c3090 code [0x00000288802c32c0, 0x00000288802c3cc8]
Event: 19.623 Thread 0x00000288ff1deff0 1417       4       jogamp.newt.DefaultEDTUtil::access$100 (4 bytes)
Event: 19.626 Thread 0x00000288ff1deff0 nmethod 1417 0x0000028887b4cb10 code [0x0000028887b4cc80, 0x0000028887b4ccf8]
Event: 19.782 Thread 0x00000288ff1deff0 1418   !   4       java.nio.DirectIntBufferU::get (34 bytes)
Event: 19.785 Thread 0x00000288ff1deff0 nmethod 1418 0x0000028887b4ce10 code [0x0000028887b4cf80, 0x0000028887b4d078]
Event: 26.191 Thread 0x00000288ff1dfa90 1420   !   3       jogamp.nativewindow.SurfaceUpdatedHelper::surfaceUpdated (76 bytes)
Event: 26.192 Thread 0x00000288ff1dfa90 nmethod 1420 0x00000288802c4090 code [0x00000288802c42a0, 0x00000288802c4c98]
Event: 36.162 Thread 0x00000288ff1deff0 1421       4       ddf.minim.javasound.FloatSampleBuffer::makeSilence (61 bytes)
Event: 36.189 Thread 0x00000288ff1deff0 nmethod 1421 0x0000028887b4d610 code [0x0000028887b4d7a0, 0x0000028887b4db18]
Event: 36.837 Thread 0x00000288ff1deff0 1422       4       ddf.minim.MultiChannelBuffer::setChannel (17 bytes)
Event: 36.840 Thread 0x00000288ff1deff0 nmethod 1422 0x0000028887b4de10 code [0x0000028887b4dfa0, 0x0000028887b4e0f8]
Event: 36.840 Thread 0x00000288ff1deff0 1423  s    4       ddf.minim.MAudioBuffer::set (65 bytes)
Event: 36.843 Thread 0x00000288ff1deff0 nmethod 1423 0x0000028887b4e290 code [0x0000028887b4e400, 0x0000028887b4e6f8]

GC Heap History (4 events):
Event: 5.056 GC heap before
{Heap before GC invocations=0 (full 0):
 garbage-first heap   total 129024K, used 25600K [0x0000000083200000, 0x0000000100000000)
  region size 1024K, 23 young (23552K), 0 survivors (0K)
 Metaspace       used 11254K, committed 11456K, reserved 1064960K
  class space    used 814K, committed 896K, reserved 1048576K
}
Event: 5.088 GC heap after
{Heap after GC invocations=1 (full 0):
 garbage-first heap   total 129024K, used 2730K [0x0000000083200000, 0x0000000100000000)
  region size 1024K, 3 young (3072K), 3 survivors (3072K)
 Metaspace       used 11254K, committed 11456K, reserved 1064960K
  class space    used 814K, committed 896K, reserved 1048576K
}
Event: 44.963 GC heap before
{Heap before GC invocations=1 (full 0):
 garbage-first heap   total 129024K, used 54954K [0x0000000083200000, 0x0000000100000000)
  region size 1024K, 35 young (35840K), 3 survivors (3072K)
 Metaspace       used 13546K, committed 13760K, reserved 1064960K
  class space    used 1030K, committed 1152K, reserved 1048576K
}
Event: 45.042 GC heap after
{Heap after GC invocations=2 (full 0):
 garbage-first heap   total 129024K, used 14885K [0x0000000083200000, 0x0000000100000000)
  region size 1024K, 2 young (2048K), 2 survivors (2048K)
 Metaspace       used 13546K, committed 13760K, reserved 1064960K
  class space    used 1030K, committed 1152K, reserved 1048576K
}

Deoptimization events (20 events):
Event: 45.961 Thread 0x0000028893148ff0 DEOPT PACKING pc=0x000002888028c859 sp=0x000000b3d39fec40
Event: 45.961 Thread 0x0000028893148ff0 DEOPT UNPACKING pc=0x00000288875866e3 sp=0x000000b3d39fe130 mode 1
Event: 45.961 Thread 0x0000028893148ff0 DEOPT PACKING pc=0x000002888026a5f4 sp=0x000000b3d39fecd0
Event: 45.961 Thread 0x0000028893148ff0 DEOPT UNPACKING pc=0x00000288875866e3 sp=0x000000b3d39fe178 mode 1
Event: 45.977 Thread 0x0000028893148ff0 DEOPT PACKING pc=0x000002888028c859 sp=0x000000b3d39fec40
Event: 45.977 Thread 0x0000028893148ff0 DEOPT UNPACKING pc=0x00000288875866e3 sp=0x000000b3d39fe130 mode 1
Event: 45.977 Thread 0x0000028893148ff0 DEOPT PACKING pc=0x000002888026a5f4 sp=0x000000b3d39fecd0
Event: 45.977 Thread 0x0000028893148ff0 DEOPT UNPACKING pc=0x00000288875866e3 sp=0x000000b3d39fe178 mode 1
Event: 45.995 Thread 0x0000028893148ff0 DEOPT PACKING pc=0x000002888028c859 sp=0x000000b3d39fec40
Event: 45.995 Thread 0x0000028893148ff0 DEOPT UNPACKING pc=0x00000288875866e3 sp=0x000000b3d39fe130 mode 1
Event: 45.995 Thread 0x0000028893148ff0 DEOPT PACKING pc=0x000002888026a5f4 sp=0x000000b3d39fecd0
Event: 45.995 Thread 0x0000028893148ff0 DEOPT UNPACKING pc=0x00000288875866e3 sp=0x000000b3d39fe178 mode 1
Event: 46.012 Thread 0x0000028893148ff0 DEOPT PACKING pc=0x000002888028c859 sp=0x000000b3d39fec40
Event: 46.012 Thread 0x0000028893148ff0 DEOPT UNPACKING pc=0x00000288875866e3 sp=0x000000b3d39fe130 mode 1
Event: 46.012 Thread 0x0000028893148ff0 DEOPT PACKING pc=0x000002888026a5f4 sp=0x000000b3d39fecd0
Event: 46.012 Thread 0x0000028893148ff0 DEOPT UNPACKING pc=0x00000288875866e3 sp=0x000000b3d39fe178 mode 1
Event: 46.029 Thread 0x0000028893148ff0 DEOPT PACKING pc=0x000002888028c859 sp=0x000000b3d39fec40
Event: 46.029 Thread 0x0000028893148ff0 DEOPT UNPACKING pc=0x00000288875866e3 sp=0x000000b3d39fe130 mode 1
Event: 46.029 Thread 0x0000028893148ff0 DEOPT PACKING pc=0x000002888026a5f4 sp=0x000000b3d39fecd0
Event: 46.029 Thread 0x0000028893148ff0 DEOPT UNPACKING pc=0x00000288875866e3 sp=0x000000b3d39fe178 mode 1

Classes unloaded (0 events):
No events

Classes redefined (0 events):
No events

Internal exceptions (16 events):
Event: 1.306 Thread 0x00000288f21cfd40 Exception <a 'java/lang/ClassNotFoundException'{0x000000008ad84918}: sun/awt/resources/spi/awtProvider> (0x000000008ad84918) 
thrown [s\open\src\hotspot\share\classfile\systemDictionary.cpp, line 256]
Event: 1.419 Thread 0x00000288f21cfd40 Exception <a 'java/io/FileNotFoundException'{0x000000008adda7f0}> (0x000000008adda7f0) 
thrown [s\open\src\hotspot\share\prims\jni.cpp, line 516]
Event: 1.487 Thread 0x00000288f21cfd40 Exception <a 'java/io/FileNotFoundException'{0x000000008ac07c00}> (0x000000008ac07c00) 
thrown [s\open\src\hotspot\share\prims\jni.cpp, line 516]
Event: 1.814 Thread 0x00000288f21cfd40 Exception <a 'java/lang/NoSuchMethodError'{0x000000008ac970b0}: 'java.lang.Object java.lang.invoke.DirectMethodHandle$Holder.invokeStaticInit(java.lang.Object)'> (0x000000008ac970b0) 
thrown [s\open\src\hotspot\share\interpreter\linkResolver.cpp, line 759]
Event: 2.388 Thread 0x00000288f21cfd40 Exception <a 'java/lang/NoSuchMethodError'{0x000000008a8ce280}: 'java.lang.Object java.lang.invoke.DirectMethodHandle$Holder.invokeStaticInit(java.lang.Object, int, int, int, int)'> (0x000000008a8ce280) 
thrown [s\open\src\hotspot\share\interpreter\linkResolver.cpp, line 759]
Event: 2.662 Thread 0x00000288f21cfd40 Exception <a 'java/lang/NoSuchMethodError'{0x000000008a7736d8}: 'java.lang.Object java.lang.invoke.DirectMethodHandle$Holder.invokeStaticInit(java.lang.Object, java.lang.Object, int, int, int, int)'> (0x000000008a7736d8) 
thrown [s\open\src\hotspot\share\interpreter\linkResolver.cpp, line 759]
Event: 2.734 Thread 0x00000288f21cfd40 Exception <a 'java/lang/NoSuchMethodError'{0x000000008a77f4f0}: 'void java.lang.invoke.DirectMethodHandle$Holder.invokeStatic(java.lang.Object, long)'> (0x000000008a77f4f0) 
thrown [s\open\src\hotspot\share\interpreter\linkResolver.cpp, line 759]
Event: 2.736 Thread 0x00000288f21cfd40 Exception <a 'java/lang/NoSuchMethodError'{0x000000008a784ad0}: 'java.lang.Object java.lang.invoke.DirectMethodHandle$Holder.newInvokeSpecial(java.lang.Object, long)'> (0x000000008a784ad0) 
thrown [s\open\src\hotspot\share\interpreter\linkResolver.cpp, line 759]
Event: 2.743 Thread 0x00000288f21cfd40 Exception <a 'java/lang/NoSuchMethodError'{0x000000008a78bd28}: 'java.lang.Object java.lang.invoke.DirectMethodHandle$Holder.invokeStatic(java.lang.Object, java.lang.Object, long, java.lang.Object)'> (0x000000008a78bd28) 
thrown [s\open\src\hotspot\share\interpreter\linkResolver.cpp, line 759]
Event: 2.748 Thread 0x00000288f21cfd40 Exception <a 'java/lang/NoSuchMethodError'{0x000000008a78f7c0}: 'java.lang.Object java.lang.invoke.DirectMethodHandle$Holder.invokeStaticInit(java.lang.Object, java.lang.Object, long, java.lang.Object)'> (0x000000008a78f7c0) 
thrown [s\open\src\hotspot\share\interpreter\linkResolver.cpp, line 759]
Event: 2.754 Thread 0x00000288f21cfd40 Exception <a 'java/lang/NoSuchMethodError'{0x000000008a795d80}: 'java.lang.Object java.lang.invoke.DirectMethodHandle$Holder.newInvokeSpecial(java.lang.Object, java.lang.Object, long)'> (0x000000008a795d80) 
thrown [s\open\src\hotspot\share\interpreter\linkResolver.cpp, line 759]
Event: 2.755 Thread 0x00000288f21cfd40 Exception <a 'java/lang/NoSuchMethodError'{0x000000008a7998f0}: 'java.lang.Object java.lang.invoke.Invokers$Holder.linkToTargetMethod(java.lang.Object, long, java.lang.Object)'> (0x000000008a7998f0) 
thrown [s\open\src\hotspot\share\interpreter\linkResolver.cpp, line 759]
Event: 3.248 Thread 0x00000288f21cfd40 Exception <a 'java/lang/NoSuchMethodError'{0x000000008a517828}: 'java.lang.Object java.lang.invoke.DirectMethodHandle$Holder.invokeInterface(java.lang.Object, java.lang.Object)'> (0x000000008a517828) 
thrown [s\open\src\hotspot\share\interpreter\linkResolver.cpp, line 759]
Event: 3.249 Thread 0x00000288f21cfd40 Exception <a 'java/lang/IncompatibleClassChangeError'{0x000000008a51b020}: Found class java.lang.Object, but interface was expected> (0x000000008a51b020) 
thrown [s\open\src\hotspot\share\interpreter\linkResolver.cpp, line 826]
Event: 6.814 Thread 0x0000028893148ff0 Exception <a 'java/lang/NoSuchMethodError'{0x000000008a2dc820}: 'java.lang.Object java.lang.invoke.DirectMethodHandle$Holder.invokeStatic(java.lang.Object, float)'> (0x000000008a2dc820) 
thrown [s\open\src\hotspot\share\interpreter\linkResolver.cpp, line 759]
Event: 6.864 Thread 0x0000028893148ff0 Exception <a 'java/lang/NoSuchMethodError'{0x000000008a168040}: 'int java.lang.invoke.DirectMethodHandle$Holder.invokeSpecial(java.lang.Object, java.lang.Object, java.lang.Object)'> (0x000000008a168040) 
thrown [s\open\src\hotspot\share\interpreter\linkResolver.cpp, line 759]

VM Operations (20 events):
Event: 7.860 Executing VM operation: Cleanup
Event: 7.860 Executing VM operation: Cleanup done
Event: 8.861 Executing VM operation: Cleanup
Event: 8.861 Executing VM operation: Cleanup done
Event: 9.862 Executing VM operation: Cleanup
Event: 9.862 Executing VM operation: Cleanup done
Event: 12.862 Executing VM operation: Cleanup
Event: 12.863 Executing VM operation: Cleanup done
Event: 13.863 Executing VM operation: Cleanup
Event: 13.863 Executing VM operation: Cleanup done
Event: 14.864 Executing VM operation: Cleanup
Event: 14.864 Executing VM operation: Cleanup done
Event: 16.865 Executing VM operation: Cleanup
Event: 16.865 Executing VM operation: Cleanup done
Event: 18.865 Executing VM operation: Cleanup
Event: 18.865 Executing VM operation: Cleanup done
Event: 19.865 Executing VM operation: Cleanup
Event: 19.865 Executing VM operation: Cleanup done
Event: 44.955 Executing VM operation: G1CollectForAllocation
Event: 45.044 Executing VM operation: G1CollectForAllocation done

Events (20 events):
Event: 7.089 loading class javax/sound/sampled/Control$Type done
Event: 7.089 loading class javax/sound/sampled/FloatControl$Type done
Event: 7.089 loading class com/sun/media/sound/DirectAudioDevice$DirectDL$Mute
Event: 7.089 loading class javax/sound/sampled/BooleanControl
Event: 7.089 loading class javax/sound/sampled/BooleanControl done
Event: 7.089 loading class com/sun/media/sound/DirectAudioDevice$DirectDL$Mute done
Event: 7.089 loading class javax/sound/sampled/BooleanControl$Type
Event: 7.090 loading class javax/sound/sampled/BooleanControl$Type done
Event: 7.090 loading class com/sun/media/sound/DirectAudioDevice$DirectDL$Balance
Event: 7.090 loading class com/sun/media/sound/DirectAudioDevice$DirectDL$Balance done
Event: 7.090 loading class com/sun/media/sound/DirectAudioDevice$DirectDL$Pan
Event: 7.090 loading class com/sun/media/sound/DirectAudioDevice$DirectDL$Pan done
Event: 7.090 loading class javax/sound/sampled/LineEvent
Event: 7.090 loading class javax/sound/sampled/LineEvent done
Event: 7.090 loading class javax/sound/sampled/LineEvent$Type
Event: 7.090 loading class javax/sound/sampled/LineEvent$Type done
Event: 7.090 loading class com/sun/media/sound/EventDispatcher
Event: 7.091 loading class com/sun/media/sound/EventDispatcher done
Event: 7.091 Thread 0x000002889323c760 Thread added: 0x000002889323c760
Event: 7.202 Thread 0x000002889332fa80 Thread added: 0x000002889332fa80


Dynamic libraries:
0x00007ff67b920000 - 0x00007ff67b930000 	C:\Program Files\Java\jdk-17\bin\java.exe
0x00007ffe011b0000 - 0x00007ffe013a8000 	C:\Windows\SYSTEM32\ntdll.dll
0x00007ffdff2f0000 - 0x00007ffdff3af000 	C:\Windows\System32\KERNEL32.DLL
0x00007ffdfe8c0000 - 0x00007ffdfeb9a000 	C:\Windows\System32\KERNELBASE.dll
0x00007ffdfeba0000 - 0x00007ffdfeca0000 	C:\Windows\System32\ucrtbase.dll
0x00007ffdd6770000 - 0x00007ffdd678b000 	C:\Program Files\Java\jdk-17\bin\VCRUNTIME140.dll
0x00007ffdd5f30000 - 0x00007ffdd5f48000 	C:\Program Files\Java\jdk-17\bin\jli.dll
0x00007ffe00eb0000 - 0x00007ffe00f5e000 	C:\Windows\System32\ADVAPI32.dll
0x00007ffe00d50000 - 0x00007ffe00dee000 	C:\Windows\System32\msvcrt.dll
0x00007ffdffac0000 - 0x00007ffdffb5c000 	C:\Windows\System32\sechost.dll
0x00007ffdff4d0000 - 0x00007ffdff5f6000 	C:\Windows\System32\RPCRT4.dll
0x00007ffe00450000 - 0x00007ffe005ed000 	C:\Windows\System32\USER32.dll
0x00007ffdeb5f0000 - 0x00007ffdeb88a000 	C:\Windows\WinSxS\amd64_microsoft.windows.common-controls_6595b64144ccf1df_6.0.19041.1110_none_60b5254171f9507e\COMCTL32.dll
0x00007ffdff070000 - 0x00007ffdff092000 	C:\Windows\System32\win32u.dll
0x00007ffe01140000 - 0x00007ffe0116b000 	C:\Windows\System32\GDI32.dll
0x00007ffdfed10000 - 0x00007ffdfee20000 	C:\Windows\System32\gdi32full.dll
0x00007ffdfefd0000 - 0x00007ffdff06d000 	C:\Windows\System32\msvcp_win.dll
0x00007ffdf5920000 - 0x00007ffdf592a000 	C:\Windows\SYSTEM32\VERSION.dll
0x00007ffdffa80000 - 0x00007ffdffab0000 	C:\Windows\System32\IMM32.DLL
0x00007ffde1400000 - 0x00007ffde140c000 	C:\Program Files\Java\jdk-17\bin\vcruntime140_1.dll
0x00007ffdb8cb0000 - 0x00007ffdb8d3e000 	C:\Program Files\Java\jdk-17\bin\msvcp140.dll
0x00007ffd9d260000 - 0x00007ffd9de37000 	C:\Program Files\Java\jdk-17\bin\server\jvm.dll
0x00007ffdff3b0000 - 0x00007ffdff3b8000 	C:\Windows\System32\PSAPI.DLL
0x00007ffdeaea0000 - 0x00007ffdeaec7000 	C:\Windows\SYSTEM32\WINMM.dll
0x00007ffdeb890000 - 0x00007ffdeb899000 	C:\Windows\SYSTEM32\WSOCK32.dll
0x00007ffdffa10000 - 0x00007ffdffa7b000 	C:\Windows\System32\WS2_32.dll
0x00007ffdfd0d0000 - 0x00007ffdfd0e2000 	C:\Windows\SYSTEM32\kernel.appcore.dll
0x00007ffdd9c10000 - 0x00007ffdd9c1a000 	C:\Program Files\Java\jdk-17\bin\jimage.dll
0x00007ffdfc430000 - 0x00007ffdfc614000 	C:\Windows\SYSTEM32\DBGHELP.DLL
0x00007ffde3ff0000 - 0x00007ffde4024000 	C:\Windows\SYSTEM32\dbgcore.DLL
0x00007ffdff0d0000 - 0x00007ffdff152000 	C:\Windows\System32\bcryptPrimitives.dll
0x00007ffdd5e60000 - 0x00007ffdd5e9b000 	C:\Program Files\Java\jdk-17\bin\jdwp.dll
0x00007ffdd5f00000 - 0x00007ffdd5f25000 	C:\Program Files\Java\jdk-17\bin\java.dll
0x00007ffda22b0000 - 0x00007ffda2387000 	C:\Program Files\Java\jdk-17\bin\jsvml.dll
0x00007ffe005f0000 - 0x00007ffe00d34000 	C:\Windows\System32\SHELL32.dll
0x00007ffdfc920000 - 0x00007ffdfd0b3000 	C:\Windows\SYSTEM32\windows.storage.dll
0x00007ffdffc80000 - 0x00007ffdfffd4000 	C:\Windows\System32\combase.dll
0x00007ffdfe320000 - 0x00007ffdfe34e000 	C:\Windows\SYSTEM32\Wldp.dll
0x00007ffe01090000 - 0x00007ffe0113d000 	C:\Windows\System32\SHCORE.dll
0x00007ffdff600000 - 0x00007ffdff655000 	C:\Windows\System32\shlwapi.dll
0x00007ffdfe800000 - 0x00007ffdfe81f000 	C:\Windows\SYSTEM32\profapi.dll
0x00007ffdd9b90000 - 0x00007ffdd9b9c000 	C:\Program Files\Java\jdk-17\bin\dt_socket.dll
0x00007ffdfdd20000 - 0x00007ffdfdd5c000 	C:\Windows\SYSTEM32\IPHLPAPI.DLL
0x00007ffdfe080000 - 0x00007ffdfe0ea000 	C:\Windows\system32\mswsock.dll
0x00007ffdfdd60000 - 0x00007ffdfde2b000 	C:\Windows\SYSTEM32\DNSAPI.dll
0x00007ffe00d40000 - 0x00007ffe00d48000 	C:\Windows\System32\NSI.dll
0x00007ffdf6430000 - 0x00007ffdf643a000 	C:\Windows\System32\rasadhlp.dll
0x00007ffdf2540000 - 0x00007ffdf25c0000 	C:\Windows\System32\fwpuclnt.dll
0x00007ffdff0a0000 - 0x00007ffdff0c7000 	C:\Windows\System32\bcrypt.dll
0x00007ffdd5e40000 - 0x00007ffdd5e59000 	C:\Program Files\Java\jdk-17\bin\net.dll
0x00007ffdf8670000 - 0x00007ffdf877a000 	C:\Windows\SYSTEM32\WINHTTP.dll
0x00007ffdd5e20000 - 0x00007ffdd5e36000 	C:\Program Files\Java\jdk-17\bin\nio.dll
0x00007ffdd1770000 - 0x00007ffdd1788000 	C:\Program Files\Java\jdk-17\bin\zip.dll
0x00007ffd9ed80000 - 0x00007ffd9ef11000 	C:\Program Files\Java\jdk-17\bin\awt.dll
0x00007ffdff660000 - 0x00007ffdff72d000 	C:\Windows\System32\OLEAUT32.dll
0x00007ffdfbda0000 - 0x00007ffdfbe30000 	C:\Windows\SYSTEM32\apphelp.dll
0x00007ffdfbea0000 - 0x00007ffdfbf3e000 	C:\Windows\system32\uxtheme.dll
0x00007ffdffb60000 - 0x00007ffdffc74000 	C:\Windows\System32\MSCTF.dll
0x00007ffdff730000 - 0x00007ffdff85a000 	C:\Windows\System32\ole32.dll
0x00007ffdfbfa0000 - 0x00007ffdfbfcf000 	C:\Windows\system32\DWMAPI.DLL
0x00007ffde9d00000 - 0x00007ffde9e25000 	C:\Windows\system32\opengl32.dll
0x00007ffdf01d0000 - 0x00007ffdf01fc000 	C:\Windows\SYSTEM32\GLU32.dll
0x00007ffdfe270000 - 0x00007ffdfe288000 	C:\Windows\SYSTEM32\CRYPTSP.dll
0x00007ffdfd910000 - 0x00007ffdfd944000 	C:\Windows\system32\rsaenh.dll
0x00007ffdfe780000 - 0x00007ffdfe7ae000 	C:\Windows\SYSTEM32\USERENV.dll
0x00007ffdfe290000 - 0x00007ffdfe29c000 	C:\Windows\SYSTEM32\CRYPTBASE.dll
0x00007ffdf42b0000 - 0x00007ffdf42c7000 	C:\Windows\SYSTEM32\dhcpcsvc6.DLL
0x00007ffdf4290000 - 0x00007ffdf42ad000 	C:\Windows\SYSTEM32\dhcpcsvc.DLL
0x000000006e8c0000 - 0x000000006e8cd000 	C:\Users\bakht\AppData\Local\Temp\jogamp_0000\file_cache\jln5495711572924877260\jln11324993069119109793\natives\windows-amd64\gluegen_rt.dll
0x00007ffdd99f0000 - 0x00007ffdd99f7000 	C:\Program Files\Java\jdk-17\bin\jawt.dll
0x000000006a440000 - 0x000000006a44d000 	C:\Users\bakht\AppData\Local\Temp\jogamp_0000\file_cache\jln5495711572924877260\jln11324993069119109793\natives\windows-amd64\nativewindow_awt.dll
0x000000006c100000 - 0x000000006c110000 	C:\Users\bakht\AppData\Local\Temp\jogamp_0000\file_cache\jln5495711572924877260\jln11324993069119109793\natives\windows-amd64\nativewindow_win32.dll
0x0000000070d80000 - 0x0000000070d93000 	C:\Users\bakht\AppData\Local\Temp\jogamp_0000\file_cache\jln5495711572924877260\jln11324993069119109793\natives\windows-amd64\newt_head.dll
0x00007ffdf8b40000 - 0x00007ffdf8bee000 	C:\Windows\SYSTEM32\mscms.dll
0x00007ffdf9410000 - 0x00007ffdf9421000 	C:\Windows\SYSTEM32\ColorAdapterClient.dll
0x00007ffdd1140000 - 0x00007ffdd1183000 	C:\Windows\SYSTEM32\icm32.dll
0x00007ffdfffe0000 - 0x00007ffe00448000 	C:\Windows\System32\setupapi.dll
0x00007ffdfef80000 - 0x00007ffdfefce000 	C:\Windows\System32\cfgmgr32.dll
0x00007ffdfe670000 - 0x00007ffdfe69c000 	C:\Windows\SYSTEM32\DEVOBJ.dll
0x00007ffdfeca0000 - 0x00007ffdfed07000 	C:\Windows\System32\WINTRUST.dll
0x00007ffdfee20000 - 0x00007ffdfef76000 	C:\Windows\System32\CRYPT32.dll
0x00007ffdfe4b0000 - 0x00007ffdfe4c2000 	C:\Windows\SYSTEM32\MSASN1.dll
0x0000000064500000 - 0x0000000064585000 	C:\Users\bakht\AppData\Local\Temp\jogamp_0000\file_cache\jln5495711572924877260\jln11324993069119109793\natives\windows-amd64\jogl_desktop.dll
0x0000000064340000 - 0x0000000064391000 	C:\Users\bakht\AppData\Local\Temp\jogamp_0000\file_cache\jln5495711572924877260\jln11324993069119109793\natives\windows-amd64\jogl_mobile.dll
0x00007ffe00fe0000 - 0x00007ffe01089000 	C:\Windows\System32\clbcatq.dll
0x00007ffdf5d20000 - 0x00007ffdf5e24000 	C:\Windows\System32\AppXDeploymentClient.dll
0x00007ffd9b460000 - 0x00007ffd9c46a000 	C:\Windows\System32\DriverStore\FileRepository\iigd_dch.inf_amd64_cb43c2398bc88530\igxelpicd64.dll
0x00007ffdfd260000 - 0x00007ffdfd353000 	C:\Windows\system32\dxgi.dll
0x00007ffd99cc0000 - 0x00007ffd99f90000 	C:\Windows\System32\DriverStore\FileRepository\iigd_dch.inf_amd64_cb43c2398bc88530\igdml64.dll
0x00007ffdf2d70000 - 0x00007ffdf3159000 	C:\Windows\System32\DriverStore\FileRepository\iigd_dch.inf_amd64_cb43c2398bc88530\igdgmm64.dll
0x00007ffdec320000 - 0x00007ffdef92f000 	C:\Windows\System32\DriverStore\FileRepository\iigd_dch.inf_amd64_cb43c2398bc88530\igc64.dll
0x00007ffdfde90000 - 0x00007ffdfdedb000 	C:\Windows\SYSTEM32\powrprof.dll
0x00007ffdfdd00000 - 0x00007ffdfdd12000 	C:\Windows\SYSTEM32\UMPDC.dll
0x00007ffdf1db0000 - 0x00007ffdf1ea9000 	C:\Windows\SYSTEM32\textinputframework.dll
0x00007ffdfb770000 - 0x00007ffdfbace000 	C:\Windows\System32\CoreUIComponents.dll
0x00007ffdfda50000 - 0x00007ffdfda83000 	C:\Windows\SYSTEM32\ntmarta.dll
0x00007ffdfaf90000 - 0x00007ffdfb0e4000 	C:\Windows\SYSTEM32\wintypes.dll
0x00007ffdfbad0000 - 0x00007ffdfbbc2000 	C:\Windows\System32\CoreMessaging.dll
0x00007ffde9c90000 - 0x00007ffde9cf6000 	C:\Windows\system32\Oleacc.dll
0x00007ffdd7c10000 - 0x00007ffdd7c20000 	C:\Program Files\Java\jdk-17\bin\verify.dll
0x00007ffdd1750000 - 0x00007ffdd1762000 	C:\Program Files\Java\jdk-17\bin\jsound.dll
0x00007ffdb2a40000 - 0x00007ffdb2adc000 	C:\Windows\SYSTEM32\DSOUND.dll
0x00007ffde85c0000 - 0x00007ffde85e6000 	C:\Windows\SYSTEM32\winmmbase.dll
0x00007ffdf8120000 - 0x00007ffdf81a5000 	C:\Windows\System32\MMDevApi.dll
0x00007ffdc2900000 - 0x00007ffdc2946000 	C:\Windows\SYSTEM32\wdmaud.drv
0x00007ffdf5f50000 - 0x00007ffdf5f59000 	C:\Windows\SYSTEM32\ksuser.dll
0x00007ffdf99f0000 - 0x00007ffdf99fa000 	C:\Windows\SYSTEM32\AVRT.dll
0x00007ffdf81b0000 - 0x00007ffdf8332000 	C:\Windows\SYSTEM32\AUDIOSES.DLL
0x00007ffdf0fb0000 - 0x00007ffdf0fbd000 	C:\Windows\SYSTEM32\msacm32.drv
0x00007ffdd6a20000 - 0x00007ffdd6a3e000 	C:\Windows\SYSTEM32\MSACM32.dll
0x00007ffde9520000 - 0x00007ffde952b000 	C:\Windows\SYSTEM32\midimap.dll
0x00007ffdf1eb0000 - 0x00007ffdf1ff1000 	C:\Windows\System32\Windows.UI.dll
0x00007ffdf9490000 - 0x00007ffdf9531000 	C:\Windows\System32\WindowManagementAPI.dll
0x00007ffdf1c50000 - 0x00007ffdf1da2000 	C:\Windows\System32\InputHost.dll
0x00007ffdf8c60000 - 0x00007ffdf8e60000 	C:\Windows\SYSTEM32\twinapi.appcore.dll
0x00007ffdfa020000 - 0x00007ffdfa116000 	C:\Windows\System32\PROPSYS.dll
0x00007ffdfbf80000 - 0x00007ffdfbf94000 	C:\Windows\SYSTEM32\resourcepolicyclient.dll
0x00007ffd9f820000 - 0x00007ffd9f91c000 	C:\Users\bakht\AppData\Local\Discord\app-1.0.9012\modules\discord_hook-3\discord_hook\44049c6cb55\DiscordHook64.dll
0x00007ffdfa1a0000 - 0x00007ffdfa5fd000 	C:\Windows\SYSTEM32\D3DCompiler_47.dll
0x00007ffdfa750000 - 0x00007ffdfa9b3000 	C:\Windows\SYSTEM32\d3d11.dll
0x00007ffdf5580000 - 0x00007ffdf5913000 	C:\Windows\System32\DriverStore\FileRepository\iigd_dch.inf_amd64_cb43c2398bc88530\igd10iumd64.dll
0x00007ffdf4470000 - 0x00007ffdf557c000 	C:\Windows\System32\DriverStore\FileRepository\iigd_dch.inf_amd64_cb43c2398bc88530\igd10um64xe.DLL
0x00007ffdfe390000 - 0x00007ffdfe3b8000 	C:\Windows\SYSTEM32\ncrypt.dll
0x00007ffdfe350000 - 0x00007ffdfe38b000 	C:\Windows\SYSTEM32\NTASN1.dll
0x00007ffdf4360000 - 0x00007ffdf4399000 	C:\Windows\SYSTEM32\ControlLib.dll
0x00007ffdf42f0000 - 0x00007ffdf4351000 	C:\Windows\System32\DriverStore\FileRepository\iigd_dch.inf_amd64_cb43c2398bc88530\IntelControlLib.dll
0x00007ffdf6680000 - 0x00007ffdf66bb000 	C:\Windows\SYSTEM32\dxcore.dll

dbghelp: loaded successfully - version: 4.0.5 - missing functions: none
symbol engine: initialized successfully - sym options: 0x614 - pdb path: .;C:\Program Files\Java\jdk-17\bin;C:\Windows\SYSTEM32;C:\Windows\WinSxS\amd64_microsoft.windows.common-controls_6595b64144ccf1df_6.0.19041.1110_none_60b5254171f9507e;C:\Program Files\Java\jdk-17\bin\server;C:\Users\bakht\AppData\Local\Temp\jogamp_0000\file_cache\jln5495711572924877260\jln11324993069119109793\natives\windows-amd64;C:\Windows\System32\DriverStore\FileRepository\iigd_dch.inf_amd64_cb43c2398bc88530;C:\Users\bakht\AppData\Local\Discord\app-1.0.9012\modules\discord_hook-3\discord_hook\44049c6cb55

VM Arguments:
jvm_args: -agentlib:jdwp=transport=dt_socket,server=n,suspend=y,address=localhost:50906 -XX:+ShowCodeDetailsInExceptionMessages 
java_command: ie.tudublin.Main
java_class_path (initial): C:\Users\bakht\MV-C21716601\MusicVisuals-master\java\bin;C:\Users\bakht\MV-C21716601\MusicVisuals-master\java\lib\core.jar;C:\Users\bakht\MV-C21716601\MusicVisuals-master\java\lib\jl1.0.1.jar;C:\Users\bakht\MV-C21716601\MusicVisuals-master\java\lib\jsminim.jar;C:\Users\bakht\MV-C21716601\MusicVisuals-master\java\lib\minim.jar;C:\Users\bakht\MV-C21716601\MusicVisuals-master\java\lib\mp3spi1.9.5.jar;C:\Users\bakht\MV-C21716601\MusicVisuals-master\java\lib\sqlite-jdbc-3.23.1.jar;C:\Users\bakht\MV-C21716601\MusicVisuals-master\java\lib\tritonus_aos.jar;C:\Users\bakht\MV-C21716601\MusicVisuals-master\java\lib\tritonus_share.jar;C:\Users\bakht\MV-C21716601\MusicVisuals-master\java\lib\jogl-all.jar;C:\Users\bakht\MV-C21716601\MusicVisuals-master\java\lib\gluegen-rt.jar;C:\Users\bakht\MV-C21716601\MusicVisuals-master\java\lib\gluegen-rt-natives-windows-amd64.jar;C:\Users\bakht\MV-C21716601\MusicVisuals-master\java\lib\gluegen-rt-natives-windows-i586.jar;C:\Users\bakht\MV-C21716601\MusicVisuals-master\java\lib\jogl-all-natives-windows-amd64.jar;C:\Users\bakht\MV-C21716601\MusicVisuals-master\java\lib\jogl-all-natives-windows-i586.jar;C:\Users\bakht\MV-C21716601\MusicVisuals-master\java\lib\gluegen-rt-natives-macosx-universal.jar;C:\Users\bakht\MV-C21716601\MusicVisuals-master\java\lib\jogl-all-natives-macosx-universal.jar
Launcher Type: SUN_STANDARD

[Global flags]
     intx CICompilerCount                          = 4                                         {product} {ergonomic}
     uint ConcGCThreads                            = 2                                         {product} {ergonomic}
     uint G1ConcRefinementThreads                  = 8                                         {product} {ergonomic}
   size_t G1HeapRegionSize                         = 1048576                                   {product} {ergonomic}
    uintx GCDrainStackTargetSize                   = 64                                        {product} {ergonomic}
   size_t InitialHeapSize                          = 132120576                                 {product} {ergonomic}
   size_t MarkStackSize                            = 4194304                                   {product} {ergonomic}
   size_t MaxHeapSize                              = 2095054848                                {product} {ergonomic}
   size_t MaxNewSize                               = 1256194048                                {product} {ergonomic}
   size_t MinHeapDeltaBytes                        = 1048576                                   {product} {ergonomic}
   size_t MinHeapSize                              = 8388608                                   {product} {ergonomic}
    uintx NonNMethodCodeHeapSize                   = 5839372                                {pd product} {ergonomic}
    uintx NonProfiledCodeHeapSize                  = 122909434                              {pd product} {ergonomic}
    uintx ProfiledCodeHeapSize                     = 122909434                              {pd product} {ergonomic}
    uintx ReservedCodeCacheSize                    = 251658240                              {pd product} {ergonomic}
     bool SegmentedCodeCache                       = true                                      {product} {ergonomic}
     bool ShowCodeDetailsInExceptionMessages       = true                                   {manageable} {command line}
   size_t SoftMaxHeapSize                          = 2095054848                             {manageable} {ergonomic}
     bool UseCompressedClassPointers               = true                           {product lp64_product} {ergonomic}
     bool UseCompressedOops                        = true                           {product lp64_product} {ergonomic}
     bool UseG1GC                                  = true                                      {product} {ergonomic}
     bool UseLargePagesIndividualAllocation        = false                                  {pd product} {ergonomic}

Logging:
Log output configuration:
 #0: stdout all=warning uptime,level,tags
 #1: stderr all=off uptime,level,tags

Environment Variables:
PATH=C:\Program Files\Common Files\Oracle\Java\javapath;C:\Program Files (x86)\Common Files\Oracle\Java\javapath;C:\Windows\system32;C:\Windows;C:\Windows\System32\Wbem;C:\Windows\System32\WindowsPowerShell\v1.0\;C:\Windows\System32\OpenSSH\;C:\msys64\mingw64\bin;C:\Program Files\PuTTY\;C:\Program Files\Git\cmd;C:\Users\bakht\AppData\Local\Microsoft\WindowsApps;;C:\Users\bakht\AppData\Local\Programs\Microsoft VS Code\bin
USERNAME=bakht
LANG=en_US.UTF-8
OS=Windows_NT
PROCESSOR_IDENTIFIER=Intel64 Family 6 Model 140 Stepping 1, GenuineIntel



---------------  S Y S T E M  ---------------

OS:
 Windows 10 , 64 bit Build 19041 (10.0.19041.2788)
OS uptime: 0 days 15:09 hours
Hyper-V role detected

CPU: total 8 (initial active 8) (4 cores per cpu, 2 threads per core) family 6 model 140 stepping 1 microcode 0x78, cx8, cmov, fxsr, ht, mmx, 3dnowpref, sse, sse2, sse3, ssse3, sse4.1, sse4.2, popcnt, lzcnt, tsc, tscinvbit, avx, avx2, aes, erms, clmul, bmi1, bmi2, adx, avx512f, avx512dq, avx512cd, avx512bw, avx512vl, sha, fma, vzeroupper, avx512_vpopcntdq, avx512_vpclmulqdq, avx512_vaes, avx512_vnni, clflush, clflushopt, clwb, avx512_vbmi2, avx512_vbmi, hv

Memory: 4k page, system-wide physical 7991M (398M free)
TotalPageFile size 17027M (AvailPageFile size 2070M)
current process WorkingSet (physical memory assigned to process): 1685M, peak: 2485M
current process commit charge ("private bytes"): 4644M, peak: 4644M

vm_info: Java HotSpot(TM) 64-Bit Server VM (17.0.6+9-LTS-190) for windows-amd64 JRE (17.0.6+9-LTS-190), built on Dec  6 2022 15:53:54 by "mach5one" with MS VC++ 17.1 (VS2022)

END.
