#
# A fatal error has been detected by the Java Runtime Environment:
#
#  EXCEPTION_ACCESS_VIOLATION (0xc0000005) at pc=0x00007ffd67311a34, pid=17820, tid=16972
#
# JRE version: Java(TM) SE Runtime Environment (17.0.6+9) (build 17.0.6+9-LTS-190)
# Java VM: Java HotSpot(TM) 64-Bit Server VM (17.0.6+9-LTS-190, mixed mode, sharing, tiered, compressed oops, compressed class ptrs, g1 gc, windows-amd64)
# Problematic frame:
# C  [igxelpicd64.dll+0x2c1a34]
#
# No core dump will be written. Minidumps are not enabled by default on client versions of Windows
#
# If you would like to submit a bug report, please visit:
#   https://bugreport.java.com/bugreport/crash.jsp
#

---------------  S U M M A R Y ------------

Command Line: -agentlib:jdwp=transport=dt_socket,server=n,suspend=y,address=localhost:64649 -XX:+ShowCodeDetailsInExceptionMessages ie.tudublin.Main

Host: 11th Gen Intel(R) Core(TM) i5-1135G7 @ 2.40GHz, 8 cores, 7G,  Windows 10 , 64 bit Build 19041 (10.0.19041.2788)
Time: Tue Apr 25 19:15:52 2023 GMT Daylight Time elapsed time: 50.059775 seconds (0d 0h 0m 50s)

---------------  T H R E A D  ---------------

Current thread (0x00000243785c4420):  VMThread "VM Thread" [stack: 0x000000e1e1a00000,0x000000e1e1b00000] [id=16972]

Stack: [0x000000e1e1a00000,0x000000e1e1b00000],  sp=0x000000e1e1afe080,  free space=1016k
Native frames: (J=compiled Java code, j=interpreted, Vv=VM code, C=native code)
C  [igxelpicd64.dll+0x2c1a34]


siginfo: EXCEPTION_ACCESS_VIOLATION (0xc0000005), reading address 0x0000000000035728


Register to memory mapping:

RIP=0x00007ffd67311a34 igxelpicd64.dll
RAX=0x000002437b9cb0d8 points into unknown readable memory: 0x00000000001d111b | 1b 11 1d 00 00 00 00 00
RBX=0x000002437b9caf40 points into unknown readable memory: 0x000002437af7bcc0 | c0 bc f7 7a 43 02 00 00
RCX=0x0 is NULL
RDX=0x0000000000000002 is an unknown value
RSP=0x000000e1e1afe080 points into unknown readable memory: 0x0000024379f40160 | 60 01 f4 79 43 02 00 00
RBP=0x000000e1e1afe180 points into unknown readable memory: 0x0f1101199d0e007e | 7e 00 0e 9d 19 01 11 0f
RSI=0x0 is NULL
RDI=0x000002437ae5ac90 points into unknown readable memory: 0x000002437af0c800 | 00 c8 f0 7a 43 02 00 00
R8 =0x0000000000000014 is an unknown value
R9 =0x0000000000000016 is an unknown value
R10=0x0 is NULL
R11=0x0000000000000246 is an unknown value
R12=0x000002437b9caf40 points into unknown readable memory: 0x000002437af7bcc0 | c0 bc f7 7a 43 02 00 00
R13=0x000002437b9c4cd0 points into unknown readable memory: 0x000002437af7bcc0 | c0 bc f7 7a 43 02 00 00
R14=0x000002437b9cb510 points into unknown readable memory: 0x000002437b9c4cd0 | d0 4c 9c 7b 43 02 00 00
R15=0x0 is NULL


Registers:
RAX=0x000002437b9cb0d8, RBX=0x000002437b9caf40, RCX=0x0000000000000000, RDX=0x0000000000000002
RSP=0x000000e1e1afe080, RBP=0x000000e1e1afe180, RSI=0x0000000000000000, RDI=0x000002437ae5ac90
R8 =0x0000000000000014, R9 =0x0000000000000016, R10=0x0000000000000000, R11=0x0000000000000246
R12=0x000002437b9caf40, R13=0x000002437b9c4cd0, R14=0x000002437b9cb510, R15=0x0000000000000000
RIP=0x00007ffd67311a34, EFLAGS=0x0000000000010206

Top of Stack: (sp=0x000000e1e1afe080)
0x000000e1e1afe080:   0000024379f40160 00007ffd670adeb9
0x000000e1e1afe090:   000002437b2e1dc0 0000200100000000
0x000000e1e1afe0a0:   00000016e1000000 0000000000000000
0x000000e1e1afe0b0:   000000007a000004 0000000000000000
0x000000e1e1afe0c0:   0000000000000000 0000024379f40160
0x000000e1e1afe0d0:   0000000000000014 00007ffd67300247
0x000000e1e1afe0e0:   0000000000000000 000002437b2e1dc0
0x000000e1e1afe0f0:   000000000000004b 000002437b322430
0x000000e1e1afe100:   000000000000004b 00007ffd670b5c6d
0x000000e1e1afe110:   000002437b316950 000002437b322430
0x000000e1e1afe120:   000002437b316950 000002437b316950
0x000000e1e1afe130:   0000024300000000 000002437b31e600
0x000000e1e1afe140:   000002437b2e1dc0 00000028a4020000
0x000000e1e1afe150:   000002437b317510 290a013ca40500c6
0x000000e1e1afe160:   000002437b317510 000002437b322228
0x000000e1e1afe170:   000002437b322a30 000002437b322228 

Instructions: (pc=0x00007ffd67311a34)
0x00007ffd67311934:   00 00 48 8b 05 c3 95 b8 00 44 8b 88 68 0b 00 00
0x00007ffd67311944:   44 89 4c 24 24 c6 44 24 20 00 48 c7 87 78 02 00
0x00007ffd67311954:   00 00 00 00 00 c7 87 80 02 00 00 00 00 00 00 48
0x00007ffd67311964:   c7 87 98 02 00 00 00 00 00 00 48 c7 87 88 02 00
0x00007ffd67311974:   00 00 00 00 00 4d 85 ff 75 43 8b 35 34 8f c8 00
0x00007ffd67311984:   65 48 8b 04 25 58 00 00 00 b9 14 00 00 00 48 8b
0x00007ffd67311994:   04 f0 44 38 3c 01 0f 84 9e e4 6e 00 65 48 8b 04
0x00007ffd673119a4:   25 58 00 00 00 41 bf 20 00 00 00 48 8b 04 f0 4d
0x00007ffd673119b4:   8b 3c 07 4c 89 7c 24 28 0f b6 74 24 21 4c 3b 3d
0x00007ffd673119c4:   48 b4 c8 00 0f 84 ae 0e 00 00 4d 85 ed 0f 84 a5
0x00007ffd673119d4:   0b 00 00 66 0f 1f 84 00 00 00 00 00 49 8b dd 4d
0x00007ffd673119e4:   8b e5 4d 8d b5 d0 05 00 00 4d 8b 2e 40 84 f6 0f
0x00007ffd673119f4:   85 57 0e 00 00 8b 97 c8 01 00 00 48 8b 05 fa 94
0x00007ffd67311a04:   b8 00 83 b8 80 03 00 00 02 75 32 83 fa 10 0f 83
0x00007ffd67311a14:   e0 00 00 00 48 8d 04 d5 21 00 00 00 48 03 c2 48
0x00007ffd67311a24:   8d 04 c3 48 85 c0 0f 84 46 01 00 00 48 8b 48 08
0x00007ffd67311a34:   49 3b 8f 28 57 03 00 0f 87 09 08 00 00 48 83 bb
0x00007ffd67311a44:   48 06 00 00 00 0f 85 37 e4 6e 00 44 8b 8f c8 01
0x00007ffd67311a54:   00 00 48 8b 87 e0 01 00 00 48 8b 10 8b 8f c8 01
0x00007ffd67311a64:   00 00 48 8d b3 08 01 00 00 83 f9 10 0f 83 c0 00
0x00007ffd67311a74:   00 00 48 8d 0c c9 48 8d 04 ce 48 85 c0 0f 84 f6
0x00007ffd67311a84:   00 00 00 48 39 50 08 0f 86 ec 00 00 00 48 8b 87
0x00007ffd67311a94:   78 02 00 00 49 89 06 48 89 9f 78 02 00 00 ff 87
0x00007ffd67311aa4:   80 02 00 00 48 8b 43 08 48 8b 88 18 01 00 00 48
0x00007ffd67311ab4:   81 e1 00 00 ff ff 48 81 c1 00 00 01 00 48 01 8f
0x00007ffd67311ac4:   88 02 00 00 48 8b 43 08 48 8b 88 18 01 00 00 48
0x00007ffd67311ad4:   01 8f 98 02 00 00 44 0f b6 4c 24 20 4d 85 ed 0f
0x00007ffd67311ae4:   84 85 0a 00 00 0f b6 74 24 21 44 8b 4c 24 24 e9
0x00007ffd67311af4:   e8 fe ff ff 8d 4a f0 8b c1 c1 e8 04 83 f8 03 0f
0x00007ffd67311b04:   82 9b 06 00 00 48 8b 83 a0 05 00 00 48 85 c0 0f
0x00007ffd67311b14:   84 a2 06 00 00 0f 1f 80 00 00 00 00 39 10 0f 84
0x00007ffd67311b24:   af 0b 00 00 48 8b 40 50 48 85 c0 75 ef e9 85 06 


Stack slot to memory mapping:
stack at sp + 0 slots: 0x0000024379f40160 points into unknown readable memory: 0xffffffffffffffff | ff ff ff ff ff ff ff ff
stack at sp + 1 slots: 0x00007ffd670adeb9 igxelpicd64.dll
stack at sp + 2 slots: 0x000002437b2e1dc0 points into unknown readable memory: 0x0000024379f65640 | 40 56 f6 79 43 02 00 00
stack at sp + 3 slots: 0x0000200100000000 is an unknown value
stack at sp + 4 slots: 0x00000016e1000000 is an unknown value
stack at sp + 5 slots: 0x0 is NULL
stack at sp + 6 slots: 0x000000007a000004 is an unknown value
stack at sp + 7 slots: 0x0 is NULL

VM_Operation (0x000000e1e3afec90): Exit, mode: safepoint, requested by thread 0x000002437b00e210


---------------  P R O C E S S  ---------------

Threads class SMR info:
_java_thread_list=0x000002437aee7190, length=21, elements={
0x00000243785c9e30, 0x00000243785cb090, 0x00000243785de5c0, 0x00000243785def60,
0x00000243785dea90, 0x00000243785dd750, 0x00000243785eae10, 0x00000243785ebf60,
0x00000243785ed000, 0x000002437910d2a0, 0x0000024379110f70, 0x0000024379111860,
0x00000243785df430, 0x00000243785de0f0, 0x00000243785ddc20, 0x00000243785e0770,
0x000002437b00e210, 0x000002437b00e6e0, 0x000002437b00ebb0, 0x000002437b011bd0,
0x000002437b011700
}

Java Threads: ( => current thread )
  0x00000243785c9e30 JavaThread "Reference Handler" daemon [_thread_blocked, id=6448, stack(0x000000e1e1b00000,0x000000e1e1c00000)]
  0x00000243785cb090 JavaThread "Finalizer" daemon [_thread_blocked, id=17476, stack(0x000000e1e1c00000,0x000000e1e1d00000)]
  0x00000243785de5c0 JavaThread "Signal Dispatcher" daemon [_thread_blocked, id=18224, stack(0x000000e1e1d00000,0x000000e1e1e00000)]
  0x00000243785def60 JavaThread "Attach Listener" daemon [_thread_blocked, id=12628, stack(0x000000e1e1e00000,0x000000e1e1f00000)]
  0x00000243785dea90 JavaThread "Service Thread" daemon [_thread_blocked, id=9016, stack(0x000000e1e1f00000,0x000000e1e2000000)]
  0x00000243785dd750 JavaThread "Monitor Deflation Thread" daemon [_thread_blocked, id=12308, stack(0x000000e1e2000000,0x000000e1e2100000)]
  0x00000243785eae10 JavaThread "C2 CompilerThread0" daemon [_thread_blocked, id=12956, stack(0x000000e1e2100000,0x000000e1e2200000)]
  0x00000243785ebf60 JavaThread "C1 CompilerThread0" daemon [_thread_blocked, id=10144, stack(0x000000e1e2200000,0x000000e1e2300000)]
  0x00000243785ed000 JavaThread "Sweeper thread" daemon [_thread_blocked, id=15212, stack(0x000000e1e2300000,0x000000e1e2400000)]
  0x000002437910d2a0 JavaThread "JDWP Transport Listener: dt_socket" daemon [_thread_blocked, id=16676, stack(0x000000e1e2400000,0x000000e1e2500000)]
  0x0000024379110f70 JavaThread "JDWP Event Helper Thread" daemon [_thread_blocked, id=18160, stack(0x000000e1e2500000,0x000000e1e2600000)]
  0x0000024379111860 JavaThread "JDWP Command Reader" daemon [_thread_blocked, id=15936, stack(0x000000e1e2600000,0x000000e1e2700000)]
  0x00000243785df430 JavaThread "Notification Thread" daemon [_thread_blocked, id=13280, stack(0x000000e1e2700000,0x000000e1e2800000)]
  0x00000243785de0f0 JavaThread "Common-Cleaner" daemon [_thread_blocked, id=16196, stack(0x000000e1e2900000,0x000000e1e2a00000)]
  0x00000243785ddc20 JavaThread "Java2D Disposer" daemon [_thread_blocked, id=14132, stack(0x000000e1e2a00000,0x000000e1e2b00000)]
  0x00000243785e0770 JavaThread "HighResTimerThread" daemon [_thread_blocked, id=2320, stack(0x000000e1e3800000,0x000000e1e3900000)]
  0x000002437b00e210 JavaThread "main-FPSAWTAnimator#00-Timer0" [_thread_blocked, id=1192, stack(0x000000e1e3a00000,0x000000e1e3b00000)]
  0x000002437b00e6e0 JavaThread "DestroyJavaVM" [_thread_blocked, id=2912, stack(0x000000e1e1400000,0x000000e1e1500000)]
  0x000002437b00ebb0 JavaThread "Java Sound Event Dispatcher" daemon [_thread_blocked, id=15412, stack(0x000000e1e3e00000,0x000000e1e3f00000)]
  0x000002437b011bd0 JavaThread "Thread-4" [_thread_blocked, id=16068, stack(0x000000e1e4200000,0x000000e1e4300000)]
  0x000002437b011700 JavaThread "AWT-Shutdown" [_thread_blocked, id=7488, stack(0x000000e1e4800000,0x000000e1e4900000)]

Other Threads:
=>0x00000243785c4420 VMThread "VM Thread" [stack: 0x000000e1e1a00000,0x000000e1e1b00000] [id=16972]
  0x00000243586381f0 GCTaskThread "GC Thread#0" [stack: 0x000000e1e1500000,0x000000e1e1600000] [id=17840]
  0x000002437b1280a0 GCTaskThread "GC Thread#1" [stack: 0x000000e1e3100000,0x000000e1e3200000] [id=16136]
  0x000002437b128350 GCTaskThread "GC Thread#2" [stack: 0x000000e1e3200000,0x000000e1e3300000] [id=12168]
  0x000002437b15ad20 GCTaskThread "GC Thread#3" [stack: 0x000000e1e3300000,0x000000e1e3400000] [id=17688]
  0x000002437b15afd0 GCTaskThread "GC Thread#4" [stack: 0x000000e1e3400000,0x000000e1e3500000] [id=18412]
  0x000002437b15b280 GCTaskThread "GC Thread#5" [stack: 0x000000e1e3500000,0x000000e1e3600000] [id=11832]
  0x000002437b15b530 GCTaskThread "GC Thread#6" [stack: 0x000000e1e3600000,0x000000e1e3700000] [id=13868]
  0x000002437b15b7e0 GCTaskThread "GC Thread#7" [stack: 0x000000e1e3700000,0x000000e1e3800000] [id=6972]
  0x0000024358649a10 ConcurrentGCThread "G1 Main Marker" terminated
  0x000002435864aad0 ConcurrentGCThread "G1 Conc#0" [stack: 0x000000e1e1700000,0x000000e1e1800000] [id=15932]
  0x00000243586be3a0 ConcurrentGCThread "G1 Refine#0" terminated
  0x000002437847c110 ConcurrentGCThread "G1 Service" terminated

Threads with active compile tasks:
C2 CompilerThread0  
[error occurred during error reporting (printing all threads), id 0xc0000005, EXCEPTION_ACCESS_VIOLATION (0xc0000005) at pc=0x00007ffd728b0153]

VM state: at safepoint (shutting down)

VM Mutex/Monitor currently owned by a thread:  ([mutex/lock_event])
[0x00000243585d9800] Threads_lock - owner thread: 0x00000243785c4420
[0x00000243585d9650] Heap_lock - owner thread: 0x000002437b00e210

Heap address: 0x0000000083200000, size: 1998 MB, Compressed Oops mode: 32-bit

CDS archive(s) mapped at: [0x0000000800000000-0x0000000800bd0000-0x0000000800bd0000), size 12386304, SharedBaseAddress: 0x0000000800000000, ArchiveRelocationMode: 0.
Compressed class space mapped at: 0x0000000800c00000-0x0000000840c00000, reserved size: 1073741824
Narrow klass base: 0x0000000800000000, Narrow klass shift: 0, Narrow klass range: 0x100000000

GC Precious Log:
 CPUs: 8 total, 8 available
 Memory: 7991M
 Large Page Support: Disabled
 NUMA Support: Disabled
 Compressed Oops: Enabled (32-bit)
 Heap Region Size: 1M
 Heap Min Capacity: 8M
 Heap Initial Capacity: 126M
 Heap Max Capacity: 1998M
 Pre-touch: Disabled
 Parallel Workers: 8
 Concurrent Workers: 2
 Concurrent Refinement Workers: 8
 Periodic GC: Disabled

Heap:
 garbage-first heap   total 129024K, used 46925K [0x0000000083200000, 0x0000000100000000)
  region size 1024K, 29 young (29696K), 4 survivors (4096K)
 Metaspace       used 14513K, committed 14720K, reserved 1064960K
  class space    used 1074K, committed 1152K, reserved 1048576K

Heap Regions: E=young(eden), S=young(survivor), O=old, HS=humongous(starts), HC=humongous(continues), CS=collection set, F=free, OA=open archive, CA=closed archive, TAMS=top-at-mark-start (previous, next)
|   0|0x0000000083200000, 0x0000000083300000, 0x0000000083300000|100%|HS|  |TAMS 0x0000000083200000, 0x0000000083200000| Complete 
|   1|0x0000000083300000, 0x0000000083400000, 0x0000000083400000|100%|HC|  |TAMS 0x0000000083300000, 0x0000000083300000| Complete 
|   2|0x0000000083400000, 0x0000000083500000, 0x0000000083500000|100%|HC|  |TAMS 0x0000000083400000, 0x0000000083400000| Complete 
|   3|0x0000000083500000, 0x0000000083600000, 0x0000000083600000|100%|HC|  |TAMS 0x0000000083500000, 0x0000000083500000| Complete 
|   4|0x0000000083600000, 0x0000000083700000, 0x0000000083700000|100%|HS|  |TAMS 0x0000000083600000, 0x0000000083600000| Complete 
|   5|0x0000000083700000, 0x0000000083800000, 0x0000000083800000|100%|HC|  |TAMS 0x0000000083700000, 0x0000000083700000| Complete 
|   6|0x0000000083800000, 0x0000000083900000, 0x0000000083900000|100%|HS|  |TAMS 0x0000000083800000, 0x0000000083800000| Complete 
|   7|0x0000000083900000, 0x0000000083a00000, 0x0000000083a00000|100%|HC|  |TAMS 0x0000000083900000, 0x0000000083900000| Complete 
|   8|0x0000000083a00000, 0x0000000083a00000, 0x0000000083b00000|  0%| F|  |TAMS 0x0000000083a00000, 0x0000000083a00000| Untracked 
|   9|0x0000000083b00000, 0x0000000083b00000, 0x0000000083c00000|  0%| F|  |TAMS 0x0000000083b00000, 0x0000000083b00000| Untracked 
|  10|0x0000000083c00000, 0x0000000083c00000, 0x0000000083d00000|  0%| F|  |TAMS 0x0000000083c00000, 0x0000000083c00000| Untracked 
|  11|0x0000000083d00000, 0x0000000083d00000, 0x0000000083e00000|  0%| F|  |TAMS 0x0000000083d00000, 0x0000000083d00000| Untracked 
|  12|0x0000000083e00000, 0x0000000083e00000, 0x0000000083f00000|  0%| F|  |TAMS 0x0000000083e00000, 0x0000000083e00000| Untracked 
|  13|0x0000000083f00000, 0x0000000083f00000, 0x0000000084000000|  0%| F|  |TAMS 0x0000000083f00000, 0x0000000083f00000| Untracked 
|  14|0x0000000084000000, 0x0000000084100000, 0x0000000084100000|100%|HS|  |TAMS 0x0000000084000000, 0x0000000084000000| Complete 
|  15|0x0000000084100000, 0x0000000084200000, 0x0000000084200000|100%|HC|  |TAMS 0x0000000084100000, 0x0000000084100000| Complete 
|  16|0x0000000084200000, 0x0000000084300000, 0x0000000084300000|100%|HC|  |TAMS 0x0000000084200000, 0x0000000084200000| Complete 
|  17|0x0000000084300000, 0x0000000084400000, 0x0000000084400000|100%|HC|  |TAMS 0x0000000084300000, 0x0000000084300000| Complete 
|  18|0x0000000084400000, 0x0000000084500000, 0x0000000084500000|100%|HS|  |TAMS 0x0000000084400000, 0x0000000084400000| Complete 
|  19|0x0000000084500000, 0x0000000084600000, 0x0000000084600000|100%|HC|  |TAMS 0x0000000084500000, 0x0000000084500000| Complete 
|  20|0x0000000084600000, 0x0000000084700000, 0x0000000084700000|100%|HS|  |TAMS 0x0000000084600000, 0x0000000084600000| Complete 
|  21|0x0000000084700000, 0x0000000084800000, 0x0000000084800000|100%|HS|  |TAMS 0x0000000084700000, 0x0000000084700000| Complete 
|  22|0x0000000084800000, 0x0000000084900000, 0x0000000084900000|100%| O|  |TAMS 0x0000000084800000, 0x0000000084800000| Untracked 
|  23|0x0000000084900000, 0x0000000084a00000, 0x0000000084a00000|100%| O|  |TAMS 0x0000000084900000, 0x0000000084900000| Untracked 
|  24|0x0000000084a00000, 0x0000000084a86000, 0x0000000084b00000| 52%| O|  |TAMS 0x0000000084a00000, 0x0000000084a00000| Untracked 
|  25|0x0000000084b00000, 0x0000000084b00000, 0x0000000084c00000|  0%| F|  |TAMS 0x0000000084b00000, 0x0000000084b00000| Untracked 
|  26|0x0000000084c00000, 0x0000000084c00000, 0x0000000084d00000|  0%| F|  |TAMS 0x0000000084c00000, 0x0000000084c00000| Untracked 
|  27|0x0000000084d00000, 0x0000000084d00000, 0x0000000084e00000|  0%| F|  |TAMS 0x0000000084d00000, 0x0000000084d00000| Untracked 
|  28|0x0000000084e00000, 0x0000000084e00000, 0x0000000084f00000|  0%| F|  |TAMS 0x0000000084e00000, 0x0000000084e00000| Untracked 
|  29|0x0000000084f00000, 0x0000000084f00000, 0x0000000085000000|  0%| F|  |TAMS 0x0000000084f00000, 0x0000000084f00000| Untracked 
|  30|0x0000000085000000, 0x0000000085000000, 0x0000000085100000|  0%| F|  |TAMS 0x0000000085000000, 0x0000000085000000| Untracked 
|  31|0x0000000085100000, 0x0000000085100000, 0x0000000085200000|  0%| F|  |TAMS 0x0000000085100000, 0x0000000085100000| Untracked 
|  32|0x0000000085200000, 0x0000000085200000, 0x0000000085300000|  0%| F|  |TAMS 0x0000000085200000, 0x0000000085200000| Untracked 
|  33|0x0000000085300000, 0x0000000085300000, 0x0000000085400000|  0%| F|  |TAMS 0x0000000085300000, 0x0000000085300000| Untracked 
|  34|0x0000000085400000, 0x0000000085400000, 0x0000000085500000|  0%| F|  |TAMS 0x0000000085400000, 0x0000000085400000| Untracked 
|  35|0x0000000085500000, 0x0000000085500000, 0x0000000085600000|  0%| F|  |TAMS 0x0000000085500000, 0x0000000085500000| Untracked 
|  36|0x0000000085600000, 0x0000000085600000, 0x0000000085700000|  0%| F|  |TAMS 0x0000000085600000, 0x0000000085600000| Untracked 
|  37|0x0000000085700000, 0x0000000085700000, 0x0000000085800000|  0%| F|  |TAMS 0x0000000085700000, 0x0000000085700000| Untracked 
|  38|0x0000000085800000, 0x0000000085800000, 0x0000000085900000|  0%| F|  |TAMS 0x0000000085800000, 0x0000000085800000| Untracked 
|  39|0x0000000085900000, 0x0000000085900000, 0x0000000085a00000|  0%| F|  |TAMS 0x0000000085900000, 0x0000000085900000| Untracked 
|  40|0x0000000085a00000, 0x0000000085a00000, 0x0000000085b00000|  0%| F|  |TAMS 0x0000000085a00000, 0x0000000085a00000| Untracked 
|  41|0x0000000085b00000, 0x0000000085b00000, 0x0000000085c00000|  0%| F|  |TAMS 0x0000000085b00000, 0x0000000085b00000| Untracked 
|  42|0x0000000085c00000, 0x0000000085c00000, 0x0000000085d00000|  0%| F|  |TAMS 0x0000000085c00000, 0x0000000085c00000| Untracked 
|  43|0x0000000085d00000, 0x0000000085d00000, 0x0000000085e00000|  0%| F|  |TAMS 0x0000000085d00000, 0x0000000085d00000| Untracked 
|  44|0x0000000085e00000, 0x0000000085e00000, 0x0000000085f00000|  0%| F|  |TAMS 0x0000000085e00000, 0x0000000085e00000| Untracked 
|  45|0x0000000085f00000, 0x0000000085f00000, 0x0000000086000000|  0%| F|  |TAMS 0x0000000085f00000, 0x0000000085f00000| Untracked 
|  46|0x0000000086000000, 0x0000000086000000, 0x0000000086100000|  0%| F|  |TAMS 0x0000000086000000, 0x0000000086000000| Untracked 
|  47|0x0000000086100000, 0x0000000086100000, 0x0000000086200000|  0%| F|  |TAMS 0x0000000086100000, 0x0000000086100000| Untracked 
|  48|0x0000000086200000, 0x0000000086200000, 0x0000000086300000|  0%| F|  |TAMS 0x0000000086200000, 0x0000000086200000| Untracked 
|  49|0x0000000086300000, 0x0000000086300000, 0x0000000086400000|  0%| F|  |TAMS 0x0000000086300000, 0x0000000086300000| Untracked 
|  50|0x0000000086400000, 0x0000000086400000, 0x0000000086500000|  0%| F|  |TAMS 0x0000000086400000, 0x0000000086400000| Untracked 
|  51|0x0000000086500000, 0x0000000086500000, 0x0000000086600000|  0%| F|  |TAMS 0x0000000086500000, 0x0000000086500000| Untracked 
|  52|0x0000000086600000, 0x0000000086600000, 0x0000000086700000|  0%| F|  |TAMS 0x0000000086600000, 0x0000000086600000| Untracked 
|  53|0x0000000086700000, 0x0000000086700000, 0x0000000086800000|  0%| F|  |TAMS 0x0000000086700000, 0x0000000086700000| Untracked 
|  54|0x0000000086800000, 0x0000000086800000, 0x0000000086900000|  0%| F|  |TAMS 0x0000000086800000, 0x0000000086800000| Untracked 
|  55|0x0000000086900000, 0x0000000086900000, 0x0000000086a00000|  0%| F|  |TAMS 0x0000000086900000, 0x0000000086900000| Untracked 
|  56|0x0000000086a00000, 0x0000000086a00000, 0x0000000086b00000|  0%| F|  |TAMS 0x0000000086a00000, 0x0000000086a00000| Untracked 
|  57|0x0000000086b00000, 0x0000000086b00000, 0x0000000086c00000|  0%| F|  |TAMS 0x0000000086b00000, 0x0000000086b00000| Untracked 
|  58|0x0000000086c00000, 0x0000000086c00000, 0x0000000086d00000|  0%| F|  |TAMS 0x0000000086c00000, 0x0000000086c00000| Untracked 
|  59|0x0000000086d00000, 0x0000000086d00000, 0x0000000086e00000|  0%| F|  |TAMS 0x0000000086d00000, 0x0000000086d00000| Untracked 
|  60|0x0000000086e00000, 0x0000000086e00000, 0x0000000086f00000|  0%| F|  |TAMS 0x0000000086e00000, 0x0000000086e00000| Untracked 
|  61|0x0000000086f00000, 0x0000000086f00000, 0x0000000087000000|  0%| F|  |TAMS 0x0000000086f00000, 0x0000000086f00000| Untracked 
|  62|0x0000000087000000, 0x0000000087000000, 0x0000000087100000|  0%| F|  |TAMS 0x0000000087000000, 0x0000000087000000| Untracked 
|  63|0x0000000087100000, 0x0000000087100000, 0x0000000087200000|  0%| F|  |TAMS 0x0000000087100000, 0x0000000087100000| Untracked 
|  64|0x0000000087200000, 0x0000000087200000, 0x0000000087300000|  0%| F|  |TAMS 0x0000000087200000, 0x0000000087200000| Untracked 
|  65|0x0000000087300000, 0x0000000087300000, 0x0000000087400000|  0%| F|  |TAMS 0x0000000087300000, 0x0000000087300000| Untracked 
|  66|0x0000000087400000, 0x0000000087400000, 0x0000000087500000|  0%| F|  |TAMS 0x0000000087400000, 0x0000000087400000| Untracked 
|  67|0x0000000087500000, 0x0000000087500000, 0x0000000087600000|  0%| F|  |TAMS 0x0000000087500000, 0x0000000087500000| Untracked 
|  68|0x0000000087600000, 0x0000000087600000, 0x0000000087700000|  0%| F|  |TAMS 0x0000000087600000, 0x0000000087600000| Untracked 
|  69|0x0000000087700000, 0x0000000087700000, 0x0000000087800000|  0%| F|  |TAMS 0x0000000087700000, 0x0000000087700000| Untracked 
|  70|0x0000000087800000, 0x0000000087800000, 0x0000000087900000|  0%| F|  |TAMS 0x0000000087800000, 0x0000000087800000| Untracked 
|  71|0x0000000087900000, 0x0000000087900000, 0x0000000087a00000|  0%| F|  |TAMS 0x0000000087900000, 0x0000000087900000| Untracked 
|  72|0x0000000087a00000, 0x0000000087a00000, 0x0000000087b00000|  0%| F|  |TAMS 0x0000000087a00000, 0x0000000087a00000| Untracked 
|  73|0x0000000087b00000, 0x0000000087b00000, 0x0000000087c00000|  0%| F|  |TAMS 0x0000000087b00000, 0x0000000087b00000| Untracked 
|  74|0x0000000087c00000, 0x0000000087c00000, 0x0000000087d00000|  0%| F|  |TAMS 0x0000000087c00000, 0x0000000087c00000| Untracked 
|  75|0x0000000087d00000, 0x0000000087d00000, 0x0000000087e00000|  0%| F|  |TAMS 0x0000000087d00000, 0x0000000087d00000| Untracked 
|  76|0x0000000087e00000, 0x0000000087e00000, 0x0000000087f00000|  0%| F|  |TAMS 0x0000000087e00000, 0x0000000087e00000| Untracked 
|  77|0x0000000087f00000, 0x0000000087f00000, 0x0000000088000000|  0%| F|  |TAMS 0x0000000087f00000, 0x0000000087f00000| Untracked 
|  78|0x0000000088000000, 0x0000000088000000, 0x0000000088100000|  0%| F|  |TAMS 0x0000000088000000, 0x0000000088000000| Untracked 
|  79|0x0000000088100000, 0x0000000088100000, 0x0000000088200000|  0%| F|  |TAMS 0x0000000088100000, 0x0000000088100000| Untracked 
|  80|0x0000000088200000, 0x0000000088200000, 0x0000000088300000|  0%| F|  |TAMS 0x0000000088200000, 0x0000000088200000| Untracked 
|  81|0x0000000088300000, 0x0000000088300000, 0x0000000088400000|  0%| F|  |TAMS 0x0000000088300000, 0x0000000088300000| Untracked 
|  82|0x0000000088400000, 0x0000000088400000, 0x0000000088500000|  0%| F|  |TAMS 0x0000000088400000, 0x0000000088400000| Untracked 
|  83|0x0000000088500000, 0x0000000088500000, 0x0000000088600000|  0%| F|  |TAMS 0x0000000088500000, 0x0000000088500000| Untracked 
|  84|0x0000000088600000, 0x0000000088600000, 0x0000000088700000|  0%| F|  |TAMS 0x0000000088600000, 0x0000000088600000| Untracked 
|  85|0x0000000088700000, 0x0000000088700000, 0x0000000088800000|  0%| F|  |TAMS 0x0000000088700000, 0x0000000088700000| Untracked 
|  86|0x0000000088800000, 0x0000000088800000, 0x0000000088900000|  0%| F|  |TAMS 0x0000000088800000, 0x0000000088800000| Untracked 
|  87|0x0000000088900000, 0x000000008894d760, 0x0000000088a00000| 30%| S|CS|TAMS 0x0000000088900000, 0x0000000088900000| Complete 
|  88|0x0000000088a00000, 0x0000000088b00000, 0x0000000088b00000|100%| S|CS|TAMS 0x0000000088a00000, 0x0000000088a00000| Complete 
|  89|0x0000000088b00000, 0x0000000088c00000, 0x0000000088c00000|100%| S|CS|TAMS 0x0000000088b00000, 0x0000000088b00000| Complete 
|  90|0x0000000088c00000, 0x0000000088d00000, 0x0000000088d00000|100%| S|CS|TAMS 0x0000000088c00000, 0x0000000088c00000| Complete 
|  91|0x0000000088d00000, 0x0000000088d00000, 0x0000000088e00000|  0%| F|  |TAMS 0x0000000088d00000, 0x0000000088d00000| Untracked 
|  92|0x0000000088e00000, 0x0000000088e00000, 0x0000000088f00000|  0%| F|  |TAMS 0x0000000088e00000, 0x0000000088e00000| Untracked 
|  93|0x0000000088f00000, 0x0000000088f00000, 0x0000000089000000|  0%| F|  |TAMS 0x0000000088f00000, 0x0000000088f00000| Untracked 
|  94|0x0000000089000000, 0x0000000089000000, 0x0000000089100000|  0%| F|  |TAMS 0x0000000089000000, 0x0000000089000000| Untracked 
|  95|0x0000000089100000, 0x0000000089100000, 0x0000000089200000|  0%| F|  |TAMS 0x0000000089100000, 0x0000000089100000| Untracked 
|  96|0x0000000089200000, 0x0000000089200000, 0x0000000089300000|  0%| F|  |TAMS 0x0000000089200000, 0x0000000089200000| Untracked 
|  97|0x0000000089300000, 0x0000000089300000, 0x0000000089400000|  0%| F|  |TAMS 0x0000000089300000, 0x0000000089300000| Untracked 
|  98|0x0000000089400000, 0x0000000089400000, 0x0000000089500000|  0%| F|  |TAMS 0x0000000089400000, 0x0000000089400000| Untracked 
|  99|0x0000000089500000, 0x0000000089500000, 0x0000000089600000|  0%| F|  |TAMS 0x0000000089500000, 0x0000000089500000| Untracked 
| 100|0x0000000089600000, 0x0000000089600000, 0x0000000089700000|  0%| F|  |TAMS 0x0000000089600000, 0x0000000089600000| Untracked 
| 101|0x0000000089700000, 0x0000000089800000, 0x0000000089800000|100%| E|  |TAMS 0x0000000089700000, 0x0000000089700000| Complete 
| 102|0x0000000089800000, 0x0000000089900000, 0x0000000089900000|100%| E|CS|TAMS 0x0000000089800000, 0x0000000089800000| Complete 
| 103|0x0000000089900000, 0x0000000089a00000, 0x0000000089a00000|100%| E|CS|TAMS 0x0000000089900000, 0x0000000089900000| Complete 
| 104|0x0000000089a00000, 0x0000000089b00000, 0x0000000089b00000|100%| E|CS|TAMS 0x0000000089a00000, 0x0000000089a00000| Complete 
| 105|0x0000000089b00000, 0x0000000089c00000, 0x0000000089c00000|100%| E|CS|TAMS 0x0000000089b00000, 0x0000000089b00000| Complete 
| 106|0x0000000089c00000, 0x0000000089d00000, 0x0000000089d00000|100%| E|CS|TAMS 0x0000000089c00000, 0x0000000089c00000| Complete 
| 107|0x0000000089d00000, 0x0000000089e00000, 0x0000000089e00000|100%| E|CS|TAMS 0x0000000089d00000, 0x0000000089d00000| Complete 
| 108|0x0000000089e00000, 0x0000000089f00000, 0x0000000089f00000|100%| E|CS|TAMS 0x0000000089e00000, 0x0000000089e00000| Complete 
| 109|0x0000000089f00000, 0x000000008a000000, 0x000000008a000000|100%| E|CS|TAMS 0x0000000089f00000, 0x0000000089f00000| Complete 
| 110|0x000000008a000000, 0x000000008a100000, 0x000000008a100000|100%| E|CS|TAMS 0x000000008a000000, 0x000000008a000000| Complete 
| 111|0x000000008a100000, 0x000000008a200000, 0x000000008a200000|100%| E|CS|TAMS 0x000000008a100000, 0x000000008a100000| Complete 
| 112|0x000000008a200000, 0x000000008a300000, 0x000000008a300000|100%| E|CS|TAMS 0x000000008a200000, 0x000000008a200000| Complete 
| 113|0x000000008a300000, 0x000000008a400000, 0x000000008a400000|100%| E|CS|TAMS 0x000000008a300000, 0x000000008a300000| Complete 
| 114|0x000000008a400000, 0x000000008a500000, 0x000000008a500000|100%| E|CS|TAMS 0x000000008a400000, 0x000000008a400000| Complete 
| 115|0x000000008a500000, 0x000000008a600000, 0x000000008a600000|100%| E|CS|TAMS 0x000000008a500000, 0x000000008a500000| Complete 
| 116|0x000000008a600000, 0x000000008a700000, 0x000000008a700000|100%| E|CS|TAMS 0x000000008a600000, 0x000000008a600000| Complete 
| 117|0x000000008a700000, 0x000000008a800000, 0x000000008a800000|100%| E|CS|TAMS 0x000000008a700000, 0x000000008a700000| Complete 
| 118|0x000000008a800000, 0x000000008a900000, 0x000000008a900000|100%| E|CS|TAMS 0x000000008a800000, 0x000000008a800000| Complete 
| 119|0x000000008a900000, 0x000000008aa00000, 0x000000008aa00000|100%| E|CS|TAMS 0x000000008a900000, 0x000000008a900000| Complete 
| 120|0x000000008aa00000, 0x000000008ab00000, 0x000000008ab00000|100%| E|CS|TAMS 0x000000008aa00000, 0x000000008aa00000| Complete 
| 121|0x000000008ab00000, 0x000000008ac00000, 0x000000008ac00000|100%| E|CS|TAMS 0x000000008ab00000, 0x000000008ab00000| Complete 
| 122|0x000000008ac00000, 0x000000008ad00000, 0x000000008ad00000|100%| E|CS|TAMS 0x000000008ac00000, 0x000000008ac00000| Complete 
| 123|0x000000008ad00000, 0x000000008ae00000, 0x000000008ae00000|100%| E|CS|TAMS 0x000000008ad00000, 0x000000008ad00000| Complete 
| 124|0x000000008ae00000, 0x000000008af00000, 0x000000008af00000|100%| E|CS|TAMS 0x000000008ae00000, 0x000000008ae00000| Complete 
| 125|0x000000008af00000, 0x000000008b000000, 0x000000008b000000|100%| E|CS|TAMS 0x000000008af00000, 0x000000008af00000| Complete 

Card table byte_map: [0x00000243714c0000,0x00000243718b0000] _byte_map_base: 0x00000243710a7000

Marking Bits (Prev, Next): (CMBitMap*) 0x0000024358639720, (CMBitMap*) 0x0000024358639760
 Prev Bits: [0x0000024371ca0000, 0x0000024373bd8000)
 Next Bits: [0x0000024373be0000, 0x0000024375b18000)

Polling page: 0x00000243586c0000

Metaspace:

Usage:
  Non-class:     13.12 MB used.
      Class:      1.05 MB used.
       Both:     14.17 MB used.

Virtual space:
  Non-class space:       16.00 MB reserved,      13.25 MB ( 83%) committed,  2 nodes.
      Class space:        1.00 GB reserved,       1.12 MB ( <1%) committed,  1 nodes.
             Both:        1.02 GB reserved,      14.38 MB (  1%) committed. 

Chunk freelists:
   Non-Class:  2.78 MB
       Class:  2.82 MB
        Both:  5.60 MB

MaxMetaspaceSize: unlimited
CompressedClassSpaceSize: 1.00 GB
Initial GC threshold: 21.00 MB
Current GC threshold: 21.00 MB
CDS: on
MetaspaceReclaimPolicy: balanced
 - commit_granule_bytes: 65536.
 - commit_granule_words: 8192.
 - virtual_space_node_default_size: 1048576.
 - enlarge_chunks_in_place: 1.
 - new_chunks_are_fully_committed: 0.
 - uncommit_free_chunks: 1.
 - use_allocation_guard: 0.
 - handle_deallocations: 1.


Internal statistics:

num_allocs_failed_limit: 0.
num_arena_births: 142.
num_arena_deaths: 0.
num_vsnodes_births: 3.
num_vsnodes_deaths: 0.
num_space_committed: 226.
num_space_uncommitted: 0.
num_chunks_returned_to_freelist: 0.
num_chunks_taken_from_freelist: 462.
num_chunk_merges: 0.
num_chunk_splits: 359.
num_chunks_enlarged: 284.
num_purges: 0.
num_inconsistent_stats: 0.

CodeHeap 'non-profiled nmethods': size=120000Kb used=1348Kb max_used=1348Kb free=118651Kb
 bounds [0x0000024369120000, 0x0000024369390000, 0x0000024370650000]
CodeHeap 'profiled nmethods': size=120000Kb used=4628Kb max_used=4628Kb free=115372Kb
 bounds [0x0000024361650000, 0x0000024361ae0000, 0x0000024368b80000]
CodeHeap 'non-nmethods': size=5760Kb used=1619Kb max_used=1677Kb free=4141Kb
 bounds [0x0000024368b80000, 0x0000024368df0000, 0x0000024369120000]
 total_blobs=3147 nmethods=2202 adapters=858
 compilation: enabled
              stopped_count=0, restarted_count=0
 full_count=0

Compilation events (20 events):
Event: 47.893 Thread 0x00000243785ebf60 nmethod 2194 0x0000024361ac9e10 code [0x0000024361ac9fe0, 0x0000024361aca3b8]
Event: 47.942 Thread 0x00000243785eae10 2195       4       processing.core.PGraphics::ellipse (142 bytes)
Event: 47.961 Thread 0x00000243785eae10 nmethod 2195 0x000002436926f490 code [0x000002436926f680, 0x000002436926fcc8]
Event: 48.270 Thread 0x00000243785eae10 2196       4       processing.core.PGraphics::circle (9 bytes)
Event: 48.291 Thread 0x00000243785eae10 nmethod 2196 0x0000024369270190 code [0x0000024369270360, 0x0000024369270948]
Event: 49.204 Thread 0x00000243785eae10 2197       4       processing.opengl.PGraphicsOpenGL$TexCache::clear (24 bytes)
Event: 49.211 Thread 0x00000243785eae10 nmethod 2197 0x0000024369270e90 code [0x0000024369271000, 0x00000243692711b8]
Event: 49.403 Thread 0x00000243785ebf60 2198       3       processing.core.PGraphics::square (9 bytes)
Event: 49.403 Thread 0x00000243785ebf60 nmethod 2198 0x0000024361aca590 code [0x0000024361aca720, 0x0000024361aca908]
Event: 49.824 Thread 0x00000243785ebf60 2199       3       processing.opengl.PGraphicsOpenGL::flushPolys (707 bytes)
Event: 49.830 Thread 0x00000243785ebf60 nmethod 2199 0x0000024361acaa10 code [0x0000024361acaf20, 0x0000024361acda48]
Event: 49.830 Thread 0x00000243785ebf60 2200       3       processing.opengl.PGraphicsOpenGL::updatePolyBuffers (595 bytes)
Event: 49.837 Thread 0x00000243785ebf60 nmethod 2200 0x0000024361acf090 code [0x0000024361acf680, 0x0000024361ad27e8]
Event: 49.837 Thread 0x00000243785ebf60 2201       3       processing.opengl.PGraphicsOpenGL$TessGeometry::updatePolyColorsBuffer (10 bytes)
Event: 49.838 Thread 0x00000243785ebf60 nmethod 2201 0x0000024361ad3d90 code [0x0000024361ad3f40, 0x0000024361ad4108]
Event: 49.842 Thread 0x00000243785ebf60 2202       3       processing.opengl.PGraphicsOpenGL::polyBuffersContextIsOutdated (20 bytes)
Event: 49.843 Thread 0x00000243785ebf60 nmethod 2202 0x0000024361ad4210 code [0x0000024361ad43c0, 0x0000024361ad46b8]
Event: 49.880 Thread 0x00000243785ebf60 2203       3       java.util.WeakHashMap::matchesKey (33 bytes)
Event: 49.881 Thread 0x00000243785ebf60 nmethod 2203 0x0000024361ad4790 code [0x0000024361ad4960, 0x0000024361ad4e98]
Event: 49.958 Thread 0x00000243785eae10 2204   !   4       jdk.internal.loader.URLClassPath$JarLoader::getResource (65 bytes)

GC Heap History (4 events):
Event: 4.269 GC heap before
{Heap before GC invocations=0 (full 0):
 garbage-first heap   total 129024K, used 25600K [0x0000000083200000, 0x0000000100000000)
  region size 1024K, 23 young (23552K), 0 survivors (0K)
 Metaspace       used 11259K, committed 11456K, reserved 1064960K
  class space    used 813K, committed 896K, reserved 1048576K
}
Event: 4.296 GC heap after
{Heap after GC invocations=1 (full 0):
 garbage-first heap   total 129024K, used 2730K [0x0000000083200000, 0x0000000100000000)
  region size 1024K, 3 young (3072K), 3 survivors (3072K)
 Metaspace       used 11259K, committed 11456K, reserved 1064960K
  class space    used 813K, committed 896K, reserved 1048576K
}
Event: 15.073 GC heap before
{Heap before GC invocations=1 (full 0):
 garbage-first heap   total 129024K, used 57002K [0x0000000083200000, 0x0000000100000000)
  region size 1024K, 35 young (35840K), 3 survivors (3072K)
 Metaspace       used 14292K, committed 14528K, reserved 1064960K
  class space    used 1070K, committed 1152K, reserved 1048576K
}
Event: 15.094 GC heap after
{Heap after GC invocations=2 (full 0):
 garbage-first heap   total 129024K, used 18253K [0x0000000083200000, 0x0000000100000000)
  region size 1024K, 4 young (4096K), 4 survivors (4096K)
 Metaspace       used 14292K, committed 14528K, reserved 1064960K
  class space    used 1070K, committed 1152K, reserved 1048576K
}

Deoptimization events (20 events):
Event: 49.839 Thread 0x000002437b00e210 DEOPT PACKING pc=0x00000243619f3bd9 sp=0x000000e1e3afeda0
Event: 49.839 Thread 0x000002437b00e210 DEOPT UNPACKING pc=0x0000024368bd66e3 sp=0x000000e1e3afe290 mode 1
Event: 49.839 Thread 0x000002437b00e210 DEOPT PACKING pc=0x00000243619f1474 sp=0x000000e1e3afee30
Event: 49.839 Thread 0x000002437b00e210 DEOPT UNPACKING pc=0x0000024368bd66e3 sp=0x000000e1e3afe2d8 mode 1
Event: 49.855 Thread 0x000002437b00e210 DEOPT PACKING pc=0x00000243619f3bd9 sp=0x000000e1e3afeda0
Event: 49.855 Thread 0x000002437b00e210 DEOPT UNPACKING pc=0x0000024368bd66e3 sp=0x000000e1e3afe290 mode 1
Event: 49.855 Thread 0x000002437b00e210 DEOPT PACKING pc=0x00000243619f1474 sp=0x000000e1e3afee30
Event: 49.855 Thread 0x000002437b00e210 DEOPT UNPACKING pc=0x0000024368bd66e3 sp=0x000000e1e3afe2d8 mode 1
Event: 49.872 Thread 0x000002437b00e210 DEOPT PACKING pc=0x00000243619f3bd9 sp=0x000000e1e3afeda0
Event: 49.872 Thread 0x000002437b00e210 DEOPT UNPACKING pc=0x0000024368bd66e3 sp=0x000000e1e3afe290 mode 1
Event: 49.872 Thread 0x000002437b00e210 DEOPT PACKING pc=0x00000243619f1474 sp=0x000000e1e3afee30
Event: 49.872 Thread 0x000002437b00e210 DEOPT UNPACKING pc=0x0000024368bd66e3 sp=0x000000e1e3afe2d8 mode 1
Event: 49.902 Thread 0x000002437b0120a0 Uncommon trap: trap_request=0xffffff45 fr.pc=0x00000243691f2e60 relative=0x0000000000000060
Event: 49.902 Thread 0x000002437b0120a0 Uncommon trap: reason=unstable_if action=reinterpret pc=0x00000243691f2e60 method=java.util.HashMap.keySet()Ljava/util/Set; @ 6 c2
Event: 49.902 Thread 0x000002437b0120a0 DEOPT PACKING pc=0x00000243691f2e60 sp=0x000000e1e46ff430
Event: 49.902 Thread 0x000002437b0120a0 DEOPT UNPACKING pc=0x0000024368bd5ba3 sp=0x000000e1e46ff3c8 mode 2
Event: 49.903 Thread 0x00000243785e02a0 Uncommon trap: trap_request=0xffffff45 fr.pc=0x00000243691c1868 relative=0x00000000000001e8
Event: 49.903 Thread 0x00000243785e02a0 Uncommon trap: reason=unstable_if action=reinterpret pc=0x00000243691c1868 method=java.util.HashMap$HashIterator.<init>(Ljava/util/HashMap;)V @ 38 c2
Event: 49.903 Thread 0x00000243785e02a0 DEOPT PACKING pc=0x00000243691c1868 sp=0x000000e1e2bff310
Event: 49.903 Thread 0x00000243785e02a0 DEOPT UNPACKING pc=0x0000024368bd5ba3 sp=0x000000e1e2bff2b8 mode 2

Classes unloaded (0 events):
No events

Classes redefined (0 events):
No events

Internal exceptions (19 events):
Event: 0.838 Thread 0x00000243585df570 Exception <a 'java/lang/ClassNotFoundException'{0x000000008ad84968}: sun/awt/resources/spi/awtProvider> (0x000000008ad84968) 
thrown [s\open\src\hotspot\share\classfile\systemDictionary.cpp, line 256]
Event: 0.917 Thread 0x00000243585df570 Exception <a 'java/io/FileNotFoundException'{0x000000008adda850}> (0x000000008adda850) 
thrown [s\open\src\hotspot\share\prims\jni.cpp, line 516]
Event: 0.950 Thread 0x00000243585df570 Exception <a 'java/io/FileNotFoundException'{0x000000008ac07c00}> (0x000000008ac07c00) 
thrown [s\open\src\hotspot\share\prims\jni.cpp, line 516]
Event: 1.091 Thread 0x00000243585df570 Exception <a 'java/lang/NoSuchMethodError'{0x000000008ac97118}: 'java.lang.Object java.lang.invoke.DirectMethodHandle$Holder.invokeStaticInit(java.lang.Object)'> (0x000000008ac97118) 
thrown [s\open\src\hotspot\share\interpreter\linkResolver.cpp, line 759]
Event: 1.595 Thread 0x00000243585df570 Exception <a 'java/lang/NoSuchMethodError'{0x000000008a8cffe8}: 'java.lang.Object java.lang.invoke.DirectMethodHandle$Holder.invokeStaticInit(java.lang.Object, int, int, int, int)'> (0x000000008a8cffe8) 
thrown [s\open\src\hotspot\share\interpreter\linkResolver.cpp, line 759]
Event: 1.784 Thread 0x00000243585df570 Exception <a 'java/lang/NoSuchMethodError'{0x000000008a774c48}: 'java.lang.Object java.lang.invoke.DirectMethodHandle$Holder.invokeStaticInit(java.lang.Object, java.lang.Object, int, int, int, int)'> (0x000000008a774c48) 
thrown [s\open\src\hotspot\share\interpreter\linkResolver.cpp, line 759]
Event: 1.854 Thread 0x00000243585df570 Exception <a 'java/lang/NoSuchMethodError'{0x000000008a780cd0}: 'void java.lang.invoke.DirectMethodHandle$Holder.invokeStatic(java.lang.Object, long)'> (0x000000008a780cd0) 
thrown [s\open\src\hotspot\share\interpreter\linkResolver.cpp, line 759]
Event: 1.857 Thread 0x00000243585df570 Exception <a 'java/lang/NoSuchMethodError'{0x000000008a7862b0}: 'java.lang.Object java.lang.invoke.DirectMethodHandle$Holder.newInvokeSpecial(java.lang.Object, long)'> (0x000000008a7862b0) 
thrown [s\open\src\hotspot\share\interpreter\linkResolver.cpp, line 759]
Event: 1.862 Thread 0x00000243585df570 Exception <a 'java/lang/NoSuchMethodError'{0x000000008a78d508}: 'java.lang.Object java.lang.invoke.DirectMethodHandle$Holder.invokeStatic(java.lang.Object, java.lang.Object, long, java.lang.Object)'> (0x000000008a78d508) 
thrown [s\open\src\hotspot\share\interpreter\linkResolver.cpp, line 759]
Event: 1.864 Thread 0x00000243585df570 Exception <a 'java/lang/NoSuchMethodError'{0x000000008a790fa0}: 'java.lang.Object java.lang.invoke.DirectMethodHandle$Holder.invokeStaticInit(java.lang.Object, java.lang.Object, long, java.lang.Object)'> (0x000000008a790fa0) 
thrown [s\open\src\hotspot\share\interpreter\linkResolver.cpp, line 759]
Event: 1.866 Thread 0x00000243585df570 Exception <a 'java/lang/NoSuchMethodError'{0x000000008a797560}: 'java.lang.Object java.lang.invoke.DirectMethodHandle$Holder.newInvokeSpecial(java.lang.Object, java.lang.Object, long)'> (0x000000008a797560) 
thrown [s\open\src\hotspot\share\interpreter\linkResolver.cpp, line 759]
Event: 1.867 Thread 0x00000243585df570 Exception <a 'java/lang/NoSuchMethodError'{0x000000008a79b0d0}: 'java.lang.Object java.lang.invoke.Invokers$Holder.linkToTargetMethod(java.lang.Object, long, java.lang.Object)'> (0x000000008a79b0d0) 
thrown [s\open\src\hotspot\share\interpreter\linkResolver.cpp, line 759]
Event: 2.429 Thread 0x00000243585df570 Exception <a 'java/lang/NoSuchMethodError'{0x000000008a518e58}: 'java.lang.Object java.lang.invoke.DirectMethodHandle$Holder.invokeInterface(java.lang.Object, java.lang.Object)'> (0x000000008a518e58) 
thrown [s\open\src\hotspot\share\interpreter\linkResolver.cpp, line 759]
Event: 2.431 Thread 0x00000243585df570 Exception <a 'java/lang/IncompatibleClassChangeError'{0x000000008a51c650}: Found class java.lang.Object, but interface was expected> (0x000000008a51c650) 
thrown [s\open\src\hotspot\share\interpreter\linkResolver.cpp, line 826]
Event: 5.704 Thread 0x000002437b00e210 Exception <a 'java/lang/NoSuchMethodError'{0x000000008a29cce8}: 'java.lang.Object java.lang.invoke.DirectMethodHandle$Holder.invokeStatic(java.lang.Object, float)'> (0x000000008a29cce8) 
thrown [s\open\src\hotspot\share\interpreter\linkResolver.cpp, line 759]
Event: 5.730 Thread 0x000002437b00e210 Exception <a 'java/lang/NoSuchMethodError'{0x000000008a2e8668}: 'int java.lang.invoke.DirectMethodHandle$Holder.invokeSpecial(java.lang.Object, java.lang.Object, java.lang.Object)'> (0x000000008a2e8668) 
thrown [s\open\src\hotspot\share\interpreter\linkResolver.cpp, line 759]
Event: 9.672 Thread 0x000002437b00e210 Implicit null exception at 0x00000243691c6c14 to 0x00000243691c8568
Event: 14.192 Thread 0x000002437b00e210 Implicit null exception at 0x00000243691bbd72 to 0x00000243691bbe3c
Event: 49.878 Thread 0x00000243785dd280 Exception <a 'java/lang/InterruptedException'{0x0000000089845298}> (0x0000000089845298) 
thrown [s\open\src\hotspot\share\runtime\objectMonitor.cpp, line 1661]

VM Operations (20 events):
Event: 31.102 Executing VM operation: Cleanup done
Event: 36.104 Executing VM operation: Cleanup
Event: 36.104 Executing VM operation: Cleanup done
Event: 39.106 Executing VM operation: Cleanup
Event: 39.106 Executing VM operation: Cleanup done
Event: 40.106 Executing VM operation: Cleanup
Event: 40.106 Executing VM operation: Cleanup done
Event: 41.107 Executing VM operation: Cleanup
Event: 41.107 Executing VM operation: Cleanup done
Event: 42.107 Executing VM operation: Cleanup
Event: 42.107 Executing VM operation: Cleanup done
Event: 43.108 Executing VM operation: Cleanup
Event: 43.108 Executing VM operation: Cleanup done
Event: 45.109 Executing VM operation: Cleanup
Event: 45.109 Executing VM operation: Cleanup done
Event: 46.109 Executing VM operation: Cleanup
Event: 46.110 Executing VM operation: Cleanup done
Event: 47.110 Executing VM operation: Cleanup
Event: 47.110 Executing VM operation: Cleanup done
Event: 49.988 Executing VM operation: Exit

Events (20 events):
Event: 12.881 Thread 0x000002430a896240 Thread added: 0x000002430a896240
Event: 13.189 Thread 0x000002430a896240 Thread exited: 0x000002430a896240
Event: 13.200 Thread 0x000002430a895d30 Thread exited: 0x000002430a895d30
Event: 14.258 Thread 0x000002430a813dd0 Thread added: 0x000002430a813dd0
Event: 14.277 Thread 0x000002437bc8c710 Thread added: 0x000002437bc8c710
Event: 15.262 Thread 0x000002437bc8c710 Thread exited: 0x000002437bc8c710
Event: 15.805 Thread 0x000002430a813dd0 Thread exited: 0x000002430a813dd0
Event: 49.878 Thread 0x000002437b00f080 Thread added: 0x000002437b00f080
Event: 49.878 Thread 0x000002437b0120a0 Thread added: 0x000002437b0120a0
Event: 49.878 Thread 0x000002437b00bb90 Thread added: 0x000002437b00bb90
Event: 49.878 Thread 0x00000243785dd280 Thread exited: 0x00000243785dd280
Event: 49.879 Thread 0x000002437b011700 Thread added: 0x000002437b011700
Event: 49.880 loading class java/nio/channels/ClosedChannelException
Event: 49.880 loading class java/nio/channels/ClosedChannelException done
Event: 49.881 Thread 0x000002437b00bb90 Thread exited: 0x000002437b00bb90
Event: 49.881 Thread 0x00000243785df900 Thread exited: 0x00000243785df900
Event: 49.889 Thread 0x00000243785dfdd0 Thread exited: 0x00000243785dfdd0
Event: 49.955 Thread 0x00000243785e02a0 Thread exited: 0x00000243785e02a0
Event: 49.966 Thread 0x000002437b0120a0 Thread exited: 0x000002437b0120a0
Event: 49.981 Thread 0x000002437b00f080 Thread exited: 0x000002437b00f080


Dynamic libraries:
0x00007ff69e360000 - 0x00007ff69e370000 	C:\Program Files\Java\jdk-17\bin\java.exe
0x00007ffdd87d0000 - 0x00007ffdd89c8000 	C:\Windows\SYSTEM32\ntdll.dll
0x00007ffdd6830000 - 0x00007ffdd68ef000 	C:\Windows\System32\KERNEL32.DLL
0x00007ffdd5ee0000 - 0x00007ffdd61ba000 	C:\Windows\System32\KERNELBASE.dll
0x00007ffdd63c0000 - 0x00007ffdd64c0000 	C:\Windows\System32\ucrtbase.dll
0x00007ffdb3250000 - 0x00007ffdb326b000 	C:\Program Files\Java\jdk-17\bin\VCRUNTIME140.dll
0x00007ffdb1eb0000 - 0x00007ffdb1ec8000 	C:\Program Files\Java\jdk-17\bin\jli.dll
0x00007ffdd6ff0000 - 0x00007ffdd709e000 	C:\Windows\System32\ADVAPI32.dll
0x00007ffdd8070000 - 0x00007ffdd810e000 	C:\Windows\System32\msvcrt.dll
0x00007ffdd6a00000 - 0x00007ffdd6a9c000 	C:\Windows\System32\sechost.dll
0x00007ffdd74f0000 - 0x00007ffdd7616000 	C:\Windows\System32\RPCRT4.dll
0x00007ffdd72c0000 - 0x00007ffdd745d000 	C:\Windows\System32\USER32.dll
0x00007ffdd6800000 - 0x00007ffdd6822000 	C:\Windows\System32\win32u.dll
0x00007ffdc8f30000 - 0x00007ffdc91ca000 	C:\Windows\WinSxS\amd64_microsoft.windows.common-controls_6595b64144ccf1df_6.0.19041.1110_none_60b5254171f9507e\COMCTL32.dll
0x00007ffdd74c0000 - 0x00007ffdd74eb000 	C:\Windows\System32\GDI32.dll
0x00007ffdd6550000 - 0x00007ffdd6660000 	C:\Windows\System32\gdi32full.dll
0x00007ffdd66b0000 - 0x00007ffdd674d000 	C:\Windows\System32\msvcp_win.dll
0x00007ffdca3f0000 - 0x00007ffdca3fa000 	C:\Windows\SYSTEM32\VERSION.dll
0x00007ffdd7e00000 - 0x00007ffdd7e30000 	C:\Windows\System32\IMM32.DLL
0x00007ffdb34e0000 - 0x00007ffdb34ec000 	C:\Program Files\Java\jdk-17\bin\vcruntime140_1.dll
0x00007ffdacc10000 - 0x00007ffdacc9e000 	C:\Program Files\Java\jdk-17\bin\msvcp140.dll
0x00007ffd72120000 - 0x00007ffd72cf7000 	C:\Program Files\Java\jdk-17\bin\server\jvm.dll
0x00007ffdd7170000 - 0x00007ffdd7178000 	C:\Windows\System32\PSAPI.DLL
0x00007ffdc1d40000 - 0x00007ffdc1d49000 	C:\Windows\SYSTEM32\WSOCK32.dll
0x00007ffdc91d0000 - 0x00007ffdc91f7000 	C:\Windows\SYSTEM32\WINMM.dll
0x00007ffdd8000000 - 0x00007ffdd806b000 	C:\Windows\System32\WS2_32.dll
0x00007ffdd3d40000 - 0x00007ffdd3d52000 	C:\Windows\SYSTEM32\kernel.appcore.dll
0x00007ffdb3200000 - 0x00007ffdb320a000 	C:\Program Files\Java\jdk-17\bin\jimage.dll
0x00007ffdd3530000 - 0x00007ffdd3714000 	C:\Windows\SYSTEM32\DBGHELP.DLL
0x00007ffdc2e50000 - 0x00007ffdc2e84000 	C:\Windows\SYSTEM32\dbgcore.DLL
0x00007ffdd64c0000 - 0x00007ffdd6542000 	C:\Windows\System32\bcryptPrimitives.dll
0x00007ffdad490000 - 0x00007ffdad4cb000 	C:\Program Files\Java\jdk-17\bin\jdwp.dll
0x00007ffdacbe0000 - 0x00007ffdacc05000 	C:\Program Files\Java\jdk-17\bin\java.dll
0x00007ffdacb00000 - 0x00007ffdacbd7000 	C:\Program Files\Java\jdk-17\bin\jsvml.dll
0x00007ffdd76b0000 - 0x00007ffdd7df4000 	C:\Windows\System32\SHELL32.dll
0x00007ffdd3f60000 - 0x00007ffdd46f3000 	C:\Windows\SYSTEM32\windows.storage.dll
0x00007ffdd6aa0000 - 0x00007ffdd6df4000 	C:\Windows\System32\combase.dll
0x00007ffdd5940000 - 0x00007ffdd596e000 	C:\Windows\SYSTEM32\Wldp.dll
0x00007ffdd7f50000 - 0x00007ffdd7ffd000 	C:\Windows\System32\SHCORE.dll
0x00007ffdd69a0000 - 0x00007ffdd69f5000 	C:\Windows\System32\shlwapi.dll
0x00007ffdd5e20000 - 0x00007ffdd5e3f000 	C:\Windows\SYSTEM32\profapi.dll
0x00007ffdb3170000 - 0x00007ffdb317c000 	C:\Program Files\Java\jdk-17\bin\dt_socket.dll
0x00007ffdd5340000 - 0x00007ffdd537c000 	C:\Windows\SYSTEM32\IPHLPAPI.DLL
0x00007ffdd56a0000 - 0x00007ffdd570a000 	C:\Windows\system32\mswsock.dll
0x00007ffdd5390000 - 0x00007ffdd545b000 	C:\Windows\SYSTEM32\DNSAPI.dll
0x00007ffdd6ee0000 - 0x00007ffdd6ee8000 	C:\Windows\System32\NSI.dll
0x00007ffdccbe0000 - 0x00007ffdccbea000 	C:\Windows\System32\rasadhlp.dll
0x00007ffdc6710000 - 0x00007ffdc6790000 	C:\Windows\System32\fwpuclnt.dll
0x00007ffdd6390000 - 0x00007ffdd63b7000 	C:\Windows\System32\bcrypt.dll
0x00007ffdacae0000 - 0x00007ffdacaf9000 	C:\Program Files\Java\jdk-17\bin\net.dll
0x00007ffdcff90000 - 0x00007ffdd009a000 	C:\Windows\SYSTEM32\WINHTTP.dll
0x00007ffdacac0000 - 0x00007ffdacad6000 	C:\Program Files\Java\jdk-17\bin\nio.dll
0x00007ffdacaa0000 - 0x00007ffdacab8000 	C:\Program Files\Java\jdk-17\bin\zip.dll
0x00007ffd83b60000 - 0x00007ffd83cf1000 	C:\Program Files\Java\jdk-17\bin\awt.dll
0x00007ffdd70a0000 - 0x00007ffdd716d000 	C:\Windows\System32\OLEAUT32.dll
0x00007ffdd32e0000 - 0x00007ffdd3370000 	C:\Windows\SYSTEM32\apphelp.dll
0x00007ffdd3750000 - 0x00007ffdd37ee000 	C:\Windows\system32\uxtheme.dll
0x00007ffdd7e30000 - 0x00007ffdd7f44000 	C:\Windows\System32\MSCTF.dll
0x00007ffdd7190000 - 0x00007ffdd72ba000 	C:\Windows\System32\ole32.dll
0x00007ffdd3970000 - 0x00007ffdd399f000 	C:\Windows\system32\DWMAPI.DLL
0x00007ffdbb160000 - 0x00007ffdbb285000 	C:\Windows\system32\opengl32.dll
0x00007ffdbb130000 - 0x00007ffdbb15c000 	C:\Windows\SYSTEM32\GLU32.dll
0x00007ffdd5890000 - 0x00007ffdd58a8000 	C:\Windows\SYSTEM32\CRYPTSP.dll
0x00007ffdd4f50000 - 0x00007ffdd4f84000 	C:\Windows\system32\rsaenh.dll
0x00007ffdd5de0000 - 0x00007ffdd5e0e000 	C:\Windows\SYSTEM32\USERENV.dll
0x00007ffdd58b0000 - 0x00007ffdd58bc000 	C:\Windows\SYSTEM32\CRYPTBASE.dll
0x00007ffdcd010000 - 0x00007ffdcd027000 	C:\Windows\SYSTEM32\dhcpcsvc6.DLL
0x00007ffdccff0000 - 0x00007ffdcd00d000 	C:\Windows\SYSTEM32\dhcpcsvc.DLL
0x000000006e8c0000 - 0x000000006e8cd000 	C:\Users\bakht\AppData\Local\Temp\jogamp_0000\file_cache\jln11908790661708597916\jln6860419094845584044\natives\windows-amd64\gluegen_rt.dll
0x00007ffdb1e30000 - 0x00007ffdb1e37000 	C:\Program Files\Java\jdk-17\bin\jawt.dll
0x000000006a440000 - 0x000000006a44d000 	C:\Users\bakht\AppData\Local\Temp\jogamp_0000\file_cache\jln11908790661708597916\jln6860419094845584044\natives\windows-amd64\nativewindow_awt.dll
0x000000006c100000 - 0x000000006c110000 	C:\Users\bakht\AppData\Local\Temp\jogamp_0000\file_cache\jln11908790661708597916\jln6860419094845584044\natives\windows-amd64\nativewindow_win32.dll
0x0000000070d80000 - 0x0000000070d93000 	C:\Users\bakht\AppData\Local\Temp\jogamp_0000\file_cache\jln11908790661708597916\jln6860419094845584044\natives\windows-amd64\newt_head.dll
0x00007ffdd00a0000 - 0x00007ffdd014e000 	C:\Windows\SYSTEM32\mscms.dll
0x00007ffdd0fa0000 - 0x00007ffdd0fb1000 	C:\Windows\SYSTEM32\ColorAdapterClient.dll
0x00007ffda6d50000 - 0x00007ffda6d93000 	C:\Windows\SYSTEM32\icm32.dll
0x00007ffdd8170000 - 0x00007ffdd85d8000 	C:\Windows\System32\setupapi.dll
0x00007ffdd6660000 - 0x00007ffdd66ae000 	C:\Windows\System32\cfgmgr32.dll
0x00007ffdd5c90000 - 0x00007ffdd5cbc000 	C:\Windows\SYSTEM32\DEVOBJ.dll
0x00007ffdd61c0000 - 0x00007ffdd6227000 	C:\Windows\System32\WINTRUST.dll
0x00007ffdd6230000 - 0x00007ffdd6386000 	C:\Windows\System32\CRYPT32.dll
0x00007ffdd5ad0000 - 0x00007ffdd5ae2000 	C:\Windows\SYSTEM32\MSASN1.dll
0x0000000064500000 - 0x0000000064585000 	C:\Users\bakht\AppData\Local\Temp\jogamp_0000\file_cache\jln11908790661708597916\jln6860419094845584044\natives\windows-amd64\jogl_desktop.dll
0x0000000064340000 - 0x0000000064391000 	C:\Users\bakht\AppData\Local\Temp\jogamp_0000\file_cache\jln11908790661708597916\jln6860419094845584044\natives\windows-amd64\jogl_mobile.dll
0x00007ffdd68f0000 - 0x00007ffdd6999000 	C:\Windows\System32\clbcatq.dll
0x00007ffdccc60000 - 0x00007ffdccd64000 	C:\Windows\System32\AppXDeploymentClient.dll
0x00007ffd67050000 - 0x00007ffd6805a000 	C:\Windows\System32\DriverStore\FileRepository\iigd_dch.inf_amd64_cb43c2398bc88530\igxelpicd64.dll
0x00007ffdd4770000 - 0x00007ffdd4863000 	C:\Windows\system32\dxgi.dll
0x00007ffd77690000 - 0x00007ffd77960000 	C:\Windows\System32\DriverStore\FileRepository\iigd_dch.inf_amd64_cb43c2398bc88530\igdml64.dll
0x00007ffdc9ab0000 - 0x00007ffdc9e99000 	C:\Windows\System32\DriverStore\FileRepository\iigd_dch.inf_amd64_cb43c2398bc88530\igdgmm64.dll
0x00007ffdc2f10000 - 0x00007ffdc651f000 	C:\Windows\System32\DriverStore\FileRepository\iigd_dch.inf_amd64_cb43c2398bc88530\igc64.dll
0x00007ffdd5460000 - 0x00007ffdd54ab000 	C:\Windows\SYSTEM32\powrprof.dll
0x00007ffdd5320000 - 0x00007ffdd5332000 	C:\Windows\SYSTEM32\UMPDC.dll
0x00007ffdb2e80000 - 0x00007ffdb2f79000 	C:\Windows\SYSTEM32\textinputframework.dll
0x00007ffdd30b0000 - 0x00007ffdd31a2000 	C:\Windows\System32\CoreMessaging.dll
0x00007ffdd29d0000 - 0x00007ffdd2d2e000 	C:\Windows\System32\CoreUIComponents.dll
0x00007ffdd5090000 - 0x00007ffdd50c3000 	C:\Windows\SYSTEM32\ntmarta.dll
0x00007ffdd1910000 - 0x00007ffdd1a64000 	C:\Windows\SYSTEM32\wintypes.dll
0x00007ffda12d0000 - 0x00007ffda1336000 	C:\Windows\system32\Oleacc.dll
0x00007ffdb1ea0000 - 0x00007ffdb1eb0000 	C:\Program Files\Java\jdk-17\bin\verify.dll
0x00007ffdaca80000 - 0x00007ffdaca92000 	C:\Program Files\Java\jdk-17\bin\jsound.dll
0x00007ffda6550000 - 0x00007ffda65ec000 	C:\Windows\SYSTEM32\DSOUND.dll
0x00007ffdbcac0000 - 0x00007ffdbcae6000 	C:\Windows\SYSTEM32\winmmbase.dll
0x00007ffdce170000 - 0x00007ffdce1f5000 	C:\Windows\System32\MMDevApi.dll
0x00007ffda68c0000 - 0x00007ffda6906000 	C:\Windows\SYSTEM32\wdmaud.drv
0x00007ffdcfdd0000 - 0x00007ffdcfdd9000 	C:\Windows\SYSTEM32\ksuser.dll
0x00007ffdd1000000 - 0x00007ffdd100a000 	C:\Windows\SYSTEM32\AVRT.dll
0x00007ffdce210000 - 0x00007ffdce392000 	C:\Windows\SYSTEM32\AUDIOSES.DLL
0x00007ffdb8010000 - 0x00007ffdb801d000 	C:\Windows\SYSTEM32\msacm32.drv
0x00007ffdadc80000 - 0x00007ffdadc9e000 	C:\Windows\SYSTEM32\MSACM32.dll
0x00007ffdb7990000 - 0x00007ffdb799b000 	C:\Windows\SYSTEM32\midimap.dll
0x00007ffdb27e0000 - 0x00007ffdb2921000 	C:\Windows\System32\Windows.UI.dll
0x00007ffdd05c0000 - 0x00007ffdd0661000 	C:\Windows\System32\WindowManagementAPI.dll
0x00007ffdb2680000 - 0x00007ffdb27d2000 	C:\Windows\System32\InputHost.dll
0x00007ffdd03c0000 - 0x00007ffdd05c0000 	C:\Windows\SYSTEM32\twinapi.appcore.dll
0x00007ffdd1640000 - 0x00007ffdd1736000 	C:\Windows\System32\PROPSYS.dll
0x00007ffdd3950000 - 0x00007ffdd3964000 	C:\Windows\SYSTEM32\resourcepolicyclient.dll

dbghelp: loaded successfully - version: 4.0.5 - missing functions: none
symbol engine: initialized successfully - sym options: 0x614 - pdb path: .;C:\Program Files\Java\jdk-17\bin;C:\Windows\SYSTEM32;C:\Windows\WinSxS\amd64_microsoft.windows.common-controls_6595b64144ccf1df_6.0.19041.1110_none_60b5254171f9507e;C:\Program Files\Java\jdk-17\bin\server;C:\Users\bakht\AppData\Local\Temp\jogamp_0000\file_cache\jln11908790661708597916\jln6860419094845584044\natives\windows-amd64;C:\Windows\System32\DriverStore\FileRepository\iigd_dch.inf_amd64_cb43c2398bc88530

VM Arguments:
jvm_args: -agentlib:jdwp=transport=dt_socket,server=n,suspend=y,address=localhost:64649 -XX:+ShowCodeDetailsInExceptionMessages 
java_command: ie.tudublin.Main
java_class_path (initial): C:\Users\bakht\MV-C21716601\MusicVisuals-master\java\bin;C:\Users\bakht\MV-C21716601\MusicVisuals-master\java\lib\core.jar;C:\Users\bakht\MV-C21716601\MusicVisuals-master\java\lib\jl1.0.1.jar;C:\Users\bakht\MV-C21716601\MusicVisuals-master\java\lib\jsminim.jar;C:\Users\bakht\MV-C21716601\MusicVisuals-master\java\lib\minim.jar;C:\Users\bakht\MV-C21716601\MusicVisuals-master\java\lib\mp3spi1.9.5.jar;C:\Users\bakht\MV-C21716601\MusicVisuals-master\java\lib\sqlite-jdbc-3.23.1.jar;C:\Users\bakht\MV-C21716601\MusicVisuals-master\java\lib\tritonus_aos.jar;C:\Users\bakht\MV-C21716601\MusicVisuals-master\java\lib\tritonus_share.jar;C:\Users\bakht\MV-C21716601\MusicVisuals-master\java\lib\jogl-all.jar;C:\Users\bakht\MV-C21716601\MusicVisuals-master\java\lib\gluegen-rt.jar;C:\Users\bakht\MV-C21716601\MusicVisuals-master\java\lib\gluegen-rt-natives-windows-amd64.jar;C:\Users\bakht\MV-C21716601\MusicVisuals-master\java\lib\gluegen-rt-natives-windows-i586.jar;C:\Users\bakht\MV-C21716601\MusicVisuals-master\java\lib\jogl-all-natives-windows-amd64.jar;C:\Users\bakht\MV-C21716601\MusicVisuals-master\java\lib\jogl-all-natives-windows-i586.jar;C:\Users\bakht\MV-C21716601\MusicVisuals-master\java\lib\gluegen-rt-natives-macosx-universal.jar;C:\Users\bakht\MV-C21716601\MusicVisuals-master\java\lib\jogl-all-natives-macosx-universal.jar
Launcher Type: SUN_STANDARD

[Global flags]
     intx CICompilerCount                          = 4                                         {product} {ergonomic}
     uint ConcGCThreads                            = 2                                         {product} {ergonomic}
     uint G1ConcRefinementThreads                  = 8                                         {product} {ergonomic}
   size_t G1HeapRegionSize                         = 1048576                                   {product} {ergonomic}
    uintx GCDrainStackTargetSize                   = 64                                        {product} {ergonomic}
   size_t InitialHeapSize                          = 132120576                                 {product} {ergonomic}
   size_t MarkStackSize                            = 4194304                                   {product} {ergonomic}
   size_t MaxHeapSize                              = 2095054848                                {product} {ergonomic}
   size_t MaxNewSize                               = 1256194048                                {product} {ergonomic}
   size_t MinHeapDeltaBytes                        = 1048576                                   {product} {ergonomic}
   size_t MinHeapSize                              = 8388608                                   {product} {ergonomic}
    uintx NonNMethodCodeHeapSize                   = 5839372                                {pd product} {ergonomic}
    uintx NonProfiledCodeHeapSize                  = 122909434                              {pd product} {ergonomic}
    uintx ProfiledCodeHeapSize                     = 122909434                              {pd product} {ergonomic}
    uintx ReservedCodeCacheSize                    = 251658240                              {pd product} {ergonomic}
     bool SegmentedCodeCache                       = true                                      {product} {ergonomic}
     bool ShowCodeDetailsInExceptionMessages       = true                                   {manageable} {command line}
   size_t SoftMaxHeapSize                          = 2095054848                             {manageable} {ergonomic}
     bool UseCompressedClassPointers               = true                           {product lp64_product} {ergonomic}
     bool UseCompressedOops                        = true                           {product lp64_product} {ergonomic}
     bool UseG1GC                                  = true                                      {product} {ergonomic}
     bool UseLargePagesIndividualAllocation        = false                                  {pd product} {ergonomic}

Logging:
Log output configuration:
 #0: stdout all=off uptime,level,tags
 #1: stderr all=off uptime,level,tags

Environment Variables:
PATH=C:\Program Files\Common Files\Oracle\Java\javapath;C:\Program Files (x86)\Common Files\Oracle\Java\javapath;C:\Windows\system32;C:\Windows;C:\Windows\System32\Wbem;C:\Windows\System32\WindowsPowerShell\v1.0\;C:\Windows\System32\OpenSSH\;C:\msys64\mingw64\bin;C:\Program Files\PuTTY\;C:\Program Files\Git\cmd;C:\Users\bakht\AppData\Local\Microsoft\WindowsApps;;C:\Users\bakht\AppData\Local\Programs\Microsoft VS Code\bin;C:\Program Files\Microsoft Office\root\Client
USERNAME=bakht
LANG=en_US.UTF-8
OS=Windows_NT
PROCESSOR_IDENTIFIER=Intel64 Family 6 Model 140 Stepping 1, GenuineIntel



---------------  S Y S T E M  ---------------

OS:
 Windows 10 , 64 bit Build 19041 (10.0.19041.2788)
OS uptime: 1 days 0:07 hours
Hyper-V role detected

CPU: total 8 (initial active 8) (4 cores per cpu, 2 threads per core) family 6 model 140 stepping 1 microcode 0x78, cx8, cmov, fxsr, ht, mmx, 3dnowpref, sse, sse2, sse3, ssse3, sse4.1, sse4.2, popcnt, lzcnt, tsc, tscinvbit, avx, avx2, aes, erms, clmul, bmi1, bmi2, adx, avx512f, avx512dq, avx512cd, avx512bw, avx512vl, sha, fma, vzeroupper, avx512_vpopcntdq, avx512_vpclmulqdq, avx512_vaes, avx512_vnni, clflush, clflushopt, clwb, avx512_vbmi2, avx512_vbmi, hv

Memory: 4k page, system-wide physical 7991M (903M free)
TotalPageFile size 13149M (AvailPageFile size 2219M)
current process WorkingSet (physical memory assigned to process): 308M, peak: 335M
current process commit charge ("private bytes"): 357M, peak: 387M

vm_info: Java HotSpot(TM) 64-Bit Server VM (17.0.6+9-LTS-190) for windows-amd64 JRE (17.0.6+9-LTS-190), built on Dec  6 2022 15:53:54 by "mach5one" with MS VC++ 17.1 (VS2022)

END.
