#
# A fatal error has been detected by the Java Runtime Environment:
#
#  EXCEPTION_ACCESS_VIOLATION (0xc0000005) at pc=0x00007ffd8aff1a34, pid=13212, tid=17612
#
# JRE version: Java(TM) SE Runtime Environment (17.0.6+9) (build 17.0.6+9-LTS-190)
# Java VM: Java HotSpot(TM) 64-Bit Server VM (17.0.6+9-LTS-190, mixed mode, sharing, tiered, compressed oops, compressed class ptrs, g1 gc, windows-amd64)
# Problematic frame:
# C  [igxelpicd64.dll+0x2c1a34]
#
# No core dump will be written. Minidumps are not enabled by default on client versions of Windows
#
# If you would like to submit a bug report, please visit:
#   https://bugreport.java.com/bugreport/crash.jsp
#

---------------  S U M M A R Y ------------

Command Line: -agentlib:jdwp=transport=dt_socket,server=n,suspend=y,address=localhost:56422 -XX:+ShowCodeDetailsInExceptionMessages ie.tudublin.Main

Host: 11th Gen Intel(R) Core(TM) i5-1135G7 @ 2.40GHz, 8 cores, 7G,  Windows 10 , 64 bit Build 19041 (10.0.19041.2788)
Time: Sat Apr 29 20:18:52 2023 GMT Daylight Time elapsed time: 15.677816 seconds (0d 0h 0m 15s)

---------------  T H R E A D  ---------------

Current thread (0x0000013486243010):  VMThread "VM Thread" [stack: 0x0000000d96100000,0x0000000d96200000] [id=17612]

Stack: [0x0000000d96100000,0x0000000d96200000],  sp=0x0000000d961fe270,  free space=1016k
Native frames: (J=compiled Java code, j=interpreted, Vv=VM code, C=native code)
C  [igxelpicd64.dll+0x2c1a34]


siginfo: EXCEPTION_ACCESS_VIOLATION (0xc0000005), reading address 0x0000000000035728


Register to memory mapping:

RIP=0x00007ffd8aff1a34 igxelpicd64.dll
RAX=0x0000013487a3e768 points into unknown readable memory: 0x00000000000b6bde | de 6b 0b 00 00 00 00 00
RBX=0x0000013487a3e5d0 points into unknown readable memory: 0x0000013488c90780 | 80 07 c9 88 34 01 00 00
RCX=0x0 is NULL
RDX=0x0000000000000002 is an unknown value
RSP=0x0000000d961fe270 points into unknown readable memory: 0x0000013487ba4fa0 | a0 4f ba 87 34 01 00 00
RBP=0x0000000d961fe370 points into unknown readable memory: 0x016b00a76867010e | 0e 01 67 68 a7 00 6b 01
RSI=0x0 is NULL
RDI=0x0000013488ceca70 points into unknown readable memory: 0x0000013488b9e900 | 00 e9 b9 88 34 01 00 00
R8 =0x0000000000000014 is an unknown value
R9 =0x0000000000000016 is an unknown value
R10=0x0 is NULL
R11=0x0000000000000246 is an unknown value
R12=0x0000013487a3e5d0 points into unknown readable memory: 0x0000013488c90780 | 80 07 c9 88 34 01 00 00
R13=0x0000013487a3f2f0 points into unknown readable memory: 0x0000013488c90780 | 80 07 c9 88 34 01 00 00
R14=0x0000013487a3eba0 points into unknown readable memory: 0x0000013487a3f2f0 | f0 f2 a3 87 34 01 00 00
R15=0x0 is NULL


Registers:
RAX=0x0000013487a3e768, RBX=0x0000013487a3e5d0, RCX=0x0000000000000000, RDX=0x0000000000000002
RSP=0x0000000d961fe270, RBP=0x0000000d961fe370, RSI=0x0000000000000000, RDI=0x0000013488ceca70
R8 =0x0000000000000014, R9 =0x0000000000000016, R10=0x0000000000000000, R11=0x0000000000000246
R12=0x0000013487a3e5d0, R13=0x0000013487a3f2f0, R14=0x0000013487a3eba0, R15=0x0000000000000000
RIP=0x00007ffd8aff1a34, EFLAGS=0x0000000000010202

Top of Stack: (sp=0x0000000d961fe270)
0x0000000d961fe270:   0000013487ba4fa0 00007ffd8ad8deb9
0x0000000d961fe280:   0000013488d99040 0000200100000000
0x0000000d961fe290:   0000001696000000 0000000000000000
0x0000000d961fe2a0:   000000007a000004 0000000000000000
0x0000000d961fe2b0:   0000000000000000 0000013487ba4fa0
0x0000000d961fe2c0:   0000000000000014 00007ffd8afe0247
0x0000000d961fe2d0:   0000000000000000 0000013488d99040
0x0000000d961fe2e0:   000000000000004b 0000013488dd96b0
0x0000000d961fe2f0:   000000000000004b 00007ffd8ad95c6d
0x0000000d961fe300:   0000013488dcdbd0 0000013488dd96b0
0x0000000d961fe310:   0000013488dcdbd0 0000013488dcdbd0
0x0000000d961fe320:   0000013400000000 0000013488dd5880
0x0000000d961fe330:   0000013488d99040 000000284f5d0000
0x0000000d961fe340:   0000013488dce790 aa6000dc6c5f014a
0x0000000d961fe350:   0000013488dce790 0000013488dd94a8
0x0000000d961fe360:   0000013488dd9cb0 0000013488dd94a8 

Instructions: (pc=0x00007ffd8aff1a34)
0x00007ffd8aff1934:   00 00 48 8b 05 c3 95 b8 00 44 8b 88 68 0b 00 00
0x00007ffd8aff1944:   44 89 4c 24 24 c6 44 24 20 00 48 c7 87 78 02 00
0x00007ffd8aff1954:   00 00 00 00 00 c7 87 80 02 00 00 00 00 00 00 48
0x00007ffd8aff1964:   c7 87 98 02 00 00 00 00 00 00 48 c7 87 88 02 00
0x00007ffd8aff1974:   00 00 00 00 00 4d 85 ff 75 43 8b 35 34 8f c8 00
0x00007ffd8aff1984:   65 48 8b 04 25 58 00 00 00 b9 14 00 00 00 48 8b
0x00007ffd8aff1994:   04 f0 44 38 3c 01 0f 84 9e e4 6e 00 65 48 8b 04
0x00007ffd8aff19a4:   25 58 00 00 00 41 bf 20 00 00 00 48 8b 04 f0 4d
0x00007ffd8aff19b4:   8b 3c 07 4c 89 7c 24 28 0f b6 74 24 21 4c 3b 3d
0x00007ffd8aff19c4:   48 b4 c8 00 0f 84 ae 0e 00 00 4d 85 ed 0f 84 a5
0x00007ffd8aff19d4:   0b 00 00 66 0f 1f 84 00 00 00 00 00 49 8b dd 4d
0x00007ffd8aff19e4:   8b e5 4d 8d b5 d0 05 00 00 4d 8b 2e 40 84 f6 0f
0x00007ffd8aff19f4:   85 57 0e 00 00 8b 97 c8 01 00 00 48 8b 05 fa 94
0x00007ffd8aff1a04:   b8 00 83 b8 80 03 00 00 02 75 32 83 fa 10 0f 83
0x00007ffd8aff1a14:   e0 00 00 00 48 8d 04 d5 21 00 00 00 48 03 c2 48
0x00007ffd8aff1a24:   8d 04 c3 48 85 c0 0f 84 46 01 00 00 48 8b 48 08
0x00007ffd8aff1a34:   49 3b 8f 28 57 03 00 0f 87 09 08 00 00 48 83 bb
0x00007ffd8aff1a44:   48 06 00 00 00 0f 85 37 e4 6e 00 44 8b 8f c8 01
0x00007ffd8aff1a54:   00 00 48 8b 87 e0 01 00 00 48 8b 10 8b 8f c8 01
0x00007ffd8aff1a64:   00 00 48 8d b3 08 01 00 00 83 f9 10 0f 83 c0 00
0x00007ffd8aff1a74:   00 00 48 8d 0c c9 48 8d 04 ce 48 85 c0 0f 84 f6
0x00007ffd8aff1a84:   00 00 00 48 39 50 08 0f 86 ec 00 00 00 48 8b 87
0x00007ffd8aff1a94:   78 02 00 00 49 89 06 48 89 9f 78 02 00 00 ff 87
0x00007ffd8aff1aa4:   80 02 00 00 48 8b 43 08 48 8b 88 18 01 00 00 48
0x00007ffd8aff1ab4:   81 e1 00 00 ff ff 48 81 c1 00 00 01 00 48 01 8f
0x00007ffd8aff1ac4:   88 02 00 00 48 8b 43 08 48 8b 88 18 01 00 00 48
0x00007ffd8aff1ad4:   01 8f 98 02 00 00 44 0f b6 4c 24 20 4d 85 ed 0f
0x00007ffd8aff1ae4:   84 85 0a 00 00 0f b6 74 24 21 44 8b 4c 24 24 e9
0x00007ffd8aff1af4:   e8 fe ff ff 8d 4a f0 8b c1 c1 e8 04 83 f8 03 0f
0x00007ffd8aff1b04:   82 9b 06 00 00 48 8b 83 a0 05 00 00 48 85 c0 0f
0x00007ffd8aff1b14:   84 a2 06 00 00 0f 1f 80 00 00 00 00 39 10 0f 84
0x00007ffd8aff1b24:   af 0b 00 00 48 8b 40 50 48 85 c0 75 ef e9 85 06 


Stack slot to memory mapping:
stack at sp + 0 slots: 0x0000013487ba4fa0 points into unknown readable memory: 0xffffffffffffffff | ff ff ff ff ff ff ff ff
stack at sp + 1 slots: 0x00007ffd8ad8deb9 igxelpicd64.dll
stack at sp + 2 slots: 0x0000013488d99040 points into unknown readable memory: 0x0000013487bf3a00 | 00 3a bf 87 34 01 00 00
stack at sp + 3 slots: 0x0000200100000000 is an unknown value
stack at sp + 4 slots: 0x0000001696000000 is an unknown value
stack at sp + 5 slots: 0x0 is NULL
stack at sp + 6 slots: 0x000000007a000004 is an unknown value
stack at sp + 7 slots: 0x0 is NULL

VM_Operation (0x0000000d984fed00): Exit, mode: safepoint, requested by thread 0x0000013488cb9e70


---------------  P R O C E S S  ---------------

Threads class SMR info:
_java_thread_list=0x00000134894c9a40, length=21, elements={
0x0000013486247ab0, 0x0000013486248660, 0x000001348625b5e0, 0x000001348625e0a0,
0x0000013486260a60, 0x0000013486261a20, 0x0000013486262700, 0x00000134862630f0,
0x000001348626eff0, 0x0000013486d4a480, 0x0000013486d4b130, 0x0000013486d4ede0,
0x0000013486d53b50, 0x0000013486d58bf0, 0x0000013486fb9980, 0x0000013488d4efd0,
0x0000013488cb9e70, 0x0000013488cbce90, 0x0000013488cbc9c0, 0x0000013488cb99a0,
0x0000013488cbb1b0
}

Java Threads: ( => current thread )
  0x0000013486247ab0 JavaThread "Reference Handler" daemon [_thread_blocked, id=11112, stack(0x0000000d96200000,0x0000000d96300000)]
  0x0000013486248660 JavaThread "Finalizer" daemon [_thread_blocked, id=22116, stack(0x0000000d96300000,0x0000000d96400000)]
  0x000001348625b5e0 JavaThread "Signal Dispatcher" daemon [_thread_blocked, id=19904, stack(0x0000000d96400000,0x0000000d96500000)]
  0x000001348625e0a0 JavaThread "Attach Listener" daemon [_thread_blocked, id=22380, stack(0x0000000d96500000,0x0000000d96600000)]
  0x0000013486260a60 JavaThread "Service Thread" daemon [_thread_blocked, id=19064, stack(0x0000000d96600000,0x0000000d96700000)]
  0x0000013486261a20 JavaThread "Monitor Deflation Thread" daemon [_thread_blocked, id=17716, stack(0x0000000d96700000,0x0000000d96800000)]
  0x0000013486262700 JavaThread "C2 CompilerThread0" daemon [_thread_blocked, id=7092, stack(0x0000000d96800000,0x0000000d96900000)]
  0x00000134862630f0 JavaThread "C1 CompilerThread0" daemon [_thread_blocked, id=16576, stack(0x0000000d96900000,0x0000000d96a00000)]
  0x000001348626eff0 JavaThread "Sweeper thread" daemon [_thread_blocked, id=24064, stack(0x0000000d96a00000,0x0000000d96b00000)]
  0x0000013486d4a480 JavaThread "JDWP Transport Listener: dt_socket" daemon [_thread_blocked, id=23952, stack(0x0000000d96b00000,0x0000000d96c00000)]
  0x0000013486d4b130 JavaThread "JDWP Event Helper Thread" daemon [_thread_blocked, id=24788, stack(0x0000000d96c00000,0x0000000d96d00000)]
  0x0000013486d4ede0 JavaThread "JDWP Command Reader" daemon [_thread_blocked, id=7220, stack(0x0000000d96d00000,0x0000000d96e00000)]
  0x0000013486d53b50 JavaThread "Notification Thread" daemon [_thread_blocked, id=22332, stack(0x0000000d96e00000,0x0000000d96f00000)]
  0x0000013486d58bf0 JavaThread "Common-Cleaner" daemon [_thread_blocked, id=18768, stack(0x0000000d97000000,0x0000000d97100000)]
  0x0000013486fb9980 JavaThread "Java2D Disposer" daemon [_thread_blocked, id=14600, stack(0x0000000d97100000,0x0000000d97200000)]
  0x0000013488d4efd0 JavaThread "HighResTimerThread" daemon [_thread_blocked, id=20872, stack(0x0000000d98200000,0x0000000d98300000)]
  0x0000013488cb9e70 JavaThread "main-FPSAWTAnimator#00-Timer0" [_thread_blocked, id=6360, stack(0x0000000d98400000,0x0000000d98500000)]
  0x0000013488cbce90 JavaThread "DestroyJavaVM" [_thread_blocked, id=17160, stack(0x0000000d95b00000,0x0000000d95c00000)]
  0x0000013488cbc9c0 JavaThread "Java Sound Event Dispatcher" daemon [_thread_blocked, id=3396, stack(0x0000000d98500000,0x0000000d98600000)]
  0x0000013488cb99a0 JavaThread "Thread-4" [_thread_blocked, id=21604, stack(0x0000000d98900000,0x0000000d98a00000)]
  0x0000013488cbb1b0 JavaThread "AWT-Shutdown" [_thread_blocked, id=3224, stack(0x0000000d98300000,0x0000000d98400000)]

Other Threads:
=>0x0000013486243010 VMThread "VM Thread" [stack: 0x0000000d96100000,0x0000000d96200000] [id=17612]
  0x00000134e81f9070 GCTaskThread "GC Thread#0" [stack: 0x0000000d95c00000,0x0000000d95d00000] [id=19924]
  0x0000013488e362a0 GCTaskThread "GC Thread#1" [stack: 0x0000000d97b00000,0x0000000d97c00000] [id=23532]
  0x0000013488e36550 GCTaskThread "GC Thread#2" [stack: 0x0000000d97c00000,0x0000000d97d00000] [id=21588]
  0x0000013488e36800 GCTaskThread "GC Thread#3" [stack: 0x0000000d97d00000,0x0000000d97e00000] [id=23220]
  0x0000013488e36ab0 GCTaskThread "GC Thread#4" [stack: 0x0000000d97e00000,0x0000000d97f00000] [id=14920]
  0x0000013488e36d60 GCTaskThread "GC Thread#5" [stack: 0x0000000d97f00000,0x0000000d98000000] [id=1580]
  0x0000013488e61cc0 GCTaskThread "GC Thread#6" [stack: 0x0000000d98000000,0x0000000d98100000] [id=19532]
  0x0000013488e61f70 GCTaskThread "GC Thread#7" [stack: 0x0000000d98100000,0x0000000d98200000] [id=17720]
  0x00000134e8209970 ConcurrentGCThread "G1 Main Marker" terminated
  0x00000134e820a380 ConcurrentGCThread "G1 Conc#0" [stack: 0x0000000d95e00000,0x0000000d95f00000] [id=8016]
  0x00000134e8278430 ConcurrentGCThread "G1 Refine#0" terminated
  0x00000134860c00a0 ConcurrentGCThread "G1 Service" terminated

Threads with active compile tasks:

VM state: at safepoint (shutting down)

VM Mutex/Monitor currently owned by a thread:  ([mutex/lock_event])
[0x00000134e819a5b0] Threads_lock - owner thread: 0x0000013486243010
[0x00000134e819a6d0] Heap_lock - owner thread: 0x0000013488cb9e70

Heap address: 0x0000000083200000, size: 1998 MB, Compressed Oops mode: 32-bit

CDS archive(s) mapped at: [0x0000000800000000-0x0000000800bd0000-0x0000000800bd0000), size 12386304, SharedBaseAddress: 0x0000000800000000, ArchiveRelocationMode: 0.
Compressed class space mapped at: 0x0000000800c00000-0x0000000840c00000, reserved size: 1073741824
Narrow klass base: 0x0000000800000000, Narrow klass shift: 0, Narrow klass range: 0x100000000

GC Precious Log:
 CPUs: 8 total, 8 available
 Memory: 7991M
 Large Page Support: Disabled
 NUMA Support: Disabled
 Compressed Oops: Enabled (32-bit)
 Heap Region Size: 1M
 Heap Min Capacity: 8M
 Heap Initial Capacity: 126M
 Heap Max Capacity: 1998M
 Pre-touch: Disabled
 Parallel Workers: 8
 Concurrent Workers: 2
 Concurrent Refinement Workers: 8
 Periodic GC: Disabled

Heap:
 garbage-first heap   total 129024K, used 52914K [0x0000000083200000, 0x0000000100000000)
  region size 1024K, 34 young (34816K), 3 survivors (3072K)
 Metaspace       used 14454K, committed 14592K, reserved 1064960K
  class space    used 1077K, committed 1152K, reserved 1048576K

Heap Regions: E=young(eden), S=young(survivor), O=old, HS=humongous(starts), HC=humongous(continues), CS=collection set, F=free, OA=open archive, CA=closed archive, TAMS=top-at-mark-start (previous, next)
|   0|0x0000000083200000, 0x0000000083300000, 0x0000000083300000|100%|HS|  |TAMS 0x0000000083200000, 0x0000000083200000| Complete 
|   1|0x0000000083300000, 0x0000000083400000, 0x0000000083400000|100%|HC|  |TAMS 0x0000000083300000, 0x0000000083300000| Complete 
|   2|0x0000000083400000, 0x0000000083500000, 0x0000000083500000|100%|HC|  |TAMS 0x0000000083400000, 0x0000000083400000| Complete 
|   3|0x0000000083500000, 0x0000000083600000, 0x0000000083600000|100%|HC|  |TAMS 0x0000000083500000, 0x0000000083500000| Complete 
|   4|0x0000000083600000, 0x0000000083700000, 0x0000000083700000|100%|HS|  |TAMS 0x0000000083600000, 0x0000000083600000| Complete 
|   5|0x0000000083700000, 0x0000000083800000, 0x0000000083800000|100%|HC|  |TAMS 0x0000000083700000, 0x0000000083700000| Complete 
|   6|0x0000000083800000, 0x0000000083900000, 0x0000000083900000|100%|HC|  |TAMS 0x0000000083800000, 0x0000000083800000| Complete 
|   7|0x0000000083900000, 0x0000000083a00000, 0x0000000083a00000|100%|HC|  |TAMS 0x0000000083900000, 0x0000000083900000| Complete 
|   8|0x0000000083a00000, 0x0000000083b00000, 0x0000000083b00000|100%|HS|  |TAMS 0x0000000083a00000, 0x0000000083a00000| Complete 
|   9|0x0000000083b00000, 0x0000000083c00000, 0x0000000083c00000|100%|HS|  |TAMS 0x0000000083b00000, 0x0000000083b00000| Complete 
|  10|0x0000000083c00000, 0x0000000083d00000, 0x0000000083d00000|100%|HC|  |TAMS 0x0000000083c00000, 0x0000000083c00000| Complete 
|  11|0x0000000083d00000, 0x0000000083e00000, 0x0000000083e00000|100%|HS|  |TAMS 0x0000000083d00000, 0x0000000083d00000| Complete 
|  12|0x0000000083e00000, 0x0000000083f00000, 0x0000000083f00000|100%|HC|  |TAMS 0x0000000083e00000, 0x0000000083e00000| Complete 
|  13|0x0000000083f00000, 0x0000000084000000, 0x0000000084000000|100%|HC|  |TAMS 0x0000000083f00000, 0x0000000083f00000| Complete 
|  14|0x0000000084000000, 0x0000000084100000, 0x0000000084100000|100%|HS|  |TAMS 0x0000000084000000, 0x0000000084000000| Complete 
|  15|0x0000000084100000, 0x0000000084200000, 0x0000000084200000|100%|HC|  |TAMS 0x0000000084100000, 0x0000000084100000| Complete 
|  16|0x0000000084200000, 0x0000000084300000, 0x0000000084300000|100%|HC|  |TAMS 0x0000000084200000, 0x0000000084200000| Complete 
|  17|0x0000000084300000, 0x0000000084400000, 0x0000000084400000|100%|HC|  |TAMS 0x0000000084300000, 0x0000000084300000| Complete 
|  18|0x0000000084400000, 0x0000000084500000, 0x0000000084500000|100%|HS|  |TAMS 0x0000000084400000, 0x0000000084400000| Complete 
|  19|0x0000000084500000, 0x0000000084600000, 0x0000000084600000|100%|HC|  |TAMS 0x0000000084500000, 0x0000000084500000| Complete 
|  20|0x0000000084600000, 0x0000000084600000, 0x0000000084700000|  0%| F|  |TAMS 0x0000000084600000, 0x0000000084600000| Untracked 
|  21|0x0000000084700000, 0x0000000084700000, 0x0000000084800000|  0%| F|  |TAMS 0x0000000084700000, 0x0000000084700000| Untracked 
|  22|0x0000000084800000, 0x0000000084800000, 0x0000000084900000|  0%| F|  |TAMS 0x0000000084800000, 0x0000000084800000| Untracked 
|  23|0x0000000084900000, 0x0000000084900000, 0x0000000084a00000|  0%| F|  |TAMS 0x0000000084900000, 0x0000000084900000| Untracked 
|  24|0x0000000084a00000, 0x0000000084a00000, 0x0000000084b00000|  0%| F|  |TAMS 0x0000000084a00000, 0x0000000084a00000| Untracked 
|  25|0x0000000084b00000, 0x0000000084b00000, 0x0000000084c00000|  0%| F|  |TAMS 0x0000000084b00000, 0x0000000084b00000| Untracked 
|  26|0x0000000084c00000, 0x0000000084c00000, 0x0000000084d00000|  0%| F|  |TAMS 0x0000000084c00000, 0x0000000084c00000| Untracked 
|  27|0x0000000084d00000, 0x0000000084d00000, 0x0000000084e00000|  0%| F|  |TAMS 0x0000000084d00000, 0x0000000084d00000| Untracked 
|  28|0x0000000084e00000, 0x0000000084e00000, 0x0000000084f00000|  0%| F|  |TAMS 0x0000000084e00000, 0x0000000084e00000| Untracked 
|  29|0x0000000084f00000, 0x0000000084f00000, 0x0000000085000000|  0%| F|  |TAMS 0x0000000084f00000, 0x0000000084f00000| Untracked 
|  30|0x0000000085000000, 0x0000000085000000, 0x0000000085100000|  0%| F|  |TAMS 0x0000000085000000, 0x0000000085000000| Untracked 
|  31|0x0000000085100000, 0x0000000085100000, 0x0000000085200000|  0%| F|  |TAMS 0x0000000085100000, 0x0000000085100000| Untracked 
|  32|0x0000000085200000, 0x0000000085200000, 0x0000000085300000|  0%| F|  |TAMS 0x0000000085200000, 0x0000000085200000| Untracked 
|  33|0x0000000085300000, 0x0000000085300000, 0x0000000085400000|  0%| F|  |TAMS 0x0000000085300000, 0x0000000085300000| Untracked 
|  34|0x0000000085400000, 0x0000000085400000, 0x0000000085500000|  0%| F|  |TAMS 0x0000000085400000, 0x0000000085400000| Untracked 
|  35|0x0000000085500000, 0x0000000085500000, 0x0000000085600000|  0%| F|  |TAMS 0x0000000085500000, 0x0000000085500000| Untracked 
|  36|0x0000000085600000, 0x0000000085600000, 0x0000000085700000|  0%| F|  |TAMS 0x0000000085600000, 0x0000000085600000| Untracked 
|  37|0x0000000085700000, 0x0000000085700000, 0x0000000085800000|  0%| F|  |TAMS 0x0000000085700000, 0x0000000085700000| Untracked 
|  38|0x0000000085800000, 0x0000000085800000, 0x0000000085900000|  0%| F|  |TAMS 0x0000000085800000, 0x0000000085800000| Untracked 
|  39|0x0000000085900000, 0x0000000085900000, 0x0000000085a00000|  0%| F|  |TAMS 0x0000000085900000, 0x0000000085900000| Untracked 
|  40|0x0000000085a00000, 0x0000000085a00000, 0x0000000085b00000|  0%| F|  |TAMS 0x0000000085a00000, 0x0000000085a00000| Untracked 
|  41|0x0000000085b00000, 0x0000000085b00000, 0x0000000085c00000|  0%| F|  |TAMS 0x0000000085b00000, 0x0000000085b00000| Untracked 
|  42|0x0000000085c00000, 0x0000000085c00000, 0x0000000085d00000|  0%| F|  |TAMS 0x0000000085c00000, 0x0000000085c00000| Untracked 
|  43|0x0000000085d00000, 0x0000000085d00000, 0x0000000085e00000|  0%| F|  |TAMS 0x0000000085d00000, 0x0000000085d00000| Untracked 
|  44|0x0000000085e00000, 0x0000000085e00000, 0x0000000085f00000|  0%| F|  |TAMS 0x0000000085e00000, 0x0000000085e00000| Untracked 
|  45|0x0000000085f00000, 0x0000000085f00000, 0x0000000086000000|  0%| F|  |TAMS 0x0000000085f00000, 0x0000000085f00000| Untracked 
|  46|0x0000000086000000, 0x0000000086000000, 0x0000000086100000|  0%| F|  |TAMS 0x0000000086000000, 0x0000000086000000| Untracked 
|  47|0x0000000086100000, 0x0000000086100000, 0x0000000086200000|  0%| F|  |TAMS 0x0000000086100000, 0x0000000086100000| Untracked 
|  48|0x0000000086200000, 0x0000000086200000, 0x0000000086300000|  0%| F|  |TAMS 0x0000000086200000, 0x0000000086200000| Untracked 
|  49|0x0000000086300000, 0x0000000086300000, 0x0000000086400000|  0%| F|  |TAMS 0x0000000086300000, 0x0000000086300000| Untracked 
|  50|0x0000000086400000, 0x0000000086400000, 0x0000000086500000|  0%| F|  |TAMS 0x0000000086400000, 0x0000000086400000| Untracked 
|  51|0x0000000086500000, 0x0000000086500000, 0x0000000086600000|  0%| F|  |TAMS 0x0000000086500000, 0x0000000086500000| Untracked 
|  52|0x0000000086600000, 0x0000000086600000, 0x0000000086700000|  0%| F|  |TAMS 0x0000000086600000, 0x0000000086600000| Untracked 
|  53|0x0000000086700000, 0x0000000086700000, 0x0000000086800000|  0%| F|  |TAMS 0x0000000086700000, 0x0000000086700000| Untracked 
|  54|0x0000000086800000, 0x0000000086800000, 0x0000000086900000|  0%| F|  |TAMS 0x0000000086800000, 0x0000000086800000| Untracked 
|  55|0x0000000086900000, 0x0000000086900000, 0x0000000086a00000|  0%| F|  |TAMS 0x0000000086900000, 0x0000000086900000| Untracked 
|  56|0x0000000086a00000, 0x0000000086a00000, 0x0000000086b00000|  0%| F|  |TAMS 0x0000000086a00000, 0x0000000086a00000| Untracked 
|  57|0x0000000086b00000, 0x0000000086b00000, 0x0000000086c00000|  0%| F|  |TAMS 0x0000000086b00000, 0x0000000086b00000| Untracked 
|  58|0x0000000086c00000, 0x0000000086c00000, 0x0000000086d00000|  0%| F|  |TAMS 0x0000000086c00000, 0x0000000086c00000| Untracked 
|  59|0x0000000086d00000, 0x0000000086d00000, 0x0000000086e00000|  0%| F|  |TAMS 0x0000000086d00000, 0x0000000086d00000| Untracked 
|  60|0x0000000086e00000, 0x0000000086e00000, 0x0000000086f00000|  0%| F|  |TAMS 0x0000000086e00000, 0x0000000086e00000| Untracked 
|  61|0x0000000086f00000, 0x0000000086f00000, 0x0000000087000000|  0%| F|  |TAMS 0x0000000086f00000, 0x0000000086f00000| Untracked 
|  62|0x0000000087000000, 0x0000000087000000, 0x0000000087100000|  0%| F|  |TAMS 0x0000000087000000, 0x0000000087000000| Untracked 
|  63|0x0000000087100000, 0x0000000087100000, 0x0000000087200000|  0%| F|  |TAMS 0x0000000087100000, 0x0000000087100000| Untracked 
|  64|0x0000000087200000, 0x0000000087200000, 0x0000000087300000|  0%| F|  |TAMS 0x0000000087200000, 0x0000000087200000| Untracked 
|  65|0x0000000087300000, 0x0000000087300000, 0x0000000087400000|  0%| F|  |TAMS 0x0000000087300000, 0x0000000087300000| Untracked 
|  66|0x0000000087400000, 0x0000000087400000, 0x0000000087500000|  0%| F|  |TAMS 0x0000000087400000, 0x0000000087400000| Untracked 
|  67|0x0000000087500000, 0x0000000087500000, 0x0000000087600000|  0%| F|  |TAMS 0x0000000087500000, 0x0000000087500000| Untracked 
|  68|0x0000000087600000, 0x0000000087600000, 0x0000000087700000|  0%| F|  |TAMS 0x0000000087600000, 0x0000000087600000| Untracked 
|  69|0x0000000087700000, 0x0000000087700000, 0x0000000087800000|  0%| F|  |TAMS 0x0000000087700000, 0x0000000087700000| Untracked 
|  70|0x0000000087800000, 0x0000000087800000, 0x0000000087900000|  0%| F|  |TAMS 0x0000000087800000, 0x0000000087800000| Untracked 
|  71|0x0000000087900000, 0x0000000087900000, 0x0000000087a00000|  0%| F|  |TAMS 0x0000000087900000, 0x0000000087900000| Untracked 
|  72|0x0000000087a00000, 0x0000000087a00000, 0x0000000087b00000|  0%| F|  |TAMS 0x0000000087a00000, 0x0000000087a00000| Untracked 
|  73|0x0000000087b00000, 0x0000000087b00000, 0x0000000087c00000|  0%| F|  |TAMS 0x0000000087b00000, 0x0000000087b00000| Untracked 
|  74|0x0000000087c00000, 0x0000000087c00000, 0x0000000087d00000|  0%| F|  |TAMS 0x0000000087c00000, 0x0000000087c00000| Untracked 
|  75|0x0000000087d00000, 0x0000000087d00000, 0x0000000087e00000|  0%| F|  |TAMS 0x0000000087d00000, 0x0000000087d00000| Untracked 
|  76|0x0000000087e00000, 0x0000000087e00000, 0x0000000087f00000|  0%| F|  |TAMS 0x0000000087e00000, 0x0000000087e00000| Untracked 
|  77|0x0000000087f00000, 0x0000000087f00000, 0x0000000088000000|  0%| F|  |TAMS 0x0000000087f00000, 0x0000000087f00000| Untracked 
|  78|0x0000000088000000, 0x0000000088000000, 0x0000000088100000|  0%| F|  |TAMS 0x0000000088000000, 0x0000000088000000| Untracked 
|  79|0x0000000088100000, 0x0000000088100000, 0x0000000088200000|  0%| F|  |TAMS 0x0000000088100000, 0x0000000088100000| Untracked 
|  80|0x0000000088200000, 0x0000000088200000, 0x0000000088300000|  0%| F|  |TAMS 0x0000000088200000, 0x0000000088200000| Untracked 
|  81|0x0000000088300000, 0x0000000088300000, 0x0000000088400000|  0%| F|  |TAMS 0x0000000088300000, 0x0000000088300000| Untracked 
|  82|0x0000000088400000, 0x0000000088400000, 0x0000000088500000|  0%| F|  |TAMS 0x0000000088400000, 0x0000000088400000| Untracked 
|  83|0x0000000088500000, 0x0000000088500000, 0x0000000088600000|  0%| F|  |TAMS 0x0000000088500000, 0x0000000088500000| Untracked 
|  84|0x0000000088600000, 0x0000000088600000, 0x0000000088700000|  0%| F|  |TAMS 0x0000000088600000, 0x0000000088600000| Untracked 
|  85|0x0000000088700000, 0x0000000088700000, 0x0000000088800000|  0%| F|  |TAMS 0x0000000088700000, 0x0000000088700000| Untracked 
|  86|0x0000000088800000, 0x0000000088800000, 0x0000000088900000|  0%| F|  |TAMS 0x0000000088800000, 0x0000000088800000| Untracked 
|  87|0x0000000088900000, 0x0000000088900000, 0x0000000088a00000|  0%| F|  |TAMS 0x0000000088900000, 0x0000000088900000| Untracked 
|  88|0x0000000088a00000, 0x0000000088a00000, 0x0000000088b00000|  0%| F|  |TAMS 0x0000000088a00000, 0x0000000088a00000| Untracked 
|  89|0x0000000088b00000, 0x0000000088b00000, 0x0000000088c00000|  0%| F|  |TAMS 0x0000000088b00000, 0x0000000088b00000| Untracked 
|  90|0x0000000088c00000, 0x0000000088c00000, 0x0000000088d00000|  0%| F|  |TAMS 0x0000000088c00000, 0x0000000088c00000| Untracked 
|  91|0x0000000088d00000, 0x0000000088d00000, 0x0000000088e00000|  0%| F|  |TAMS 0x0000000088d00000, 0x0000000088d00000| Untracked 
|  92|0x0000000088e00000, 0x0000000088ec0068, 0x0000000088f00000| 75%| E|  |TAMS 0x0000000088e00000, 0x0000000088e00000| Complete 
|  93|0x0000000088f00000, 0x0000000089000000, 0x0000000089000000|100%| E|CS|TAMS 0x0000000088f00000, 0x0000000088f00000| Complete 
|  94|0x0000000089000000, 0x0000000089100000, 0x0000000089100000|100%| E|CS|TAMS 0x0000000089000000, 0x0000000089000000| Complete 
|  95|0x0000000089100000, 0x0000000089200000, 0x0000000089200000|100%| E|CS|TAMS 0x0000000089100000, 0x0000000089100000| Complete 
|  96|0x0000000089200000, 0x0000000089300000, 0x0000000089300000|100%| E|CS|TAMS 0x0000000089200000, 0x0000000089200000| Complete 
|  97|0x0000000089300000, 0x0000000089400000, 0x0000000089400000|100%| E|CS|TAMS 0x0000000089300000, 0x0000000089300000| Complete 
|  98|0x0000000089400000, 0x0000000089500000, 0x0000000089500000|100%| E|CS|TAMS 0x0000000089400000, 0x0000000089400000| Complete 
|  99|0x0000000089500000, 0x0000000089600000, 0x0000000089600000|100%| E|CS|TAMS 0x0000000089500000, 0x0000000089500000| Complete 
| 100|0x0000000089600000, 0x00000000896aca90, 0x0000000089700000| 67%| S|CS|TAMS 0x0000000089600000, 0x0000000089600000| Complete 
| 101|0x0000000089700000, 0x0000000089800000, 0x0000000089800000|100%| S|CS|TAMS 0x0000000089700000, 0x0000000089700000| Complete 
| 102|0x0000000089800000, 0x0000000089900000, 0x0000000089900000|100%| S|CS|TAMS 0x0000000089800000, 0x0000000089800000| Complete 
| 103|0x0000000089900000, 0x0000000089a00000, 0x0000000089a00000|100%| E|CS|TAMS 0x0000000089900000, 0x0000000089900000| Complete 
| 104|0x0000000089a00000, 0x0000000089b00000, 0x0000000089b00000|100%| E|CS|TAMS 0x0000000089a00000, 0x0000000089a00000| Complete 
| 105|0x0000000089b00000, 0x0000000089c00000, 0x0000000089c00000|100%| E|CS|TAMS 0x0000000089b00000, 0x0000000089b00000| Complete 
| 106|0x0000000089c00000, 0x0000000089d00000, 0x0000000089d00000|100%| E|CS|TAMS 0x0000000089c00000, 0x0000000089c00000| Complete 
| 107|0x0000000089d00000, 0x0000000089e00000, 0x0000000089e00000|100%| E|CS|TAMS 0x0000000089d00000, 0x0000000089d00000| Complete 
| 108|0x0000000089e00000, 0x0000000089f00000, 0x0000000089f00000|100%| E|CS|TAMS 0x0000000089e00000, 0x0000000089e00000| Complete 
| 109|0x0000000089f00000, 0x000000008a000000, 0x000000008a000000|100%| E|CS|TAMS 0x0000000089f00000, 0x0000000089f00000| Complete 
| 110|0x000000008a000000, 0x000000008a100000, 0x000000008a100000|100%| E|  |TAMS 0x000000008a000000, 0x000000008a000000| Complete 
| 111|0x000000008a100000, 0x000000008a200000, 0x000000008a200000|100%| E|CS|TAMS 0x000000008a100000, 0x000000008a100000| Complete 
| 112|0x000000008a200000, 0x000000008a300000, 0x000000008a300000|100%| E|CS|TAMS 0x000000008a200000, 0x000000008a200000| Complete 
| 113|0x000000008a300000, 0x000000008a400000, 0x000000008a400000|100%| E|CS|TAMS 0x000000008a300000, 0x000000008a300000| Complete 
| 114|0x000000008a400000, 0x000000008a500000, 0x000000008a500000|100%| E|CS|TAMS 0x000000008a400000, 0x000000008a400000| Complete 
| 115|0x000000008a500000, 0x000000008a600000, 0x000000008a600000|100%| E|CS|TAMS 0x000000008a500000, 0x000000008a500000| Complete 
| 116|0x000000008a600000, 0x000000008a700000, 0x000000008a700000|100%| E|CS|TAMS 0x000000008a600000, 0x000000008a600000| Complete 
| 117|0x000000008a700000, 0x000000008a800000, 0x000000008a800000|100%| E|CS|TAMS 0x000000008a700000, 0x000000008a700000| Complete 
| 118|0x000000008a800000, 0x000000008a900000, 0x000000008a900000|100%| E|CS|TAMS 0x000000008a800000, 0x000000008a800000| Complete 
| 119|0x000000008a900000, 0x000000008aa00000, 0x000000008aa00000|100%| E|CS|TAMS 0x000000008a900000, 0x000000008a900000| Complete 
| 120|0x000000008aa00000, 0x000000008ab00000, 0x000000008ab00000|100%| E|CS|TAMS 0x000000008aa00000, 0x000000008aa00000| Complete 
| 121|0x000000008ab00000, 0x000000008ac00000, 0x000000008ac00000|100%| E|CS|TAMS 0x000000008ab00000, 0x000000008ab00000| Complete 
| 122|0x000000008ac00000, 0x000000008ad00000, 0x000000008ad00000|100%| E|CS|TAMS 0x000000008ac00000, 0x000000008ac00000| Complete 
| 123|0x000000008ad00000, 0x000000008ae00000, 0x000000008ae00000|100%| E|CS|TAMS 0x000000008ad00000, 0x000000008ad00000| Complete 
| 124|0x000000008ae00000, 0x000000008af00000, 0x000000008af00000|100%| E|CS|TAMS 0x000000008ae00000, 0x000000008ae00000| Complete 
| 125|0x000000008af00000, 0x000000008b000000, 0x000000008b000000|100%| E|CS|TAMS 0x000000008af00000, 0x000000008af00000| Complete 

Card table byte_map: [0x00000134ff150000,0x00000134ff540000] _byte_map_base: 0x00000134fed37000

Marking Bits (Prev, Next): (CMBitMap*) 0x00000134e81f9680, (CMBitMap*) 0x00000134e81f96c0
 Prev Bits: [0x0000013480000000, 0x0000013481f38000)
 Next Bits: [0x0000013481f40000, 0x0000013483e78000)

Polling page: 0x00000134e7980000

Metaspace:

Usage:
  Non-class:     13.06 MB used.
      Class:      1.05 MB used.
       Both:     14.12 MB used.

Virtual space:
  Non-class space:       16.00 MB reserved,      13.12 MB ( 82%) committed,  2 nodes.
      Class space:        1.00 GB reserved,       1.12 MB ( <1%) committed,  1 nodes.
             Both:        1.02 GB reserved,      14.25 MB (  1%) committed. 

Chunk freelists:
   Non-Class:  2.81 MB
       Class:  2.82 MB
        Both:  5.64 MB

MaxMetaspaceSize: unlimited
CompressedClassSpaceSize: 1.00 GB
Initial GC threshold: 21.00 MB
Current GC threshold: 21.00 MB
CDS: on
MetaspaceReclaimPolicy: balanced
 - commit_granule_bytes: 65536.
 - commit_granule_words: 8192.
 - virtual_space_node_default_size: 1048576.
 - enlarge_chunks_in_place: 1.
 - new_chunks_are_fully_committed: 0.
 - uncommit_free_chunks: 1.
 - use_allocation_guard: 0.
 - handle_deallocations: 1.


Internal statistics:

num_allocs_failed_limit: 0.
num_arena_births: 142.
num_arena_deaths: 0.
num_vsnodes_births: 3.
num_vsnodes_deaths: 0.
num_space_committed: 224.
num_space_uncommitted: 0.
num_chunks_returned_to_freelist: 0.
num_chunks_taken_from_freelist: 459.
num_chunk_merges: 0.
num_chunk_splits: 358.
num_chunks_enlarged: 286.
num_purges: 0.
num_inconsistent_stats: 0.

CodeHeap 'non-profiled nmethods': size=120000Kb used=1079Kb max_used=1079Kb free=118920Kb
 bounds [0x00000134f7500000, 0x00000134f7770000, 0x00000134fea30000]
CodeHeap 'profiled nmethods': size=120000Kb used=4454Kb max_used=4454Kb free=115545Kb
 bounds [0x00000134efa30000, 0x00000134efe90000, 0x00000134f6f60000]
CodeHeap 'non-nmethods': size=5760Kb used=1620Kb max_used=1660Kb free=4139Kb
 bounds [0x00000134f6f60000, 0x00000134f71d0000, 0x00000134f7500000]
 total_blobs=2973 nmethods=2028 adapters=858
 compilation: enabled
              stopped_count=0, restarted_count=0
 full_count=0

Compilation events (20 events):
Event: 13.441 Thread 0x00000134862630f0 2019   !   3       jogamp.nativewindow.SurfaceUpdatedHelper::surfaceUpdated (76 bytes)
Event: 13.442 Thread 0x00000134862630f0 nmethod 2019 0x00000134efe85890 code [0x00000134efe85aa0, 0x00000134efe86498]
Event: 13.487 Thread 0x0000013486262700 2020       4       processing.opengl.PGraphicsOpenGL::pushMatrix (99 bytes)
Event: 13.492 Thread 0x0000013486262700 nmethod 2020 0x00000134f7607310 code [0x00000134f76074c0, 0x00000134f7607b38]
Event: 13.729 Thread 0x00000134862630f0 2021       3       javazoom.jl.decoder.huffcodetab::huffman_decoder (476 bytes)
Event: 13.731 Thread 0x00000134862630f0 nmethod 2021 0x00000134efe86990 code [0x00000134efe86ca0, 0x00000134efe87f88]
Event: 13.893 Thread 0x0000013486262700 2022       4       javazoom.jl.decoder.huffcodetab::huffman_decoder (476 bytes)
Event: 13.917 Thread 0x0000013486262700 nmethod 2022 0x00000134f7607e90 code [0x00000134f76080a0, 0x00000134f7609758]
Event: 14.040 Thread 0x0000013486262700 2023       4       processing.opengl.PGraphicsOpenGL$TessGeometry::copyManyAttribs (321 bytes)
Event: 14.048 Thread 0x0000013486262700 nmethod 2023 0x00000134f760a690 code [0x00000134f760a840, 0x00000134f760b098]
Event: 15.266 Thread 0x0000013486262700 2024       4       jogamp.newt.DefaultEDTUtil::access$100 (4 bytes)
Event: 15.266 Thread 0x0000013486262700 nmethod 2024 0x00000134f760b710 code [0x00000134f760b880, 0x00000134f760b8f8]
Event: 15.395 Thread 0x0000013486262700 2025       4       processing.opengl.PGraphicsOpenGL::popMatrix (97 bytes)
Event: 15.404 Thread 0x0000013486262700 nmethod 2025 0x00000134f760ba10 code [0x00000134f760bbe0, 0x00000134f760c488]
Event: 15.548 Thread 0x00000134862630f0 2026       3       java.util.WeakHashMap::matchesKey (33 bytes)
Event: 15.548 Thread 0x00000134862630f0 nmethod 2026 0x00000134efe88c10 code [0x00000134efe88de0, 0x00000134efe89318]
Event: 15.590 Thread 0x00000134862630f0 2027       3       com.jogamp.nativewindow.DefaultGraphicsDevice::unlock (10 bytes)
Event: 15.590 Thread 0x00000134862630f0 nmethod 2027 0x00000134efe89490 code [0x00000134efe89640, 0x00000134efe89828]
Event: 15.599 Thread 0x0000013486262700 2028   !   4       java.util.zip.ZipFile$Source::getEntryPos (173 bytes)
Event: 15.621 Thread 0x0000013486262700 nmethod 2028 0x00000134f760c910 code [0x00000134f760cae0, 0x00000134f760d618]

GC Heap History (2 events):
Event: 1.796 GC heap before
{Heap before GC invocations=0 (full 0):
 garbage-first heap   total 129024K, used 25600K [0x0000000083200000, 0x0000000100000000)
  region size 1024K, 23 young (23552K), 0 survivors (0K)
 Metaspace       used 11236K, committed 11392K, reserved 1064960K
  class space    used 812K, committed 896K, reserved 1048576K
}
Event: 1.804 GC heap after
{Heap after GC invocations=1 (full 0):
 garbage-first heap   total 129024K, used 2738K [0x0000000083200000, 0x0000000100000000)
  region size 1024K, 3 young (3072K), 3 survivors (3072K)
 Metaspace       used 11236K, committed 11392K, reserved 1064960K
  class space    used 812K, committed 896K, reserved 1048576K
}

Deoptimization events (20 events):
Event: 15.513 Thread 0x0000013488cb9e70 DEOPT PACKING pc=0x00000134efe360d9 sp=0x0000000d984fee10
Event: 15.513 Thread 0x0000013488cb9e70 DEOPT UNPACKING pc=0x00000134f6fb66e3 sp=0x0000000d984fe300 mode 1
Event: 15.513 Thread 0x0000013488cb9e70 DEOPT PACKING pc=0x00000134efde51f4 sp=0x0000000d984feea0
Event: 15.513 Thread 0x0000013488cb9e70 DEOPT UNPACKING pc=0x00000134f6fb66e3 sp=0x0000000d984fe348 mode 1
Event: 15.529 Thread 0x0000013488cb9e70 DEOPT PACKING pc=0x00000134efe360d9 sp=0x0000000d984fee10
Event: 15.529 Thread 0x0000013488cb9e70 DEOPT UNPACKING pc=0x00000134f6fb66e3 sp=0x0000000d984fe300 mode 1
Event: 15.529 Thread 0x0000013488cb9e70 DEOPT PACKING pc=0x00000134efde51f4 sp=0x0000000d984feea0
Event: 15.529 Thread 0x0000013488cb9e70 DEOPT UNPACKING pc=0x00000134f6fb66e3 sp=0x0000000d984fe348 mode 1
Event: 15.546 Thread 0x0000013488cb9e70 DEOPT PACKING pc=0x00000134efe360d9 sp=0x0000000d984fee10
Event: 15.546 Thread 0x0000013488cb9e70 DEOPT UNPACKING pc=0x00000134f6fb66e3 sp=0x0000000d984fe300 mode 1
Event: 15.546 Thread 0x0000013488cb9e70 DEOPT PACKING pc=0x00000134efde51f4 sp=0x0000000d984feea0
Event: 15.546 Thread 0x0000013488cb9e70 DEOPT UNPACKING pc=0x00000134f6fb66e3 sp=0x0000000d984fe348 mode 1
Event: 15.569 Thread 0x0000013488cbd360 Uncommon trap: trap_request=0xffffff45 fr.pc=0x00000134f7583760 relative=0x0000000000000060
Event: 15.569 Thread 0x0000013488cbd360 Uncommon trap: reason=unstable_if action=reinterpret pc=0x00000134f7583760 method=java.util.HashMap.keySet()Ljava/util/Set; @ 6 c2
Event: 15.570 Thread 0x0000013488cbd360 DEOPT PACKING pc=0x00000134f7583760 sp=0x0000000d98cff4e0
Event: 15.570 Thread 0x0000013488cbd360 DEOPT UNPACKING pc=0x00000134f6fb5ba3 sp=0x0000000d98cff478 mode 2
Event: 15.570 Thread 0x0000013488c54930 Uncommon trap: trap_request=0xffffff45 fr.pc=0x00000134f757bce8 relative=0x00000000000001e8
Event: 15.570 Thread 0x0000013488c54930 Uncommon trap: reason=unstable_if action=reinterpret pc=0x00000134f757bce8 method=java.util.HashMap$HashIterator.<init>(Ljava/util/HashMap;)V @ 38 c2
Event: 15.571 Thread 0x0000013488c54930 DEOPT PACKING pc=0x00000134f757bce8 sp=0x0000000d977ff560
Event: 15.571 Thread 0x0000013488c54930 DEOPT UNPACKING pc=0x00000134f6fb5ba3 sp=0x0000000d977ff508 mode 2

Classes unloaded (0 events):
No events

Classes redefined (0 events):
No events

Internal exceptions (17 events):
Event: 0.410 Thread 0x00000134e81a04f0 Exception <a 'java/lang/ClassNotFoundException'{0x000000008ad84950}: sun/awt/resources/spi/awtProvider> (0x000000008ad84950) 
thrown [s\open\src\hotspot\share\classfile\systemDictionary.cpp, line 256]
Event: 0.443 Thread 0x00000134e81a04f0 Exception <a 'java/io/FileNotFoundException'{0x000000008adda838}> (0x000000008adda838) 
thrown [s\open\src\hotspot\share\prims\jni.cpp, line 516]
Event: 0.454 Thread 0x00000134e81a04f0 Exception <a 'java/io/FileNotFoundException'{0x000000008ac07c00}> (0x000000008ac07c00) 
thrown [s\open\src\hotspot\share\prims\jni.cpp, line 516]
Event: 0.522 Thread 0x00000134e81a04f0 Exception <a 'java/lang/NoSuchMethodError'{0x000000008ac970b0}: 'java.lang.Object java.lang.invoke.DirectMethodHandle$Holder.invokeStaticInit(java.lang.Object)'> (0x000000008ac970b0) 
thrown [s\open\src\hotspot\share\interpreter\linkResolver.cpp, line 759]
Event: 0.773 Thread 0x00000134e81a04f0 Exception <a 'java/lang/NoSuchMethodError'{0x000000008a8cfd78}: 'java.lang.Object java.lang.invoke.DirectMethodHandle$Holder.invokeStaticInit(java.lang.Object, int, int, int, int)'> (0x000000008a8cfd78) 
thrown [s\open\src\hotspot\share\interpreter\linkResolver.cpp, line 759]
Event: 0.845 Thread 0x00000134e81a04f0 Exception <a 'java/lang/NoSuchMethodError'{0x000000008a787da8}: 'java.lang.Object java.lang.invoke.DirectMethodHandle$Holder.invokeStaticInit(java.lang.Object, java.lang.Object, int, int, int, int)'> (0x000000008a787da8) 
thrown [s\open\src\hotspot\share\interpreter\linkResolver.cpp, line 759]
Event: 0.876 Thread 0x00000134e81a04f0 Exception <a 'java/lang/NoSuchMethodError'{0x000000008a793a28}: 'void java.lang.invoke.DirectMethodHandle$Holder.invokeStatic(java.lang.Object, long)'> (0x000000008a793a28) 
thrown [s\open\src\hotspot\share\interpreter\linkResolver.cpp, line 759]
Event: 0.877 Thread 0x00000134e81a04f0 Exception <a 'java/lang/NoSuchMethodError'{0x000000008a799008}: 'java.lang.Object java.lang.invoke.DirectMethodHandle$Holder.newInvokeSpecial(java.lang.Object, long)'> (0x000000008a799008) 
thrown [s\open\src\hotspot\share\interpreter\linkResolver.cpp, line 759]
Event: 0.879 Thread 0x00000134e81a04f0 Exception <a 'java/lang/NoSuchMethodError'{0x000000008a7a0260}: 'java.lang.Object java.lang.invoke.DirectMethodHandle$Holder.invokeStatic(java.lang.Object, java.lang.Object, long, java.lang.Object)'> (0x000000008a7a0260) 
thrown [s\open\src\hotspot\share\interpreter\linkResolver.cpp, line 759]
Event: 0.880 Thread 0x00000134e81a04f0 Exception <a 'java/lang/NoSuchMethodError'{0x000000008a7a3cf8}: 'java.lang.Object java.lang.invoke.DirectMethodHandle$Holder.invokeStaticInit(java.lang.Object, java.lang.Object, long, java.lang.Object)'> (0x000000008a7a3cf8) 
thrown [s\open\src\hotspot\share\interpreter\linkResolver.cpp, line 759]
Event: 0.880 Thread 0x00000134e81a04f0 Exception <a 'java/lang/NoSuchMethodError'{0x000000008a7aa2b8}: 'java.lang.Object java.lang.invoke.DirectMethodHandle$Holder.newInvokeSpecial(java.lang.Object, java.lang.Object, long)'> (0x000000008a7aa2b8) 
thrown [s\open\src\hotspot\share\interpreter\linkResolver.cpp, line 759]
Event: 0.881 Thread 0x00000134e81a04f0 Exception <a 'java/lang/NoSuchMethodError'{0x000000008a7ade28}: 'java.lang.Object java.lang.invoke.Invokers$Holder.linkToTargetMethod(java.lang.Object, long, java.lang.Object)'> (0x000000008a7ade28) 
thrown [s\open\src\hotspot\share\interpreter\linkResolver.cpp, line 759]
Event: 1.156 Thread 0x00000134e81a04f0 Exception <a 'java/lang/NoSuchMethodError'{0x000000008a6b4df0}: 'java.lang.Object java.lang.invoke.DirectMethodHandle$Holder.invokeInterface(java.lang.Object, java.lang.Object)'> (0x000000008a6b4df0) 
thrown [s\open\src\hotspot\share\interpreter\linkResolver.cpp, line 759]
Event: 1.156 Thread 0x00000134e81a04f0 Exception <a 'java/lang/IncompatibleClassChangeError'{0x000000008a6b85e8}: Found class java.lang.Object, but interface was expected> (0x000000008a6b85e8) 
thrown [s\open\src\hotspot\share\interpreter\linkResolver.cpp, line 826]
Event: 2.335 Thread 0x0000013488cb9e70 Exception <a 'java/lang/NoSuchMethodError'{0x000000008a3f1540}: 'java.lang.Object java.lang.invoke.DirectMethodHandle$Holder.invokeStatic(java.lang.Object, float)'> (0x000000008a3f1540) 
thrown [s\open\src\hotspot\share\interpreter\linkResolver.cpp, line 759]
Event: 2.349 Thread 0x0000013488cb9e70 Exception <a 'java/lang/NoSuchMethodError'{0x000000008a29d4f0}: 'int java.lang.invoke.DirectMethodHandle$Holder.invokeSpecial(java.lang.Object, java.lang.Object, java.lang.Object)'> (0x000000008a29d4f0) 
thrown [s\open\src\hotspot\share\interpreter\linkResolver.cpp, line 759]
Event: 15.547 Thread 0x0000013488cbc4f0 Exception <a 'java/lang/InterruptedException'{0x0000000088ff7bb8}> (0x0000000088ff7bb8) 
thrown [s\open\src\hotspot\share\runtime\objectMonitor.cpp, line 1661]

VM Operations (20 events):
Event: 5.006 Executing VM operation: Cleanup done
Event: 6.007 Executing VM operation: Cleanup
Event: 6.007 Executing VM operation: Cleanup done
Event: 7.008 Executing VM operation: Cleanup
Event: 7.008 Executing VM operation: Cleanup done
Event: 8.009 Executing VM operation: Cleanup
Event: 8.009 Executing VM operation: Cleanup done
Event: 9.009 Executing VM operation: Cleanup
Event: 9.010 Executing VM operation: Cleanup done
Event: 10.010 Executing VM operation: Cleanup
Event: 10.010 Executing VM operation: Cleanup done
Event: 11.011 Executing VM operation: Cleanup
Event: 11.011 Executing VM operation: Cleanup done
Event: 12.012 Executing VM operation: Cleanup
Event: 12.012 Executing VM operation: Cleanup done
Event: 13.013 Executing VM operation: Cleanup
Event: 13.013 Executing VM operation: Cleanup done
Event: 14.013 Executing VM operation: Cleanup
Event: 14.014 Executing VM operation: Cleanup done
Event: 15.651 Executing VM operation: Exit

Events (20 events):
Event: 4.849 Thread 0x00000134898b0830 Thread exited: 0x00000134898b0830
Event: 8.551 Thread 0x0000013487a26370 Thread added: 0x0000013487a26370
Event: 8.551 Thread 0x0000013487a24540 Thread added: 0x0000013487a24540
Event: 8.700 Thread 0x0000013487a24540 Thread exited: 0x0000013487a24540
Event: 8.809 Thread 0x0000013487a26370 Thread exited: 0x0000013487a26370
Event: 9.928 Thread 0x0000013489717f50 Thread added: 0x0000013489717f50
Event: 10.677 Thread 0x0000013489717f50 Thread exited: 0x0000013489717f50
Event: 15.547 Thread 0x0000013488cbd360 Thread added: 0x0000013488cbd360
Event: 15.547 Thread 0x0000013488cbc4f0 Thread exited: 0x0000013488cbc4f0
Event: 15.547 Thread 0x0000013488cbbb50 Thread added: 0x0000013488cbbb50
Event: 15.547 Thread 0x0000013488cbace0 Thread added: 0x0000013488cbace0
Event: 15.548 loading class java/nio/channels/ClosedChannelException
Event: 15.548 loading class java/nio/channels/ClosedChannelException done
Event: 15.548 Thread 0x0000013488cbbb50 Thread exited: 0x0000013488cbbb50
Event: 15.548 Thread 0x0000013488cbb1b0 Thread added: 0x0000013488cbb1b0
Event: 15.548 Thread 0x0000013487b25ae0 Thread exited: 0x0000013487b25ae0
Event: 15.561 Thread 0x00000134874b2370 Thread exited: 0x00000134874b2370
Event: 15.598 Thread 0x0000013488c54930 Thread exited: 0x0000013488c54930
Event: 15.603 Thread 0x0000013488cbd360 Thread exited: 0x0000013488cbd360
Event: 15.650 Thread 0x0000013488cbace0 Thread exited: 0x0000013488cbace0


Dynamic libraries:
0x00007ff6a4a10000 - 0x00007ff6a4a20000 	C:\Program Files\Java\jdk-17\bin\java.exe
0x00007ffe011b0000 - 0x00007ffe013a8000 	C:\Windows\SYSTEM32\ntdll.dll
0x00007ffdff2f0000 - 0x00007ffdff3af000 	C:\Windows\System32\KERNEL32.DLL
0x00007ffdfe8c0000 - 0x00007ffdfeb9a000 	C:\Windows\System32\KERNELBASE.dll
0x00007ffdfeba0000 - 0x00007ffdfeca0000 	C:\Windows\System32\ucrtbase.dll
0x00007ffdf9e60000 - 0x00007ffdf9e78000 	C:\Program Files\Java\jdk-17\bin\jli.dll
0x00007ffdf73d0000 - 0x00007ffdf73eb000 	C:\Program Files\Java\jdk-17\bin\VCRUNTIME140.dll
0x00007ffe00eb0000 - 0x00007ffe00f5e000 	C:\Windows\System32\ADVAPI32.dll
0x00007ffe00d50000 - 0x00007ffe00dee000 	C:\Windows\System32\msvcrt.dll
0x00007ffdffac0000 - 0x00007ffdffb5c000 	C:\Windows\System32\sechost.dll
0x00007ffdff4d0000 - 0x00007ffdff5f6000 	C:\Windows\System32\RPCRT4.dll
0x00007ffe00450000 - 0x00007ffe005ed000 	C:\Windows\System32\USER32.dll
0x00007ffdeb5f0000 - 0x00007ffdeb88a000 	C:\Windows\WinSxS\amd64_microsoft.windows.common-controls_6595b64144ccf1df_6.0.19041.1110_none_60b5254171f9507e\COMCTL32.dll
0x00007ffdff070000 - 0x00007ffdff092000 	C:\Windows\System32\win32u.dll
0x00007ffe01140000 - 0x00007ffe0116b000 	C:\Windows\System32\GDI32.dll
0x00007ffdfed10000 - 0x00007ffdfee20000 	C:\Windows\System32\gdi32full.dll
0x00007ffdfefd0000 - 0x00007ffdff06d000 	C:\Windows\System32\msvcp_win.dll
0x00007ffdf5920000 - 0x00007ffdf592a000 	C:\Windows\SYSTEM32\VERSION.dll
0x00007ffdffa80000 - 0x00007ffdffab0000 	C:\Windows\System32\IMM32.DLL
0x00007ffdfb3c0000 - 0x00007ffdfb3cc000 	C:\Program Files\Java\jdk-17\bin\vcruntime140_1.dll
0x00007ffdd6290000 - 0x00007ffdd631e000 	C:\Program Files\Java\jdk-17\bin\msvcp140.dll
0x00007ffd94ad0000 - 0x00007ffd956a7000 	C:\Program Files\Java\jdk-17\bin\server\jvm.dll
0x00007ffdff3b0000 - 0x00007ffdff3b8000 	C:\Windows\System32\PSAPI.DLL
0x00007ffdeaea0000 - 0x00007ffdeaec7000 	C:\Windows\SYSTEM32\WINMM.dll
0x00007ffdf7390000 - 0x00007ffdf7399000 	C:\Windows\SYSTEM32\WSOCK32.dll
0x00007ffdffa10000 - 0x00007ffdffa7b000 	C:\Windows\System32\WS2_32.dll
0x00007ffdfd0d0000 - 0x00007ffdfd0e2000 	C:\Windows\SYSTEM32\kernel.appcore.dll
0x00007ffdf9f70000 - 0x00007ffdf9f7a000 	C:\Program Files\Java\jdk-17\bin\jimage.dll
0x00007ffdfc430000 - 0x00007ffdfc614000 	C:\Windows\SYSTEM32\DBGHELP.DLL
0x00007ffde3ff0000 - 0x00007ffde4024000 	C:\Windows\SYSTEM32\dbgcore.DLL
0x00007ffdff0d0000 - 0x00007ffdff152000 	C:\Windows\System32\bcryptPrimitives.dll
0x00007ffdd98a0000 - 0x00007ffdd98db000 	C:\Program Files\Java\jdk-17\bin\jdwp.dll
0x00007ffde90d0000 - 0x00007ffde90f5000 	C:\Program Files\Java\jdk-17\bin\java.dll
0x00007ffdd5430000 - 0x00007ffdd5507000 	C:\Program Files\Java\jdk-17\bin\jsvml.dll
0x00007ffe005f0000 - 0x00007ffe00d34000 	C:\Windows\System32\SHELL32.dll
0x00007ffdfc920000 - 0x00007ffdfd0b3000 	C:\Windows\SYSTEM32\windows.storage.dll
0x00007ffdffc80000 - 0x00007ffdfffd4000 	C:\Windows\System32\combase.dll
0x00007ffdfe320000 - 0x00007ffdfe34e000 	C:\Windows\SYSTEM32\Wldp.dll
0x00007ffe01090000 - 0x00007ffe0113d000 	C:\Windows\System32\SHCORE.dll
0x00007ffdff600000 - 0x00007ffdff655000 	C:\Windows\System32\shlwapi.dll
0x00007ffdfe800000 - 0x00007ffdfe81f000 	C:\Windows\SYSTEM32\profapi.dll
0x00007ffdf18e0000 - 0x00007ffdf18ec000 	C:\Program Files\Java\jdk-17\bin\dt_socket.dll
0x00007ffdfdd20000 - 0x00007ffdfdd5c000 	C:\Windows\SYSTEM32\IPHLPAPI.DLL
0x00007ffdfe080000 - 0x00007ffdfe0ea000 	C:\Windows\system32\mswsock.dll
0x00007ffdfdd60000 - 0x00007ffdfde2b000 	C:\Windows\SYSTEM32\DNSAPI.dll
0x00007ffe00d40000 - 0x00007ffe00d48000 	C:\Windows\System32\NSI.dll
0x00007ffdf6430000 - 0x00007ffdf643a000 	C:\Windows\System32\rasadhlp.dll
0x00007ffdf2540000 - 0x00007ffdf25c0000 	C:\Windows\System32\fwpuclnt.dll
0x00007ffdff0a0000 - 0x00007ffdff0c7000 	C:\Windows\System32\bcrypt.dll
0x00007ffdefb50000 - 0x00007ffdefb69000 	C:\Program Files\Java\jdk-17\bin\net.dll
0x00007ffdf8670000 - 0x00007ffdf877a000 	C:\Windows\SYSTEM32\WINHTTP.dll
0x00007ffdeb3c0000 - 0x00007ffdeb3d6000 	C:\Program Files\Java\jdk-17\bin\nio.dll
0x00007ffde8e80000 - 0x00007ffde8e98000 	C:\Program Files\Java\jdk-17\bin\zip.dll
0x00007ffdd2ea0000 - 0x00007ffdd3031000 	C:\Program Files\Java\jdk-17\bin\awt.dll
0x00007ffdff660000 - 0x00007ffdff72d000 	C:\Windows\System32\OLEAUT32.dll
0x00007ffdfbda0000 - 0x00007ffdfbe30000 	C:\Windows\SYSTEM32\apphelp.dll
0x00007ffdfbea0000 - 0x00007ffdfbf3e000 	C:\Windows\system32\uxtheme.dll
0x00007ffdffb60000 - 0x00007ffdffc74000 	C:\Windows\System32\MSCTF.dll
0x00007ffdff730000 - 0x00007ffdff85a000 	C:\Windows\System32\ole32.dll
0x00007ffdfbfa0000 - 0x00007ffdfbfcf000 	C:\Windows\system32\DWMAPI.DLL
0x00007ffdf0c60000 - 0x00007ffdf0d85000 	C:\Windows\system32\opengl32.dll
0x00007ffdf1890000 - 0x00007ffdf18bc000 	C:\Windows\SYSTEM32\GLU32.dll
0x00007ffdfe270000 - 0x00007ffdfe288000 	C:\Windows\SYSTEM32\CRYPTSP.dll
0x00007ffdfd910000 - 0x00007ffdfd944000 	C:\Windows\system32\rsaenh.dll
0x00007ffdfe780000 - 0x00007ffdfe7ae000 	C:\Windows\SYSTEM32\USERENV.dll
0x00007ffdfe290000 - 0x00007ffdfe29c000 	C:\Windows\SYSTEM32\CRYPTBASE.dll
0x00007ffdf42b0000 - 0x00007ffdf42c7000 	C:\Windows\SYSTEM32\dhcpcsvc6.DLL
0x00007ffdf4290000 - 0x00007ffdf42ad000 	C:\Windows\SYSTEM32\dhcpcsvc.DLL
0x000000006e8c0000 - 0x000000006e8cd000 	C:\Users\bakht\AppData\Local\Temp\jogamp_0000\file_cache\jln13381883621101143379\jln284386531686809237\natives\windows-amd64\gluegen_rt.dll
0x00007ffdf1710000 - 0x00007ffdf1717000 	C:\Program Files\Java\jdk-17\bin\jawt.dll
0x000000006a440000 - 0x000000006a44d000 	C:\Users\bakht\AppData\Local\Temp\jogamp_0000\file_cache\jln13381883621101143379\jln284386531686809237\natives\windows-amd64\nativewindow_awt.dll
0x000000006c100000 - 0x000000006c110000 	C:\Users\bakht\AppData\Local\Temp\jogamp_0000\file_cache\jln13381883621101143379\jln284386531686809237\natives\windows-amd64\nativewindow_win32.dll
0x0000000070d80000 - 0x0000000070d93000 	C:\Users\bakht\AppData\Local\Temp\jogamp_0000\file_cache\jln13381883621101143379\jln284386531686809237\natives\windows-amd64\newt_head.dll
0x00007ffdf8b40000 - 0x00007ffdf8bee000 	C:\Windows\SYSTEM32\mscms.dll
0x00007ffdf9410000 - 0x00007ffdf9421000 	C:\Windows\SYSTEM32\ColorAdapterClient.dll
0x00007ffdd6b60000 - 0x00007ffdd6ba3000 	C:\Windows\SYSTEM32\icm32.dll
0x00007ffdfffe0000 - 0x00007ffe00448000 	C:\Windows\System32\setupapi.dll
0x00007ffdfef80000 - 0x00007ffdfefce000 	C:\Windows\System32\cfgmgr32.dll
0x00007ffdfe670000 - 0x00007ffdfe69c000 	C:\Windows\SYSTEM32\DEVOBJ.dll
0x00007ffdfeca0000 - 0x00007ffdfed07000 	C:\Windows\System32\WINTRUST.dll
0x00007ffdfee20000 - 0x00007ffdfef76000 	C:\Windows\System32\CRYPT32.dll
0x00007ffdfe4b0000 - 0x00007ffdfe4c2000 	C:\Windows\SYSTEM32\MSASN1.dll
0x0000000064500000 - 0x0000000064585000 	C:\Users\bakht\AppData\Local\Temp\jogamp_0000\file_cache\jln13381883621101143379\jln284386531686809237\natives\windows-amd64\jogl_desktop.dll
0x0000000064340000 - 0x0000000064391000 	C:\Users\bakht\AppData\Local\Temp\jogamp_0000\file_cache\jln13381883621101143379\jln284386531686809237\natives\windows-amd64\jogl_mobile.dll
0x00007ffe00fe0000 - 0x00007ffe01089000 	C:\Windows\System32\clbcatq.dll
0x00007ffdf5d20000 - 0x00007ffdf5e24000 	C:\Windows\System32\AppXDeploymentClient.dll
0x00007ffd8ad30000 - 0x00007ffd8bd3a000 	C:\Windows\System32\DriverStore\FileRepository\iigd_dch.inf_amd64_cb43c2398bc88530\igxelpicd64.dll
0x00007ffdfd260000 - 0x00007ffdfd353000 	C:\Windows\system32\dxgi.dll
0x00007ffdb6b10000 - 0x00007ffdb6de0000 	C:\Windows\System32\DriverStore\FileRepository\iigd_dch.inf_amd64_cb43c2398bc88530\igdml64.dll
0x00007ffdf2d70000 - 0x00007ffdf3159000 	C:\Windows\System32\DriverStore\FileRepository\iigd_dch.inf_amd64_cb43c2398bc88530\igdgmm64.dll
0x00007ffdec320000 - 0x00007ffdef92f000 	C:\Windows\System32\DriverStore\FileRepository\iigd_dch.inf_amd64_cb43c2398bc88530\igc64.dll
0x00007ffdfde90000 - 0x00007ffdfdedb000 	C:\Windows\SYSTEM32\powrprof.dll
0x00007ffdfdd00000 - 0x00007ffdfdd12000 	C:\Windows\SYSTEM32\UMPDC.dll
0x00007ffdf1db0000 - 0x00007ffdf1ea9000 	C:\Windows\SYSTEM32\textinputframework.dll
0x00007ffdfbad0000 - 0x00007ffdfbbc2000 	C:\Windows\System32\CoreMessaging.dll
0x00007ffdfb770000 - 0x00007ffdfbace000 	C:\Windows\System32\CoreUIComponents.dll
0x00007ffdfaf90000 - 0x00007ffdfb0e4000 	C:\Windows\SYSTEM32\wintypes.dll
0x00007ffdfda50000 - 0x00007ffdfda83000 	C:\Windows\SYSTEM32\ntmarta.dll
0x00007ffde59c0000 - 0x00007ffde5a26000 	C:\Windows\system32\Oleacc.dll
0x00007ffdf16f0000 - 0x00007ffdf1700000 	C:\Program Files\Java\jdk-17\bin\verify.dll
0x00007ffdd9d70000 - 0x00007ffdd9d82000 	C:\Program Files\Java\jdk-17\bin\jsound.dll
0x00007ffdd3ff0000 - 0x00007ffdd408c000 	C:\Windows\SYSTEM32\DSOUND.dll
0x00007ffde85c0000 - 0x00007ffde85e6000 	C:\Windows\SYSTEM32\winmmbase.dll
0x00007ffdf8120000 - 0x00007ffdf81a5000 	C:\Windows\System32\MMDevApi.dll
0x00007ffdd4880000 - 0x00007ffdd48c6000 	C:\Windows\SYSTEM32\wdmaud.drv
0x00007ffdf5f50000 - 0x00007ffdf5f59000 	C:\Windows\SYSTEM32\ksuser.dll
0x00007ffdf99f0000 - 0x00007ffdf99fa000 	C:\Windows\SYSTEM32\AVRT.dll
0x00007ffdf81b0000 - 0x00007ffdf8332000 	C:\Windows\SYSTEM32\AUDIOSES.DLL
0x00007ffdf9ea0000 - 0x00007ffdf9ead000 	C:\Windows\SYSTEM32\msacm32.drv
0x00007ffdf2340000 - 0x00007ffdf235e000 	C:\Windows\SYSTEM32\MSACM32.dll
0x00007ffdf9e90000 - 0x00007ffdf9e9b000 	C:\Windows\SYSTEM32\midimap.dll
0x00007ffdf1eb0000 - 0x00007ffdf1ff1000 	C:\Windows\System32\Windows.UI.dll
0x00007ffdf9490000 - 0x00007ffdf9531000 	C:\Windows\System32\WindowManagementAPI.dll
0x00007ffdf1c50000 - 0x00007ffdf1da2000 	C:\Windows\System32\InputHost.dll
0x00007ffdfa020000 - 0x00007ffdfa116000 	C:\Windows\System32\PROPSYS.dll
0x00007ffdf8c60000 - 0x00007ffdf8e60000 	C:\Windows\SYSTEM32\twinapi.appcore.dll
0x00007ffdfbf80000 - 0x00007ffdfbf94000 	C:\Windows\SYSTEM32\resourcepolicyclient.dll

dbghelp: loaded successfully - version: 4.0.5 - missing functions: none
symbol engine: initialized successfully - sym options: 0x614 - pdb path: .;C:\Program Files\Java\jdk-17\bin;C:\Windows\SYSTEM32;C:\Windows\WinSxS\amd64_microsoft.windows.common-controls_6595b64144ccf1df_6.0.19041.1110_none_60b5254171f9507e;C:\Program Files\Java\jdk-17\bin\server;C:\Users\bakht\AppData\Local\Temp\jogamp_0000\file_cache\jln13381883621101143379\jln284386531686809237\natives\windows-amd64;C:\Windows\System32\DriverStore\FileRepository\iigd_dch.inf_amd64_cb43c2398bc88530

VM Arguments:
jvm_args: -agentlib:jdwp=transport=dt_socket,server=n,suspend=y,address=localhost:56422 -XX:+ShowCodeDetailsInExceptionMessages 
java_command: ie.tudublin.Main
java_class_path (initial): C:\Users\bakht\MV-C21716601\MusicVisuals-master\java\bin;C:\Users\bakht\MV-C21716601\MusicVisuals-master\java\lib\core.jar;C:\Users\bakht\MV-C21716601\MusicVisuals-master\java\lib\jl1.0.1.jar;C:\Users\bakht\MV-C21716601\MusicVisuals-master\java\lib\jsminim.jar;C:\Users\bakht\MV-C21716601\MusicVisuals-master\java\lib\minim.jar;C:\Users\bakht\MV-C21716601\MusicVisuals-master\java\lib\mp3spi1.9.5.jar;C:\Users\bakht\MV-C21716601\MusicVisuals-master\java\lib\sqlite-jdbc-3.23.1.jar;C:\Users\bakht\MV-C21716601\MusicVisuals-master\java\lib\tritonus_aos.jar;C:\Users\bakht\MV-C21716601\MusicVisuals-master\java\lib\tritonus_share.jar;C:\Users\bakht\MV-C21716601\MusicVisuals-master\java\lib\jogl-all.jar;C:\Users\bakht\MV-C21716601\MusicVisuals-master\java\lib\gluegen-rt.jar;C:\Users\bakht\MV-C21716601\MusicVisuals-master\java\lib\gluegen-rt-natives-windows-amd64.jar;C:\Users\bakht\MV-C21716601\MusicVisuals-master\java\lib\gluegen-rt-natives-windows-i586.jar;C:\Users\bakht\MV-C21716601\MusicVisuals-master\java\lib\jogl-all-natives-windows-amd64.jar;C:\Users\bakht\MV-C21716601\MusicVisuals-master\java\lib\jogl-all-natives-windows-i586.jar;C:\Users\bakht\MV-C21716601\MusicVisuals-master\java\lib\gluegen-rt-natives-macosx-universal.jar;C:\Users\bakht\MV-C21716601\MusicVisuals-master\java\lib\jogl-all-natives-macosx-universal.jar
Launcher Type: SUN_STANDARD

[Global flags]
     intx CICompilerCount                          = 4                                         {product} {ergonomic}
     uint ConcGCThreads                            = 2                                         {product} {ergonomic}
     uint G1ConcRefinementThreads                  = 8                                         {product} {ergonomic}
   size_t G1HeapRegionSize                         = 1048576                                   {product} {ergonomic}
    uintx GCDrainStackTargetSize                   = 64                                        {product} {ergonomic}
   size_t InitialHeapSize                          = 132120576                                 {product} {ergonomic}
   size_t MarkStackSize                            = 4194304                                   {product} {ergonomic}
   size_t MaxHeapSize                              = 2095054848                                {product} {ergonomic}
   size_t MaxNewSize                               = 1256194048                                {product} {ergonomic}
   size_t MinHeapDeltaBytes                        = 1048576                                   {product} {ergonomic}
   size_t MinHeapSize                              = 8388608                                   {product} {ergonomic}
    uintx NonNMethodCodeHeapSize                   = 5839372                                {pd product} {ergonomic}
    uintx NonProfiledCodeHeapSize                  = 122909434                              {pd product} {ergonomic}
    uintx ProfiledCodeHeapSize                     = 122909434                              {pd product} {ergonomic}
    uintx ReservedCodeCacheSize                    = 251658240                              {pd product} {ergonomic}
     bool SegmentedCodeCache                       = true                                      {product} {ergonomic}
     bool ShowCodeDetailsInExceptionMessages       = true                                   {manageable} {command line}
   size_t SoftMaxHeapSize                          = 2095054848                             {manageable} {ergonomic}
     bool UseCompressedClassPointers               = true                           {product lp64_product} {ergonomic}
     bool UseCompressedOops                        = true                           {product lp64_product} {ergonomic}
     bool UseG1GC                                  = true                                      {product} {ergonomic}
     bool UseLargePagesIndividualAllocation        = false                                  {pd product} {ergonomic}

Logging:
Log output configuration:
 #0: stdout all=off uptime,level,tags
 #1: stderr all=off uptime,level,tags

Environment Variables:
PATH=C:\Program Files\Common Files\Oracle\Java\javapath;C:\Program Files (x86)\Common Files\Oracle\Java\javapath;C:\Windows\system32;C:\Windows;C:\Windows\System32\Wbem;C:\Windows\System32\WindowsPowerShell\v1.0\;C:\Windows\System32\OpenSSH\;C:\msys64\mingw64\bin;C:\Program Files\PuTTY\;C:\Program Files\Git\cmd;C:\Users\bakht\AppData\Local\Microsoft\WindowsApps;;C:\Users\bakht\AppData\Local\Programs\Microsoft VS Code\bin
USERNAME=bakht
LANG=en_US.UTF-8
OS=Windows_NT
PROCESSOR_IDENTIFIER=Intel64 Family 6 Model 140 Stepping 1, GenuineIntel



---------------  S Y S T E M  ---------------

OS:
 Windows 10 , 64 bit Build 19041 (10.0.19041.2788)
OS uptime: 3 days 9:29 hours
Hyper-V role detected

CPU: total 8 (initial active 8) (4 cores per cpu, 2 threads per core) family 6 model 140 stepping 1 microcode 0x78, cx8, cmov, fxsr, ht, mmx, 3dnowpref, sse, sse2, sse3, ssse3, sse4.1, sse4.2, popcnt, lzcnt, tsc, tscinvbit, avx, avx2, aes, erms, clmul, bmi1, bmi2, adx, avx512f, avx512dq, avx512cd, avx512bw, avx512vl, sha, fma, vzeroupper, avx512_vpopcntdq, avx512_vpclmulqdq, avx512_vaes, avx512_vnni, clflush, clflushopt, clwb, avx512_vbmi2, avx512_vbmi, hv

Memory: 4k page, system-wide physical 7991M (1515M free)
TotalPageFile size 11235M (AvailPageFile size 2491M)
current process WorkingSet (physical memory assigned to process): 291M, peak: 295M
current process commit charge ("private bytes"): 348M, peak: 365M

vm_info: Java HotSpot(TM) 64-Bit Server VM (17.0.6+9-LTS-190) for windows-amd64 JRE (17.0.6+9-LTS-190), built on Dec  6 2022 15:53:54 by "mach5one" with MS VC++ 17.1 (VS2022)

END.
